[ 2016-11-22T17:08:13+08:00 ] 127.0.0.1 /
INFO: [ app_init ] --START--
INFO: Run Behavior\BuildLiteBehavior [ RunTime:0.000000s ]
INFO: [ app_init ] --END-- [ RunTime:0.117007s ]
INFO: [ app_begin ] --START--
INFO: Run Behavior\ReadHtmlCacheBehavior [ RunTime:0.015001s ]
INFO: [ app_begin ] --END-- [ RunTime:0.015001s ]
SQL: SHOW COLUMNS FROM `statisticsip` [ RunTime:0.0630s ]
SQL: SELECT * FROM `statisticsip` WHERE `ip` = '127.0.0.1' AND `date` = 20161122 LIMIT 1   [ RunTime:0.0020s ]
SQL: INSERT INTO `statisticsip` (`ip`,`date`,`recordtime`) VALUES ('127.0.0.1','20161122','1479805692') [ RunTime:0.0690s ]
SQL: SHOW COLUMNS FROM `article` [ RunTime:0.0610s ]
SQL: SELECT * FROM `article` WHERE `status` = 1 ORDER BY id desc LIMIT 6   [ RunTime:0.0660s ]
SQL: SELECT * FROM `article` WHERE `status` = 1 ORDER BY readnum desc,id desc LIMIT 6   [ RunTime:0.0570s ]
INFO: [ view_parse ] --START--
INFO: [ template_filter ] --START--
INFO: Run Behavior\ContentReplaceBehavior [ RunTime:0.013001s ]
INFO: [ template_filter ] --END-- [ RunTime:0.013001s ]
NOTIC: [8] Undefined variable: title D:\WWW\tools\Application\Runtime\Cache\Home\2a94b8bda04ff446dcedd42276fc99ee.php 第 56 行.
INFO: [ keyWords ] --START--
SQL: SHOW COLUMNS FROM `keywords` [ RunTime:0.0530s ]
NOTIC: [2] Missing argument 1 for Think\Model::where(), called in D:\WWW\tools\Application\Home\Model\CommModel.class.php on line 46 and defined D:\WWW\tools\ThinkPHP\Library\Think\Model.class.php 第 1797 行.
NOTIC: [8] Undefined variable: where D:\WWW\tools\ThinkPHP\Library\Think\Model.class.php 第 1805 行.
NOTIC: [8] Undefined variable: where D:\WWW\tools\ThinkPHP\Library\Think\Model.class.php 第 1808 行.
NOTIC: [8] Undefined variable: where D:\WWW\tools\ThinkPHP\Library\Think\Model.class.php 第 1816 行.
SQL: SELECT * FROM `keywords` ORDER BY `order` asc,num desc LIMIT 30   [ RunTime:0.0380s ]
INFO: Run Home\Behavior\KeyWordsBehavior [ RunTime:0.132008s ]
INFO: [ keyWords ] --END-- [ RunTime:0.132008s ]
INFO: Run Behavior\ParseTemplateBehavior [ RunTime:0.313018s ]
INFO: [ view_parse ] --END-- [ RunTime:0.313018s ]
INFO: [ view_filter ] --START--
INFO: Run Behavior\WriteHtmlCacheBehavior [ RunTime:0.008000s ]
INFO: [ view_filter ] --END-- [ RunTime:0.008000s ]
INFO: [ app_end ] --START--
INFO: Run Behavior\ShowPageTraceBehavior [ RunTime:0.021001s ]
INFO: [ app_end ] --END-- [ RunTime:0.021001s ]

[ 2016-11-22T17:08:18+08:00 ] 127.0.0.1 /art/lists.aspx
INFO: [ app_init ] --START--
INFO: Run Behavior\BuildLiteBehavior [ RunTime:0.000000s ]
INFO: [ app_init ] --END-- [ RunTime:0.001000s ]
INFO: [ app_begin ] --START--
INFO: Run Behavior\ReadHtmlCacheBehavior [ RunTime:0.001000s ]
INFO: [ app_begin ] --END-- [ RunTime:0.001000s ]
SQL: SHOW COLUMNS FROM `article` [ RunTime:0.0060s ]
SQL: SELECT * FROM `article` ORDER BY id desc LIMIT 0,6   [ RunTime:0.0020s ]
SQL: SELECT COUNT(*) AS tp_count FROM `article` LIMIT 1   [ RunTime:0.0000s ]
SQL: SHOW COLUMNS FROM `keywords` [ RunTime:0.0060s ]
NOTIC: [2] Missing argument 1 for Think\Model::where(), called in D:\WWW\tools\Application\Home\Model\CommModel.class.php on line 46 and defined D:\WWW\tools\ThinkPHP\Library\Think\Model.class.php 第 1797 行.
NOTIC: [8] Undefined variable: where D:\WWW\tools\ThinkPHP\Library\Think\Model.class.php 第 1805 行.
NOTIC: [8] Undefined variable: where D:\WWW\tools\ThinkPHP\Library\Think\Model.class.php 第 1808 行.
NOTIC: [8] Undefined variable: where D:\WWW\tools\ThinkPHP\Library\Think\Model.class.php 第 1816 行.
SQL: SELECT * FROM `keywords` ORDER BY `order` asc,num desc LIMIT 20   [ RunTime:0.0010s ]
INFO: [ view_parse ] --START--
INFO: [ template_filter ] --START--
INFO: Run Behavior\ContentReplaceBehavior [ RunTime:0.003000s ]
INFO: [ template_filter ] --END-- [ RunTime:0.003000s ]
INFO: Run Behavior\ParseTemplateBehavior [ RunTime:0.023001s ]
INFO: [ view_parse ] --END-- [ RunTime:0.023001s ]
INFO: [ view_filter ] --START--
INFO: Run Behavior\WriteHtmlCacheBehavior [ RunTime:0.001000s ]
INFO: [ view_filter ] --END-- [ RunTime:0.001000s ]
INFO: [ app_end ] --START--
INFO: Run Behavior\ShowPageTraceBehavior [ RunTime:0.000000s ]
INFO: [ app_end ] --END-- [ RunTime:0.000000s ]

[ 2016-11-22T17:08:43+08:00 ] 127.0.0.1 /
INFO: [ app_init ] --START--
INFO: Run Behavior\BuildLiteBehavior [ RunTime:0.000000s ]
INFO: [ app_init ] --END-- [ RunTime:0.001000s ]
INFO: [ app_begin ] --START--
INFO: Run Behavior\ReadHtmlCacheBehavior [ RunTime:0.001000s ]
INFO: [ app_begin ] --END-- [ RunTime:0.001000s ]
SQL: SHOW COLUMNS FROM `article` [ RunTime:0.0210s ]
SQL: SELECT * FROM `article` WHERE `status` = 1 ORDER BY id desc LIMIT 6   [ RunTime:0.0010s ]
SQL: SELECT * FROM `article` WHERE `status` = 1 ORDER BY readnum desc,id desc LIMIT 6   [ RunTime:0.0010s ]
INFO: [ view_parse ] --START--
INFO: [ template_filter ] --START--
INFO: Run Behavior\ContentReplaceBehavior [ RunTime:0.001000s ]
INFO: [ template_filter ] --END-- [ RunTime:0.001000s ]
NOTIC: [8] Undefined variable: title D:\WWW\tools\Application\Runtime\Cache\Home\2a94b8bda04ff446dcedd42276fc99ee.php 第 56 行.
INFO: [ keyWords ] --START--
SQL: SHOW COLUMNS FROM `keywords` [ RunTime:0.0100s ]
NOTIC: [2] Missing argument 1 for Think\Model::where(), called in D:\WWW\tools\Application\Home\Model\CommModel.class.php on line 46 and defined D:\WWW\tools\ThinkPHP\Library\Think\Model.class.php 第 1797 行.
NOTIC: [8] Undefined variable: where D:\WWW\tools\ThinkPHP\Library\Think\Model.class.php 第 1805 行.
NOTIC: [8] Undefined variable: where D:\WWW\tools\ThinkPHP\Library\Think\Model.class.php 第 1808 行.
NOTIC: [8] Undefined variable: where D:\WWW\tools\ThinkPHP\Library\Think\Model.class.php 第 1816 行.
SQL: SELECT * FROM `keywords` ORDER BY `order` asc,num desc LIMIT 30   [ RunTime:0.0010s ]
INFO: Run Home\Behavior\KeyWordsBehavior [ RunTime:0.016000s ]
INFO: [ keyWords ] --END-- [ RunTime:0.016000s ]
INFO: Run Behavior\ParseTemplateBehavior [ RunTime:0.034001s ]
INFO: [ view_parse ] --END-- [ RunTime:0.034001s ]
INFO: [ view_filter ] --START--
INFO: Run Behavior\WriteHtmlCacheBehavior [ RunTime:0.001001s ]
INFO: [ view_filter ] --END-- [ RunTime:0.001001s ]
INFO: [ app_end ] --START--
INFO: Run Behavior\ShowPageTraceBehavior [ RunTime:0.001000s ]
INFO: [ app_end ] --END-- [ RunTime:0.001000s ]

[ 2016-11-22T17:09:17+08:00 ] 127.0.0.1 /art/article/id/20.aspx
INFO: [ app_init ] --START--
INFO: Run Behavior\BuildLiteBehavior [ RunTime:0.000000s ]
INFO: [ app_init ] --END-- [ RunTime:0.001001s ]
INFO: [ app_begin ] --START--
INFO: Run Behavior\ReadHtmlCacheBehavior [ RunTime:0.000000s ]
INFO: [ app_begin ] --END-- [ RunTime:0.000000s ]
SQL: SHOW COLUMNS FROM `article` [ RunTime:0.0110s ]
SQL: SELECT * FROM `article` WHERE `id` = 20 LIMIT 1   [ RunTime:0.0010s ]
SQL: SELECT * FROM `article` WHERE `id` = 20 LIMIT 1   [ RunTime:0.0010s ]
SQL: UPDATE `article` SET `title`='PHP如何释放内存之unset销毁变量并释放内存详解',`keyword`='unset销毁变量',`content`='&lt;p style=&quot;font-family:&amp;quot;font-size:15px;background-color:#FFFFFF;&quot;&gt;
	PHP的unset()函数用来清除、销毁变量，不用的变量，我们可以用unset()将它销毁。但是某些时候，用unset()却无法达到销毁变量占用的内存！我们先看一个例子：
&lt;/p&gt;
&lt;p style=&quot;font-family:&amp;quot;font-size:15px;background-color:#FFFFFF;&quot;&gt;
	&lt;br /&gt;
&lt;/p&gt;
&lt;pre class=&quot;prettyprint lang-php&quot;&gt;&amp;lt;?php
$s = str_repeat(\'1\',255);   //产生由255个1组成的字符串gfgdfffffffffffffffffffffffffffffffffffffffffffffffffffffffffffffffffffffffffffffffffffffffffffffffffffffffffffffffffffffffffffffffffffff
$m = memory_get_usage();    //获取当前占用内存
unset($s);
$mm = memory_get_usage();   //unset()后再查看当前占用内存
echo $m-$mm;
?&amp;gt;&lt;/pre&gt;
&lt;p&gt;
	&lt;br /&gt;
&lt;/p&gt;
&lt;div style=&quot;margin:0px;padding:0px;font-family:&amp;quot;font-size:15px;background-color:#FFFFFF;&quot;&gt;
	&lt;div id=&quot;highlighter_261900&quot; class=&quot;syntaxhighlighter  php&quot; style=&quot;padding:0px;margin:0.5em 0px !important;font-size:1em !important;&quot;&gt;
	&lt;/div&gt;
&lt;/div&gt;
&lt;p style=&quot;font-family:&amp;quot;font-size:15px;background-color:#FFFFFF;&quot;&gt;
	&lt;span style=&quot;line-height:1.6em;&quot;&gt;最后输出unset()之前占用内存减去unset()之后占用内存，如果是正数，那么说明unset($s)已经将$s从内存中销毁(或者 说，unset()之后内存占用减少了)，可是我在PHP5和windows平台下，得到的结果是：-48。这是否可以说明，unset($s)并没有起 到销毁变量$s所占用内存的作用呢？我们再作下面的例子：&lt;/span&gt; 
&lt;/p&gt;
&lt;div style=&quot;margin:0px;padding:0px;font-family:&amp;quot;font-size:15px;background-color:#FFFFFF;&quot;&gt;
	&lt;div id=&quot;highlighter_299905&quot; class=&quot;syntaxhighlighter  php&quot; style=&quot;padding:0px;margin:0.5em 0px !important;font-size:1em !important;&quot;&gt;
	&lt;/div&gt;
&lt;/div&gt;
&lt;p style=&quot;font-family:&amp;quot;font-size:15px;background-color:#FFFFFF;&quot;&gt;
	&lt;br /&gt;
&lt;/p&gt;
&lt;pre class=&quot;prettyprint lang-php&quot;&gt;&amp;lt;?php
$s = str_repeat(\'1\',256);   //产生由256个1组成的字符串
$m = memory_get_usage();    //获取当前占用内存
unset($s);
$mm = memory_get_usage();   //unset()后再查看当前占用内存
echo $m-$mm;
?&amp;gt;&lt;/pre&gt;
&lt;p&gt;
	&lt;br /&gt;
&lt;/p&gt;
&lt;p style=&quot;font-family:&amp;quot;font-size:15px;background-color:#FFFFFF;&quot;&gt;
	这个例子，和上面的例子几乎相同，唯一的不同是，$s由256个1组成，即比第一个例子多了一个1，得到结果是：224。这是否可以说明，unset($s)已经将$s所占用的内存销毁了？
&lt;/p&gt;
&lt;p style=&quot;font-family:&amp;quot;font-size:15px;background-color:#FFFFFF;&quot;&gt;
	通过上面两个例子，我们可以得出以下结论：
&lt;/p&gt;
&lt;p style=&quot;font-family:&amp;quot;font-size:15px;background-color:#FFFFFF;&quot;&gt;
	&lt;span style=&quot;text-decoration:underline;&quot;&gt;&lt;strong&gt;结论一、unset()函数只能在变量值占用内存空间超过256字节时才会释放内存空间。&lt;/strong&gt;&lt;/span&gt; 
&lt;/p&gt;
&lt;p style=&quot;font-family:&amp;quot;font-size:15px;background-color:#FFFFFF;&quot;&gt;
	那么是不是只要变量值超过256，使用unset就可以释放内存空间呢？我们再通过一个例子来测试一下：
&lt;/p&gt;
&lt;div style=&quot;margin:0px;padding:0px;font-family:&amp;quot;font-size:15px;background-color:#FFFFFF;&quot;&gt;
	&lt;div id=&quot;highlighter_57584&quot; class=&quot;syntaxhighlighter  php&quot; style=&quot;padding:0px;margin:0.5em 0px !important;font-size:1em !important;&quot;&gt;
	&lt;/div&gt;
&lt;/div&gt;
&lt;p style=&quot;font-family:&amp;quot;font-size:15px;background-color:#FFFFFF;&quot;&gt;
	&lt;br /&gt;
&lt;/p&gt;
&lt;p style=&quot;font-family:&amp;quot;font-size:15px;background-color:#FFFFFF;&quot;&gt;
	&lt;br /&gt;
&lt;/p&gt;
&lt;pre class=&quot;prettyprint lang-php&quot;&gt;&amp;lt;?php
$s = str_repeat(\'1\',256);       //这和第二个例子完全相同
$p = &amp;amp;$s;
$m = memory_get_usage();
unset($s);                      //销毁$s
$mm = memory_get_usage();
echo $p . \'&amp;lt;br /&amp;gt;\';
echo $m-$mm;
?&amp;gt;&lt;/pre&gt;
&lt;span&gt;刷新页面，我们看到第一行有256个1，第二行是-48，按理说我们已经销毁了$s，而$p只是引用$s的变量，应该是没有内容了，另外，unset($s)后内存占用却比unset()前增加了！现在我们再做以下的例子：&lt;/span&gt; 
&lt;p&gt;
	&lt;br /&gt;
&lt;/p&gt;
&lt;p style=&quot;font-family:&amp;quot;font-size:15px;background-color:#FFFFFF;&quot;&gt;
	&lt;br /&gt;
&lt;/p&gt;
&lt;pre class=&quot;prettyprint lang-php&quot;&gt;&amp;lt;?php
$s = str_repeat(\'1\', 256);      //这和第二个例子完全相同
$p = &amp;amp;$s;
$m = memory_get_usage();
$s = null;                      //设置$s为null
$mm = memory_get_usage();
echo $p . \'&amp;lt;br /&amp;gt;\';
echo $m-$mm;
?&amp;gt;&lt;/pre&gt;
&lt;span&gt;现在刷新页面，我们看到，输出$p已经是没有内容了，unset()前后内存占用量之差是224，即已经清除了变量占用的内存。本例中的$s=null也可以换成unset()，如下：&lt;/span&gt; 
&lt;p&gt;
	&lt;br /&gt;
&lt;/p&gt;
&lt;p style=&quot;font-family:&amp;quot;font-size:15px;background-color:#FFFFFF;&quot;&gt;
	&lt;br /&gt;
&lt;/p&gt;
&lt;pre class=&quot;prettyprint lang-php&quot;&gt;&amp;lt;?php
$s = str_repeat(\'1\', 256);      //这和第二个例子完全相同
$p = &amp;amp;$s;
$m = memory_get_usage();
unset($s);                      //销毁$s
unset($p);
$mm = memory_get_usage();
echo $p . \'&amp;lt;br /&amp;gt;\';
echo $m-$mm;
?&amp;gt;&lt;/pre&gt;
&lt;span&gt;我们将$s和$p都使用unset()销毁，这时再看内存占用量之差也是224，说明这样也可以释放内存。那么，我们可以得到另外一条结论：&lt;/span&gt; 
&lt;p&gt;
	&lt;br /&gt;
&lt;/p&gt;
&lt;p style=&quot;font-family:&amp;quot;font-size:15px;background-color:#FFFFFF;&quot;&gt;
	&lt;span style=&quot;text-decoration:underline;&quot;&gt;&lt;strong&gt;结论二、只有当指向该变量的所有变量（如引用变量）都被销毁后，才会释放内存。&lt;/strong&gt;&lt;/span&gt; 
&lt;/p&gt;
&lt;p style=&quot;font-family:&amp;quot;font-size:15px;background-color:#FFFFFF;&quot;&gt;
	相信经过本文的例子后，大家应该对unset()有所了解了，最起码，本人用unset()也是为了在变量不起作用时，释放内存。
&lt;/p&gt;
&lt;p style=&quot;font-family:&amp;quot;font-size:15px;background-color:#FFFFFF;&quot;&gt;
	&lt;br /&gt;
&lt;/p&gt;
&lt;p style=&quot;font-family:&amp;quot;font-size:15px;background-color:#FFFFFF;&quot;&gt;
	原文地址：http://www.cnblogs.com/52php/p/5658322.html
&lt;/p&gt;',`status`='1',`type`='0',`createtime`='1476439032',`author`='小兔',`imgurl`=NULL,`recom`='0',`readnum`='22' WHERE `id` = 20 [ RunTime:0.0020s ]
SQL: SELECT `id`,`title` FROM `article` WHERE ( id<20 and status=1 ) ORDER BY id desc LIMIT 1   [ RunTime:0.0010s ]
SQL: SELECT `id`,`title` FROM `article` WHERE ( id>20 and status=1 ) ORDER BY id asc LIMIT 1   [ RunTime:0.0000s ]
SQL: SELECT `id`,`title` FROM `article` WHERE ( id<>20 and status=1 and recom=1 ) ORDER BY id desc LIMIT 6   [ RunTime:0.0010s ]
INFO: [ view_parse ] --START--
INFO: [ template_filter ] --START--
INFO: Run Behavior\ContentReplaceBehavior [ RunTime:0.000000s ]
INFO: [ template_filter ] --END-- [ RunTime:0.000000s ]
NOTIC: [8] Undefined variable: title D:\WWW\tools\Application\Runtime\Cache\Home\f274c600cf8d13c9d31ff143ea08a211.php 第 45 行.
INFO: [ keyWords ] --START--
SQL: SHOW COLUMNS FROM `keywords` [ RunTime:0.0060s ]
NOTIC: [2] Missing argument 1 for Think\Model::where(), called in D:\WWW\tools\Application\Home\Model\CommModel.class.php on line 46 and defined D:\WWW\tools\ThinkPHP\Library\Think\Model.class.php 第 1797 行.
NOTIC: [8] Undefined variable: where D:\WWW\tools\ThinkPHP\Library\Think\Model.class.php 第 1805 行.
NOTIC: [8] Undefined variable: where D:\WWW\tools\ThinkPHP\Library\Think\Model.class.php 第 1808 行.
NOTIC: [8] Undefined variable: where D:\WWW\tools\ThinkPHP\Library\Think\Model.class.php 第 1816 行.
SQL: SELECT * FROM `keywords` ORDER BY `order` asc,num desc LIMIT 30   [ RunTime:0.0000s ]
INFO: Run Home\Behavior\KeyWordsBehavior [ RunTime:0.009000s ]
INFO: [ keyWords ] --END-- [ RunTime:0.009000s ]
INFO: Run Behavior\ParseTemplateBehavior [ RunTime:0.046003s ]
INFO: [ view_parse ] --END-- [ RunTime:0.046003s ]
INFO: [ view_filter ] --START--
INFO: Run Behavior\WriteHtmlCacheBehavior [ RunTime:0.000000s ]
INFO: [ view_filter ] --END-- [ RunTime:0.000000s ]
INFO: [ app_end ] --START--
INFO: Run Behavior\ShowPageTraceBehavior [ RunTime:0.001000s ]
INFO: [ app_end ] --END-- [ RunTime:0.001000s ]

[ 2016-11-22T17:13:41+08:00 ] 127.0.0.1 /art/article/id/20.aspx
INFO: [ app_init ] --START--
INFO: Run Behavior\BuildLiteBehavior [ RunTime:0.000000s ]
INFO: [ app_init ] --END-- [ RunTime:0.001000s ]
INFO: [ app_begin ] --START--
INFO: Run Behavior\ReadHtmlCacheBehavior [ RunTime:0.001000s ]
INFO: [ app_begin ] --END-- [ RunTime:0.001000s ]
SQL: SHOW COLUMNS FROM `article` [ RunTime:0.0100s ]
SQL: SELECT * FROM `article` WHERE `id` = 20 LIMIT 1   [ RunTime:0.0010s ]
SQL: SELECT * FROM `article` WHERE `id` = 20 LIMIT 1   [ RunTime:0.0010s ]
SQL: UPDATE `article` SET `title`='PHP如何释放内存之unset销毁变量并释放内存详解',`keyword`='unset销毁变量',`content`='&lt;p style=&quot;font-family:&amp;quot;font-size:15px;background-color:#FFFFFF;&quot;&gt;
	PHP的unset()函数用来清除、销毁变量，不用的变量，我们可以用unset()将它销毁。但是某些时候，用unset()却无法达到销毁变量占用的内存！我们先看一个例子：
&lt;/p&gt;
&lt;p style=&quot;font-family:&amp;quot;font-size:15px;background-color:#FFFFFF;&quot;&gt;
	&lt;br /&gt;
&lt;/p&gt;
&lt;pre class=&quot;prettyprint lang-php&quot;&gt;&amp;lt;?php
$s = str_repeat(\'1\',255);   //产生由255个1组成的字符串gfgdfffffffffffffffffffffffffffffffffffffffffffffffffffffffffffffffffffffffffffffffffffffffffffffffffffffffffffffffffffffffffffffffffffff
$m = memory_get_usage();    //获取当前占用内存
unset($s);
$mm = memory_get_usage();   //unset()后再查看当前占用内存
echo $m-$mm;
?&amp;gt;&lt;/pre&gt;
&lt;p&gt;
	&lt;br /&gt;
&lt;/p&gt;
&lt;div style=&quot;margin:0px;padding:0px;font-family:&amp;quot;font-size:15px;background-color:#FFFFFF;&quot;&gt;
	&lt;div id=&quot;highlighter_261900&quot; class=&quot;syntaxhighlighter  php&quot; style=&quot;padding:0px;margin:0.5em 0px !important;font-size:1em !important;&quot;&gt;
	&lt;/div&gt;
&lt;/div&gt;
&lt;p style=&quot;font-family:&amp;quot;font-size:15px;background-color:#FFFFFF;&quot;&gt;
	&lt;span style=&quot;line-height:1.6em;&quot;&gt;最后输出unset()之前占用内存减去unset()之后占用内存，如果是正数，那么说明unset($s)已经将$s从内存中销毁(或者 说，unset()之后内存占用减少了)，可是我在PHP5和windows平台下，得到的结果是：-48。这是否可以说明，unset($s)并没有起 到销毁变量$s所占用内存的作用呢？我们再作下面的例子：&lt;/span&gt; 
&lt;/p&gt;
&lt;div style=&quot;margin:0px;padding:0px;font-family:&amp;quot;font-size:15px;background-color:#FFFFFF;&quot;&gt;
	&lt;div id=&quot;highlighter_299905&quot; class=&quot;syntaxhighlighter  php&quot; style=&quot;padding:0px;margin:0.5em 0px !important;font-size:1em !important;&quot;&gt;
	&lt;/div&gt;
&lt;/div&gt;
&lt;p style=&quot;font-family:&amp;quot;font-size:15px;background-color:#FFFFFF;&quot;&gt;
	&lt;br /&gt;
&lt;/p&gt;
&lt;pre class=&quot;prettyprint lang-php&quot;&gt;&amp;lt;?php
$s = str_repeat(\'1\',256);   //产生由256个1组成的字符串
$m = memory_get_usage();    //获取当前占用内存
unset($s);
$mm = memory_get_usage();   //unset()后再查看当前占用内存
echo $m-$mm;
?&amp;gt;&lt;/pre&gt;
&lt;p&gt;
	&lt;br /&gt;
&lt;/p&gt;
&lt;p style=&quot;font-family:&amp;quot;font-size:15px;background-color:#FFFFFF;&quot;&gt;
	这个例子，和上面的例子几乎相同，唯一的不同是，$s由256个1组成，即比第一个例子多了一个1，得到结果是：224。这是否可以说明，unset($s)已经将$s所占用的内存销毁了？
&lt;/p&gt;
&lt;p style=&quot;font-family:&amp;quot;font-size:15px;background-color:#FFFFFF;&quot;&gt;
	通过上面两个例子，我们可以得出以下结论：
&lt;/p&gt;
&lt;p style=&quot;font-family:&amp;quot;font-size:15px;background-color:#FFFFFF;&quot;&gt;
	&lt;span style=&quot;text-decoration:underline;&quot;&gt;&lt;strong&gt;结论一、unset()函数只能在变量值占用内存空间超过256字节时才会释放内存空间。&lt;/strong&gt;&lt;/span&gt; 
&lt;/p&gt;
&lt;p style=&quot;font-family:&amp;quot;font-size:15px;background-color:#FFFFFF;&quot;&gt;
	那么是不是只要变量值超过256，使用unset就可以释放内存空间呢？我们再通过一个例子来测试一下：
&lt;/p&gt;
&lt;div style=&quot;margin:0px;padding:0px;font-family:&amp;quot;font-size:15px;background-color:#FFFFFF;&quot;&gt;
	&lt;div id=&quot;highlighter_57584&quot; class=&quot;syntaxhighlighter  php&quot; style=&quot;padding:0px;margin:0.5em 0px !important;font-size:1em !important;&quot;&gt;
	&lt;/div&gt;
&lt;/div&gt;
&lt;p style=&quot;font-family:&amp;quot;font-size:15px;background-color:#FFFFFF;&quot;&gt;
	&lt;br /&gt;
&lt;/p&gt;
&lt;p style=&quot;font-family:&amp;quot;font-size:15px;background-color:#FFFFFF;&quot;&gt;
	&lt;br /&gt;
&lt;/p&gt;
&lt;pre class=&quot;prettyprint lang-php&quot;&gt;&amp;lt;?php
$s = str_repeat(\'1\',256);       //这和第二个例子完全相同
$p = &amp;amp;$s;
$m = memory_get_usage();
unset($s);                      //销毁$s
$mm = memory_get_usage();
echo $p . \'&amp;lt;br /&amp;gt;\';
echo $m-$mm;
?&amp;gt;&lt;/pre&gt;
&lt;span&gt;刷新页面，我们看到第一行有256个1，第二行是-48，按理说我们已经销毁了$s，而$p只是引用$s的变量，应该是没有内容了，另外，unset($s)后内存占用却比unset()前增加了！现在我们再做以下的例子：&lt;/span&gt; 
&lt;p&gt;
	&lt;br /&gt;
&lt;/p&gt;
&lt;p style=&quot;font-family:&amp;quot;font-size:15px;background-color:#FFFFFF;&quot;&gt;
	&lt;br /&gt;
&lt;/p&gt;
&lt;pre class=&quot;prettyprint lang-php&quot;&gt;&amp;lt;?php
$s = str_repeat(\'1\', 256);      //这和第二个例子完全相同
$p = &amp;amp;$s;
$m = memory_get_usage();
$s = null;                      //设置$s为null
$mm = memory_get_usage();
echo $p . \'&amp;lt;br /&amp;gt;\';
echo $m-$mm;
?&amp;gt;&lt;/pre&gt;
&lt;span&gt;现在刷新页面，我们看到，输出$p已经是没有内容了，unset()前后内存占用量之差是224，即已经清除了变量占用的内存。本例中的$s=null也可以换成unset()，如下：&lt;/span&gt; 
&lt;p&gt;
	&lt;br /&gt;
&lt;/p&gt;
&lt;p style=&quot;font-family:&amp;quot;font-size:15px;background-color:#FFFFFF;&quot;&gt;
	&lt;br /&gt;
&lt;/p&gt;
&lt;pre class=&quot;prettyprint lang-php&quot;&gt;&amp;lt;?php
$s = str_repeat(\'1\', 256);      //这和第二个例子完全相同
$p = &amp;amp;$s;
$m = memory_get_usage();
unset($s);                      //销毁$s
unset($p);
$mm = memory_get_usage();
echo $p . \'&amp;lt;br /&amp;gt;\';
echo $m-$mm;
?&amp;gt;&lt;/pre&gt;
&lt;span&gt;我们将$s和$p都使用unset()销毁，这时再看内存占用量之差也是224，说明这样也可以释放内存。那么，我们可以得到另外一条结论：&lt;/span&gt; 
&lt;p&gt;
	&lt;br /&gt;
&lt;/p&gt;
&lt;p style=&quot;font-family:&amp;quot;font-size:15px;background-color:#FFFFFF;&quot;&gt;
	&lt;span style=&quot;text-decoration:underline;&quot;&gt;&lt;strong&gt;结论二、只有当指向该变量的所有变量（如引用变量）都被销毁后，才会释放内存。&lt;/strong&gt;&lt;/span&gt; 
&lt;/p&gt;
&lt;p style=&quot;font-family:&amp;quot;font-size:15px;background-color:#FFFFFF;&quot;&gt;
	相信经过本文的例子后，大家应该对unset()有所了解了，最起码，本人用unset()也是为了在变量不起作用时，释放内存。
&lt;/p&gt;
&lt;p style=&quot;font-family:&amp;quot;font-size:15px;background-color:#FFFFFF;&quot;&gt;
	&lt;br /&gt;
&lt;/p&gt;
&lt;p style=&quot;font-family:&amp;quot;font-size:15px;background-color:#FFFFFF;&quot;&gt;
	原文地址：http://www.cnblogs.com/52php/p/5658322.html
&lt;/p&gt;',`status`='1',`type`='0',`createtime`='1476439032',`author`='小兔',`imgurl`=NULL,`recom`='0',`readnum`='23' WHERE `id` = 20 [ RunTime:0.0020s ]
SQL: SELECT `id`,`title` FROM `article` WHERE ( id<20 and status=1 ) ORDER BY id desc LIMIT 1   [ RunTime:0.0010s ]
SQL: SELECT `id`,`title` FROM `article` WHERE ( id>20 and status=1 ) ORDER BY id asc LIMIT 1   [ RunTime:0.0000s ]
SQL: SELECT `id`,`title` FROM `article` WHERE ( id<>20 and status=1 and recom=1 ) ORDER BY id desc LIMIT 6   [ RunTime:0.0000s ]
INFO: [ view_parse ] --START--
INFO: [ template_filter ] --START--
INFO: Run Behavior\ContentReplaceBehavior [ RunTime:0.000000s ]
INFO: [ template_filter ] --END-- [ RunTime:0.000000s ]
NOTIC: [8] Undefined variable: title D:\WWW\tools\Application\Runtime\Cache\Home\f274c600cf8d13c9d31ff143ea08a211.php 第 45 行.
INFO: [ keyWords ] --START--
SQL: SHOW COLUMNS FROM `keywords` [ RunTime:0.0070s ]
NOTIC: [2] Missing argument 1 for Think\Model::where(), called in D:\WWW\tools\Application\Home\Model\CommModel.class.php on line 46 and defined D:\WWW\tools\ThinkPHP\Library\Think\Model.class.php 第 1797 行.
NOTIC: [8] Undefined variable: where D:\WWW\tools\ThinkPHP\Library\Think\Model.class.php 第 1805 行.
NOTIC: [8] Undefined variable: where D:\WWW\tools\ThinkPHP\Library\Think\Model.class.php 第 1808 行.
NOTIC: [8] Undefined variable: where D:\WWW\tools\ThinkPHP\Library\Think\Model.class.php 第 1816 行.
SQL: SELECT * FROM `keywords` ORDER BY `order` asc,num desc LIMIT 30   [ RunTime:0.0010s ]
INFO: Run Home\Behavior\KeyWordsBehavior [ RunTime:0.011001s ]
INFO: [ keyWords ] --END-- [ RunTime:0.011001s ]
INFO: Run Behavior\ParseTemplateBehavior [ RunTime:0.024002s ]
INFO: [ view_parse ] --END-- [ RunTime:0.024002s ]
INFO: [ view_filter ] --START--
INFO: Run Behavior\WriteHtmlCacheBehavior [ RunTime:0.001000s ]
INFO: [ view_filter ] --END-- [ RunTime:0.001000s ]
INFO: [ app_end ] --START--
INFO: Run Behavior\ShowPageTraceBehavior [ RunTime:0.001000s ]
INFO: [ app_end ] --END-- [ RunTime:0.001000s ]

[ 2016-11-22T17:13:49+08:00 ] 127.0.0.1 /art/article/id/20.aspx
INFO: [ app_init ] --START--
INFO: Run Behavior\BuildLiteBehavior [ RunTime:0.000000s ]
INFO: [ app_init ] --END-- [ RunTime:0.001001s ]
INFO: [ app_begin ] --START--
INFO: Run Behavior\ReadHtmlCacheBehavior [ RunTime:0.000000s ]
INFO: [ app_begin ] --END-- [ RunTime:0.000000s ]
SQL: SHOW COLUMNS FROM `article` [ RunTime:0.0070s ]
INFO: [ view_parse ] --START--
INFO: [ template_filter ] --START--
INFO: Run Behavior\ContentReplaceBehavior [ RunTime:0.000000s ]
INFO: [ template_filter ] --END-- [ RunTime:0.000000s ]
INFO: Run Behavior\ParseTemplateBehavior [ RunTime:0.031001s ]
INFO: [ view_parse ] --END-- [ RunTime:0.031001s ]
INFO: [ view_filter ] --START--
INFO: Run Behavior\WriteHtmlCacheBehavior [ RunTime:0.001001s ]
INFO: [ view_filter ] --END-- [ RunTime:0.001001s ]

[ 2016-11-22T17:13:53+08:00 ] 127.0.0.1 /
INFO: [ app_init ] --START--
INFO: Run Behavior\BuildLiteBehavior [ RunTime:0.000000s ]
INFO: [ app_init ] --END-- [ RunTime:0.000000s ]
INFO: [ app_begin ] --START--
INFO: Run Behavior\ReadHtmlCacheBehavior [ RunTime:0.001000s ]
INFO: [ app_begin ] --END-- [ RunTime:0.001000s ]
SQL: SHOW COLUMNS FROM `article` [ RunTime:0.0090s ]
SQL: SELECT * FROM `article` WHERE `status` = 1 ORDER BY id desc LIMIT 6   [ RunTime:0.0030s ]
SQL: SELECT * FROM `article` WHERE `status` = 1 ORDER BY readnum desc,id desc LIMIT 6   [ RunTime:0.0030s ]
INFO: [ view_parse ] --START--
INFO: [ template_filter ] --START--
INFO: Run Behavior\ContentReplaceBehavior [ RunTime:0.000000s ]
INFO: [ template_filter ] --END-- [ RunTime:0.000000s ]
NOTIC: [8] Undefined variable: title D:\WWW\tools\Application\Runtime\Cache\Home\2a94b8bda04ff446dcedd42276fc99ee.php 第 56 行.
INFO: [ keyWords ] --START--
SQL: SHOW COLUMNS FROM `keywords` [ RunTime:0.0060s ]
NOTIC: [2] Missing argument 1 for Think\Model::where(), called in D:\WWW\tools\Application\Home\Model\CommModel.class.php on line 46 and defined D:\WWW\tools\ThinkPHP\Library\Think\Model.class.php 第 1797 行.
NOTIC: [8] Undefined variable: where D:\WWW\tools\ThinkPHP\Library\Think\Model.class.php 第 1805 行.
NOTIC: [8] Undefined variable: where D:\WWW\tools\ThinkPHP\Library\Think\Model.class.php 第 1808 行.
NOTIC: [8] Undefined variable: where D:\WWW\tools\ThinkPHP\Library\Think\Model.class.php 第 1816 行.
SQL: SELECT * FROM `keywords` ORDER BY `order` asc,num desc LIMIT 30   [ RunTime:0.0000s ]
INFO: Run Home\Behavior\KeyWordsBehavior [ RunTime:0.009001s ]
INFO: [ keyWords ] --END-- [ RunTime:0.009001s ]
INFO: Run Behavior\ParseTemplateBehavior [ RunTime:0.026002s ]
INFO: [ view_parse ] --END-- [ RunTime:0.026002s ]
INFO: [ view_filter ] --START--
INFO: Run Behavior\WriteHtmlCacheBehavior [ RunTime:0.000000s ]
INFO: [ view_filter ] --END-- [ RunTime:0.000000s ]
INFO: [ app_end ] --START--
INFO: Run Behavior\ShowPageTraceBehavior [ RunTime:0.000000s ]
INFO: [ app_end ] --END-- [ RunTime:0.000000s ]

[ 2016-11-22T17:39:13+08:00 ] 127.0.0.1 /art/article/id/12.aspx
INFO: [ app_init ] --START--
INFO: Run Behavior\BuildLiteBehavior [ RunTime:0.000000s ]
INFO: [ app_init ] --END-- [ RunTime:0.001000s ]
INFO: [ app_begin ] --START--
INFO: Run Behavior\ReadHtmlCacheBehavior [ RunTime:0.001000s ]
INFO: [ app_begin ] --END-- [ RunTime:0.001000s ]
SQL: SHOW COLUMNS FROM `article` [ RunTime:0.0120s ]

[ 2016-11-22T17:39:34+08:00 ] 127.0.0.1 /art/article/id/12.aspx
INFO: [ app_init ] --START--
INFO: Run Behavior\BuildLiteBehavior [ RunTime:0.000000s ]
INFO: [ app_init ] --END-- [ RunTime:0.001000s ]
INFO: [ app_begin ] --START--
INFO: Run Behavior\ReadHtmlCacheBehavior [ RunTime:0.001000s ]
INFO: [ app_begin ] --END-- [ RunTime:0.001000s ]
SQL: SHOW COLUMNS FROM `article` [ RunTime:0.0110s ]

[ 2016-11-22T17:40:01+08:00 ] 127.0.0.1 /art/article/id/12.aspx
INFO: [ app_init ] --START--
INFO: Run Behavior\BuildLiteBehavior [ RunTime:0.000000s ]
INFO: [ app_init ] --END-- [ RunTime:0.001000s ]
INFO: [ app_begin ] --START--
INFO: Run Behavior\ReadHtmlCacheBehavior [ RunTime:0.001000s ]
INFO: [ app_begin ] --END-- [ RunTime:0.001000s ]
SQL: SHOW COLUMNS FROM `article` [ RunTime:0.0070s ]

[ 2016-11-22T17:40:13+08:00 ] 127.0.0.1 /art/article/id/12.aspx
INFO: [ app_init ] --START--
INFO: Run Behavior\BuildLiteBehavior [ RunTime:0.000000s ]
INFO: [ app_init ] --END-- [ RunTime:0.000000s ]
INFO: [ app_begin ] --START--
INFO: Run Behavior\ReadHtmlCacheBehavior [ RunTime:0.000000s ]
INFO: [ app_begin ] --END-- [ RunTime:0.001001s ]
SQL: SHOW COLUMNS FROM `article` [ RunTime:0.0110s ]

[ 2016-11-22T17:40:32+08:00 ] 127.0.0.1 /art/article/id/12.aspx
INFO: [ app_init ] --START--
INFO: Run Behavior\BuildLiteBehavior [ RunTime:0.000000s ]
INFO: [ app_init ] --END-- [ RunTime:0.000000s ]
INFO: [ app_begin ] --START--
INFO: Run Behavior\ReadHtmlCacheBehavior [ RunTime:0.001000s ]
INFO: [ app_begin ] --END-- [ RunTime:0.001000s ]
SQL: SHOW COLUMNS FROM `article` [ RunTime:0.0100s ]

[ 2016-11-22T17:40:37+08:00 ] 127.0.0.1 /art/article/id/12.aspx
INFO: [ app_init ] --START--
INFO: Run Behavior\BuildLiteBehavior [ RunTime:0.000000s ]
INFO: [ app_init ] --END-- [ RunTime:0.000000s ]
INFO: [ app_begin ] --START--
INFO: Run Behavior\ReadHtmlCacheBehavior [ RunTime:0.001000s ]
INFO: [ app_begin ] --END-- [ RunTime:0.001000s ]
SQL: SHOW COLUMNS FROM `article` [ RunTime:0.0100s ]

[ 2016-11-22T17:41:19+08:00 ] 127.0.0.1 /art/article/id/12.aspx
INFO: [ app_init ] --START--
INFO: Run Behavior\BuildLiteBehavior [ RunTime:0.000000s ]
INFO: [ app_init ] --END-- [ RunTime:0.000000s ]
INFO: [ app_begin ] --START--
INFO: Run Behavior\ReadHtmlCacheBehavior [ RunTime:0.000000s ]
INFO: [ app_begin ] --END-- [ RunTime:0.001000s ]
SQL: SHOW COLUMNS FROM `article` [ RunTime:0.0110s ]

[ 2016-11-22T17:45:34+08:00 ] 127.0.0.1 /art/article/id/12.aspx
INFO: [ app_init ] --START--
INFO: Run Behavior\BuildLiteBehavior [ RunTime:0.000000s ]
INFO: [ app_init ] --END-- [ RunTime:0.000000s ]
INFO: [ app_begin ] --START--
INFO: Run Behavior\ReadHtmlCacheBehavior [ RunTime:0.001000s ]
INFO: [ app_begin ] --END-- [ RunTime:0.001000s ]
SQL: SHOW COLUMNS FROM `article` [ RunTime:0.0130s ]

[ 2016-11-22T17:47:11+08:00 ] 127.0.0.1 /art/article/id/12.aspx
INFO: [ app_init ] --START--
INFO: Run Behavior\BuildLiteBehavior [ RunTime:0.000000s ]
INFO: [ app_init ] --END-- [ RunTime:0.001000s ]
INFO: [ app_begin ] --START--
INFO: Run Behavior\ReadHtmlCacheBehavior [ RunTime:0.001000s ]
INFO: [ app_begin ] --END-- [ RunTime:0.001000s ]
SQL: SHOW COLUMNS FROM `article` [ RunTime:0.0060s ]

[ 2016-11-22T17:47:16+08:00 ] 127.0.0.1 /art/article/id/12.aspx
INFO: [ app_init ] --START--
INFO: Run Behavior\BuildLiteBehavior [ RunTime:0.000000s ]
INFO: [ app_init ] --END-- [ RunTime:0.001000s ]
INFO: [ app_begin ] --START--
INFO: Run Behavior\ReadHtmlCacheBehavior [ RunTime:0.001000s ]
INFO: [ app_begin ] --END-- [ RunTime:0.001000s ]
SQL: SHOW COLUMNS FROM `article` [ RunTime:0.0110s ]

[ 2016-11-22T17:53:31+08:00 ] 127.0.0.1 /art/article/id/12.aspx
INFO: [ app_init ] --START--
INFO: Run Behavior\BuildLiteBehavior [ RunTime:0.000000s ]
INFO: [ app_init ] --END-- [ RunTime:0.002000s ]
INFO: [ app_begin ] --START--
INFO: Run Behavior\ReadHtmlCacheBehavior [ RunTime:0.000000s ]
INFO: [ app_begin ] --END-- [ RunTime:0.000000s ]
SQL: SHOW COLUMNS FROM `article` [ RunTime:0.0130s ]

[ 2016-11-22T17:53:45+08:00 ] 127.0.0.1 /art/article/id/12.aspx
INFO: [ app_init ] --START--
INFO: Run Behavior\BuildLiteBehavior [ RunTime:0.000000s ]
INFO: [ app_init ] --END-- [ RunTime:0.001000s ]
INFO: [ app_begin ] --START--
INFO: Run Behavior\ReadHtmlCacheBehavior [ RunTime:0.001000s ]
INFO: [ app_begin ] --END-- [ RunTime:0.001000s ]
SQL: SHOW COLUMNS FROM `article` [ RunTime:0.0100s ]
SQL: SELECT * FROM `article` WHERE `id` = 12 LIMIT 1   [ RunTime:0.0220s ]
NOTIC: [2] Illegal string offset 'readnum' D:\WWW\tools\Application\Home\Model\ArticleModel.class.php 第 68 行.

[ 2016-11-22T17:56:31+08:00 ] 127.0.0.1 /art/article/id/12.aspx
INFO: [ app_init ] --START--
INFO: Run Behavior\BuildLiteBehavior [ RunTime:0.000000s ]
INFO: [ app_init ] --END-- [ RunTime:0.001000s ]
INFO: [ app_begin ] --START--
INFO: Run Behavior\ReadHtmlCacheBehavior [ RunTime:0.001000s ]
INFO: [ app_begin ] --END-- [ RunTime:0.001000s ]
SQL: SHOW COLUMNS FROM `article` [ RunTime:0.0110s ]
SQL: SELECT * FROM `article` WHERE `id` = 12 LIMIT 1   [ RunTime:0.0010s ]
SQL: SELECT * FROM `article` WHERE `id` = 12 LIMIT 1   [ RunTime:0.0010s ]
SQL: UPDATE `article` SET `title`='PHP  时间戳转化时间',`keyword`='',`content`='&lt;p&gt;
	PHP怎么获取时间，时间戳
&lt;/p&gt;
&lt;p&gt;
	&lt;br /&gt;
&lt;/p&gt;
&lt;pre class=&quot;prettyprint lang-js&quot;&gt;$timeStamp=time();  //获取当前时间戳

$timeStamp=strtotime(\'2016-09-02 12:00:00\'); //可生成指定时间戳
$timeStamp=strtotime(\'2016-09-02\');  //将日期生成时间戳

$time=date(\'Y-m-d H:i:s\');  //获取当前时间 如：2016-09-02 12:00:00

$time=date(\'Y-m-d H:i:s\',time()); //得到的结果同上

mktime(hour,minute,second,month,day,year); //将指定时间转化为时间戳&lt;/pre&gt;
&lt;p&gt;
	&lt;br /&gt;
&lt;/p&gt;
&lt;p&gt;
	在开发过程中大多用到的时间函数time()、date()、mktime()、strtotime()、getdate()
&lt;/p&gt;
&lt;p&gt;
	&lt;br /&gt;
&lt;/p&gt;
&lt;p&gt;
	1.&lt;span&gt;strtotime($time)的一些用法&lt;/span&gt; 
&lt;/p&gt;
&lt;p&gt;
	&lt;span&gt; &lt;/span&gt;
&lt;/p&gt;
&lt;pre class=&quot;prettyprint lang-php&quot;&gt;date(\'Y-m-d H:i:s\',strtotime(\'+1 day\'));//加了一天输出明天此时时间
date(\'Y-m-d H:i:s\',strtotime(\'-1 day\'));//减了一天输出昨天此时时间
date(\'Y-m-d H:i:s\',strtotime(\'+1 week\'));//输出下一周此时时间
date(\'Y-m-d H:i:s\',strtotime(\'-1 week\'));//输出上一周此时时间
date(\'Y-m-d H:i:s\',strtotime(\'next Monday\'));//下个星期1此时的时间
date(\'Y-m-d H:i:s\',strtotime(\'last Monday\'));//上个星期1此时的时间&lt;/pre&gt;
&lt;br /&gt;
&lt;p&gt;
	&lt;br /&gt;
&lt;/p&gt;
&lt;p&gt;
	2.getdate()的用法
&lt;/p&gt;
&lt;p&gt;
	&lt;br /&gt;
&lt;/p&gt;
&lt;pre class=&quot;prettyprint lang-php&quot;&gt;$array_time = getdate(1472796744); 
$hours = $array_time [&quot;hours&quot;];
$minutes = $array_time [&quot;minutes&quot;];
$seconds = $array_time [&quot;seconds&quot;];
$month = $array_time [&quot;mon&quot;];
$day = $array_time [&quot;mday&quot;];
$year = $array_time [&quot;year&quot;];
echo $year.\'-\'.$month.\'-\'.$day.\' \'.$hours.\':\'.$minutes .\':\'.$seconds&lt;/pre&gt;
3.time()
&lt;p&gt;
	&lt;br /&gt;
&lt;/p&gt;
&lt;p&gt;
	&lt;br /&gt;
&lt;/p&gt;
&lt;pre class=&quot;prettyprint lang-php&quot;&gt;$timeStamp=time()+86400;// 明天此时
$timeStamp=time()-86400;//昨天此时&lt;/pre&gt;
4.date
&lt;p&gt;
	&lt;br /&gt;
&lt;/p&gt;
&lt;p&gt;
	&lt;br /&gt;
&lt;/p&gt;
&lt;pre class=&quot;prettyprint lang-php&quot;&gt;$year=date(\'Y\');//年
$month=date(\'m\');//月
$day=date(\'d\');//日
$hour=date(\'H\');//时
$minute=date(\'i\');//分
$second=date(\'s\');//秒

date(&quot;l&quot;);// 注意是字符L的小写，不是1，也不是竖线，输出Monday
date(&quot;Y-m-d H:i:s&quot;) ; //输出2016-09-02 14:28:16
date(&quot;Y/m/d&quot;);//输出2016/09/02
date(&quot;Y年m月d日 H时i分s秒&quot;);//输出2016年09月02日 14时28分16秒&lt;/pre&gt;
&lt;p&gt;
	&lt;br /&gt;
&lt;/p&gt;',`status`='1',`type`='0',`createtime`='1472797840',`author`='小兔',`imgurl`=NULL,`recom`='0',`readnum`='29' WHERE `id` = 12 [ RunTime:0.0010s ]
SQL: SELECT `id`,`title` FROM `article` WHERE ( id<12 and status=1 ) ORDER BY id desc LIMIT 1   [ RunTime:0.0130s ]
SQL: SELECT `id`,`title` FROM `article` WHERE ( id>12 and status=1 ) ORDER BY id asc LIMIT 1   [ RunTime:0.0000s ]
SQL: SELECT `id`,`title` FROM `article` WHERE ( id<>12 and status=1 and recom=1 ) ORDER BY id desc LIMIT 6   [ RunTime:0.0820s ]
INFO: [ view_parse ] --START--
INFO: [ template_filter ] --START--
INFO: Run Behavior\ContentReplaceBehavior [ RunTime:0.011001s ]
INFO: [ template_filter ] --END-- [ RunTime:0.011001s ]
NOTIC: [8] Undefined variable: title D:\WWW\tools\Application\Runtime\Cache\Home\f274c600cf8d13c9d31ff143ea08a211.php 第 45 行.
INFO: [ keyWords ] --START--
SQL: SHOW COLUMNS FROM `keywords` [ RunTime:0.0510s ]
NOTIC: [2] Missing argument 1 for Think\Model::where(), called in D:\WWW\tools\Application\Home\Model\CommModel.class.php on line 46 and defined D:\WWW\tools\ThinkPHP\Library\Think\Model.class.php 第 1797 行.
NOTIC: [8] Undefined variable: where D:\WWW\tools\ThinkPHP\Library\Think\Model.class.php 第 1805 行.
NOTIC: [8] Undefined variable: where D:\WWW\tools\ThinkPHP\Library\Think\Model.class.php 第 1808 行.
NOTIC: [8] Undefined variable: where D:\WWW\tools\ThinkPHP\Library\Think\Model.class.php 第 1816 行.
SQL: SELECT * FROM `keywords` ORDER BY `order` asc,num desc LIMIT 30   [ RunTime:0.0100s ]
INFO: Run Home\Behavior\KeyWordsBehavior [ RunTime:0.131007s ]
INFO: [ keyWords ] --END-- [ RunTime:0.131007s ]
INFO: Run Behavior\ParseTemplateBehavior [ RunTime:0.253014s ]
INFO: [ view_parse ] --END-- [ RunTime:0.253014s ]
INFO: [ view_filter ] --START--
INFO: Run Behavior\WriteHtmlCacheBehavior [ RunTime:0.016001s ]
INFO: [ view_filter ] --END-- [ RunTime:0.016001s ]
INFO: [ app_end ] --START--
INFO: Run Behavior\ShowPageTraceBehavior [ RunTime:0.006001s ]
INFO: [ app_end ] --END-- [ RunTime:0.006001s ]

[ 2016-11-22T17:56:39+08:00 ] 127.0.0.1 /art/article/id/12.aspx
INFO: [ app_init ] --START--
INFO: Run Behavior\BuildLiteBehavior [ RunTime:0.000000s ]
INFO: [ app_init ] --END-- [ RunTime:0.000000s ]
INFO: [ app_begin ] --START--
INFO: Run Behavior\ReadHtmlCacheBehavior [ RunTime:0.000000s ]
INFO: [ app_begin ] --END-- [ RunTime:0.000000s ]
SQL: SHOW COLUMNS FROM `article` [ RunTime:0.0110s ]
NOTIC: [2] Illegal string offset 'status' D:\WWW\tools\Application\Home\Controller\ArtController.class.php 第 58 行.
INFO: [ view_parse ] --START--
INFO: [ template_filter ] --START--
INFO: Run Behavior\ContentReplaceBehavior [ RunTime:0.000000s ]
INFO: [ template_filter ] --END-- [ RunTime:0.000000s ]
INFO: Run Behavior\ParseTemplateBehavior [ RunTime:0.023001s ]
INFO: [ view_parse ] --END-- [ RunTime:0.023001s ]
INFO: [ view_filter ] --START--
INFO: Run Behavior\WriteHtmlCacheBehavior [ RunTime:0.001000s ]
INFO: [ view_filter ] --END-- [ RunTime:0.001000s ]

[ 2016-11-22T17:56:44+08:00 ] 127.0.0.1 /
INFO: [ app_init ] --START--
INFO: Run Behavior\BuildLiteBehavior [ RunTime:0.000000s ]
INFO: [ app_init ] --END-- [ RunTime:0.002000s ]
INFO: [ app_begin ] --START--
INFO: Run Behavior\ReadHtmlCacheBehavior [ RunTime:0.001000s ]
INFO: [ app_begin ] --END-- [ RunTime:0.001000s ]
SQL: SHOW COLUMNS FROM `article` [ RunTime:0.0100s ]
SQL: SELECT * FROM `article` WHERE `status` = 1 ORDER BY id desc LIMIT 6   [ RunTime:0.0050s ]
SQL: SELECT * FROM `article` WHERE `status` = 1 ORDER BY readnum desc,id desc LIMIT 6   [ RunTime:0.0050s ]
INFO: [ view_parse ] --START--
INFO: [ template_filter ] --START--
INFO: Run Behavior\ContentReplaceBehavior [ RunTime:0.000000s ]
INFO: [ template_filter ] --END-- [ RunTime:0.000000s ]
NOTIC: [8] Undefined variable: title D:\WWW\tools\Application\Runtime\Cache\Home\2a94b8bda04ff446dcedd42276fc99ee.php 第 56 行.
INFO: [ keyWords ] --START--
SQL: SHOW COLUMNS FROM `keywords` [ RunTime:0.0130s ]
NOTIC: [2] Missing argument 1 for Think\Model::where(), called in D:\WWW\tools\Application\Home\Model\CommModel.class.php on line 46 and defined D:\WWW\tools\ThinkPHP\Library\Think\Model.class.php 第 1797 行.
NOTIC: [8] Undefined variable: where D:\WWW\tools\ThinkPHP\Library\Think\Model.class.php 第 1805 行.
NOTIC: [8] Undefined variable: where D:\WWW\tools\ThinkPHP\Library\Think\Model.class.php 第 1808 行.
NOTIC: [8] Undefined variable: where D:\WWW\tools\ThinkPHP\Library\Think\Model.class.php 第 1816 行.
SQL: SELECT * FROM `keywords` ORDER BY `order` asc,num desc LIMIT 30   [ RunTime:0.0020s ]
INFO: Run Home\Behavior\KeyWordsBehavior [ RunTime:0.019001s ]
INFO: [ keyWords ] --END-- [ RunTime:0.019001s ]
INFO: Run Behavior\ParseTemplateBehavior [ RunTime:0.047002s ]
INFO: [ view_parse ] --END-- [ RunTime:0.047002s ]
INFO: [ view_filter ] --START--
INFO: Run Behavior\WriteHtmlCacheBehavior [ RunTime:0.001000s ]
INFO: [ view_filter ] --END-- [ RunTime:0.001000s ]
INFO: [ app_end ] --START--
INFO: Run Behavior\ShowPageTraceBehavior [ RunTime:0.001001s ]
INFO: [ app_end ] --END-- [ RunTime:0.001001s ]

[ 2016-11-22T17:56:53+08:00 ] 127.0.0.1 /art/article/id/18.aspx
INFO: [ app_init ] --START--
INFO: Run Behavior\BuildLiteBehavior [ RunTime:0.000000s ]
INFO: [ app_init ] --END-- [ RunTime:0.000000s ]
INFO: [ app_begin ] --START--
INFO: Run Behavior\ReadHtmlCacheBehavior [ RunTime:0.001000s ]
INFO: [ app_begin ] --END-- [ RunTime:0.001000s ]
SQL: SHOW COLUMNS FROM `article` [ RunTime:0.0110s ]
SQL: SELECT * FROM `article` WHERE `id` = 18 LIMIT 1   [ RunTime:0.0000s ]
NOTIC: [2] Illegal string offset 'readnum' D:\WWW\tools\Application\Home\Model\ArticleModel.class.php 第 68 行.

[ 2016-11-22T17:56:59+08:00 ] 127.0.0.1 /art/article/id/18.aspx
INFO: [ app_init ] --START--
INFO: Run Behavior\BuildLiteBehavior [ RunTime:0.000000s ]
INFO: [ app_init ] --END-- [ RunTime:0.001000s ]
INFO: [ app_begin ] --START--
INFO: Run Behavior\ReadHtmlCacheBehavior [ RunTime:0.000000s ]
INFO: [ app_begin ] --END-- [ RunTime:0.000000s ]
SQL: SHOW COLUMNS FROM `article` [ RunTime:0.0120s ]
NOTIC: [2] Illegal string offset 'status' D:\WWW\tools\Application\Home\Controller\ArtController.class.php 第 58 行.
INFO: [ view_parse ] --START--
INFO: [ template_filter ] --START--
INFO: Run Behavior\ContentReplaceBehavior [ RunTime:0.000000s ]
INFO: [ template_filter ] --END-- [ RunTime:0.000000s ]
INFO: Run Behavior\ParseTemplateBehavior [ RunTime:0.009000s ]
INFO: [ view_parse ] --END-- [ RunTime:0.010000s ]
INFO: [ view_filter ] --START--
INFO: Run Behavior\WriteHtmlCacheBehavior [ RunTime:0.001000s ]
INFO: [ view_filter ] --END-- [ RunTime:0.001000s ]

[ 2016-11-22T17:57:02+08:00 ] 127.0.0.1 /
INFO: [ app_init ] --START--
INFO: Run Behavior\BuildLiteBehavior [ RunTime:0.000000s ]
INFO: [ app_init ] --END-- [ RunTime:0.001000s ]
INFO: [ app_begin ] --START--
INFO: Run Behavior\ReadHtmlCacheBehavior [ RunTime:0.001000s ]
INFO: [ app_begin ] --END-- [ RunTime:0.001000s ]
SQL: SHOW COLUMNS FROM `article` [ RunTime:0.0120s ]
SQL: SELECT * FROM `article` WHERE `status` = 1 ORDER BY id desc LIMIT 6   [ RunTime:0.0040s ]
SQL: SELECT * FROM `article` WHERE `status` = 1 ORDER BY readnum desc,id desc LIMIT 6   [ RunTime:0.0040s ]
INFO: [ view_parse ] --START--
INFO: [ template_filter ] --START--
INFO: Run Behavior\ContentReplaceBehavior [ RunTime:0.001000s ]
INFO: [ template_filter ] --END-- [ RunTime:0.001000s ]
NOTIC: [8] Undefined variable: title D:\WWW\tools\Application\Runtime\Cache\Home\2a94b8bda04ff446dcedd42276fc99ee.php 第 56 行.
INFO: [ keyWords ] --START--
SQL: SHOW COLUMNS FROM `keywords` [ RunTime:0.0060s ]
NOTIC: [2] Missing argument 1 for Think\Model::where(), called in D:\WWW\tools\Application\Home\Model\CommModel.class.php on line 46 and defined D:\WWW\tools\ThinkPHP\Library\Think\Model.class.php 第 1797 行.
NOTIC: [8] Undefined variable: where D:\WWW\tools\ThinkPHP\Library\Think\Model.class.php 第 1805 行.
NOTIC: [8] Undefined variable: where D:\WWW\tools\ThinkPHP\Library\Think\Model.class.php 第 1808 行.
NOTIC: [8] Undefined variable: where D:\WWW\tools\ThinkPHP\Library\Think\Model.class.php 第 1816 行.
SQL: SELECT * FROM `keywords` ORDER BY `order` asc,num desc LIMIT 30   [ RunTime:0.0000s ]
INFO: Run Home\Behavior\KeyWordsBehavior [ RunTime:0.009001s ]
INFO: [ keyWords ] --END-- [ RunTime:0.009001s ]
INFO: Run Behavior\ParseTemplateBehavior [ RunTime:0.027002s ]
INFO: [ view_parse ] --END-- [ RunTime:0.028002s ]
INFO: [ view_filter ] --START--
INFO: Run Behavior\WriteHtmlCacheBehavior [ RunTime:0.000000s ]
INFO: [ view_filter ] --END-- [ RunTime:0.000000s ]
INFO: [ app_end ] --START--
INFO: Run Behavior\ShowPageTraceBehavior [ RunTime:0.001000s ]
INFO: [ app_end ] --END-- [ RunTime:0.001000s ]

[ 2016-11-22T17:57:03+08:00 ] 127.0.0.1 /
INFO: [ app_init ] --START--
INFO: Run Behavior\BuildLiteBehavior [ RunTime:0.000000s ]
INFO: [ app_init ] --END-- [ RunTime:0.000000s ]
INFO: [ app_begin ] --START--
INFO: Run Behavior\ReadHtmlCacheBehavior [ RunTime:0.001000s ]
INFO: [ app_begin ] --END-- [ RunTime:0.001000s ]
SQL: SHOW COLUMNS FROM `article` [ RunTime:0.0100s ]
SQL: SELECT * FROM `article` WHERE `status` = 1 ORDER BY id desc LIMIT 6   [ RunTime:0.0030s ]
SQL: SELECT * FROM `article` WHERE `status` = 1 ORDER BY readnum desc,id desc LIMIT 6   [ RunTime:0.0030s ]
INFO: [ view_parse ] --START--
INFO: [ template_filter ] --START--
INFO: Run Behavior\ContentReplaceBehavior [ RunTime:0.000000s ]
INFO: [ template_filter ] --END-- [ RunTime:0.000000s ]
NOTIC: [8] Undefined variable: title D:\WWW\tools\Application\Runtime\Cache\Home\2a94b8bda04ff446dcedd42276fc99ee.php 第 56 行.
INFO: [ keyWords ] --START--
SQL: SHOW COLUMNS FROM `keywords` [ RunTime:0.0060s ]
NOTIC: [2] Missing argument 1 for Think\Model::where(), called in D:\WWW\tools\Application\Home\Model\CommModel.class.php on line 46 and defined D:\WWW\tools\ThinkPHP\Library\Think\Model.class.php 第 1797 行.
NOTIC: [8] Undefined variable: where D:\WWW\tools\ThinkPHP\Library\Think\Model.class.php 第 1805 行.
NOTIC: [8] Undefined variable: where D:\WWW\tools\ThinkPHP\Library\Think\Model.class.php 第 1808 行.
NOTIC: [8] Undefined variable: where D:\WWW\tools\ThinkPHP\Library\Think\Model.class.php 第 1816 行.
SQL: SELECT * FROM `keywords` ORDER BY `order` asc,num desc LIMIT 30   [ RunTime:0.0000s ]
INFO: Run Home\Behavior\KeyWordsBehavior [ RunTime:0.009001s ]
INFO: [ keyWords ] --END-- [ RunTime:0.009001s ]
INFO: Run Behavior\ParseTemplateBehavior [ RunTime:0.023001s ]
INFO: [ view_parse ] --END-- [ RunTime:0.023001s ]
INFO: [ view_filter ] --START--
INFO: Run Behavior\WriteHtmlCacheBehavior [ RunTime:0.000000s ]
INFO: [ view_filter ] --END-- [ RunTime:0.000000s ]
INFO: [ app_end ] --START--
INFO: Run Behavior\ShowPageTraceBehavior [ RunTime:0.000000s ]
INFO: [ app_end ] --END-- [ RunTime:0.000000s ]

[ 2016-11-22T17:57:06+08:00 ] 127.0.0.1 /art/article/id/18.aspx
INFO: [ app_init ] --START--
INFO: Run Behavior\BuildLiteBehavior [ RunTime:0.000000s ]
INFO: [ app_init ] --END-- [ RunTime:0.001000s ]
INFO: [ app_begin ] --START--
INFO: Run Behavior\ReadHtmlCacheBehavior [ RunTime:0.001000s ]
INFO: [ app_begin ] --END-- [ RunTime:0.001000s ]
SQL: SHOW COLUMNS FROM `article` [ RunTime:0.0070s ]
NOTIC: [2] Illegal string offset 'status' D:\WWW\tools\Application\Home\Controller\ArtController.class.php 第 58 行.
INFO: [ view_parse ] --START--
INFO: [ template_filter ] --START--
INFO: Run Behavior\ContentReplaceBehavior [ RunTime:0.000000s ]
INFO: [ template_filter ] --END-- [ RunTime:0.000000s ]
INFO: Run Behavior\ParseTemplateBehavior [ RunTime:0.006000s ]
INFO: [ view_parse ] --END-- [ RunTime:0.006000s ]
INFO: [ view_filter ] --START--
INFO: Run Behavior\WriteHtmlCacheBehavior [ RunTime:0.001000s ]
INFO: [ view_filter ] --END-- [ RunTime:0.001000s ]

[ 2016-11-22T17:57:09+08:00 ] 127.0.0.1 /
INFO: [ app_init ] --START--
INFO: Run Behavior\BuildLiteBehavior [ RunTime:0.000000s ]
INFO: [ app_init ] --END-- [ RunTime:0.001000s ]
INFO: [ app_begin ] --START--
INFO: Run Behavior\ReadHtmlCacheBehavior [ RunTime:0.001000s ]
INFO: [ app_begin ] --END-- [ RunTime:0.001000s ]
SQL: SHOW COLUMNS FROM `article` [ RunTime:0.0110s ]
SQL: SELECT * FROM `article` WHERE `status` = 1 ORDER BY id desc LIMIT 6   [ RunTime:0.0040s ]
SQL: SELECT * FROM `article` WHERE `status` = 1 ORDER BY readnum desc,id desc LIMIT 6   [ RunTime:0.0040s ]
INFO: [ view_parse ] --START--
INFO: [ template_filter ] --START--
INFO: Run Behavior\ContentReplaceBehavior [ RunTime:0.001000s ]
INFO: [ template_filter ] --END-- [ RunTime:0.001000s ]
NOTIC: [8] Undefined variable: title D:\WWW\tools\Application\Runtime\Cache\Home\2a94b8bda04ff446dcedd42276fc99ee.php 第 56 行.
INFO: [ keyWords ] --START--
SQL: SHOW COLUMNS FROM `keywords` [ RunTime:0.0070s ]
NOTIC: [2] Missing argument 1 for Think\Model::where(), called in D:\WWW\tools\Application\Home\Model\CommModel.class.php on line 46 and defined D:\WWW\tools\ThinkPHP\Library\Think\Model.class.php 第 1797 行.
NOTIC: [8] Undefined variable: where D:\WWW\tools\ThinkPHP\Library\Think\Model.class.php 第 1805 行.
NOTIC: [8] Undefined variable: where D:\WWW\tools\ThinkPHP\Library\Think\Model.class.php 第 1808 行.
NOTIC: [8] Undefined variable: where D:\WWW\tools\ThinkPHP\Library\Think\Model.class.php 第 1816 行.
SQL: SELECT * FROM `keywords` ORDER BY `order` asc,num desc LIMIT 30   [ RunTime:0.0000s ]
INFO: Run Home\Behavior\KeyWordsBehavior [ RunTime:0.009000s ]
INFO: [ keyWords ] --END-- [ RunTime:0.009000s ]
INFO: Run Behavior\ParseTemplateBehavior [ RunTime:0.023001s ]
INFO: [ view_parse ] --END-- [ RunTime:0.023001s ]
INFO: [ view_filter ] --START--
INFO: Run Behavior\WriteHtmlCacheBehavior [ RunTime:0.001000s ]
INFO: [ view_filter ] --END-- [ RunTime:0.001000s ]
INFO: [ app_end ] --START--
INFO: Run Behavior\ShowPageTraceBehavior [ RunTime:0.000000s ]
INFO: [ app_end ] --END-- [ RunTime:0.000000s ]

[ 2016-11-22T17:57:12+08:00 ] 127.0.0.1 /art/article/id/10.aspx
INFO: [ app_init ] --START--
INFO: Run Behavior\BuildLiteBehavior [ RunTime:0.000000s ]
INFO: [ app_init ] --END-- [ RunTime:0.000000s ]
INFO: [ app_begin ] --START--
INFO: Run Behavior\ReadHtmlCacheBehavior [ RunTime:0.000000s ]
INFO: [ app_begin ] --END-- [ RunTime:0.000000s ]
SQL: SHOW COLUMNS FROM `article` [ RunTime:0.0080s ]
SQL: SELECT * FROM `article` WHERE `id` = 10 LIMIT 1   [ RunTime:0.0010s ]
NOTIC: [2] Illegal string offset 'readnum' D:\WWW\tools\Application\Home\Model\ArticleModel.class.php 第 68 行.

