[ 2017-09-14T17:06:01+08:00 ] 127.0.0.1 /
INFO: [ app_init ] --START--
INFO: Run Behavior\BuildLiteBehavior [ RunTime:0.000000s ]
INFO: [ app_init ] --END-- [ RunTime:0.095006s ]
INFO: [ app_begin ] --START--
INFO: Run Behavior\ReadHtmlCacheBehavior [ RunTime:0.015001s ]
INFO: [ app_begin ] --END-- [ RunTime:0.017001s ]
SQL: SHOW COLUMNS FROM `statisticsip` [ RunTime:0.6190s ]
SQL: SELECT * FROM `statisticsip` WHERE `ip` = '127.0.0.1' AND `date` = 20170914 LIMIT 1   [ RunTime:0.0780s ]
SQL: INSERT INTO `statisticsip` (`ip`,`date`,`recordtime`) VALUES ('127.0.0.1','20170914','1505379959') [ RunTime:0.0710s ]
NOTIC: [2048] Declaration of Home\Model\TypeModel::save() should be compatible with Think\Model::save($data = '', $options = Array) D:\WWW\tools\Application\Home\Model\TypeModel.class.php 第 88 行.
NOTIC: [2048] Declaration of Home\Model\TypeModel::delete() should be compatible with Think\Model::delete($options = Array) D:\WWW\tools\Application\Home\Model\TypeModel.class.php 第 88 行.
SQL: SHOW COLUMNS FROM `type` [ RunTime:0.0250s ]
NOTIC: [2] Missing argument 1 for Home\Model\TypeModel::lists(), called in D:\WWW\tools\ThinkPHP\Library\Think\Controller.class.php on line 51 and defined D:\WWW\tools\Application\Home\Model\TypeModel.class.php 第 83 行.
NOTIC: [8] Undefined variable: arr D:\WWW\tools\Application\Home\Model\TypeModel.class.php 第 84 行.
SQL: SELECT * FROM `type` ORDER BY `order` asc,id asc  [ RunTime:0.0180s ]
SQL: SHOW COLUMNS FROM `article` [ RunTime:0.0320s ]
SQL: SELECT * FROM `article` WHERE `status` = 1 ORDER BY id desc LIMIT 6   [ RunTime:0.0780s ]
SQL: SELECT * FROM `article` WHERE `status` = 1 ORDER BY readnum desc,id desc LIMIT 6   [ RunTime:0.1370s ]
INFO: [ view_parse ] --START--
INFO: [ template_filter ] --START--
INFO: Run Behavior\ContentReplaceBehavior [ RunTime:0.020001s ]
INFO: [ template_filter ] --END-- [ RunTime:0.022001s ]
NOTIC: [8] Undefined variable: title D:\WWW\tools\Application\Runtime\Cache\Home\2a94b8bda04ff446dcedd42276fc99ee.php 第 62 行.
INFO: [ keyWords ] --START--
SQL: SHOW COLUMNS FROM `keywords` [ RunTime:0.0600s ]
NOTIC: [2] Missing argument 1 for Think\Model::where(), called in D:\WWW\tools\Application\Home\Model\CommModel.class.php on line 46 and defined D:\WWW\tools\ThinkPHP\Library\Think\Model.class.php 第 1797 行.
NOTIC: [8] Undefined variable: where D:\WWW\tools\ThinkPHP\Library\Think\Model.class.php 第 1805 行.
NOTIC: [8] Undefined variable: where D:\WWW\tools\ThinkPHP\Library\Think\Model.class.php 第 1808 行.
NOTIC: [8] Undefined variable: where D:\WWW\tools\ThinkPHP\Library\Think\Model.class.php 第 1816 行.
SQL: SELECT * FROM `keywords` ORDER BY `order` asc,num desc LIMIT 30   [ RunTime:0.0080s ]
INFO: Run Home\Behavior\KeyWordsBehavior [ RunTime:0.202011s ]
INFO: [ keyWords ] --END-- [ RunTime:0.204011s ]
INFO: Run Behavior\ParseTemplateBehavior [ RunTime:0.709040s ]
INFO: [ view_parse ] --END-- [ RunTime:0.712041s ]
INFO: [ view_filter ] --START--
INFO: Run Behavior\WriteHtmlCacheBehavior [ RunTime:0.016001s ]
INFO: [ view_filter ] --END-- [ RunTime:0.018001s ]
INFO: [ app_end ] --START--
INFO: Run Behavior\ShowPageTraceBehavior [ RunTime:0.009000s ]
INFO: [ app_end ] --END-- [ RunTime:0.011000s ]

[ 2017-09-14T17:06:06+08:00 ] 127.0.0.1 /tools/qrcode.aspx
INFO: [ app_init ] --START--
INFO: Run Behavior\BuildLiteBehavior [ RunTime:0.000000s ]
INFO: [ app_init ] --END-- [ RunTime:0.005001s ]
INFO: [ app_begin ] --START--
INFO: Run Behavior\ReadHtmlCacheBehavior [ RunTime:0.003000s ]
INFO: [ app_begin ] --END-- [ RunTime:0.008000s ]
NOTIC: [2048] Declaration of Home\Model\TypeModel::save() should be compatible with Think\Model::save($data = '', $options = Array) D:\WWW\tools\Application\Home\Model\TypeModel.class.php 第 10 行.
NOTIC: [2048] Declaration of Home\Model\TypeModel::delete() should be compatible with Think\Model::delete($options = Array) D:\WWW\tools\Application\Home\Model\TypeModel.class.php 第 10 行.
SQL: SHOW COLUMNS FROM `type` [ RunTime:0.0280s ]
NOTIC: [2] Missing argument 1 for Home\Model\TypeModel::lists(), called in D:\WWW\tools\ThinkPHP\Library\Think\Controller.class.php on line 51 and defined D:\WWW\tools\Application\Home\Model\TypeModel.class.php 第 83 行.
NOTIC: [8] Undefined variable: arr D:\WWW\tools\Application\Home\Model\TypeModel.class.php 第 84 行.
SQL: SELECT * FROM `type` ORDER BY `order` asc,id asc  [ RunTime:0.0010s ]
INFO: [ view_parse ] --START--
INFO: [ template_filter ] --START--
INFO: Run Behavior\ContentReplaceBehavior [ RunTime:0.007000s ]
INFO: [ template_filter ] --END-- [ RunTime:0.009000s ]
NOTIC: [8] Undefined variable: title D:\WWW\tools\Application\Runtime\Cache\Home\fb3c77f5460146b4726f52c259ec318a.php 第 61 行.
INFO: Run Behavior\ParseTemplateBehavior [ RunTime:0.206012s ]
INFO: [ view_parse ] --END-- [ RunTime:0.208012s ]
INFO: [ view_filter ] --START--
INFO: Run Behavior\WriteHtmlCacheBehavior [ RunTime:0.002000s ]
INFO: [ view_filter ] --END-- [ RunTime:0.005000s ]
INFO: [ app_end ] --START--
INFO: Run Behavior\ShowPageTraceBehavior [ RunTime:0.002000s ]
INFO: [ app_end ] --END-- [ RunTime:0.006001s ]

[ 2017-09-14T17:32:26+08:00 ] 127.0.0.1 /
INFO: [ app_init ] --START--
INFO: Run Behavior\BuildLiteBehavior [ RunTime:0.001000s ]
INFO: [ app_init ] --END-- [ RunTime:0.007001s ]
INFO: [ app_begin ] --START--
INFO: Run Behavior\ReadHtmlCacheBehavior [ RunTime:0.031002s ]
INFO: [ app_begin ] --END-- [ RunTime:0.036002s ]
NOTIC: [2048] Declaration of Home\Model\TypeModel::save() should be compatible with Think\Model::save($data = '', $options = Array) D:\WWW\tools\Application\Home\Model\TypeModel.class.php 第 10 行.
NOTIC: [2048] Declaration of Home\Model\TypeModel::delete() should be compatible with Think\Model::delete($options = Array) D:\WWW\tools\Application\Home\Model\TypeModel.class.php 第 10 行.
SQL: SHOW COLUMNS FROM `type` [ RunTime:0.0050s ]
NOTIC: [2] Missing argument 1 for Home\Model\TypeModel::lists(), called in D:\WWW\tools\ThinkPHP\Library\Think\Controller.class.php on line 51 and defined D:\WWW\tools\Application\Home\Model\TypeModel.class.php 第 83 行.
NOTIC: [8] Undefined variable: arr D:\WWW\tools\Application\Home\Model\TypeModel.class.php 第 84 行.
SQL: SELECT * FROM `type` ORDER BY `order` asc,id asc  [ RunTime:0.0010s ]
SQL: SHOW COLUMNS FROM `article` [ RunTime:0.0140s ]
SQL: SELECT * FROM `article` WHERE `status` = 1 ORDER BY id desc LIMIT 6   [ RunTime:0.0040s ]
SQL: SELECT * FROM `article` WHERE `status` = 1 ORDER BY readnum desc,id desc LIMIT 6   [ RunTime:0.0030s ]
INFO: [ view_parse ] --START--
INFO: [ template_filter ] --START--
INFO: Run Behavior\ContentReplaceBehavior [ RunTime:0.001000s ]
INFO: [ template_filter ] --END-- [ RunTime:0.004000s ]
NOTIC: [8] Undefined variable: title D:\WWW\tools\Application\Runtime\Cache\Home\2a94b8bda04ff446dcedd42276fc99ee.php 第 62 行.
INFO: [ keyWords ] --START--
SQL: SHOW COLUMNS FROM `keywords` [ RunTime:0.0060s ]
NOTIC: [2] Missing argument 1 for Think\Model::where(), called in D:\WWW\tools\Application\Home\Model\CommModel.class.php on line 46 and defined D:\WWW\tools\ThinkPHP\Library\Think\Model.class.php 第 1797 行.
NOTIC: [8] Undefined variable: where D:\WWW\tools\ThinkPHP\Library\Think\Model.class.php 第 1805 行.
NOTIC: [8] Undefined variable: where D:\WWW\tools\ThinkPHP\Library\Think\Model.class.php 第 1808 行.
NOTIC: [8] Undefined variable: where D:\WWW\tools\ThinkPHP\Library\Think\Model.class.php 第 1816 行.
SQL: SELECT * FROM `keywords` ORDER BY `order` asc,num desc LIMIT 30   [ RunTime:0.0130s ]
INFO: Run Home\Behavior\KeyWordsBehavior [ RunTime:0.138008s ]
INFO: [ keyWords ] --END-- [ RunTime:0.140008s ]
INFO: Run Behavior\ParseTemplateBehavior [ RunTime:0.381022s ]
INFO: [ view_parse ] --END-- [ RunTime:0.383022s ]
INFO: [ view_filter ] --START--
INFO: Run Behavior\WriteHtmlCacheBehavior [ RunTime:0.017001s ]
INFO: [ view_filter ] --END-- [ RunTime:0.018001s ]
INFO: [ app_end ] --START--
INFO: Run Behavior\ShowPageTraceBehavior [ RunTime:0.016001s ]
INFO: [ app_end ] --END-- [ RunTime:0.018001s ]

[ 2017-09-14T17:32:30+08:00 ] 127.0.0.1 /tools/qrcode.aspx
INFO: [ app_init ] --START--
INFO: Run Behavior\BuildLiteBehavior [ RunTime:0.001000s ]
INFO: [ app_init ] --END-- [ RunTime:0.003000s ]
INFO: [ app_begin ] --START--
INFO: Run Behavior\ReadHtmlCacheBehavior [ RunTime:0.001000s ]
INFO: [ app_begin ] --END-- [ RunTime:0.003000s ]
NOTIC: [2048] Declaration of Home\Model\TypeModel::save() should be compatible with Think\Model::save($data = '', $options = Array) D:\WWW\tools\Application\Home\Model\TypeModel.class.php 第 10 行.
NOTIC: [2048] Declaration of Home\Model\TypeModel::delete() should be compatible with Think\Model::delete($options = Array) D:\WWW\tools\Application\Home\Model\TypeModel.class.php 第 10 行.
SQL: SHOW COLUMNS FROM `type` [ RunTime:0.0130s ]
NOTIC: [2] Missing argument 1 for Home\Model\TypeModel::lists(), called in D:\WWW\tools\ThinkPHP\Library\Think\Controller.class.php on line 51 and defined D:\WWW\tools\Application\Home\Model\TypeModel.class.php 第 83 行.
NOTIC: [8] Undefined variable: arr D:\WWW\tools\Application\Home\Model\TypeModel.class.php 第 84 行.
SQL: SELECT * FROM `type` ORDER BY `order` asc,id asc  [ RunTime:0.0010s ]
INFO: [ view_parse ] --START--
INFO: [ template_filter ] --START--
INFO: Run Behavior\ContentReplaceBehavior [ RunTime:0.001000s ]
INFO: [ template_filter ] --END-- [ RunTime:0.003000s ]
NOTIC: [8] Undefined variable: title D:\WWW\tools\Application\Runtime\Cache\Home\fb3c77f5460146b4726f52c259ec318a.php 第 61 行.
INFO: Run Behavior\ParseTemplateBehavior [ RunTime:0.163009s ]
INFO: [ view_parse ] --END-- [ RunTime:0.165009s ]
INFO: [ view_filter ] --START--
INFO: Run Behavior\WriteHtmlCacheBehavior [ RunTime:0.002000s ]
INFO: [ view_filter ] --END-- [ RunTime:0.004000s ]
INFO: [ app_end ] --START--
INFO: Run Behavior\ShowPageTraceBehavior [ RunTime:0.003000s ]
INFO: [ app_end ] --END-- [ RunTime:0.005000s ]

