[ 2017-01-06T17:43:13+08:00 ] 127.0.0.1 /
INFO: [ app_init ] --START--
INFO: Run Behavior\BuildLiteBehavior [ RunTime:0.001000s ]
INFO: [ app_init ] --END-- [ RunTime:0.043002s ]
INFO: [ app_begin ] --START--
INFO: Run Behavior\ReadHtmlCacheBehavior [ RunTime:0.016001s ]
INFO: [ app_begin ] --END-- [ RunTime:0.019001s ]
SQL: SHOW COLUMNS FROM `statisticsip` [ RunTime:0.1840s ]
SQL: SELECT * FROM `statisticsip` WHERE `ip` = '127.0.0.1' AND `date` = 20170106 LIMIT 1   [ RunTime:0.0100s ]
SQL: INSERT INTO `statisticsip` (`ip`,`date`,`recordtime`) VALUES ('127.0.0.1','20170106','1483695792') [ RunTime:0.0220s ]
SQL: SHOW COLUMNS FROM `article` [ RunTime:0.0630s ]
SQL: SELECT * FROM `article` WHERE `status` = 1 ORDER BY id desc LIMIT 6   [ RunTime:0.0870s ]
SQL: SELECT * FROM `article` WHERE `status` = 1 ORDER BY readnum desc,id desc LIMIT 6   [ RunTime:0.1400s ]
INFO: [ view_parse ] --START--
INFO: [ template_filter ] --START--
INFO: Run Behavior\ContentReplaceBehavior [ RunTime:0.026001s ]
INFO: [ template_filter ] --END-- [ RunTime:0.028002s ]
NOTIC: [8] Undefined variable: title D:\WWW\tools\Application\Runtime\Cache\Home\2a94b8bda04ff446dcedd42276fc99ee.php 第 56 行.
INFO: [ keyWords ] --START--
SQL: SHOW COLUMNS FROM `keywords` [ RunTime:0.0600s ]
NOTIC: [2] Missing argument 1 for Think\Model::where(), called in D:\WWW\tools\Application\Home\Model\CommModel.class.php on line 46 and defined D:\WWW\tools\ThinkPHP\Library\Think\Model.class.php 第 1797 行.
NOTIC: [8] Undefined variable: where D:\WWW\tools\ThinkPHP\Library\Think\Model.class.php 第 1805 行.
NOTIC: [8] Undefined variable: where D:\WWW\tools\ThinkPHP\Library\Think\Model.class.php 第 1808 行.
NOTIC: [8] Undefined variable: where D:\WWW\tools\ThinkPHP\Library\Think\Model.class.php 第 1816 行.
SQL: SELECT * FROM `keywords` ORDER BY `order` asc,num desc LIMIT 30   [ RunTime:0.0160s ]
INFO: Run Home\Behavior\KeyWordsBehavior [ RunTime:0.220013s ]
INFO: [ keyWords ] --END-- [ RunTime:0.222013s ]
INFO: Run Behavior\ParseTemplateBehavior [ RunTime:0.657038s ]
INFO: [ view_parse ] --END-- [ RunTime:0.660038s ]
INFO: [ view_filter ] --START--
INFO: Run Behavior\WriteHtmlCacheBehavior [ RunTime:0.026002s ]
INFO: [ view_filter ] --END-- [ RunTime:0.028002s ]
INFO: [ app_end ] --START--
INFO: Run Behavior\ShowPageTraceBehavior [ RunTime:0.058003s ]
INFO: [ app_end ] --END-- [ RunTime:0.063003s ]

[ 2017-01-06T17:43:23+08:00 ] 127.0.0.1 /tools/regex.aspx
INFO: [ app_init ] --START--
INFO: Run Behavior\BuildLiteBehavior [ RunTime:0.000000s ]
INFO: [ app_init ] --END-- [ RunTime:0.099006s ]
INFO: [ app_begin ] --START--
INFO: Run Behavior\ReadHtmlCacheBehavior [ RunTime:0.003000s ]
INFO: [ app_begin ] --END-- [ RunTime:0.005000s ]
INFO: [ view_parse ] --START--
INFO: [ template_filter ] --START--
INFO: Run Behavior\ContentReplaceBehavior [ RunTime:0.011000s ]
INFO: [ template_filter ] --END-- [ RunTime:0.013001s ]
NOTIC: [8] Undefined variable: title D:\WWW\tools\Application\Runtime\Cache\Home\2935e2bbbfc7a5dcf4feff34e557aa5f.php 第 44 行.
INFO: Run Behavior\ParseTemplateBehavior [ RunTime:0.092005s ]
INFO: [ view_parse ] --END-- [ RunTime:0.094005s ]
INFO: [ view_filter ] --START--
INFO: Run Behavior\WriteHtmlCacheBehavior [ RunTime:0.002000s ]
INFO: [ view_filter ] --END-- [ RunTime:0.005000s ]
INFO: [ app_end ] --START--
INFO: Run Behavior\ShowPageTraceBehavior [ RunTime:0.001000s ]
INFO: [ app_end ] --END-- [ RunTime:0.003000s ]

