[ 2017-01-23T10:50:56+08:00 ] 127.0.0.1 /index/wxtoken
INFO: [ app_init ] --START--
INFO: Run Behavior\BuildLiteBehavior [ RunTime:0.000000s ]
INFO: [ app_init ] --END-- [ RunTime:0.003000s ]
INFO: [ app_begin ] --START--
INFO: Run Behavior\ReadHtmlCacheBehavior [ RunTime:0.009000s ]
INFO: [ app_begin ] --END-- [ RunTime:0.011000s ]
SQL: SHOW COLUMNS FROM `statisticsip` [ RunTime:0.0520s ]
SQL: SELECT * FROM `statisticsip` WHERE `ip` = '127.0.0.1' AND `date` = 20170123 LIMIT 1   [ RunTime:0.0020s ]
SQL: INSERT INTO `statisticsip` (`ip`,`date`,`recordtime`) VALUES ('127.0.0.1','20170123','1485139856') [ RunTime:0.0310s ]
ERR: 1146:Table 'tuers.wx_token_service' doesn't exist
 [ SQL语句 ] : SHOW COLUMNS FROM `wx_token_service`
ERR: 1146:Table 'tuers.wx_token_service' doesn't exist
 [ SQL语句 ] : SHOW COLUMNS FROM `wx_token_service`
NOTIC: [2] Cannot modify header information - headers already sent by (output started at D:\WWW\tools\ThinkPHP\Library\Think\Db\Driver.class.php:170) D:\WWW\tools\ThinkPHP\Library\Think\Think.class.php 第 228 行.
NOTIC: [2] Cannot modify header information - headers already sent by (output started at D:\WWW\tools\ThinkPHP\Library\Think\Db\Driver.class.php:170) D:\WWW\tools\ThinkPHP\Library\Think\Think.class.php 第 229 行.

[ 2017-01-23T11:03:57+08:00 ] 127.0.0.1 /index/wxtoken
INFO: [ app_init ] --START--
INFO: Run Behavior\BuildLiteBehavior [ RunTime:0.000000s ]
INFO: [ app_init ] --END-- [ RunTime:0.003000s ]
INFO: [ app_begin ] --START--
INFO: Run Behavior\ReadHtmlCacheBehavior [ RunTime:0.002000s ]
INFO: [ app_begin ] --END-- [ RunTime:0.004000s ]
ERR: 1146:Table 'tuers.wx_token_service' doesn't exist
 [ SQL语句 ] : SHOW COLUMNS FROM `wx_token_service`
ERR: 1146:Table 'tuers.wx_token_service' doesn't exist
 [ SQL语句 ] : SHOW COLUMNS FROM `wx_token_service`
NOTIC: [2] Cannot modify header information - headers already sent by (output started at D:\WWW\tools\ThinkPHP\Library\Think\Db\Driver.class.php:170) D:\WWW\tools\ThinkPHP\Library\Think\Think.class.php 第 228 行.
NOTIC: [2] Cannot modify header information - headers already sent by (output started at D:\WWW\tools\ThinkPHP\Library\Think\Db\Driver.class.php:170) D:\WWW\tools\ThinkPHP\Library\Think\Think.class.php 第 229 行.

[ 2017-01-23T11:03:59+08:00 ] 127.0.0.1 /index/wxtoken
INFO: [ app_init ] --START--
INFO: Run Behavior\BuildLiteBehavior [ RunTime:0.000000s ]
INFO: [ app_init ] --END-- [ RunTime:0.002000s ]
INFO: [ app_begin ] --START--
INFO: Run Behavior\ReadHtmlCacheBehavior [ RunTime:0.001000s ]
INFO: [ app_begin ] --END-- [ RunTime:0.003000s ]
ERR: 1146:Table 'tuers.wx_token_service' doesn't exist
 [ SQL语句 ] : SHOW COLUMNS FROM `wx_token_service`
ERR: 1146:Table 'tuers.wx_token_service' doesn't exist
 [ SQL语句 ] : SHOW COLUMNS FROM `wx_token_service`
NOTIC: [2] Cannot modify header information - headers already sent by (output started at D:\WWW\tools\ThinkPHP\Library\Think\Db\Driver.class.php:170) D:\WWW\tools\ThinkPHP\Library\Think\Think.class.php 第 228 行.
NOTIC: [2] Cannot modify header information - headers already sent by (output started at D:\WWW\tools\ThinkPHP\Library\Think\Db\Driver.class.php:170) D:\WWW\tools\ThinkPHP\Library\Think\Think.class.php 第 229 行.

[ 2017-01-23T11:04:21+08:00 ] 127.0.0.1 /index/wxtoken
INFO: [ app_init ] --START--
INFO: Run Behavior\BuildLiteBehavior [ RunTime:0.000000s ]
INFO: [ app_init ] --END-- [ RunTime:0.002001s ]
INFO: [ app_begin ] --START--
INFO: Run Behavior\ReadHtmlCacheBehavior [ RunTime:0.001001s ]
INFO: [ app_begin ] --END-- [ RunTime:0.003001s ]
ERR: 1146:Table 'tuers.wx_token_service' doesn't exist
 [ SQL语句 ] : SHOW COLUMNS FROM `wx_token_service`
ERR: 1146:Table 'tuers.wx_token_service' doesn't exist
 [ SQL语句 ] : SHOW COLUMNS FROM `wx_token_service`
NOTIC: [2] Cannot modify header information - headers already sent by (output started at D:\WWW\tools\ThinkPHP\Library\Think\Db\Driver.class.php:170) D:\WWW\tools\ThinkPHP\Library\Think\Think.class.php 第 228 行.
NOTIC: [2] Cannot modify header information - headers already sent by (output started at D:\WWW\tools\ThinkPHP\Library\Think\Db\Driver.class.php:170) D:\WWW\tools\ThinkPHP\Library\Think\Think.class.php 第 229 行.

[ 2017-01-23T11:05:41+08:00 ] 127.0.0.1 /index/wxtoken
INFO: [ app_init ] --START--
INFO: Run Behavior\BuildLiteBehavior [ RunTime:0.000000s ]
INFO: [ app_init ] --END-- [ RunTime:0.004000s ]
INFO: [ app_begin ] --START--
INFO: Run Behavior\ReadHtmlCacheBehavior [ RunTime:0.002000s ]
INFO: [ app_begin ] --END-- [ RunTime:0.003000s ]
ERR: 1146:Table 'tuers.wx_token_service' doesn't exist
 [ SQL语句 ] : SHOW COLUMNS FROM `wx_token_service`
ERR: 1146:Table 'tuers.wx_token_service' doesn't exist
 [ SQL语句 ] : SHOW COLUMNS FROM `wx_token_service`
NOTIC: [2] Cannot modify header information - headers already sent by (output started at D:\WWW\tools\ThinkPHP\Library\Think\Db\Driver.class.php:170) D:\WWW\tools\ThinkPHP\Library\Think\Think.class.php 第 228 行.
NOTIC: [2] Cannot modify header information - headers already sent by (output started at D:\WWW\tools\ThinkPHP\Library\Think\Db\Driver.class.php:170) D:\WWW\tools\ThinkPHP\Library\Think\Think.class.php 第 229 行.

[ 2017-01-23T11:06:17+08:00 ] 127.0.0.1 /index/wxtoken
INFO: [ app_init ] --START--
INFO: Run Behavior\BuildLiteBehavior [ RunTime:0.001000s ]
INFO: [ app_init ] --END-- [ RunTime:0.004000s ]
INFO: [ app_begin ] --START--
INFO: Run Behavior\ReadHtmlCacheBehavior [ RunTime:0.002000s ]
INFO: [ app_begin ] --END-- [ RunTime:0.004000s ]
ERR: 1146:Table 'tuers.wx_token_service' doesn't exist
 [ SQL语句 ] : SHOW COLUMNS FROM `wx_token_service`
ERR: 1146:Table 'tuers.wx_token_service' doesn't exist
 [ SQL语句 ] : SHOW COLUMNS FROM `wx_token_service`
NOTIC: [2] Cannot modify header information - headers already sent by (output started at D:\WWW\tools\ThinkPHP\Library\Think\Db\Driver.class.php:170) D:\WWW\tools\ThinkPHP\Library\Think\Think.class.php 第 228 行.
NOTIC: [2] Cannot modify header information - headers already sent by (output started at D:\WWW\tools\ThinkPHP\Library\Think\Db\Driver.class.php:170) D:\WWW\tools\ThinkPHP\Library\Think\Think.class.php 第 229 行.

[ 2017-01-23T11:06:19+08:00 ] 127.0.0.1 /index/wxtoken
INFO: [ app_init ] --START--
INFO: Run Behavior\BuildLiteBehavior [ RunTime:0.001000s ]
INFO: [ app_init ] --END-- [ RunTime:0.004000s ]
INFO: [ app_begin ] --START--
INFO: Run Behavior\ReadHtmlCacheBehavior [ RunTime:0.002000s ]
INFO: [ app_begin ] --END-- [ RunTime:0.004000s ]
ERR: 1146:Table 'tuers.wx_token_service' doesn't exist
 [ SQL语句 ] : SHOW COLUMNS FROM `wx_token_service`
ERR: 1146:Table 'tuers.wx_token_service' doesn't exist
 [ SQL语句 ] : SHOW COLUMNS FROM `wx_token_service`
NOTIC: [2] Cannot modify header information - headers already sent by (output started at D:\WWW\tools\ThinkPHP\Library\Think\Db\Driver.class.php:170) D:\WWW\tools\ThinkPHP\Library\Think\Think.class.php 第 228 行.
NOTIC: [2] Cannot modify header information - headers already sent by (output started at D:\WWW\tools\ThinkPHP\Library\Think\Db\Driver.class.php:170) D:\WWW\tools\ThinkPHP\Library\Think\Think.class.php 第 229 行.

[ 2017-01-23T11:06:20+08:00 ] 127.0.0.1 /index/wxtoken
INFO: [ app_init ] --START--
INFO: Run Behavior\BuildLiteBehavior [ RunTime:0.000000s ]
INFO: [ app_init ] --END-- [ RunTime:0.002000s ]
INFO: [ app_begin ] --START--
INFO: Run Behavior\ReadHtmlCacheBehavior [ RunTime:0.002000s ]
INFO: [ app_begin ] --END-- [ RunTime:0.004000s ]
ERR: 1146:Table 'tuers.wx_token_service' doesn't exist
 [ SQL语句 ] : SHOW COLUMNS FROM `wx_token_service`
ERR: 1146:Table 'tuers.wx_token_service' doesn't exist
 [ SQL语句 ] : SHOW COLUMNS FROM `wx_token_service`
NOTIC: [2] Cannot modify header information - headers already sent by (output started at D:\WWW\tools\ThinkPHP\Library\Think\Db\Driver.class.php:170) D:\WWW\tools\ThinkPHP\Library\Think\Think.class.php 第 228 行.
NOTIC: [2] Cannot modify header information - headers already sent by (output started at D:\WWW\tools\ThinkPHP\Library\Think\Db\Driver.class.php:170) D:\WWW\tools\ThinkPHP\Library\Think\Think.class.php 第 229 行.

[ 2017-01-23T11:06:21+08:00 ] 127.0.0.1 /index/wxtoken
INFO: [ app_init ] --START--
INFO: Run Behavior\BuildLiteBehavior [ RunTime:0.000000s ]
INFO: [ app_init ] --END-- [ RunTime:0.003000s ]
INFO: [ app_begin ] --START--
INFO: Run Behavior\ReadHtmlCacheBehavior [ RunTime:0.001000s ]
INFO: [ app_begin ] --END-- [ RunTime:0.003000s ]
ERR: 1146:Table 'tuers.wx_token_service' doesn't exist
 [ SQL语句 ] : SHOW COLUMNS FROM `wx_token_service`
ERR: 1146:Table 'tuers.wx_token_service' doesn't exist
 [ SQL语句 ] : SHOW COLUMNS FROM `wx_token_service`
NOTIC: [2] Cannot modify header information - headers already sent by (output started at D:\WWW\tools\ThinkPHP\Library\Think\Db\Driver.class.php:170) D:\WWW\tools\ThinkPHP\Library\Think\Think.class.php 第 228 行.
NOTIC: [2] Cannot modify header information - headers already sent by (output started at D:\WWW\tools\ThinkPHP\Library\Think\Db\Driver.class.php:170) D:\WWW\tools\ThinkPHP\Library\Think\Think.class.php 第 229 行.

[ 2017-01-23T11:06:22+08:00 ] 127.0.0.1 /index/wxtoken
INFO: [ app_init ] --START--
INFO: Run Behavior\BuildLiteBehavior [ RunTime:0.000000s ]
INFO: [ app_init ] --END-- [ RunTime:0.003000s ]
INFO: [ app_begin ] --START--
INFO: Run Behavior\ReadHtmlCacheBehavior [ RunTime:0.002000s ]
INFO: [ app_begin ] --END-- [ RunTime:0.004000s ]
ERR: 1146:Table 'tuers.wx_token_service' doesn't exist
 [ SQL语句 ] : SHOW COLUMNS FROM `wx_token_service`
ERR: 1146:Table 'tuers.wx_token_service' doesn't exist
 [ SQL语句 ] : SHOW COLUMNS FROM `wx_token_service`
NOTIC: [2] Cannot modify header information - headers already sent by (output started at D:\WWW\tools\ThinkPHP\Library\Think\Db\Driver.class.php:170) D:\WWW\tools\ThinkPHP\Library\Think\Think.class.php 第 228 行.
NOTIC: [2] Cannot modify header information - headers already sent by (output started at D:\WWW\tools\ThinkPHP\Library\Think\Db\Driver.class.php:170) D:\WWW\tools\ThinkPHP\Library\Think\Think.class.php 第 229 行.

[ 2017-01-23T11:06:23+08:00 ] 127.0.0.1 /index/wxtoken
INFO: [ app_init ] --START--
INFO: Run Behavior\BuildLiteBehavior [ RunTime:0.003000s ]
INFO: [ app_init ] --END-- [ RunTime:0.045003s ]
INFO: [ app_begin ] --START--
INFO: Run Behavior\ReadHtmlCacheBehavior [ RunTime:0.014001s ]
INFO: [ app_begin ] --END-- [ RunTime:0.017001s ]
ERR: 1146:Table 'tuers.wx_token_service' doesn't exist
 [ SQL语句 ] : SHOW COLUMNS FROM `wx_token_service`
ERR: 1146:Table 'tuers.wx_token_service' doesn't exist
 [ SQL语句 ] : SHOW COLUMNS FROM `wx_token_service`
NOTIC: [2] Cannot modify header information - headers already sent by (output started at D:\WWW\tools\ThinkPHP\Library\Think\Db\Driver.class.php:170) D:\WWW\tools\ThinkPHP\Library\Think\Think.class.php 第 228 行.
NOTIC: [2] Cannot modify header information - headers already sent by (output started at D:\WWW\tools\ThinkPHP\Library\Think\Db\Driver.class.php:170) D:\WWW\tools\ThinkPHP\Library\Think\Think.class.php 第 229 行.

[ 2017-01-23T11:06:24+08:00 ] 127.0.0.1 /index/wxtoken
INFO: [ app_init ] --START--
INFO: Run Behavior\BuildLiteBehavior [ RunTime:0.001000s ]
INFO: [ app_init ] --END-- [ RunTime:0.027001s ]
INFO: [ app_begin ] --START--
INFO: Run Behavior\ReadHtmlCacheBehavior [ RunTime:0.002000s ]
INFO: [ app_begin ] --END-- [ RunTime:0.005000s ]
ERR: 1146:Table 'tuers.wx_token_service' doesn't exist
 [ SQL语句 ] : SHOW COLUMNS FROM `wx_token_service`
ERR: 1146:Table 'tuers.wx_token_service' doesn't exist
 [ SQL语句 ] : SHOW COLUMNS FROM `wx_token_service`
NOTIC: [2] Cannot modify header information - headers already sent by (output started at D:\WWW\tools\ThinkPHP\Library\Think\Db\Driver.class.php:170) D:\WWW\tools\ThinkPHP\Library\Think\Think.class.php 第 228 行.
NOTIC: [2] Cannot modify header information - headers already sent by (output started at D:\WWW\tools\ThinkPHP\Library\Think\Db\Driver.class.php:170) D:\WWW\tools\ThinkPHP\Library\Think\Think.class.php 第 229 行.

[ 2017-01-23T11:06:25+08:00 ] 127.0.0.1 /index/wxtoken
INFO: [ app_init ] --START--
INFO: Run Behavior\BuildLiteBehavior [ RunTime:0.001000s ]
INFO: [ app_init ] --END-- [ RunTime:0.006000s ]
INFO: [ app_begin ] --START--
INFO: Run Behavior\ReadHtmlCacheBehavior [ RunTime:0.002000s ]
INFO: [ app_begin ] --END-- [ RunTime:0.004000s ]
ERR: 1146:Table 'tuers.wx_token_service' doesn't exist
 [ SQL语句 ] : SHOW COLUMNS FROM `wx_token_service`
ERR: 1146:Table 'tuers.wx_token_service' doesn't exist
 [ SQL语句 ] : SHOW COLUMNS FROM `wx_token_service`
NOTIC: [2] Cannot modify header information - headers already sent by (output started at D:\WWW\tools\ThinkPHP\Library\Think\Db\Driver.class.php:170) D:\WWW\tools\ThinkPHP\Library\Think\Think.class.php 第 228 行.
NOTIC: [2] Cannot modify header information - headers already sent by (output started at D:\WWW\tools\ThinkPHP\Library\Think\Db\Driver.class.php:170) D:\WWW\tools\ThinkPHP\Library\Think\Think.class.php 第 229 行.

[ 2017-01-23T11:09:38+08:00 ] 127.0.0.1 /index/wxtoken
INFO: [ app_init ] --START--
INFO: Run Behavior\BuildLiteBehavior [ RunTime:0.000000s ]
INFO: [ app_init ] --END-- [ RunTime:0.005000s ]
INFO: [ app_begin ] --START--
INFO: Run Behavior\ReadHtmlCacheBehavior [ RunTime:0.016001s ]
INFO: [ app_begin ] --END-- [ RunTime:0.020001s ]

[ 2017-01-23T11:09:58+08:00 ] 127.0.0.1 /index/wxtoken
INFO: [ app_init ] --START--
INFO: Run Behavior\BuildLiteBehavior [ RunTime:0.001000s ]
INFO: [ app_init ] --END-- [ RunTime:0.003000s ]
INFO: [ app_begin ] --START--
INFO: Run Behavior\ReadHtmlCacheBehavior [ RunTime:0.002001s ]
INFO: [ app_begin ] --END-- [ RunTime:0.003001s ]

[ 2017-01-23T11:10:00+08:00 ] 127.0.0.1 /index/wxtoken
INFO: [ app_init ] --START--
INFO: Run Behavior\BuildLiteBehavior [ RunTime:0.000000s ]
INFO: [ app_init ] --END-- [ RunTime:0.004000s ]
INFO: [ app_begin ] --START--
INFO: Run Behavior\ReadHtmlCacheBehavior [ RunTime:0.002000s ]
INFO: [ app_begin ] --END-- [ RunTime:0.004001s ]

[ 2017-01-23T11:10:00+08:00 ] 127.0.0.1 /index/wxtoken
INFO: [ app_init ] --START--
INFO: Run Behavior\BuildLiteBehavior [ RunTime:0.001000s ]
INFO: [ app_init ] --END-- [ RunTime:0.003000s ]
INFO: [ app_begin ] --START--
INFO: Run Behavior\ReadHtmlCacheBehavior [ RunTime:0.002000s ]
INFO: [ app_begin ] --END-- [ RunTime:0.004000s ]

[ 2017-01-23T11:10:21+08:00 ] 127.0.0.1 /index/wxtoken
INFO: [ app_init ] --START--
INFO: Run Behavior\BuildLiteBehavior [ RunTime:0.001000s ]
INFO: [ app_init ] --END-- [ RunTime:0.004000s ]
INFO: [ app_begin ] --START--
INFO: Run Behavior\ReadHtmlCacheBehavior [ RunTime:0.002000s ]
INFO: [ app_begin ] --END-- [ RunTime:0.005001s ]

[ 2017-01-23T11:10:47+08:00 ] 127.0.0.1 /index/wxtoken
INFO: [ app_init ] --START--
INFO: Run Behavior\BuildLiteBehavior [ RunTime:0.000000s ]
INFO: [ app_init ] --END-- [ RunTime:0.003000s ]
INFO: [ app_begin ] --START--
INFO: Run Behavior\ReadHtmlCacheBehavior [ RunTime:0.001000s ]
INFO: [ app_begin ] --END-- [ RunTime:0.003000s ]

[ 2017-01-23T11:10:47+08:00 ] 127.0.0.1 /index/wxtoken
INFO: [ app_init ] --START--
INFO: Run Behavior\BuildLiteBehavior [ RunTime:0.000000s ]
INFO: [ app_init ] --END-- [ RunTime:0.002000s ]
INFO: [ app_begin ] --START--
INFO: Run Behavior\ReadHtmlCacheBehavior [ RunTime:0.043003s ]
INFO: [ app_begin ] --END-- [ RunTime:0.047003s ]

[ 2017-01-23T11:10:47+08:00 ] 127.0.0.1 /index/wxtoken
INFO: [ app_init ] --START--
INFO: Run Behavior\BuildLiteBehavior [ RunTime:0.001000s ]
INFO: [ app_init ] --END-- [ RunTime:0.013000s ]
INFO: [ app_begin ] --START--
INFO: Run Behavior\ReadHtmlCacheBehavior [ RunTime:0.010001s ]
INFO: [ app_begin ] --END-- [ RunTime:0.016001s ]

[ 2017-01-23T11:10:47+08:00 ] 127.0.0.1 /index/wxtoken
INFO: [ app_init ] --START--
INFO: Run Behavior\BuildLiteBehavior [ RunTime:0.000000s ]
INFO: [ app_init ] --END-- [ RunTime:0.005000s ]
INFO: [ app_begin ] --START--
INFO: Run Behavior\ReadHtmlCacheBehavior [ RunTime:0.004000s ]
INFO: [ app_begin ] --END-- [ RunTime:0.010000s ]

[ 2017-01-23T11:10:47+08:00 ] 127.0.0.1 /index/wxtoken
INFO: [ app_init ] --START--
INFO: Run Behavior\BuildLiteBehavior [ RunTime:0.000000s ]
INFO: [ app_init ] --END-- [ RunTime:0.009000s ]
INFO: [ app_begin ] --START--
INFO: Run Behavior\ReadHtmlCacheBehavior [ RunTime:0.003000s ]
INFO: [ app_begin ] --END-- [ RunTime:0.007000s ]

[ 2017-01-23T11:10:47+08:00 ] 127.0.0.1 /index/wxtoken
INFO: [ app_init ] --START--
INFO: Run Behavior\BuildLiteBehavior [ RunTime:0.001000s ]
INFO: [ app_init ] --END-- [ RunTime:0.008000s ]
INFO: [ app_begin ] --START--
INFO: Run Behavior\ReadHtmlCacheBehavior [ RunTime:0.004000s ]
INFO: [ app_begin ] --END-- [ RunTime:0.007000s ]

[ 2017-01-23T11:10:47+08:00 ] 127.0.0.1 /index/wxtoken
INFO: [ app_init ] --START--
INFO: Run Behavior\BuildLiteBehavior [ RunTime:0.000000s ]
INFO: [ app_init ] --END-- [ RunTime:0.005000s ]
INFO: [ app_begin ] --START--
INFO: Run Behavior\ReadHtmlCacheBehavior [ RunTime:0.002000s ]
INFO: [ app_begin ] --END-- [ RunTime:0.004000s ]

[ 2017-01-23T11:10:48+08:00 ] 127.0.0.1 /index/wxtoken
INFO: [ app_init ] --START--
INFO: Run Behavior\BuildLiteBehavior [ RunTime:0.001000s ]
INFO: [ app_init ] --END-- [ RunTime:0.003000s ]
INFO: [ app_begin ] --START--
INFO: Run Behavior\ReadHtmlCacheBehavior [ RunTime:0.002000s ]
INFO: [ app_begin ] --END-- [ RunTime:0.004000s ]

[ 2017-01-23T11:33:47+08:00 ] 127.0.0.1 /index/wxtoken
INFO: [ app_init ] --START--
INFO: Run Behavior\BuildLiteBehavior [ RunTime:0.001000s ]
INFO: [ app_init ] --END-- [ RunTime:0.005000s ]
INFO: [ app_begin ] --START--
INFO: Run Behavior\ReadHtmlCacheBehavior [ RunTime:0.003000s ]
INFO: [ app_begin ] --END-- [ RunTime:0.005000s ]

[ 2017-01-23T11:33:47+08:00 ] 127.0.0.1 /index/wxtoken
INFO: [ app_init ] --START--
INFO: Run Behavior\BuildLiteBehavior [ RunTime:0.000000s ]
INFO: [ app_init ] --END-- [ RunTime:0.003000s ]
INFO: [ app_begin ] --START--
INFO: Run Behavior\ReadHtmlCacheBehavior [ RunTime:0.005001s ]
INFO: [ app_begin ] --END-- [ RunTime:0.028002s ]

[ 2017-01-23T11:33:47+08:00 ] 127.0.0.1 /index/wxtoken
INFO: [ app_init ] --START--
INFO: Run Behavior\BuildLiteBehavior [ RunTime:0.000000s ]
INFO: [ app_init ] --END-- [ RunTime:0.004001s ]
INFO: [ app_begin ] --START--
INFO: Run Behavior\ReadHtmlCacheBehavior [ RunTime:0.006001s ]
INFO: [ app_begin ] --END-- [ RunTime:0.017001s ]

[ 2017-01-23T11:33:47+08:00 ] 127.0.0.1 /index/wxtoken
INFO: [ app_init ] --START--
INFO: Run Behavior\BuildLiteBehavior [ RunTime:0.001000s ]
INFO: [ app_init ] --END-- [ RunTime:0.013001s ]
INFO: [ app_begin ] --START--
INFO: Run Behavior\ReadHtmlCacheBehavior [ RunTime:0.006001s ]
INFO: [ app_begin ] --END-- [ RunTime:0.020001s ]

[ 2017-01-23T11:33:47+08:00 ] 127.0.0.1 /index/wxtoken
INFO: [ app_init ] --START--
INFO: Run Behavior\BuildLiteBehavior [ RunTime:0.003000s ]
INFO: [ app_init ] --END-- [ RunTime:0.014000s ]
INFO: [ app_begin ] --START--
INFO: Run Behavior\ReadHtmlCacheBehavior [ RunTime:0.010000s ]
INFO: [ app_begin ] --END-- [ RunTime:0.021002s ]

[ 2017-01-23T11:33:48+08:00 ] 127.0.0.1 /index/wxtoken
INFO: [ app_init ] --START--
INFO: Run Behavior\BuildLiteBehavior [ RunTime:0.001000s ]
INFO: [ app_init ] --END-- [ RunTime:0.009001s ]
INFO: [ app_begin ] --START--
INFO: Run Behavior\ReadHtmlCacheBehavior [ RunTime:0.006000s ]
INFO: [ app_begin ] --END-- [ RunTime:0.018001s ]

[ 2017-01-23T11:33:48+08:00 ] 127.0.0.1 /index/wxtoken
INFO: [ app_init ] --START--
INFO: Run Behavior\BuildLiteBehavior [ RunTime:0.002000s ]
INFO: [ app_init ] --END-- [ RunTime:0.029002s ]
INFO: [ app_begin ] --START--
INFO: Run Behavior\ReadHtmlCacheBehavior [ RunTime:0.006000s ]
INFO: [ app_begin ] --END-- [ RunTime:0.015001s ]

[ 2017-01-23T11:33:48+08:00 ] 127.0.0.1 /index/wxtoken
INFO: [ app_init ] --START--
INFO: Run Behavior\BuildLiteBehavior [ RunTime:0.014000s ]
INFO: [ app_init ] --END-- [ RunTime:0.031002s ]
INFO: [ app_begin ] --START--
INFO: Run Behavior\ReadHtmlCacheBehavior [ RunTime:0.006001s ]
INFO: [ app_begin ] --END-- [ RunTime:0.015001s ]

[ 2017-01-23T11:33:48+08:00 ] 127.0.0.1 /index/wxtoken
INFO: [ app_init ] --START--
INFO: Run Behavior\BuildLiteBehavior [ RunTime:0.004000s ]
INFO: [ app_init ] --END-- [ RunTime:0.020001s ]
INFO: [ app_begin ] --START--
INFO: Run Behavior\ReadHtmlCacheBehavior [ RunTime:0.003000s ]
INFO: [ app_begin ] --END-- [ RunTime:0.009001s ]

[ 2017-01-23T11:33:48+08:00 ] 127.0.0.1 /index/wxtoken
INFO: [ app_init ] --START--
INFO: Run Behavior\BuildLiteBehavior [ RunTime:0.001000s ]
INFO: [ app_init ] --END-- [ RunTime:0.015001s ]
INFO: [ app_begin ] --START--
INFO: Run Behavior\ReadHtmlCacheBehavior [ RunTime:0.004001s ]
INFO: [ app_begin ] --END-- [ RunTime:0.010001s ]

[ 2017-01-23T11:33:48+08:00 ] 127.0.0.1 /index/wxtoken
INFO: [ app_init ] --START--
INFO: Run Behavior\BuildLiteBehavior [ RunTime:0.002000s ]
INFO: [ app_init ] --END-- [ RunTime:0.014001s ]
INFO: [ app_begin ] --START--
INFO: Run Behavior\ReadHtmlCacheBehavior [ RunTime:0.004000s ]
INFO: [ app_begin ] --END-- [ RunTime:0.010000s ]

[ 2017-01-23T11:33:48+08:00 ] 127.0.0.1 /index/wxtoken
INFO: [ app_init ] --START--
INFO: Run Behavior\BuildLiteBehavior [ RunTime:0.002000s ]
INFO: [ app_init ] --END-- [ RunTime:0.012001s ]
INFO: [ app_begin ] --START--
INFO: Run Behavior\ReadHtmlCacheBehavior [ RunTime:0.002000s ]
INFO: [ app_begin ] --END-- [ RunTime:0.006000s ]

[ 2017-01-23T11:40:46+08:00 ] 127.0.0.1 /index/wxtoken
INFO: [ app_init ] --START--
INFO: Run Behavior\BuildLiteBehavior [ RunTime:0.000000s ]
INFO: [ app_init ] --END-- [ RunTime:0.003000s ]
INFO: [ app_begin ] --START--
INFO: Run Behavior\ReadHtmlCacheBehavior [ RunTime:0.001001s ]
INFO: [ app_begin ] --END-- [ RunTime:0.003001s ]

[ 2017-01-23T11:40:53+08:00 ] 127.0.0.1 /index/wxtoken
INFO: [ app_init ] --START--
INFO: Run Behavior\BuildLiteBehavior [ RunTime:0.000000s ]
INFO: [ app_init ] --END-- [ RunTime:0.002000s ]
INFO: [ app_begin ] --START--
INFO: Run Behavior\ReadHtmlCacheBehavior [ RunTime:0.002000s ]
INFO: [ app_begin ] --END-- [ RunTime:0.004000s ]

