[ 2017-12-07T16:45:07+08:00 ] 127.0.0.1 /
INFO: [ app_init ] --START--
INFO: Run Behavior\BuildLiteBehavior [ RunTime:0.002001s ]
INFO: [ app_init ] --END-- [ RunTime:0.080005s ]
INFO: [ app_begin ] --START--
INFO: Run Behavior\ReadHtmlCacheBehavior [ RunTime:0.019001s ]
INFO: [ app_begin ] --END-- [ RunTime:0.031001s ]
SQL: SHOW COLUMNS FROM `statisticsip` [ RunTime:0.0690s ]
SQL: SELECT * FROM `statisticsip` WHERE `ip` = '127.0.0.1' AND `date` = 20171207 LIMIT 1   [ RunTime:0.0030s ]
SQL: INSERT INTO `statisticsip` (`ip`,`date`,`recordtime`) VALUES ('127.0.0.1','20171207','1512636304') [ RunTime:0.0990s ]
NOTIC: [2048] Declaration of Home\Model\TypeModel::save() should be compatible with Think\Model::save($data = '', $options = Array) D:\WWW\tools\Application\Home\Model\TypeModel.class.php 第 88 行.
NOTIC: [2048] Declaration of Home\Model\TypeModel::delete() should be compatible with Think\Model::delete($options = Array) D:\WWW\tools\Application\Home\Model\TypeModel.class.php 第 88 行.
SQL: SHOW COLUMNS FROM `type` [ RunTime:0.0500s ]
NOTIC: [2] Missing argument 1 for Home\Model\TypeModel::lists(), called in D:\WWW\tools\ThinkPHP\Library\Think\Controller.class.php on line 51 and defined D:\WWW\tools\Application\Home\Model\TypeModel.class.php 第 83 行.
NOTIC: [8] Undefined variable: arr D:\WWW\tools\Application\Home\Model\TypeModel.class.php 第 84 行.
SQL: SELECT * FROM `type` ORDER BY `order` asc,id asc  [ RunTime:0.0030s ]
SQL: SHOW COLUMNS FROM `article` [ RunTime:0.0640s ]
SQL: SELECT * FROM `article` WHERE `status` = 1 ORDER BY id desc LIMIT 6   [ RunTime:0.0410s ]
SQL: SELECT * FROM `article` WHERE `status` = 1 ORDER BY readnum desc,id desc LIMIT 6   [ RunTime:0.0680s ]
INFO: [ view_parse ] --START--
INFO: [ template_filter ] --START--
INFO: Run Behavior\ContentReplaceBehavior [ RunTime:0.092005s ]
INFO: [ template_filter ] --END-- [ RunTime:0.113006s ]
NOTIC: [8] Undefined variable: title D:\WWW\tools\Application\Runtime\Cache\Home\2a94b8bda04ff446dcedd42276fc99ee.php 第 62 行.
INFO: [ keyWords ] --START--
SQL: SHOW COLUMNS FROM `keywords` [ RunTime:0.0840s ]
NOTIC: [2] Missing argument 1 for Think\Model::where(), called in D:\WWW\tools\Application\Home\Model\CommModel.class.php on line 46 and defined D:\WWW\tools\ThinkPHP\Library\Think\Model.class.php 第 1797 行.
NOTIC: [8] Undefined variable: where D:\WWW\tools\ThinkPHP\Library\Think\Model.class.php 第 1805 行.
NOTIC: [8] Undefined variable: where D:\WWW\tools\ThinkPHP\Library\Think\Model.class.php 第 1808 行.
NOTIC: [8] Undefined variable: where D:\WWW\tools\ThinkPHP\Library\Think\Model.class.php 第 1816 行.
SQL: SELECT * FROM `keywords` ORDER BY `order` asc,num desc LIMIT 30   [ RunTime:0.0230s ]
INFO: Run Home\Behavior\KeyWordsBehavior [ RunTime:0.551032s ]
INFO: [ keyWords ] --END-- [ RunTime:0.563032s ]
INFO: Run Behavior\ParseTemplateBehavior [ RunTime:1.848106s ]
INFO: [ view_parse ] --END-- [ RunTime:1.867107s ]
INFO: [ view_filter ] --START--
INFO: Run Behavior\WriteHtmlCacheBehavior [ RunTime:0.038002s ]
INFO: [ view_filter ] --END-- [ RunTime:0.050003s ]
INFO: [ app_end ] --START--
INFO: Run Behavior\ShowPageTraceBehavior [ RunTime:0.058003s ]
INFO: [ app_end ] --END-- [ RunTime:0.070004s ]

[ 2017-12-07T16:45:14+08:00 ] 127.0.0.1 /tools/json.aspx
INFO: [ app_init ] --START--
INFO: Run Behavior\BuildLiteBehavior [ RunTime:0.002000s ]
INFO: [ app_init ] --END-- [ RunTime:0.018001s ]
INFO: [ app_begin ] --START--
INFO: Run Behavior\ReadHtmlCacheBehavior [ RunTime:0.007001s ]
INFO: [ app_begin ] --END-- [ RunTime:0.023001s ]
NOTIC: [2048] Declaration of Home\Model\TypeModel::save() should be compatible with Think\Model::save($data = '', $options = Array) D:\WWW\tools\Application\Home\Model\TypeModel.class.php 第 10 行.
NOTIC: [2048] Declaration of Home\Model\TypeModel::delete() should be compatible with Think\Model::delete($options = Array) D:\WWW\tools\Application\Home\Model\TypeModel.class.php 第 10 行.
SQL: SHOW COLUMNS FROM `type` [ RunTime:0.0100s ]
NOTIC: [2] Missing argument 1 for Home\Model\TypeModel::lists(), called in D:\WWW\tools\ThinkPHP\Library\Think\Controller.class.php on line 51 and defined D:\WWW\tools\Application\Home\Model\TypeModel.class.php 第 83 行.
NOTIC: [8] Undefined variable: arr D:\WWW\tools\Application\Home\Model\TypeModel.class.php 第 84 行.
SQL: SELECT * FROM `type` ORDER BY `order` asc,id asc  [ RunTime:0.0020s ]
INFO: [ view_parse ] --START--
INFO: [ template_filter ] --START--
INFO: Run Behavior\ContentReplaceBehavior [ RunTime:0.022001s ]
INFO: [ template_filter ] --END-- [ RunTime:0.036002s ]
NOTIC: [8] Undefined variable: title D:\WWW\tools\Application\Runtime\Cache\Home\b96ea3c293470823d0141bd5abcd1707.php 第 53 行.
INFO: Run Behavior\ParseTemplateBehavior [ RunTime:0.570033s ]
INFO: [ view_parse ] --END-- [ RunTime:0.583033s ]
INFO: [ view_filter ] --START--
INFO: Run Behavior\WriteHtmlCacheBehavior [ RunTime:0.017001s ]
INFO: [ view_filter ] --END-- [ RunTime:0.030001s ]
INFO: [ app_end ] --START--
INFO: Run Behavior\ShowPageTraceBehavior [ RunTime:0.017001s ]
INFO: [ app_end ] --END-- [ RunTime:0.031002s ]

[ 2017-12-07T17:18:28+08:00 ] 127.0.0.1 /
INFO: [ app_init ] --START--
INFO: Run Behavior\BuildLiteBehavior [ RunTime:0.003000s ]
INFO: [ app_init ] --END-- [ RunTime:0.020001s ]
INFO: [ app_begin ] --START--
INFO: Run Behavior\ReadHtmlCacheBehavior [ RunTime:0.020001s ]
INFO: [ app_begin ] --END-- [ RunTime:0.032002s ]
NOTIC: [2048] Declaration of Home\Model\TypeModel::save() should be compatible with Think\Model::save($data = '', $options = Array) D:\WWW\tools\Application\Home\Model\TypeModel.class.php 第 10 行.
NOTIC: [2048] Declaration of Home\Model\TypeModel::delete() should be compatible with Think\Model::delete($options = Array) D:\WWW\tools\Application\Home\Model\TypeModel.class.php 第 10 行.
SQL: SHOW COLUMNS FROM `type` [ RunTime:0.0380s ]
NOTIC: [2] Missing argument 1 for Home\Model\TypeModel::lists(), called in D:\WWW\tools\ThinkPHP\Library\Think\Controller.class.php on line 51 and defined D:\WWW\tools\Application\Home\Model\TypeModel.class.php 第 83 行.
NOTIC: [8] Undefined variable: arr D:\WWW\tools\Application\Home\Model\TypeModel.class.php 第 84 行.
SQL: SELECT * FROM `type` ORDER BY `order` asc,id asc  [ RunTime:0.0020s ]
SQL: SHOW COLUMNS FROM `article` [ RunTime:0.0110s ]
SQL: SELECT * FROM `article` WHERE `status` = 1 ORDER BY id desc LIMIT 6   [ RunTime:0.0080s ]
SQL: SELECT * FROM `article` WHERE `status` = 1 ORDER BY readnum desc,id desc LIMIT 6   [ RunTime:0.0040s ]
INFO: [ view_parse ] --START--
INFO: [ template_filter ] --START--
INFO: Run Behavior\ContentReplaceBehavior [ RunTime:0.007000s ]
INFO: [ template_filter ] --END-- [ RunTime:0.018001s ]
NOTIC: [8] Undefined variable: title D:\WWW\tools\Application\Runtime\Cache\Home\2a94b8bda04ff446dcedd42276fc99ee.php 第 62 行.
INFO: [ keyWords ] --START--
SQL: SHOW COLUMNS FROM `keywords` [ RunTime:0.0110s ]
NOTIC: [2] Missing argument 1 for Think\Model::where(), called in D:\WWW\tools\Application\Home\Model\CommModel.class.php on line 46 and defined D:\WWW\tools\ThinkPHP\Library\Think\Model.class.php 第 1797 行.
NOTIC: [8] Undefined variable: where D:\WWW\tools\ThinkPHP\Library\Think\Model.class.php 第 1805 行.
NOTIC: [8] Undefined variable: where D:\WWW\tools\ThinkPHP\Library\Think\Model.class.php 第 1808 行.
NOTIC: [8] Undefined variable: where D:\WWW\tools\ThinkPHP\Library\Think\Model.class.php 第 1816 行.
SQL: SELECT * FROM `keywords` ORDER BY `order` asc,num desc LIMIT 30   [ RunTime:0.0030s ]
INFO: Run Home\Behavior\KeyWordsBehavior [ RunTime:0.387022s ]
INFO: [ keyWords ] --END-- [ RunTime:0.399023s ]
INFO: Run Behavior\ParseTemplateBehavior [ RunTime:1.399080s ]
INFO: [ view_parse ] --END-- [ RunTime:1.412081s ]
INFO: [ view_filter ] --START--
INFO: Run Behavior\WriteHtmlCacheBehavior [ RunTime:0.018001s ]
INFO: [ view_filter ] --END-- [ RunTime:0.030002s ]
INFO: [ app_end ] --START--
INFO: Run Behavior\ShowPageTraceBehavior [ RunTime:0.011001s ]
INFO: [ app_end ] --END-- [ RunTime:0.025001s ]

[ 2017-12-07T17:18:32+08:00 ] 127.0.0.1 /tools/unixtime.aspx
INFO: [ app_init ] --START--
INFO: Run Behavior\BuildLiteBehavior [ RunTime:0.002000s ]
INFO: [ app_init ] --END-- [ RunTime:0.016001s ]
INFO: [ app_begin ] --START--
INFO: Run Behavior\ReadHtmlCacheBehavior [ RunTime:0.007001s ]
INFO: [ app_begin ] --END-- [ RunTime:0.021001s ]
NOTIC: [2048] Declaration of Home\Model\TypeModel::save() should be compatible with Think\Model::save($data = '', $options = Array) D:\WWW\tools\Application\Home\Model\TypeModel.class.php 第 10 行.
NOTIC: [2048] Declaration of Home\Model\TypeModel::delete() should be compatible with Think\Model::delete($options = Array) D:\WWW\tools\Application\Home\Model\TypeModel.class.php 第 10 行.
SQL: SHOW COLUMNS FROM `type` [ RunTime:0.0130s ]
NOTIC: [2] Missing argument 1 for Home\Model\TypeModel::lists(), called in D:\WWW\tools\ThinkPHP\Library\Think\Controller.class.php on line 51 and defined D:\WWW\tools\Application\Home\Model\TypeModel.class.php 第 83 行.
NOTIC: [8] Undefined variable: arr D:\WWW\tools\Application\Home\Model\TypeModel.class.php 第 84 行.
SQL: SELECT * FROM `type` ORDER BY `order` asc,id asc  [ RunTime:0.0030s ]
INFO: [ view_parse ] --START--
INFO: [ template_filter ] --START--
INFO: Run Behavior\ContentReplaceBehavior [ RunTime:0.008001s ]
INFO: [ template_filter ] --END-- [ RunTime:0.021001s ]
NOTIC: [8] Undefined variable: title D:\WWW\tools\Application\Runtime\Cache\Home\4fb0c4277e5c0d5f803fedebc445053c.php 第 51 行.
INFO: Run Behavior\ParseTemplateBehavior [ RunTime:0.510029s ]
INFO: [ view_parse ] --END-- [ RunTime:0.523030s ]
INFO: [ view_filter ] --START--
INFO: Run Behavior\WriteHtmlCacheBehavior [ RunTime:0.007000s ]
INFO: [ view_filter ] --END-- [ RunTime:0.020001s ]
INFO: [ app_end ] --START--
INFO: Run Behavior\ShowPageTraceBehavior [ RunTime:0.006000s ]
INFO: [ app_end ] --END-- [ RunTime:0.019001s ]

