[ 2017-11-14T11:03:21+08:00 ] 127.0.0.1 /
INFO: [ app_init ] --START--
INFO: Run Behavior\BuildLiteBehavior [ RunTime:0.001001s ]
INFO: [ app_init ] --END-- [ RunTime:0.144008s ]
INFO: [ app_begin ] --START--
INFO: Run Behavior\ReadHtmlCacheBehavior [ RunTime:0.055003s ]
INFO: [ app_begin ] --END-- [ RunTime:0.058003s ]
ERR: SQLSTATE[HY000] [2002] ÓÉÓÚÄ¿±ê¼ÆËã»ú»ý¼«¾Ü¾ø£¬ÎÞ·¨Á¬½Ó¡£

NOTIC: [2] Cannot modify header information - headers already sent by (output started at D:\WWW\tools\ThinkPHP\Library\Think\Db\Driver.class.php:103) D:\WWW\tools\ThinkPHP\Library\Think\Think.class.php ç¬¬ 228 è¡Œ.
NOTIC: [2] Cannot modify header information - headers already sent by (output started at D:\WWW\tools\ThinkPHP\Library\Think\Db\Driver.class.php:103) D:\WWW\tools\ThinkPHP\Library\Think\Think.class.php ç¬¬ 229 è¡Œ.

[ 2017-11-14T11:03:46+08:00 ] 127.0.0.1 /
INFO: [ app_init ] --START--
INFO: Run Behavior\BuildLiteBehavior [ RunTime:0.000000s ]
INFO: [ app_init ] --END-- [ RunTime:0.037002s ]
INFO: [ app_begin ] --START--
INFO: Run Behavior\ReadHtmlCacheBehavior [ RunTime:0.002000s ]
INFO: [ app_begin ] --END-- [ RunTime:0.004000s ]
SQL: SHOW COLUMNS FROM `statisticsip` [ RunTime:0.1590s ]
SQL: SELECT * FROM `statisticsip` WHERE `ip` = '127.0.0.1' AND `date` = 20171114 LIMIT 1   [ RunTime:0.0010s ]
SQL: INSERT INTO `statisticsip` (`ip`,`date`,`recordtime`) VALUES ('127.0.0.1','20171114','1510628623') [ RunTime:0.2430s ]
NOTIC: [2048] Declaration of Home\Model\TypeModel::save() should be compatible with Think\Model::save($data = '', $options = Array) D:\WWW\tools\Application\Home\Model\TypeModel.class.php ç¬¬ 88 è¡Œ.
NOTIC: [2048] Declaration of Home\Model\TypeModel::delete() should be compatible with Think\Model::delete($options = Array) D:\WWW\tools\Application\Home\Model\TypeModel.class.php ç¬¬ 88 è¡Œ.
SQL: SHOW COLUMNS FROM `type` [ RunTime:0.1010s ]
NOTIC: [2] Missing argument 1 for Home\Model\TypeModel::lists(), called in D:\WWW\tools\ThinkPHP\Library\Think\Controller.class.php on line 51 and defined D:\WWW\tools\Application\Home\Model\TypeModel.class.php ç¬¬ 83 è¡Œ.
NOTIC: [8] Undefined variable: arr D:\WWW\tools\Application\Home\Model\TypeModel.class.php ç¬¬ 84 è¡Œ.
SQL: SELECT * FROM `type` ORDER BY `order` asc,id asc  [ RunTime:0.0020s ]
SQL: SHOW COLUMNS FROM `article` [ RunTime:0.1190s ]
SQL: SELECT * FROM `article` WHERE `status` = 1 ORDER BY id desc LIMIT 6   [ RunTime:0.2450s ]
SQL: SELECT * FROM `article` WHERE `status` = 1 ORDER BY readnum desc,id desc LIMIT 6   [ RunTime:0.1020s ]
INFO: [ view_parse ] --START--
INFO: [ template_filter ] --START--
INFO: Run Behavior\ContentReplaceBehavior [ RunTime:0.051003s ]
INFO: [ template_filter ] --END-- [ RunTime:0.054003s ]
NOTIC: [8] Undefined variable: title D:\WWW\tools\Application\Runtime\Cache\Home\2a94b8bda04ff446dcedd42276fc99ee.php ç¬¬ 62 è¡Œ.
INFO: [ keyWords ] --START--
SQL: SHOW COLUMNS FROM `keywords` [ RunTime:0.2380s ]
NOTIC: [2] Missing argument 1 for Think\Model::where(), called in D:\WWW\tools\Application\Home\Model\CommModel.class.php on line 46 and defined D:\WWW\tools\ThinkPHP\Library\Think\Model.class.php ç¬¬ 1797 è¡Œ.
NOTIC: [8] Undefined variable: where D:\WWW\tools\ThinkPHP\Library\Think\Model.class.php ç¬¬ 1805 è¡Œ.
NOTIC: [8] Undefined variable: where D:\WWW\tools\ThinkPHP\Library\Think\Model.class.php ç¬¬ 1808 è¡Œ.
NOTIC: [8] Undefined variable: where D:\WWW\tools\ThinkPHP\Library\Think\Model.class.php ç¬¬ 1816 è¡Œ.
SQL: SELECT * FROM `keywords` ORDER BY `order` asc,num desc LIMIT 30   [ RunTime:0.0380s ]
INFO: Run Home\Behavior\KeyWordsBehavior [ RunTime:0.452026s ]
INFO: [ keyWords ] --END-- [ RunTime:0.454026s ]
INFO: Run Behavior\ParseTemplateBehavior [ RunTime:0.978056s ]
INFO: [ view_parse ] --END-- [ RunTime:0.980056s ]
INFO: [ view_filter ] --START--
INFO: Run Behavior\WriteHtmlCacheBehavior [ RunTime:0.040002s ]
INFO: [ view_filter ] --END-- [ RunTime:0.042002s ]
INFO: [ app_end ] --START--
INFO: Run Behavior\ShowPageTraceBehavior [ RunTime:0.082004s ]
INFO: [ app_end ] --END-- [ RunTime:0.084004s ]

