[ 2018-01-18T14:36:00+08:00 ] 127.0.0.1 /
INFO: [ app_init ] --START--
INFO: Run Behavior\BuildLiteBehavior [ RunTime:0.000020s ]
INFO: [ app_init ] --END-- [ RunTime:0.000461s ]
INFO: [ app_begin ] --START--
INFO: Run Behavior\ReadHtmlCacheBehavior [ RunTime:0.000673s ]
INFO: [ app_begin ] --END-- [ RunTime:0.000766s ]
NOTIC: [2048] Declaration of Home\Model\TypeModel::save() should be compatible with that of Think\Model::save() D:\WWW\tools\Application\Home\Model\TypeModel.class.php 第 10 行.
NOTIC: [2048] Declaration of Home\Model\TypeModel::delete() should be compatible with that of Think\Model::delete() D:\WWW\tools\Application\Home\Model\TypeModel.class.php 第 10 行.
SQL: SHOW COLUMNS FROM `type` [ RunTime:0.0056s ]
NOTIC: [2] Missing argument 1 for Home\Model\TypeModel::lists(), called in D:\WWW\tools\ThinkPHP\Library\Think\Controller.class.php on line 51 and defined D:\WWW\tools\Application\Home\Model\TypeModel.class.php 第 83 行.
NOTIC: [8] Undefined variable: arr D:\WWW\tools\Application\Home\Model\TypeModel.class.php 第 84 行.
SQL: SELECT * FROM `type` ORDER BY `order` asc,id asc  [ RunTime:0.0003s ]
SQL: SHOW COLUMNS FROM `article` [ RunTime:0.0064s ]
SQL: SELECT * FROM `article` WHERE `status` = 1 ORDER BY id desc LIMIT 6   [ RunTime:0.0008s ]
SQL: SELECT * FROM `article` WHERE `status` = 1 ORDER BY readnum desc,id desc LIMIT 6   [ RunTime:0.0007s ]
INFO: [ view_parse ] --START--
INFO: [ template_filter ] --START--
INFO: Run Behavior\ContentReplaceBehavior [ RunTime:0.000186s ]
INFO: [ template_filter ] --END-- [ RunTime:0.000301s ]
NOTIC: [8] Undefined variable: title D:\WWW\tools\Application\Runtime\Cache\Home\2a94b8bda04ff446dcedd42276fc99ee.php 第 62 行.
INFO: [ keyWords ] --START--
SQL: SHOW COLUMNS FROM `keywords` [ RunTime:0.1689s ]
NOTIC: [2] Missing argument 1 for Think\Model::where(), called in D:\WWW\tools\Application\Home\Model\CommModel.class.php on line 46 and defined D:\WWW\tools\ThinkPHP\Library\Think\Model.class.php 第 1797 行.
NOTIC: [8] Undefined variable: where D:\WWW\tools\ThinkPHP\Library\Think\Model.class.php 第 1805 行.
NOTIC: [8] Undefined variable: where D:\WWW\tools\ThinkPHP\Library\Think\Model.class.php 第 1808 行.
NOTIC: [8] Undefined variable: where D:\WWW\tools\ThinkPHP\Library\Think\Model.class.php 第 1816 行.
SQL: SELECT * FROM `keywords` ORDER BY `order` asc,num desc LIMIT 30   [ RunTime:0.0005s ]
INFO: Run Home\Behavior\KeyWordsBehavior [ RunTime:0.542429s ]
INFO: [ keyWords ] --END-- [ RunTime:0.542557s ]
INFO: Run Behavior\ParseTemplateBehavior [ RunTime:0.886505s ]
INFO: [ view_parse ] --END-- [ RunTime:0.886592s ]
INFO: [ view_filter ] --START--
INFO: Run Behavior\WriteHtmlCacheBehavior [ RunTime:0.034264s ]
INFO: [ view_filter ] --END-- [ RunTime:0.034386s ]
INFO: [ app_end ] --START--
INFO: Run Behavior\ShowPageTraceBehavior [ RunTime:0.260748s ]
INFO: [ app_end ] --END-- [ RunTime:0.261473s ]

[ 2018-01-18T14:36:20+08:00 ] 127.0.0.1 /art/article/id/56.aspx
INFO: [ app_init ] --START--
INFO: Run Behavior\BuildLiteBehavior [ RunTime:0.000013s ]
INFO: [ app_init ] --END-- [ RunTime:0.000316s ]
INFO: [ app_begin ] --START--
INFO: Run Behavior\ReadHtmlCacheBehavior [ RunTime:0.000510s ]
INFO: [ app_begin ] --END-- [ RunTime:0.000578s ]
NOTIC: [2048] Declaration of Home\Model\TypeModel::save() should be compatible with that of Think\Model::save() D:\WWW\tools\Application\Home\Model\TypeModel.class.php 第 10 行.
NOTIC: [2048] Declaration of Home\Model\TypeModel::delete() should be compatible with that of Think\Model::delete() D:\WWW\tools\Application\Home\Model\TypeModel.class.php 第 10 行.
SQL: SHOW COLUMNS FROM `type` [ RunTime:0.0357s ]
NOTIC: [2] Missing argument 1 for Home\Model\TypeModel::lists(), called in D:\WWW\tools\ThinkPHP\Library\Think\Controller.class.php on line 51 and defined D:\WWW\tools\Application\Home\Model\TypeModel.class.php 第 83 行.
NOTIC: [8] Undefined variable: arr D:\WWW\tools\Application\Home\Model\TypeModel.class.php 第 84 行.
SQL: SELECT * FROM `type` ORDER BY `order` asc,id asc  [ RunTime:0.0007s ]
SQL: SHOW COLUMNS FROM `article` [ RunTime:0.0423s ]
SQL: SELECT * FROM `article` WHERE `id` = 56 LIMIT 1   [ RunTime:0.0238s ]
SQL: SELECT * FROM `article` WHERE `id` = 56 LIMIT 1   [ RunTime:0.0005s ]
SQL: UPDATE `article` SET `title`='Java环境变量设置',`keyword`='',`content`='&lt;p style=&quot;box-sizing: border-box; margin-top: 0px; margin-bottom: 16px; padding: 0px; line-height: 28px; word-wrap: break-word; word-break: normal; color: rgb(69, 69, 69); font-family: &amp;quot;PingFang SC&amp;quot;, &amp;quot;Microsoft YaHei&amp;quot;, SimHei, Arial, SimSun; background-color: rgb(255, 255, 255);&quot;&gt;首先在Oracle的网站上下载对应的JDK版本，然后安装。注意在Windows下，为了避免在使用命令行的时候出现问题，一般不要选择安装在C:Program Filesjdk目录下，可以选择文件夹名没有空格的目录来安装，比如我一般安装在C:java目录下面。&lt;/p&gt;&lt;p style=&quot;box-sizing: border-box; margin-top: 0px; margin-bottom: 16px; padding: 0px; line-height: 28px; word-wrap: break-word; word-break: normal; color: rgb(69, 69, 69); font-family: &amp;quot;PingFang SC&amp;quot;, &amp;quot;Microsoft YaHei&amp;quot;, SimHei, Arial, SimSun; background-color: rgb(255, 255, 255);&quot;&gt;&lt;br/&gt;&lt;/p&gt;&lt;p style=&quot;box-sizing: border-box; margin-top: 0px; margin-bottom: 16px; padding: 0px; line-height: 28px; word-wrap: break-word; word-break: normal; color: rgb(69, 69, 69); font-family: &amp;quot;PingFang SC&amp;quot;, &amp;quot;Microsoft YaHei&amp;quot;, SimHei, Arial, SimSun; background-color: rgb(255, 255, 255);&quot;&gt;1. 设置JAVA_HOME，指向jdk的安装目录这一级即可。比如我的JDK安装在C:javajdk1.8.0_25，那JAVA_HOME的值就是C:javajdk1.8.0_25&lt;/p&gt;&lt;p style=&quot;box-sizing: border-box; margin-top: 0px; margin-bottom: 16px; padding: 0px; line-height: 28px; word-wrap: break-word; word-break: normal; color: rgb(69, 69, 69); font-family: &amp;quot;PingFang SC&amp;quot;, &amp;quot;Microsoft YaHei&amp;quot;, SimHei, Arial, SimSun; background-color: rgb(255, 255, 255);&quot;&gt;&lt;img src=&quot;/ueditor/php/upload/image/20180112/1515727923225185.png&quot; title=&quot;1515727923225185.png&quot; alt=&quot;1.png&quot;/&gt;&lt;/p&gt;&lt;p style=&quot;box-sizing: border-box; margin-top: 0px; margin-bottom: 16px; padding: 0px; line-height: 28px; word-wrap: break-word; word-break: normal; color: rgb(69, 69, 69); font-family: &amp;quot;PingFang SC&amp;quot;, &amp;quot;Microsoft YaHei&amp;quot;, SimHei, Arial, SimSun; background-color: rgb(255, 255, 255);&quot;&gt;&lt;br/&gt;&lt;/p&gt;&lt;p style=&quot;box-sizing: border-box; margin-top: 0px; margin-bottom: 16px; padding: 0px; line-height: 28px; word-wrap: break-word; word-break: normal; color: rgb(69, 69, 69); font-family: &amp;quot;PingFang SC&amp;quot;, &amp;quot;Microsoft YaHei&amp;quot;, SimHei, Arial, SimSun; background-color: rgb(255, 255, 255);&quot;&gt;2. 设置Path变量&lt;/p&gt;&lt;p style=&quot;box-sizing: border-box; margin-top: 0px; margin-bottom: 16px; padding: 0px; line-height: 28px; word-wrap: break-word; word-break: normal; color: rgb(69, 69, 69); font-family: &amp;quot;PingFang SC&amp;quot;, &amp;quot;Microsoft YaHei&amp;quot;, SimHei, Arial, SimSun; background-color: rgb(255, 255, 255);&quot;&gt;在Path值后面加上&lt;strong style=&quot;box-sizing: border-box;&quot;&gt;&lt;span style=&quot;box-sizing: border-box; margin: 0px; padding: 0px; font-weight: 400; color: rgb(255, 0, 0);&quot;&gt;;%JAVA_HOME%bin;%JAVA_HOME%jrebin&lt;/span&gt;&lt;/strong&gt;&lt;br/&gt;&lt;/p&gt;&lt;p style=&quot;box-sizing: border-box; margin-top: 0px; margin-bottom: 16px; padding: 0px; line-height: 28px; word-wrap: break-word; word-break: normal; color: rgb(69, 69, 69); font-family: &amp;quot;PingFang SC&amp;quot;, &amp;quot;Microsoft YaHei&amp;quot;, SimHei, Arial, SimSun; background-color: rgb(255, 255, 255);&quot;&gt;&lt;img src=&quot;/ueditor/php/upload/image/20180112/1515727961229574.png&quot; title=&quot;1515727961229574.png&quot; alt=&quot;2.png&quot;/&gt;&lt;/p&gt;&lt;p style=&quot;box-sizing: border-box; margin-top: 0px; margin-bottom: 16px; padding: 0px; line-height: 28px; word-wrap: break-word; word-break: normal; color: rgb(69, 69, 69); font-family: &amp;quot;PingFang SC&amp;quot;, &amp;quot;Microsoft YaHei&amp;quot;, SimHei, Arial, SimSun; background-color: rgb(255, 255, 255);&quot;&gt;3. 设置CLASSPATH&lt;/p&gt;&lt;p style=&quot;box-sizing: border-box; margin-top: 0px; margin-bottom: 16px; padding: 0px; line-height: 28px; word-wrap: break-word; word-break: normal; color: rgb(69, 69, 69); font-family: &amp;quot;PingFang SC&amp;quot;, &amp;quot;Microsoft YaHei&amp;quot;, SimHei, Arial, SimSun; background-color: rgb(255, 255, 255);&quot;&gt;新建环境变量CLASSPATH，设置值为&lt;span style=&quot;box-sizing: border-box; margin: 0px; padding: 0px; color: rgb(255, 0, 0);&quot;&gt;&lt;strong style=&quot;box-sizing: border-box;&quot;&gt;.;%JAVA_HOME%libdt.jar;%JAVA_HOME%libtools.jar&lt;/strong&gt;&lt;/span&gt;&lt;/p&gt;&lt;p style=&quot;box-sizing: border-box; margin-top: 0px; margin-bottom: 16px; padding: 0px; line-height: 28px; word-wrap: break-word; word-break: normal; color: rgb(69, 69, 69); font-family: &amp;quot;PingFang SC&amp;quot;, &amp;quot;Microsoft YaHei&amp;quot;, SimHei, Arial, SimSun; background-color: rgb(255, 255, 255);&quot;&gt;注意值前面的两个符号&lt;span style=&quot;box-sizing: border-box; margin: 0px; padding: 0px; font-size: 24px; color: rgb(255, 0, 0);&quot;&gt;&lt;strong style=&quot;box-sizing: border-box;&quot;&gt;.;&lt;/strong&gt;&lt;/span&gt;&lt;/p&gt;&lt;p style=&quot;box-sizing: border-box; margin-top: 0px; margin-bottom: 16px; padding: 0px; line-height: 28px; word-wrap: break-word; word-break: normal; color: rgb(69, 69, 69); font-family: &amp;quot;PingFang SC&amp;quot;, &amp;quot;Microsoft YaHei&amp;quot;, SimHei, Arial, SimSun; background-color: rgb(255, 255, 255);&quot;&gt;&lt;img src=&quot;/ueditor/php/upload/image/20180112/1515727973126509.png&quot; title=&quot;1515727973126509.png&quot; alt=&quot;3.png&quot;/&gt;&lt;/p&gt;&lt;p style=&quot;box-sizing: border-box; margin-top: 0px; margin-bottom: 16px; padding: 0px; line-height: 28px; word-wrap: break-word; word-break: normal; color: rgb(69, 69, 69); font-family: &amp;quot;PingFang SC&amp;quot;, &amp;quot;Microsoft YaHei&amp;quot;, SimHei, Arial, SimSun; background-color: rgb(255, 255, 255);&quot;&gt;4. 安装完成后，打开dos窗口，-&amp;gt;开始，在&amp;quot;搜索程序和文件&amp;quot;输入框里输入&amp;quot;cmd&amp;quot;，回车，就会弹出dos窗口。&lt;br/&gt;&lt;/p&gt;&lt;p style=&quot;box-sizing: border-box; margin-top: 0px; margin-bottom: 16px; padding: 0px; line-height: 28px; word-wrap: break-word; word-break: normal; color: rgb(69, 69, 69); font-family: &amp;quot;PingFang SC&amp;quot;, &amp;quot;Microsoft YaHei&amp;quot;, SimHei, Arial, SimSun; background-color: rgb(255, 255, 255);&quot;&gt;在dos窗口输入命令&lt;strong style=&quot;box-sizing: border-box;&quot;&gt;&lt;span style=&quot;box-sizing: border-box; margin: 0px; padding: 0px; font-weight: 400; color: rgb(255, 0, 0);&quot;&gt;java -version&lt;/span&gt;&lt;/strong&gt;&lt;/p&gt;&lt;p style=&quot;box-sizing: border-box; margin-top: 0px; margin-bottom: 16px; padding: 0px; line-height: 28px; word-wrap: break-word; word-break: normal; color: rgb(69, 69, 69); font-family: &amp;quot;PingFang SC&amp;quot;, &amp;quot;Microsoft YaHei&amp;quot;, SimHei, Arial, SimSun; background-color: rgb(255, 255, 255);&quot;&gt;如果安装成功的话，会显示安装的JDK的版本，如下图所示&lt;/p&gt;&lt;p style=&quot;box-sizing: border-box; margin-top: 0px; margin-bottom: 16px; padding: 0px; line-height: 28px; word-wrap: break-word; word-break: normal; color: rgb(69, 69, 69); font-family: &amp;quot;PingFang SC&amp;quot;, &amp;quot;Microsoft YaHei&amp;quot;, SimHei, Arial, SimSun; background-color: rgb(255, 255, 255);&quot;&gt;&lt;img src=&quot;/ueditor/php/upload/image/20180112/1515727981838302.png&quot; title=&quot;1515727981838302.png&quot; alt=&quot;4.png&quot;/&gt;&lt;/p&gt;&lt;p style=&quot;box-sizing: border-box; margin-top: 0px; margin-bottom: 16px; padding: 0px; line-height: 28px; word-wrap: break-word; word-break: normal; color: rgb(69, 69, 69); font-family: &amp;quot;PingFang SC&amp;quot;, &amp;quot;Microsoft YaHei&amp;quot;, SimHei, Arial, SimSun; background-color: rgb(255, 255, 255);&quot;&gt;&lt;br/&gt;&lt;/p&gt;&lt;p style=&quot;box-sizing: border-box; margin-top: 0px; margin-bottom: 16px; padding: 0px; line-height: 28px; word-wrap: break-word; word-break: normal; color: rgb(69, 69, 69); font-family: &amp;quot;PingFang SC&amp;quot;, &amp;quot;Microsoft YaHei&amp;quot;, SimHei, Arial, SimSun; background-color: rgb(255, 255, 255);&quot;&gt;输入命令&lt;span style=&quot;box-sizing: border-box; margin: 0px; padding: 0px; color: rgb(255, 0, 0);&quot;&gt;&lt;strong style=&quot;box-sizing: border-box;&quot;&gt;javac&lt;/strong&gt;&lt;/span&gt;&lt;/p&gt;&lt;p style=&quot;box-sizing: border-box; margin-top: 0px; margin-bottom: 16px; padding: 0px; line-height: 28px; word-wrap: break-word; word-break: normal; color: rgb(69, 69, 69); font-family: &amp;quot;PingFang SC&amp;quot;, &amp;quot;Microsoft YaHei&amp;quot;, SimHei, Arial, SimSun; background-color: rgb(255, 255, 255);&quot;&gt;如安装成功会出现如下图所示提示，&lt;/p&gt;&lt;p style=&quot;box-sizing: border-box; margin-top: 0px; margin-bottom: 16px; padding: 0px; line-height: 28px; word-wrap: break-word; word-break: normal; color: rgb(69, 69, 69); font-family: &amp;quot;PingFang SC&amp;quot;, &amp;quot;Microsoft YaHei&amp;quot;, SimHei, Arial, SimSun; background-color: rgb(255, 255, 255);&quot;&gt;&lt;img src=&quot;/ueditor/php/upload/image/20180112/1515727989104683.png&quot; title=&quot;1515727989104683.png&quot; alt=&quot;5.png&quot;/&gt;&lt;/p&gt;',`status`='1',`type`='2',`createtime`='1515728015',`author`='小兔',`imgurl`=NULL,`recom`='0',`readnum`='2' WHERE `id` = 56 [ RunTime:0.0321s ]
SQL: SELECT `id`,`title` FROM `article` WHERE ( id<56 and status=1 ) ORDER BY id desc LIMIT 1   [ RunTime:0.0176s ]
SQL: SELECT `id`,`title` FROM `article` WHERE ( id>56 and status=1 ) ORDER BY id asc LIMIT 1   [ RunTime:0.0006s ]
SQL: SELECT `id`,`title` FROM `article` WHERE ( id<>56 and status=1 and recom=1 ) ORDER BY id desc LIMIT 6   [ RunTime:0.0017s ]
INFO: [ view_parse ] --START--
INFO: [ template_filter ] --START--
INFO: Run Behavior\ContentReplaceBehavior [ RunTime:0.000166s ]
INFO: [ template_filter ] --END-- [ RunTime:0.000286s ]
NOTIC: [8] Undefined variable: title D:\WWW\tools\Application\Runtime\Cache\Home\f274c600cf8d13c9d31ff143ea08a211.php 第 55 行.
INFO: [ keyWords ] --START--
SQL: SHOW COLUMNS FROM `keywords` [ RunTime:0.0094s ]
NOTIC: [2] Missing argument 1 for Think\Model::where(), called in D:\WWW\tools\Application\Home\Model\CommModel.class.php on line 46 and defined D:\WWW\tools\ThinkPHP\Library\Think\Model.class.php 第 1797 行.
NOTIC: [8] Undefined variable: where D:\WWW\tools\ThinkPHP\Library\Think\Model.class.php 第 1805 行.
NOTIC: [8] Undefined variable: where D:\WWW\tools\ThinkPHP\Library\Think\Model.class.php 第 1808 行.
NOTIC: [8] Undefined variable: where D:\WWW\tools\ThinkPHP\Library\Think\Model.class.php 第 1816 行.
SQL: SELECT * FROM `keywords` ORDER BY `order` asc,num desc LIMIT 30   [ RunTime:0.0002s ]
INFO: Run Home\Behavior\KeyWordsBehavior [ RunTime:0.012291s ]
INFO: [ keyWords ] --END-- [ RunTime:0.012364s ]
INFO: Run Behavior\ParseTemplateBehavior [ RunTime:0.099299s ]
INFO: [ view_parse ] --END-- [ RunTime:0.099411s ]
INFO: [ view_filter ] --START--
INFO: Run Behavior\WriteHtmlCacheBehavior [ RunTime:0.000299s ]
INFO: [ view_filter ] --END-- [ RunTime:0.000340s ]
INFO: [ app_end ] --START--
INFO: Run Behavior\ShowPageTraceBehavior [ RunTime:0.000461s ]
INFO: [ app_end ] --END-- [ RunTime:0.000512s ]

[ 2018-01-18T14:36:40+08:00 ] 127.0.0.1 /art/article/id/53.aspx
INFO: [ app_init ] --START--
INFO: Run Behavior\BuildLiteBehavior [ RunTime:0.000014s ]
INFO: [ app_init ] --END-- [ RunTime:0.000291s ]
INFO: [ app_begin ] --START--
INFO: Run Behavior\ReadHtmlCacheBehavior [ RunTime:0.000386s ]
INFO: [ app_begin ] --END-- [ RunTime:0.000442s ]
NOTIC: [2048] Declaration of Home\Model\TypeModel::save() should be compatible with that of Think\Model::save() D:\WWW\tools\Application\Home\Model\TypeModel.class.php 第 10 行.
NOTIC: [2048] Declaration of Home\Model\TypeModel::delete() should be compatible with that of Think\Model::delete() D:\WWW\tools\Application\Home\Model\TypeModel.class.php 第 10 行.
SQL: SHOW COLUMNS FROM `type` [ RunTime:0.0858s ]
NOTIC: [2] Missing argument 1 for Home\Model\TypeModel::lists(), called in D:\WWW\tools\ThinkPHP\Library\Think\Controller.class.php on line 51 and defined D:\WWW\tools\Application\Home\Model\TypeModel.class.php 第 83 行.
NOTIC: [8] Undefined variable: arr D:\WWW\tools\Application\Home\Model\TypeModel.class.php 第 84 行.
SQL: SELECT * FROM `type` ORDER BY `order` asc,id asc  [ RunTime:0.0007s ]
SQL: SHOW COLUMNS FROM `article` [ RunTime:0.0168s ]
SQL: SELECT * FROM `article` WHERE `id` = 53 LIMIT 1   [ RunTime:0.0004s ]
SQL: SELECT * FROM `article` WHERE `id` = 53 LIMIT 1   [ RunTime:0.0003s ]
SQL: UPDATE `article` SET `title`='centos7 安装Java环境',`keyword`='centos7 java',`content`='&lt;p&gt;&lt;span style=&quot;color: rgb(51, 51, 51); font-family: &amp;quot;Helvetica Neue&amp;quot;, Helvetica, Arial, sans-serif; background-color: rgb(254, 254, 254);&quot;&gt;Java 环境可选择 Oracle 的 JDK，或是 OpenJDK，现在一般 Linux 系统默认安装的基本是 OpenJDK，如 CentOS 6.4 就默认安装了 OpenJDK 1.7。按&amp;nbsp;&lt;/span&gt;&lt;a href=&quot;http://wiki.apache.org/hadoop/HadoopJavaVersions&quot; target=&quot;_blank&quot; style=&quot;box-sizing: border-box; background: 0px 0px rgb(254, 254, 254); color: rgb(32, 128, 223); text-decoration-line: none; font-family: &amp;quot;Helvetica Neue&amp;quot;, Helvetica, Arial, sans-serif;&quot;&gt;http://wiki.apache.org/hadoop/HadoopJavaVersions&lt;/a&gt;&lt;span style=&quot;color: rgb(51, 51, 51); font-family: &amp;quot;Helvetica Neue&amp;quot;, Helvetica, Arial, sans-serif; background-color: rgb(254, 254, 254);&quot;&gt;&amp;nbsp;中说的，Hadoop 在 OpenJDK 1.7 下运行是没问题的。需要注意的是，CentOS 6.4 中默认安装的只是 Java JRE，而不是 JDK，为了开发方便，我们还是需要通过 yum 进行安装 JDK，安装过程中会让输入 [y/N]，输入 y 即可：&lt;/span&gt;&lt;span style=&quot;background-color: rgb(247, 150, 70);&quot;&gt;&lt;br/&gt;&lt;/span&gt;&lt;/p&gt;&lt;p&gt;&lt;span style=&quot;background-color: rgb(247, 150, 70);&quot;&gt;$&amp;nbsp;&amp;nbsp;&lt;span class=&quot;kwd&quot; style=&quot;background-color: rgb(247, 150, 70); box-sizing: border-box;&quot;&gt;sudo yum install java-1.7.0-openjdk java-1.7.0-openjdk-devel&lt;/span&gt;&lt;/span&gt;&lt;/p&gt;&lt;p style=&quot;box-sizing: border-box; margin-top: 0px; margin-bottom: 15px; color: rgb(51, 51, 51); font-family: &amp;quot;Helvetica Neue&amp;quot;, Helvetica, Arial, sans-serif; background-color: rgb(254, 254, 254);&quot;&gt;通过上述命令安装 OpenJDK，默认安装位置为 /usr/lib/jvm/java-1.7.0-openjdk（该路径可以通过执行&amp;nbsp;&lt;code style=&quot;box-sizing: border-box; font-family: Menlo, Monaco, Consolas, &amp;quot;Courier New&amp;quot;, monospace; font-size: 14.4px; padding: 4px 6px; background-color: rgb(254, 233, 204); border-radius: 3px; vertical-align: middle;&quot;&gt;rpm -ql java-1.7.0-openjdk-devel | grep &amp;#39;/bin/javac&amp;#39;&lt;/code&gt;&amp;nbsp;命令确定，执行后会输出一个路径，除去路径末尾的 “/bin/javac”，剩下的就是正确的路径了）。OpenJDK 安装后就可以直接使用 java、javac 等命令了。&lt;/p&gt;&lt;p style=&quot;box-sizing: border-box; margin-top: 0px; margin-bottom: 15px; color: rgb(51, 51, 51); font-family: &amp;quot;Helvetica Neue&amp;quot;, Helvetica, Arial, sans-serif; background-color: rgb(254, 254, 254);&quot;&gt;接着需要配置一下 JAVA_HOME 环境变量，为方便，我们在 ~/.bashrc 中进行设置（扩展阅读:&amp;nbsp;&lt;a href=&quot;http://www.powerxing.com/linux-environment-variable/&quot; target=&quot;_blank&quot; style=&quot;box-sizing: border-box; background: 0px 0px; color: rgb(32, 128, 223); text-decoration-line: none;&quot;&gt;设置Linux环境变量的方法和区别&lt;/a&gt;）：&lt;/p&gt;&lt;p style=&quot;box-sizing: border-box; margin-top: 0px; margin-bottom: 15px; background-color: rgb(254, 254, 254);&quot;&gt;&lt;span style=&quot;background-color: rgb(247, 150, 70);&quot;&gt;&lt;span class=&quot;kwd&quot; style=&quot;background-color: rgb(247, 150, 70); box-sizing: border-box; color: rgb(51, 51, 51); font-family: &amp;quot;Helvetica Neue&amp;quot;, Helvetica, Arial, sans-serif;&quot;&gt;$&amp;nbsp;&amp;nbsp;&lt;/span&gt;&lt;span class=&quot;kwd&quot; style=&quot;color: rgb(0, 0, 0); font-family: sans-serif; background-color: rgb(247, 150, 70); box-sizing: border-box;&quot;&gt;vim ~/.bashrc&lt;/span&gt;&lt;/span&gt;&lt;/p&gt;&lt;p style=&quot;box-sizing: border-box; margin-top: 0px; margin-bottom: 15px; background-color: rgb(254, 254, 254);&quot;&gt;&lt;span style=&quot;color: rgb(51, 51, 51); font-family: &amp;quot;Helvetica Neue&amp;quot;, Helvetica, Arial, sans-serif;&quot;&gt;在文件最后面添加如下单独一行（指向 JDK 的安装位置），并保存：&lt;/span&gt;&lt;span style=&quot;color: rgb(0, 0, 0); font-family: sans-serif; background-color: rgb(247, 150, 70); box-sizing: border-box;&quot;&gt;&lt;br/&gt;&lt;/span&gt;&lt;/p&gt;&lt;p&gt;&lt;span style=&quot;color: rgb(0, 0, 0); background-color: rgb(247, 150, 70); box-sizing: border-box;&quot;&gt;export JAVA_HOME=/usr/lib/jvm/java-1.7.0-openjdk&lt;/span&gt;&lt;/p&gt;&lt;p&gt;&lt;span style=&quot;color: rgb(0, 0, 0); background-color: rgb(247, 150, 70); box-sizing: border-box;&quot;&gt;&lt;img src=&quot;/ueditor/php/upload/image/20180106/1515231185106680.png&quot; title=&quot;1515231185106680.png&quot; alt=&quot;TIM截图20180106173252.png&quot;/&gt;&lt;/span&gt;&lt;/p&gt;&lt;p&gt;&lt;span style=&quot;font-family: &amp;quot;Helvetica Neue&amp;quot;, Helvetica, Arial, sans-serif; box-sizing: border-box; color: rgb(0, 0, 0); background-color: rgb(255, 255, 255);&quot;&gt;接着还需要让该环境变量生效，执行如下代码：&lt;/span&gt;&lt;span style=&quot;box-sizing: border-box; color: rgb(51, 51, 51); font-family: &amp;quot;Helvetica Neue&amp;quot;, Helvetica, Arial, sans-serif; background-color: rgb(254, 254, 254);&quot;&gt;&lt;br/&gt;&lt;/span&gt;&lt;/p&gt;&lt;p&gt;&lt;span style=&quot;font-family: &amp;quot;Helvetica Neue&amp;quot;, Helvetica, Arial, sans-serif; box-sizing: border-box; color: rgb(0, 0, 0); background-color: rgb(255, 255, 255);&quot;&gt;&lt;/span&gt;&lt;/p&gt;&lt;p&gt;&lt;span style=&quot;color: rgb(0, 0, 0); background-color: rgb(247, 150, 70);&quot;&gt;&lt;span class=&quot;kwd&quot; style=&quot;color: rgb(0, 0, 0); box-sizing: border-box;&quot;&gt;$source ~/.bashrc &amp;nbsp; &amp;nbsp;&lt;/span&gt;&lt;span class=&quot;com&quot; style=&quot;color: rgb(0, 0, 0); box-sizing: border-box; font-style: italic;&quot;&gt;# 使变量设置生效&lt;/span&gt;&lt;/span&gt;&lt;/p&gt;&lt;p&gt;&lt;span style=&quot;background-color: rgb(247, 150, 70); color: rgb(0, 0, 0); box-sizing: border-box; font-style: italic;&quot;&gt;&lt;br/&gt;&lt;/span&gt;&lt;/p&gt;&lt;p&gt;&lt;span style=&quot;color: rgb(51, 51, 51); font-family: &amp;quot;Helvetica Neue&amp;quot;, Helvetica, Arial, sans-serif; background-color: rgb(254, 254, 254);&quot;&gt;设置好后我们来检验一下是否设置正确：&lt;/span&gt;&lt;span style=&quot;background-color: rgb(247, 150, 70); color: rgb(0, 0, 0); box-sizing: border-box; font-style: italic;&quot;&gt;&lt;br/&gt;&lt;/span&gt;&lt;/p&gt;&lt;p&gt;&lt;span style=&quot;background-color: rgb(247, 150, 70); color: rgb(0, 0, 0); box-sizing: border-box; font-style: italic;&quot;&gt;&lt;br/&gt;&lt;/span&gt;&lt;/p&gt;&lt;p&gt;&lt;span style=&quot;color: rgb(0, 0, 0); background-color: rgb(247, 150, 70);&quot;&gt;&lt;span class=&quot;kwd&quot; style=&quot;color: rgb(0, 0, 0); background-color: rgb(247, 150, 70); box-sizing: border-box;&quot;&gt;$&amp;nbsp; echo $JAVA_HOME &amp;nbsp; &amp;nbsp; &lt;/span&gt;&lt;span class=&quot;com&quot; style=&quot;color: rgb(0, 0, 0); background-color: rgb(247, 150, 70); box-sizing: border-box; font-style: italic;&quot;&gt;# 检验变量值&lt;/span&gt;&lt;/span&gt;&lt;/p&gt;&lt;p&gt;&lt;span style=&quot;box-sizing: border-box; color: rgb(0, 0, 0); background-color: rgb(247, 150, 70);&quot;&gt;$&amp;nbsp; java -version&lt;/span&gt;&lt;/p&gt;&lt;p&gt;&lt;span style=&quot;color: rgb(0, 0, 0); background-color: rgb(247, 150, 70);&quot;&gt;&lt;span class=&quot;pln&quot; style=&quot;color: rgb(0, 0, 0); background-color: rgb(247, 150, 70); box-sizing: border-box;&quot;&gt;$&amp;nbsp; $JAVA_HOME/bin/java -version &amp;nbsp;&lt;/span&gt;&lt;span class=&quot;com&quot; style=&quot;color: rgb(0, 0, 0); background-color: rgb(247, 150, 70); box-sizing: border-box; font-style: italic;&quot;&gt;# 与直接执行 java -version 一样&lt;/span&gt;&lt;/span&gt;&lt;/p&gt;&lt;p&gt;&lt;span style=&quot;color: rgb(0, 0, 0); background-color: rgb(247, 150, 70);&quot;&gt;&lt;span class=&quot;com&quot; style=&quot;color: rgb(0, 0, 0); background-color: rgb(247, 150, 70); box-sizing: border-box; font-style: italic;&quot;&gt;&lt;br/&gt;&lt;/span&gt;&lt;/span&gt;&lt;/p&gt;&lt;p&gt;&lt;span style=&quot;color: rgb(0, 0, 0); background-color: rgb(247, 150, 70); box-sizing: border-box;&quot;&gt;&lt;br/&gt;&lt;/span&gt;&lt;/p&gt;',`status`='1',`type`='3',`createtime`='1515231384',`author`='小兔',`imgurl`=NULL,`recom`='0',`readnum`='3' WHERE `id` = 53 [ RunTime:0.0007s ]
SQL: SELECT `id`,`title` FROM `article` WHERE ( id<53 and status=1 ) ORDER BY id desc LIMIT 1   [ RunTime:0.0002s ]
SQL: SELECT `id`,`title` FROM `article` WHERE ( id>53 and status=1 ) ORDER BY id asc LIMIT 1   [ RunTime:0.0002s ]
SQL: SELECT `id`,`title` FROM `article` WHERE ( id<>53 and status=1 and recom=1 ) ORDER BY id desc LIMIT 6   [ RunTime:0.0007s ]
INFO: [ view_parse ] --START--
INFO: [ template_filter ] --START--
INFO: Run Behavior\ContentReplaceBehavior [ RunTime:0.000161s ]
INFO: [ template_filter ] --END-- [ RunTime:0.000285s ]
NOTIC: [8] Undefined variable: title D:\WWW\tools\Application\Runtime\Cache\Home\f274c600cf8d13c9d31ff143ea08a211.php 第 55 行.
INFO: [ keyWords ] --START--
SQL: SHOW COLUMNS FROM `keywords` [ RunTime:0.0118s ]
NOTIC: [2] Missing argument 1 for Think\Model::where(), called in D:\WWW\tools\Application\Home\Model\CommModel.class.php on line 46 and defined D:\WWW\tools\ThinkPHP\Library\Think\Model.class.php 第 1797 行.
NOTIC: [8] Undefined variable: where D:\WWW\tools\ThinkPHP\Library\Think\Model.class.php 第 1805 行.
NOTIC: [8] Undefined variable: where D:\WWW\tools\ThinkPHP\Library\Think\Model.class.php 第 1808 行.
NOTIC: [8] Undefined variable: where D:\WWW\tools\ThinkPHP\Library\Think\Model.class.php 第 1816 行.
SQL: SELECT * FROM `keywords` ORDER BY `order` asc,num desc LIMIT 30   [ RunTime:0.0004s ]
INFO: Run Home\Behavior\KeyWordsBehavior [ RunTime:0.014954s ]
INFO: [ keyWords ] --END-- [ RunTime:0.015043s ]
INFO: Run Behavior\ParseTemplateBehavior [ RunTime:0.029535s ]
INFO: [ view_parse ] --END-- [ RunTime:0.029610s ]
INFO: [ view_filter ] --START--
INFO: Run Behavior\WriteHtmlCacheBehavior [ RunTime:0.000390s ]
INFO: [ view_filter ] --END-- [ RunTime:0.000464s ]
INFO: [ app_end ] --START--
INFO: Run Behavior\ShowPageTraceBehavior [ RunTime:0.000701s ]
INFO: [ app_end ] --END-- [ RunTime:0.000793s ]

[ 2018-01-18T14:44:14+08:00 ] 127.0.0.1 /art/lists.aspx
INFO: [ app_init ] --START--
INFO: Run Behavior\BuildLiteBehavior [ RunTime:0.000012s ]
INFO: [ app_init ] --END-- [ RunTime:0.000317s ]
INFO: [ app_begin ] --START--
INFO: Run Behavior\ReadHtmlCacheBehavior [ RunTime:0.000469s ]
INFO: [ app_begin ] --END-- [ RunTime:0.000524s ]
NOTIC: [2048] Declaration of Home\Model\TypeModel::save() should be compatible with that of Think\Model::save() D:\WWW\tools\Application\Home\Model\TypeModel.class.php 第 10 行.
NOTIC: [2048] Declaration of Home\Model\TypeModel::delete() should be compatible with that of Think\Model::delete() D:\WWW\tools\Application\Home\Model\TypeModel.class.php 第 10 行.
SQL: SHOW COLUMNS FROM `type` [ RunTime:0.0381s ]
NOTIC: [2] Missing argument 1 for Home\Model\TypeModel::lists(), called in D:\WWW\tools\ThinkPHP\Library\Think\Controller.class.php on line 51 and defined D:\WWW\tools\Application\Home\Model\TypeModel.class.php 第 83 行.
NOTIC: [8] Undefined variable: arr D:\WWW\tools\Application\Home\Model\TypeModel.class.php 第 84 行.
SQL: SELECT * FROM `type` ORDER BY `order` asc,id asc  [ RunTime:0.0007s ]
SQL: SHOW COLUMNS FROM `article` [ RunTime:0.0174s ]
SQL: SELECT * FROM `article` ORDER BY id desc LIMIT 0,6   [ RunTime:0.0009s ]
SQL: SELECT COUNT(*) AS tp_count FROM `article` LIMIT 1   [ RunTime:0.0397s ]
SQL: SHOW COLUMNS FROM `keywords` [ RunTime:0.0105s ]
NOTIC: [2] Missing argument 1 for Think\Model::where(), called in D:\WWW\tools\Application\Home\Model\CommModel.class.php on line 46 and defined D:\WWW\tools\ThinkPHP\Library\Think\Model.class.php 第 1797 行.
NOTIC: [8] Undefined variable: where D:\WWW\tools\ThinkPHP\Library\Think\Model.class.php 第 1805 行.
NOTIC: [8] Undefined variable: where D:\WWW\tools\ThinkPHP\Library\Think\Model.class.php 第 1808 行.
NOTIC: [8] Undefined variable: where D:\WWW\tools\ThinkPHP\Library\Think\Model.class.php 第 1816 行.
SQL: SELECT * FROM `keywords` ORDER BY `order` asc,num desc LIMIT 20   [ RunTime:0.0003s ]
INFO: [ view_parse ] --START--
INFO: [ template_filter ] --START--
INFO: Run Behavior\ContentReplaceBehavior [ RunTime:0.000097s ]
INFO: [ template_filter ] --END-- [ RunTime:0.000168s ]
INFO: Run Behavior\ParseTemplateBehavior [ RunTime:0.079652s ]
INFO: [ view_parse ] --END-- [ RunTime:0.079722s ]
INFO: [ view_filter ] --START--
INFO: Run Behavior\WriteHtmlCacheBehavior [ RunTime:0.000278s ]
INFO: [ view_filter ] --END-- [ RunTime:0.000321s ]
INFO: [ app_end ] --START--
INFO: Run Behavior\ShowPageTraceBehavior [ RunTime:0.000576s ]
INFO: [ app_end ] --END-- [ RunTime:0.000634s ]

[ 2018-01-18T14:44:18+08:00 ] 127.0.0.1 /art/async_lists.aspx
INFO: [ app_init ] --START--
INFO: Run Behavior\BuildLiteBehavior [ RunTime:0.000024s ]
INFO: [ app_init ] --END-- [ RunTime:0.000541s ]
INFO: [ app_begin ] --START--
INFO: Run Behavior\ReadHtmlCacheBehavior [ RunTime:0.000670s ]
INFO: [ app_begin ] --END-- [ RunTime:0.000761s ]
NOTIC: [2048] Declaration of Home\Model\TypeModel::save() should be compatible with that of Think\Model::save() D:\WWW\tools\Application\Home\Model\TypeModel.class.php 第 10 行.
NOTIC: [2048] Declaration of Home\Model\TypeModel::delete() should be compatible with that of Think\Model::delete() D:\WWW\tools\Application\Home\Model\TypeModel.class.php 第 10 行.
SQL: SHOW COLUMNS FROM `type` [ RunTime:0.0370s ]
NOTIC: [2] Missing argument 1 for Home\Model\TypeModel::lists(), called in D:\WWW\tools\ThinkPHP\Library\Think\Controller.class.php on line 51 and defined D:\WWW\tools\Application\Home\Model\TypeModel.class.php 第 83 行.
NOTIC: [8] Undefined variable: arr D:\WWW\tools\Application\Home\Model\TypeModel.class.php 第 84 行.
SQL: SELECT * FROM `type` ORDER BY `order` asc,id asc  [ RunTime:0.0007s ]
SQL: SHOW COLUMNS FROM `article` [ RunTime:0.0258s ]
SQL: SELECT * FROM `article` ORDER BY id desc LIMIT 6,6   [ RunTime:0.0024s ]

[ 2018-01-18T14:44:30+08:00 ] 127.0.0.1 /art/article/id/52.aspx
INFO: [ app_init ] --START--
INFO: Run Behavior\BuildLiteBehavior [ RunTime:0.000017s ]
INFO: [ app_init ] --END-- [ RunTime:0.000313s ]
INFO: [ app_begin ] --START--
INFO: Run Behavior\ReadHtmlCacheBehavior [ RunTime:0.000384s ]
INFO: [ app_begin ] --END-- [ RunTime:0.000441s ]
NOTIC: [2048] Declaration of Home\Model\TypeModel::save() should be compatible with that of Think\Model::save() D:\WWW\tools\Application\Home\Model\TypeModel.class.php 第 10 行.
NOTIC: [2048] Declaration of Home\Model\TypeModel::delete() should be compatible with that of Think\Model::delete() D:\WWW\tools\Application\Home\Model\TypeModel.class.php 第 10 行.
SQL: SHOW COLUMNS FROM `type` [ RunTime:0.0365s ]
NOTIC: [2] Missing argument 1 for Home\Model\TypeModel::lists(), called in D:\WWW\tools\ThinkPHP\Library\Think\Controller.class.php on line 51 and defined D:\WWW\tools\Application\Home\Model\TypeModel.class.php 第 83 行.
NOTIC: [8] Undefined variable: arr D:\WWW\tools\Application\Home\Model\TypeModel.class.php 第 84 行.
SQL: SELECT * FROM `type` ORDER BY `order` asc,id asc  [ RunTime:0.0004s ]
SQL: SHOW COLUMNS FROM `article` [ RunTime:0.0413s ]
SQL: SELECT * FROM `article` WHERE `id` = 52 LIMIT 1   [ RunTime:0.0004s ]
SQL: SELECT * FROM `article` WHERE `id` = 52 LIMIT 1   [ RunTime:0.0003s ]
SQL: UPDATE `article` SET `title`='centos7 Nat模式上网配置',`keyword`='',`content`='&lt;p&gt;在配置前是得安装好了vmware10和centos7.&lt;/p&gt;&lt;p&gt;第一步：虚拟网络编辑&lt;/p&gt;&lt;p&gt;&lt;img src=&quot;/ueditor/php/upload/image/20180106/1515210423968731.png&quot; title=&quot;1515210423968731.png&quot; alt=&quot;TIM截图20180106114551.png&quot;/&gt;&lt;/p&gt;&lt;p&gt;点击虚拟网络编辑到达以下界面&lt;/p&gt;&lt;p&gt;&lt;img src=&quot;/ueditor/php/upload/image/20180106/1515210509118092.png&quot; title=&quot;1515210509118092.png&quot; alt=&quot;TIM截图20180106114809.png&quot;/&gt;&lt;/p&gt;&lt;p&gt;&lt;br/&gt;&lt;/p&gt;&lt;p&gt;看你是否有名称为VMnet8 如果没有点击添加网络，如图&lt;/p&gt;&lt;p&gt;&lt;img src=&quot;/ueditor/php/upload/image/20180106/1515210589572925.png&quot; title=&quot;1515210589572925.png&quot; alt=&quot;TIM截图20180106114931.png&quot;/&gt;&lt;/p&gt;&lt;p&gt;我因为有了VMnet8所以没有显示出来&lt;/p&gt;&lt;p&gt;&lt;br/&gt;&lt;/p&gt;&lt;p&gt;&lt;img src=&quot;/ueditor/php/upload/image/20180106/1515219323665486.png&quot; title=&quot;1515219323665486.png&quot; alt=&quot;TIM截图20180106141319.png&quot;/&gt;&lt;/p&gt;&lt;p&gt;然后选择VMnet8 点击Nat设置&lt;br/&gt;&lt;/p&gt;&lt;p&gt;&lt;img src=&quot;/ueditor/php/upload/image/20180106/1515219360586308.png&quot; title=&quot;1515219360586308.png&quot; alt=&quot;TIM截图20180106141514.png&quot;/&gt;&lt;/p&gt;&lt;p&gt;点击添加&lt;br/&gt;&lt;/p&gt;&lt;p&gt;&lt;img src=&quot;/ueditor/php/upload/image/20180106/1515219410262407.png&quot; title=&quot;1515219410262407.png&quot; alt=&quot;TIM截图20180106141641.png&quot;/&gt;&lt;/p&gt;&lt;p&gt;在这里添加虚拟机的静态ip 添加端口ssh，后面还可以陆续添加mysql，apache端口&lt;/p&gt;&lt;p&gt;第一步就到这里完成了&lt;/p&gt;&lt;p&gt;第二部：&lt;/p&gt;&lt;p&gt;先进入/etc/sysconfig/network-scripts&lt;/p&gt;&lt;p&gt;然后备份ifcfg-ens33&amp;nbsp;&lt;/p&gt;&lt;p&gt;命令：cp ifcfg-ens33 ifcfg-ens33.bak&lt;/p&gt;&lt;p&gt;&lt;img src=&quot;/ueditor/php/upload/image/20180106/1515219717118926.png&quot; title=&quot;1515219717118926.png&quot; alt=&quot;TIM截图20180106142031.png&quot;/&gt;&lt;/p&gt;&lt;p&gt;然后修改ifcfg-ens33&lt;/p&gt;&lt;p&gt;命令：vi ifcfg-ens33&lt;/p&gt;&lt;p&gt;&lt;img src=&quot;/ueditor/php/upload/image/20180106/1515219845704817.png&quot; title=&quot;1515219845704817.png&quot; alt=&quot;TIM截图20180106142330.png&quot;/&gt;&lt;/p&gt;&lt;p&gt;BOOTPROTO=DHCP&amp;nbsp; 改成static&lt;/p&gt;&lt;p&gt;ONBOOT=no 改成yes&lt;/p&gt;&lt;p&gt;添加ip、网关、dns&lt;/p&gt;&lt;p&gt;保存后重启network&lt;/p&gt;&lt;p&gt;命令：systemctl restarrt network&lt;/p&gt;&lt;p&gt;测试命令：ping &lt;a href=&quot;http://www.baidu.com&quot;&gt;www.baidu.com&lt;/a&gt; &lt;/p&gt;&lt;p&gt;第二部完成，&lt;/p&gt;&lt;p&gt;第三部：&lt;/p&gt;&lt;p&gt;现在虚拟机可以上网了，但宿主机还ping不同虚拟机所以要设置相同网段。&lt;/p&gt;&lt;p&gt;打开网络共享中心-&amp;gt;更改适配器设置&lt;/p&gt;&lt;p&gt;&lt;img src=&quot;/ueditor/php/upload/image/20180106/1515220221908185.png&quot; title=&quot;1515220221908185.png&quot; alt=&quot;TIM截图20180106143001.png&quot;/&gt;&lt;/p&gt;&lt;p&gt;设置好就可以虚拟机和宿主机互相ping通了&lt;/p&gt;&lt;p&gt;&lt;br/&gt;&lt;/p&gt;&lt;p&gt;&lt;br/&gt;&lt;/p&gt;&lt;p&gt;&lt;br/&gt;&lt;/p&gt;',`status`='1',`type`='3',`createtime`='1515220268',`author`='小兔',`imgurl`=NULL,`recom`='0',`readnum`='2' WHERE `id` = 52 [ RunTime:0.0005s ]
SQL: SELECT `id`,`title` FROM `article` WHERE ( id<52 and status=1 ) ORDER BY id desc LIMIT 1   [ RunTime:0.0003s ]
SQL: SELECT `id`,`title` FROM `article` WHERE ( id>52 and status=1 ) ORDER BY id asc LIMIT 1   [ RunTime:0.0002s ]
SQL: SELECT `id`,`title` FROM `article` WHERE ( id<>52 and status=1 and recom=1 ) ORDER BY id desc LIMIT 6   [ RunTime:0.0008s ]
INFO: [ view_parse ] --START--
INFO: [ template_filter ] --START--
INFO: Run Behavior\ContentReplaceBehavior [ RunTime:0.000166s ]
INFO: [ template_filter ] --END-- [ RunTime:0.000279s ]
NOTIC: [8] Undefined variable: title D:\WWW\tools\Application\Runtime\Cache\Home\f274c600cf8d13c9d31ff143ea08a211.php 第 55 行.
INFO: [ keyWords ] --START--
SQL: SHOW COLUMNS FROM `keywords` [ RunTime:0.0131s ]
NOTIC: [2] Missing argument 1 for Think\Model::where(), called in D:\WWW\tools\Application\Home\Model\CommModel.class.php on line 46 and defined D:\WWW\tools\ThinkPHP\Library\Think\Model.class.php 第 1797 行.
NOTIC: [8] Undefined variable: where D:\WWW\tools\ThinkPHP\Library\Think\Model.class.php 第 1805 行.
NOTIC: [8] Undefined variable: where D:\WWW\tools\ThinkPHP\Library\Think\Model.class.php 第 1808 行.
NOTIC: [8] Undefined variable: where D:\WWW\tools\ThinkPHP\Library\Think\Model.class.php 第 1816 行.
SQL: SELECT * FROM `keywords` ORDER BY `order` asc,num desc LIMIT 30   [ RunTime:0.0004s ]
INFO: Run Home\Behavior\KeyWordsBehavior [ RunTime:0.016758s ]
INFO: [ keyWords ] --END-- [ RunTime:0.016850s ]
INFO: Run Behavior\ParseTemplateBehavior [ RunTime:0.031664s ]
INFO: [ view_parse ] --END-- [ RunTime:0.031766s ]
INFO: [ view_filter ] --START--
INFO: Run Behavior\WriteHtmlCacheBehavior [ RunTime:0.000402s ]
INFO: [ view_filter ] --END-- [ RunTime:0.000481s ]
INFO: [ app_end ] --START--
INFO: Run Behavior\ShowPageTraceBehavior [ RunTime:0.000765s ]
INFO: [ app_end ] --END-- [ RunTime:0.000870s ]

[ 2018-01-18T14:48:38+08:00 ] 127.0.0.1 /art/lists.aspx?t=&c=1
INFO: [ app_init ] --START--
INFO: Run Behavior\BuildLiteBehavior [ RunTime:0.000014s ]
INFO: [ app_init ] --END-- [ RunTime:0.000326s ]
INFO: [ app_begin ] --START--
INFO: Run Behavior\ReadHtmlCacheBehavior [ RunTime:0.000471s ]
INFO: [ app_begin ] --END-- [ RunTime:0.000524s ]
NOTIC: [2048] Declaration of Home\Model\TypeModel::save() should be compatible with that of Think\Model::save() D:\WWW\tools\Application\Home\Model\TypeModel.class.php 第 10 行.
NOTIC: [2048] Declaration of Home\Model\TypeModel::delete() should be compatible with that of Think\Model::delete() D:\WWW\tools\Application\Home\Model\TypeModel.class.php 第 10 行.
SQL: SHOW COLUMNS FROM `type` [ RunTime:0.0599s ]
NOTIC: [2] Missing argument 1 for Home\Model\TypeModel::lists(), called in D:\WWW\tools\ThinkPHP\Library\Think\Controller.class.php on line 51 and defined D:\WWW\tools\Application\Home\Model\TypeModel.class.php 第 83 行.
NOTIC: [8] Undefined variable: arr D:\WWW\tools\Application\Home\Model\TypeModel.class.php 第 84 行.
SQL: SELECT * FROM `type` ORDER BY `order` asc,id asc  [ RunTime:0.0004s ]

[ 2018-01-18T14:48:40+08:00 ] 127.0.0.1 /art/lists.aspx?t=&c=1
INFO: [ app_init ] --START--
INFO: Run Behavior\BuildLiteBehavior [ RunTime:0.000013s ]
INFO: [ app_init ] --END-- [ RunTime:0.000349s ]
INFO: [ app_begin ] --START--
INFO: Run Behavior\ReadHtmlCacheBehavior [ RunTime:0.000462s ]
INFO: [ app_begin ] --END-- [ RunTime:0.000516s ]
NOTIC: [2048] Declaration of Home\Model\TypeModel::save() should be compatible with that of Think\Model::save() D:\WWW\tools\Application\Home\Model\TypeModel.class.php 第 10 行.
NOTIC: [2048] Declaration of Home\Model\TypeModel::delete() should be compatible with that of Think\Model::delete() D:\WWW\tools\Application\Home\Model\TypeModel.class.php 第 10 行.
SQL: SHOW COLUMNS FROM `type` [ RunTime:0.0357s ]
NOTIC: [2] Missing argument 1 for Home\Model\TypeModel::lists(), called in D:\WWW\tools\ThinkPHP\Library\Think\Controller.class.php on line 51 and defined D:\WWW\tools\Application\Home\Model\TypeModel.class.php 第 83 行.
NOTIC: [8] Undefined variable: arr D:\WWW\tools\Application\Home\Model\TypeModel.class.php 第 84 行.
SQL: SELECT * FROM `type` ORDER BY `order` asc,id asc  [ RunTime:0.0007s ]

[ 2018-01-18T14:48:41+08:00 ] 127.0.0.1 /art/lists.aspx?t=&c=1
INFO: [ app_init ] --START--
INFO: Run Behavior\BuildLiteBehavior [ RunTime:0.000013s ]
INFO: [ app_init ] --END-- [ RunTime:0.000312s ]
INFO: [ app_begin ] --START--
INFO: Run Behavior\ReadHtmlCacheBehavior [ RunTime:0.000462s ]
INFO: [ app_begin ] --END-- [ RunTime:0.000515s ]
NOTIC: [2048] Declaration of Home\Model\TypeModel::save() should be compatible with that of Think\Model::save() D:\WWW\tools\Application\Home\Model\TypeModel.class.php 第 10 行.
NOTIC: [2048] Declaration of Home\Model\TypeModel::delete() should be compatible with that of Think\Model::delete() D:\WWW\tools\Application\Home\Model\TypeModel.class.php 第 10 行.
SQL: SHOW COLUMNS FROM `type` [ RunTime:0.0284s ]
NOTIC: [2] Missing argument 1 for Home\Model\TypeModel::lists(), called in D:\WWW\tools\ThinkPHP\Library\Think\Controller.class.php on line 51 and defined D:\WWW\tools\Application\Home\Model\TypeModel.class.php 第 83 行.
NOTIC: [8] Undefined variable: arr D:\WWW\tools\Application\Home\Model\TypeModel.class.php 第 84 行.
SQL: SELECT * FROM `type` ORDER BY `order` asc,id asc  [ RunTime:0.0004s ]

[ 2018-01-18T14:48:42+08:00 ] 127.0.0.1 /art/lists.aspx?t=&c=1
INFO: [ app_init ] --START--
INFO: Run Behavior\BuildLiteBehavior [ RunTime:0.000013s ]
INFO: [ app_init ] --END-- [ RunTime:0.000314s ]
INFO: [ app_begin ] --START--
INFO: Run Behavior\ReadHtmlCacheBehavior [ RunTime:0.000465s ]
INFO: [ app_begin ] --END-- [ RunTime:0.000517s ]
NOTIC: [2048] Declaration of Home\Model\TypeModel::save() should be compatible with that of Think\Model::save() D:\WWW\tools\Application\Home\Model\TypeModel.class.php 第 10 行.
NOTIC: [2048] Declaration of Home\Model\TypeModel::delete() should be compatible with that of Think\Model::delete() D:\WWW\tools\Application\Home\Model\TypeModel.class.php 第 10 行.
SQL: SHOW COLUMNS FROM `type` [ RunTime:0.0860s ]
NOTIC: [2] Missing argument 1 for Home\Model\TypeModel::lists(), called in D:\WWW\tools\ThinkPHP\Library\Think\Controller.class.php on line 51 and defined D:\WWW\tools\Application\Home\Model\TypeModel.class.php 第 83 行.
NOTIC: [8] Undefined variable: arr D:\WWW\tools\Application\Home\Model\TypeModel.class.php 第 84 行.
SQL: SELECT * FROM `type` ORDER BY `order` asc,id asc  [ RunTime:0.0003s ]

[ 2018-01-18T14:48:43+08:00 ] 127.0.0.1 /art/lists.aspx?t=&c=1
INFO: [ app_init ] --START--
INFO: Run Behavior\BuildLiteBehavior [ RunTime:0.000012s ]
INFO: [ app_init ] --END-- [ RunTime:0.000317s ]
INFO: [ app_begin ] --START--
INFO: Run Behavior\ReadHtmlCacheBehavior [ RunTime:0.000457s ]
INFO: [ app_begin ] --END-- [ RunTime:0.000510s ]
NOTIC: [2048] Declaration of Home\Model\TypeModel::save() should be compatible with that of Think\Model::save() D:\WWW\tools\Application\Home\Model\TypeModel.class.php 第 10 行.
NOTIC: [2048] Declaration of Home\Model\TypeModel::delete() should be compatible with that of Think\Model::delete() D:\WWW\tools\Application\Home\Model\TypeModel.class.php 第 10 行.
SQL: SHOW COLUMNS FROM `type` [ RunTime:0.0350s ]
NOTIC: [2] Missing argument 1 for Home\Model\TypeModel::lists(), called in D:\WWW\tools\ThinkPHP\Library\Think\Controller.class.php on line 51 and defined D:\WWW\tools\Application\Home\Model\TypeModel.class.php 第 83 行.
NOTIC: [8] Undefined variable: arr D:\WWW\tools\Application\Home\Model\TypeModel.class.php 第 84 行.
SQL: SELECT * FROM `type` ORDER BY `order` asc,id asc  [ RunTime:0.0007s ]

[ 2018-01-18T14:48:44+08:00 ] 127.0.0.1 /art/lists.aspx?t=&c=1
INFO: [ app_init ] --START--
INFO: Run Behavior\BuildLiteBehavior [ RunTime:0.000013s ]
INFO: [ app_init ] --END-- [ RunTime:0.000306s ]
INFO: [ app_begin ] --START--
INFO: Run Behavior\ReadHtmlCacheBehavior [ RunTime:0.000438s ]
INFO: [ app_begin ] --END-- [ RunTime:0.000487s ]
NOTIC: [2048] Declaration of Home\Model\TypeModel::save() should be compatible with that of Think\Model::save() D:\WWW\tools\Application\Home\Model\TypeModel.class.php 第 10 行.
NOTIC: [2048] Declaration of Home\Model\TypeModel::delete() should be compatible with that of Think\Model::delete() D:\WWW\tools\Application\Home\Model\TypeModel.class.php 第 10 行.
SQL: SHOW COLUMNS FROM `type` [ RunTime:0.0358s ]
NOTIC: [2] Missing argument 1 for Home\Model\TypeModel::lists(), called in D:\WWW\tools\ThinkPHP\Library\Think\Controller.class.php on line 51 and defined D:\WWW\tools\Application\Home\Model\TypeModel.class.php 第 83 行.
NOTIC: [8] Undefined variable: arr D:\WWW\tools\Application\Home\Model\TypeModel.class.php 第 84 行.
SQL: SELECT * FROM `type` ORDER BY `order` asc,id asc  [ RunTime:0.0007s ]

[ 2018-01-18T14:48:45+08:00 ] 127.0.0.1 /art/lists.aspx?t=&c=1
INFO: [ app_init ] --START--
INFO: Run Behavior\BuildLiteBehavior [ RunTime:0.000017s ]
INFO: [ app_init ] --END-- [ RunTime:0.000360s ]
INFO: [ app_begin ] --START--
INFO: Run Behavior\ReadHtmlCacheBehavior [ RunTime:0.000477s ]
INFO: [ app_begin ] --END-- [ RunTime:0.000546s ]
NOTIC: [2048] Declaration of Home\Model\TypeModel::save() should be compatible with that of Think\Model::save() D:\WWW\tools\Application\Home\Model\TypeModel.class.php 第 10 行.
NOTIC: [2048] Declaration of Home\Model\TypeModel::delete() should be compatible with that of Think\Model::delete() D:\WWW\tools\Application\Home\Model\TypeModel.class.php 第 10 行.
SQL: SHOW COLUMNS FROM `type` [ RunTime:0.0561s ]
NOTIC: [2] Missing argument 1 for Home\Model\TypeModel::lists(), called in D:\WWW\tools\ThinkPHP\Library\Think\Controller.class.php on line 51 and defined D:\WWW\tools\Application\Home\Model\TypeModel.class.php 第 83 行.
NOTIC: [8] Undefined variable: arr D:\WWW\tools\Application\Home\Model\TypeModel.class.php 第 84 行.
SQL: SELECT * FROM `type` ORDER BY `order` asc,id asc  [ RunTime:0.0008s ]

[ 2018-01-18T14:48:46+08:00 ] 127.0.0.1 /art/lists.aspx?t=&c=1
INFO: [ app_init ] --START--
INFO: Run Behavior\BuildLiteBehavior [ RunTime:0.000014s ]
INFO: [ app_init ] --END-- [ RunTime:0.000284s ]
INFO: [ app_begin ] --START--
INFO: Run Behavior\ReadHtmlCacheBehavior [ RunTime:0.000400s ]
INFO: [ app_begin ] --END-- [ RunTime:0.000459s ]
NOTIC: [2048] Declaration of Home\Model\TypeModel::save() should be compatible with that of Think\Model::save() D:\WWW\tools\Application\Home\Model\TypeModel.class.php 第 10 行.
NOTIC: [2048] Declaration of Home\Model\TypeModel::delete() should be compatible with that of Think\Model::delete() D:\WWW\tools\Application\Home\Model\TypeModel.class.php 第 10 行.
SQL: SHOW COLUMNS FROM `type` [ RunTime:0.0123s ]
NOTIC: [2] Missing argument 1 for Home\Model\TypeModel::lists(), called in D:\WWW\tools\ThinkPHP\Library\Think\Controller.class.php on line 51 and defined D:\WWW\tools\Application\Home\Model\TypeModel.class.php 第 83 行.
NOTIC: [8] Undefined variable: arr D:\WWW\tools\Application\Home\Model\TypeModel.class.php 第 84 行.
SQL: SELECT * FROM `type` ORDER BY `order` asc,id asc  [ RunTime:0.0002s ]
SQL: SHOW COLUMNS FROM `article` [ RunTime:0.0071s ]
SQL: SELECT * FROM `article` ORDER BY id desc LIMIT 0,6   [ RunTime:0.0005s ]
SQL: SELECT COUNT(*) AS tp_count FROM `article` LIMIT 1   [ RunTime:0.0001s ]
SQL: SHOW COLUMNS FROM `keywords` [ RunTime:0.0083s ]
NOTIC: [2] Missing argument 1 for Think\Model::where(), called in D:\WWW\tools\Application\Home\Model\CommModel.class.php on line 46 and defined D:\WWW\tools\ThinkPHP\Library\Think\Model.class.php 第 1797 行.
NOTIC: [8] Undefined variable: where D:\WWW\tools\ThinkPHP\Library\Think\Model.class.php 第 1805 行.
NOTIC: [8] Undefined variable: where D:\WWW\tools\ThinkPHP\Library\Think\Model.class.php 第 1808 行.
NOTIC: [8] Undefined variable: where D:\WWW\tools\ThinkPHP\Library\Think\Model.class.php 第 1816 行.
SQL: SELECT * FROM `keywords` ORDER BY `order` asc,num desc LIMIT 20   [ RunTime:0.0002s ]
INFO: [ view_parse ] --START--
INFO: [ template_filter ] --START--
INFO: Run Behavior\ContentReplaceBehavior [ RunTime:0.000081s ]
INFO: [ template_filter ] --END-- [ RunTime:0.000132s ]
INFO: Run Behavior\ParseTemplateBehavior [ RunTime:0.010730s ]
INFO: [ view_parse ] --END-- [ RunTime:0.010790s ]
INFO: [ view_filter ] --START--
INFO: Run Behavior\WriteHtmlCacheBehavior [ RunTime:0.000296s ]
INFO: [ view_filter ] --END-- [ RunTime:0.000340s ]
INFO: [ app_end ] --START--
INFO: Run Behavior\ShowPageTraceBehavior [ RunTime:0.000467s ]
INFO: [ app_end ] --END-- [ RunTime:0.000522s ]

[ 2018-01-18T14:48:47+08:00 ] 127.0.0.1 /art/lists.aspx?t=&c=1
INFO: [ app_init ] --START--
INFO: Run Behavior\BuildLiteBehavior [ RunTime:0.000014s ]
INFO: [ app_init ] --END-- [ RunTime:0.000419s ]
INFO: [ app_begin ] --START--
INFO: Run Behavior\ReadHtmlCacheBehavior [ RunTime:0.000474s ]
INFO: [ app_begin ] --END-- [ RunTime:0.000527s ]
NOTIC: [2048] Declaration of Home\Model\TypeModel::save() should be compatible with that of Think\Model::save() D:\WWW\tools\Application\Home\Model\TypeModel.class.php 第 10 行.
NOTIC: [2048] Declaration of Home\Model\TypeModel::delete() should be compatible with that of Think\Model::delete() D:\WWW\tools\Application\Home\Model\TypeModel.class.php 第 10 行.
SQL: SHOW COLUMNS FROM `type` [ RunTime:0.0321s ]
NOTIC: [2] Missing argument 1 for Home\Model\TypeModel::lists(), called in D:\WWW\tools\ThinkPHP\Library\Think\Controller.class.php on line 51 and defined D:\WWW\tools\Application\Home\Model\TypeModel.class.php 第 83 行.
NOTIC: [8] Undefined variable: arr D:\WWW\tools\Application\Home\Model\TypeModel.class.php 第 84 行.
SQL: SELECT * FROM `type` ORDER BY `order` asc,id asc  [ RunTime:0.0004s ]

[ 2018-01-18T14:48:48+08:00 ] 127.0.0.1 /art/lists.aspx?t=&c=1
INFO: [ app_init ] --START--
INFO: Run Behavior\BuildLiteBehavior [ RunTime:0.000030s ]
INFO: [ app_init ] --END-- [ RunTime:0.001043s ]
INFO: [ app_begin ] --START--
INFO: Run Behavior\ReadHtmlCacheBehavior [ RunTime:0.000879s ]
INFO: [ app_begin ] --END-- [ RunTime:0.001005s ]
NOTIC: [2048] Declaration of Home\Model\TypeModel::save() should be compatible with that of Think\Model::save() D:\WWW\tools\Application\Home\Model\TypeModel.class.php 第 10 行.
NOTIC: [2048] Declaration of Home\Model\TypeModel::delete() should be compatible with that of Think\Model::delete() D:\WWW\tools\Application\Home\Model\TypeModel.class.php 第 10 行.
SQL: SHOW COLUMNS FROM `type` [ RunTime:0.0354s ]
NOTIC: [2] Missing argument 1 for Home\Model\TypeModel::lists(), called in D:\WWW\tools\ThinkPHP\Library\Think\Controller.class.php on line 51 and defined D:\WWW\tools\Application\Home\Model\TypeModel.class.php 第 83 行.
NOTIC: [8] Undefined variable: arr D:\WWW\tools\Application\Home\Model\TypeModel.class.php 第 84 行.
SQL: SELECT * FROM `type` ORDER BY `order` asc,id asc  [ RunTime:0.0007s ]
SQL: SHOW COLUMNS FROM `article` [ RunTime:0.0300s ]
SQL: SELECT * FROM `article` ORDER BY id desc LIMIT 0,6   [ RunTime:0.0014s ]
SQL: SELECT COUNT(*) AS tp_count FROM `article` LIMIT 1   [ RunTime:0.0003s ]
SQL: SHOW COLUMNS FROM `keywords` [ RunTime:0.0117s ]
NOTIC: [2] Missing argument 1 for Think\Model::where(), called in D:\WWW\tools\Application\Home\Model\CommModel.class.php on line 46 and defined D:\WWW\tools\ThinkPHP\Library\Think\Model.class.php 第 1797 行.
NOTIC: [8] Undefined variable: where D:\WWW\tools\ThinkPHP\Library\Think\Model.class.php 第 1805 行.
NOTIC: [8] Undefined variable: where D:\WWW\tools\ThinkPHP\Library\Think\Model.class.php 第 1808 行.
NOTIC: [8] Undefined variable: where D:\WWW\tools\ThinkPHP\Library\Think\Model.class.php 第 1816 行.
SQL: SELECT * FROM `keywords` ORDER BY `order` asc,num desc LIMIT 20   [ RunTime:0.0003s ]
INFO: [ view_parse ] --START--
INFO: [ template_filter ] --START--
INFO: Run Behavior\ContentReplaceBehavior [ RunTime:0.000126s ]
INFO: [ template_filter ] --END-- [ RunTime:0.000210s ]
INFO: Run Behavior\ParseTemplateBehavior [ RunTime:0.016882s ]
INFO: [ view_parse ] --END-- [ RunTime:0.016955s ]
INFO: [ view_filter ] --START--
INFO: Run Behavior\WriteHtmlCacheBehavior [ RunTime:0.000273s ]
INFO: [ view_filter ] --END-- [ RunTime:0.000314s ]
INFO: [ app_end ] --START--
INFO: Run Behavior\ShowPageTraceBehavior [ RunTime:0.000445s ]
INFO: [ app_end ] --END-- [ RunTime:0.000499s ]

[ 2018-01-18T14:48:49+08:00 ] 127.0.0.1 /art/lists.aspx?t=&c=1
INFO: [ app_init ] --START--
INFO: Run Behavior\BuildLiteBehavior [ RunTime:0.000013s ]
INFO: [ app_init ] --END-- [ RunTime:0.000336s ]
INFO: [ app_begin ] --START--
INFO: Run Behavior\ReadHtmlCacheBehavior [ RunTime:0.000490s ]
INFO: [ app_begin ] --END-- [ RunTime:0.000546s ]
NOTIC: [2048] Declaration of Home\Model\TypeModel::save() should be compatible with that of Think\Model::save() D:\WWW\tools\Application\Home\Model\TypeModel.class.php 第 10 行.
NOTIC: [2048] Declaration of Home\Model\TypeModel::delete() should be compatible with that of Think\Model::delete() D:\WWW\tools\Application\Home\Model\TypeModel.class.php 第 10 行.
SQL: SHOW COLUMNS FROM `type` [ RunTime:0.0356s ]
NOTIC: [2] Missing argument 1 for Home\Model\TypeModel::lists(), called in D:\WWW\tools\ThinkPHP\Library\Think\Controller.class.php on line 51 and defined D:\WWW\tools\Application\Home\Model\TypeModel.class.php 第 83 行.
NOTIC: [8] Undefined variable: arr D:\WWW\tools\Application\Home\Model\TypeModel.class.php 第 84 行.
SQL: SELECT * FROM `type` ORDER BY `order` asc,id asc  [ RunTime:0.0007s ]

[ 2018-01-18T14:48:50+08:00 ] 127.0.0.1 /art/lists.aspx?t=&c=1
INFO: [ app_init ] --START--
INFO: Run Behavior\BuildLiteBehavior [ RunTime:0.000021s ]
INFO: [ app_init ] --END-- [ RunTime:0.000456s ]
INFO: [ app_begin ] --START--
INFO: Run Behavior\ReadHtmlCacheBehavior [ RunTime:0.000595s ]
INFO: [ app_begin ] --END-- [ RunTime:0.000680s ]
NOTIC: [2048] Declaration of Home\Model\TypeModel::save() should be compatible with that of Think\Model::save() D:\WWW\tools\Application\Home\Model\TypeModel.class.php 第 10 行.
NOTIC: [2048] Declaration of Home\Model\TypeModel::delete() should be compatible with that of Think\Model::delete() D:\WWW\tools\Application\Home\Model\TypeModel.class.php 第 10 行.
SQL: SHOW COLUMNS FROM `type` [ RunTime:0.0358s ]
NOTIC: [2] Missing argument 1 for Home\Model\TypeModel::lists(), called in D:\WWW\tools\ThinkPHP\Library\Think\Controller.class.php on line 51 and defined D:\WWW\tools\Application\Home\Model\TypeModel.class.php 第 83 行.
NOTIC: [8] Undefined variable: arr D:\WWW\tools\Application\Home\Model\TypeModel.class.php 第 84 行.
SQL: SELECT * FROM `type` ORDER BY `order` asc,id asc  [ RunTime:0.0007s ]
SQL: SHOW COLUMNS FROM `article` [ RunTime:0.0264s ]
SQL: SELECT * FROM `article` ORDER BY id desc LIMIT 0,6   [ RunTime:0.0010s ]
SQL: SELECT COUNT(*) AS tp_count FROM `article` LIMIT 1   [ RunTime:0.0003s ]
SQL: SHOW COLUMNS FROM `keywords` [ RunTime:0.0302s ]
NOTIC: [2] Missing argument 1 for Think\Model::where(), called in D:\WWW\tools\Application\Home\Model\CommModel.class.php on line 46 and defined D:\WWW\tools\ThinkPHP\Library\Think\Model.class.php 第 1797 行.
NOTIC: [8] Undefined variable: where D:\WWW\tools\ThinkPHP\Library\Think\Model.class.php 第 1805 行.
NOTIC: [8] Undefined variable: where D:\WWW\tools\ThinkPHP\Library\Think\Model.class.php 第 1808 行.
NOTIC: [8] Undefined variable: where D:\WWW\tools\ThinkPHP\Library\Think\Model.class.php 第 1816 行.
SQL: SELECT * FROM `keywords` ORDER BY `order` asc,num desc LIMIT 20   [ RunTime:0.0005s ]
INFO: [ view_parse ] --START--
INFO: [ template_filter ] --START--
INFO: Run Behavior\ContentReplaceBehavior [ RunTime:0.000178s ]
INFO: [ template_filter ] --END-- [ RunTime:0.000301s ]
INFO: Run Behavior\ParseTemplateBehavior [ RunTime:0.022432s ]
INFO: [ view_parse ] --END-- [ RunTime:0.022540s ]
INFO: [ view_filter ] --START--
INFO: Run Behavior\WriteHtmlCacheBehavior [ RunTime:0.000297s ]
INFO: [ view_filter ] --END-- [ RunTime:0.000345s ]
INFO: [ app_end ] --START--
INFO: Run Behavior\ShowPageTraceBehavior [ RunTime:0.000502s ]
INFO: [ app_end ] --END-- [ RunTime:0.000563s ]

[ 2018-01-18T14:48:51+08:00 ] 127.0.0.1 /art/lists.aspx?t=&c=1
INFO: [ app_init ] --START--
INFO: Run Behavior\BuildLiteBehavior [ RunTime:0.000020s ]
INFO: [ app_init ] --END-- [ RunTime:0.000496s ]
INFO: [ app_begin ] --START--
INFO: Run Behavior\ReadHtmlCacheBehavior [ RunTime:0.000728s ]
INFO: [ app_begin ] --END-- [ RunTime:0.000811s ]
NOTIC: [2048] Declaration of Home\Model\TypeModel::save() should be compatible with that of Think\Model::save() D:\WWW\tools\Application\Home\Model\TypeModel.class.php 第 10 行.
NOTIC: [2048] Declaration of Home\Model\TypeModel::delete() should be compatible with that of Think\Model::delete() D:\WWW\tools\Application\Home\Model\TypeModel.class.php 第 10 行.
SQL: SHOW COLUMNS FROM `type` [ RunTime:0.0099s ]
NOTIC: [2] Missing argument 1 for Home\Model\TypeModel::lists(), called in D:\WWW\tools\ThinkPHP\Library\Think\Controller.class.php on line 51 and defined D:\WWW\tools\Application\Home\Model\TypeModel.class.php 第 83 行.
NOTIC: [8] Undefined variable: arr D:\WWW\tools\Application\Home\Model\TypeModel.class.php 第 84 行.
SQL: SELECT * FROM `type` ORDER BY `order` asc,id asc  [ RunTime:0.0002s ]

[ 2018-01-18T14:48:53+08:00 ] 127.0.0.1 /art/lists.aspx?t=&c=1
INFO: [ app_init ] --START--
INFO: Run Behavior\BuildLiteBehavior [ RunTime:0.000021s ]
INFO: [ app_init ] --END-- [ RunTime:0.000444s ]
INFO: [ app_begin ] --START--
INFO: Run Behavior\ReadHtmlCacheBehavior [ RunTime:0.000652s ]
INFO: [ app_begin ] --END-- [ RunTime:0.000742s ]
NOTIC: [2048] Declaration of Home\Model\TypeModel::save() should be compatible with that of Think\Model::save() D:\WWW\tools\Application\Home\Model\TypeModel.class.php 第 10 行.
NOTIC: [2048] Declaration of Home\Model\TypeModel::delete() should be compatible with that of Think\Model::delete() D:\WWW\tools\Application\Home\Model\TypeModel.class.php 第 10 行.
SQL: SHOW COLUMNS FROM `type` [ RunTime:0.0306s ]
NOTIC: [2] Missing argument 1 for Home\Model\TypeModel::lists(), called in D:\WWW\tools\ThinkPHP\Library\Think\Controller.class.php on line 51 and defined D:\WWW\tools\Application\Home\Model\TypeModel.class.php 第 83 行.
NOTIC: [8] Undefined variable: arr D:\WWW\tools\Application\Home\Model\TypeModel.class.php 第 84 行.
SQL: SELECT * FROM `type` ORDER BY `order` asc,id asc  [ RunTime:0.0004s ]
SQL: SHOW COLUMNS FROM `article` [ RunTime:0.0220s ]
SQL: SELECT * FROM `article` ORDER BY id desc LIMIT 0,6   [ RunTime:0.0008s ]
SQL: SELECT COUNT(*) AS tp_count FROM `article` LIMIT 1   [ RunTime:0.0002s ]
SQL: SHOW COLUMNS FROM `keywords` [ RunTime:0.0155s ]
NOTIC: [2] Missing argument 1 for Think\Model::where(), called in D:\WWW\tools\Application\Home\Model\CommModel.class.php on line 46 and defined D:\WWW\tools\ThinkPHP\Library\Think\Model.class.php 第 1797 行.
NOTIC: [8] Undefined variable: where D:\WWW\tools\ThinkPHP\Library\Think\Model.class.php 第 1805 行.
NOTIC: [8] Undefined variable: where D:\WWW\tools\ThinkPHP\Library\Think\Model.class.php 第 1808 行.
NOTIC: [8] Undefined variable: where D:\WWW\tools\ThinkPHP\Library\Think\Model.class.php 第 1816 行.
SQL: SELECT * FROM `keywords` ORDER BY `order` asc,num desc LIMIT 20   [ RunTime:0.0005s ]
INFO: [ view_parse ] --START--
INFO: [ template_filter ] --START--
INFO: Run Behavior\ContentReplaceBehavior [ RunTime:0.000181s ]
INFO: [ template_filter ] --END-- [ RunTime:0.000305s ]
INFO: Run Behavior\ParseTemplateBehavior [ RunTime:0.025062s ]
INFO: [ view_parse ] --END-- [ RunTime:0.025198s ]
INFO: [ view_filter ] --START--
INFO: Run Behavior\WriteHtmlCacheBehavior [ RunTime:0.000655s ]
INFO: [ view_filter ] --END-- [ RunTime:0.000759s ]
INFO: [ app_end ] --START--
INFO: Run Behavior\ShowPageTraceBehavior [ RunTime:0.001054s ]
INFO: [ app_end ] --END-- [ RunTime:0.001183s ]

[ 2018-01-18T14:48:54+08:00 ] 127.0.0.1 /art/lists.aspx?t=&c=1
INFO: [ app_init ] --START--
INFO: Run Behavior\BuildLiteBehavior [ RunTime:0.000021s ]
INFO: [ app_init ] --END-- [ RunTime:0.000509s ]
INFO: [ app_begin ] --START--
INFO: Run Behavior\ReadHtmlCacheBehavior [ RunTime:0.000732s ]
INFO: [ app_begin ] --END-- [ RunTime:0.000823s ]
NOTIC: [2048] Declaration of Home\Model\TypeModel::save() should be compatible with that of Think\Model::save() D:\WWW\tools\Application\Home\Model\TypeModel.class.php 第 10 行.
NOTIC: [2048] Declaration of Home\Model\TypeModel::delete() should be compatible with that of Think\Model::delete() D:\WWW\tools\Application\Home\Model\TypeModel.class.php 第 10 行.
SQL: SHOW COLUMNS FROM `type` [ RunTime:0.0317s ]
NOTIC: [2] Missing argument 1 for Home\Model\TypeModel::lists(), called in D:\WWW\tools\ThinkPHP\Library\Think\Controller.class.php on line 51 and defined D:\WWW\tools\Application\Home\Model\TypeModel.class.php 第 83 行.
NOTIC: [8] Undefined variable: arr D:\WWW\tools\Application\Home\Model\TypeModel.class.php 第 84 行.
SQL: SELECT * FROM `type` ORDER BY `order` asc,id asc  [ RunTime:0.0006s ]
SQL: SHOW COLUMNS FROM `article` [ RunTime:0.0144s ]
SQL: SELECT * FROM `article` ORDER BY id desc LIMIT 0,6   [ RunTime:0.0008s ]
SQL: SELECT COUNT(*) AS tp_count FROM `article` LIMIT 1   [ RunTime:0.0002s ]
SQL: SHOW COLUMNS FROM `keywords` [ RunTime:0.0145s ]
NOTIC: [2] Missing argument 1 for Think\Model::where(), called in D:\WWW\tools\Application\Home\Model\CommModel.class.php on line 46 and defined D:\WWW\tools\ThinkPHP\Library\Think\Model.class.php 第 1797 行.
NOTIC: [8] Undefined variable: where D:\WWW\tools\ThinkPHP\Library\Think\Model.class.php 第 1805 行.
NOTIC: [8] Undefined variable: where D:\WWW\tools\ThinkPHP\Library\Think\Model.class.php 第 1808 行.
NOTIC: [8] Undefined variable: where D:\WWW\tools\ThinkPHP\Library\Think\Model.class.php 第 1816 行.
SQL: SELECT * FROM `keywords` ORDER BY `order` asc,num desc LIMIT 20   [ RunTime:0.0005s ]
INFO: [ view_parse ] --START--
INFO: [ template_filter ] --START--
INFO: Run Behavior\ContentReplaceBehavior [ RunTime:0.000171s ]
INFO: [ template_filter ] --END-- [ RunTime:0.000290s ]
INFO: Run Behavior\ParseTemplateBehavior [ RunTime:0.023559s ]
INFO: [ view_parse ] --END-- [ RunTime:0.023699s ]
INFO: [ view_filter ] --START--
INFO: Run Behavior\WriteHtmlCacheBehavior [ RunTime:0.000646s ]
INFO: [ view_filter ] --END-- [ RunTime:0.000745s ]
INFO: [ app_end ] --START--
INFO: Run Behavior\ShowPageTraceBehavior [ RunTime:0.001029s ]
INFO: [ app_end ] --END-- [ RunTime:0.001156s ]

[ 2018-01-18T14:48:55+08:00 ] 127.0.0.1 /art/lists.aspx?t=&c=1
INFO: [ app_init ] --START--
INFO: Run Behavior\BuildLiteBehavior [ RunTime:0.000015s ]
INFO: [ app_init ] --END-- [ RunTime:0.000335s ]
INFO: [ app_begin ] --START--
INFO: Run Behavior\ReadHtmlCacheBehavior [ RunTime:0.000443s ]
INFO: [ app_begin ] --END-- [ RunTime:0.000508s ]
NOTIC: [2048] Declaration of Home\Model\TypeModel::save() should be compatible with that of Think\Model::save() D:\WWW\tools\Application\Home\Model\TypeModel.class.php 第 10 行.
NOTIC: [2048] Declaration of Home\Model\TypeModel::delete() should be compatible with that of Think\Model::delete() D:\WWW\tools\Application\Home\Model\TypeModel.class.php 第 10 行.
SQL: SHOW COLUMNS FROM `type` [ RunTime:0.0098s ]
NOTIC: [2] Missing argument 1 for Home\Model\TypeModel::lists(), called in D:\WWW\tools\ThinkPHP\Library\Think\Controller.class.php on line 51 and defined D:\WWW\tools\Application\Home\Model\TypeModel.class.php 第 83 行.
NOTIC: [8] Undefined variable: arr D:\WWW\tools\Application\Home\Model\TypeModel.class.php 第 84 行.
SQL: SELECT * FROM `type` ORDER BY `order` asc,id asc  [ RunTime:0.0002s ]
SQL: SHOW COLUMNS FROM `article` [ RunTime:0.0117s ]
SQL: SELECT * FROM `article` ORDER BY id desc LIMIT 0,6   [ RunTime:0.0008s ]
SQL: SELECT COUNT(*) AS tp_count FROM `article` LIMIT 1   [ RunTime:0.0002s ]
SQL: SHOW COLUMNS FROM `keywords` [ RunTime:0.0149s ]
NOTIC: [2] Missing argument 1 for Think\Model::where(), called in D:\WWW\tools\Application\Home\Model\CommModel.class.php on line 46 and defined D:\WWW\tools\ThinkPHP\Library\Think\Model.class.php 第 1797 行.
NOTIC: [8] Undefined variable: where D:\WWW\tools\ThinkPHP\Library\Think\Model.class.php 第 1805 行.
NOTIC: [8] Undefined variable: where D:\WWW\tools\ThinkPHP\Library\Think\Model.class.php 第 1808 行.
NOTIC: [8] Undefined variable: where D:\WWW\tools\ThinkPHP\Library\Think\Model.class.php 第 1816 行.
SQL: SELECT * FROM `keywords` ORDER BY `order` asc,num desc LIMIT 20   [ RunTime:0.0004s ]
INFO: [ view_parse ] --START--
INFO: [ template_filter ] --START--
INFO: Run Behavior\ContentReplaceBehavior [ RunTime:0.000100s ]
INFO: [ template_filter ] --END-- [ RunTime:0.000168s ]
INFO: Run Behavior\ParseTemplateBehavior [ RunTime:0.013486s ]
INFO: [ view_parse ] --END-- [ RunTime:0.013579s ]
INFO: [ view_filter ] --START--
INFO: Run Behavior\WriteHtmlCacheBehavior [ RunTime:0.000344s ]
INFO: [ view_filter ] --END-- [ RunTime:0.000405s ]
INFO: [ app_end ] --START--
INFO: Run Behavior\ShowPageTraceBehavior [ RunTime:0.000599s ]
INFO: [ app_end ] --END-- [ RunTime:0.000672s ]

[ 2018-01-18T14:48:56+08:00 ] 127.0.0.1 /art/lists.aspx?t=&c=1
INFO: [ app_init ] --START--
INFO: Run Behavior\BuildLiteBehavior [ RunTime:0.000020s ]
INFO: [ app_init ] --END-- [ RunTime:0.000445s ]
INFO: [ app_begin ] --START--
INFO: Run Behavior\ReadHtmlCacheBehavior [ RunTime:0.000588s ]
INFO: [ app_begin ] --END-- [ RunTime:0.000675s ]
NOTIC: [2048] Declaration of Home\Model\TypeModel::save() should be compatible with that of Think\Model::save() D:\WWW\tools\Application\Home\Model\TypeModel.class.php 第 10 行.
NOTIC: [2048] Declaration of Home\Model\TypeModel::delete() should be compatible with that of Think\Model::delete() D:\WWW\tools\Application\Home\Model\TypeModel.class.php 第 10 行.
SQL: SHOW COLUMNS FROM `type` [ RunTime:0.0353s ]
NOTIC: [2] Missing argument 1 for Home\Model\TypeModel::lists(), called in D:\WWW\tools\ThinkPHP\Library\Think\Controller.class.php on line 51 and defined D:\WWW\tools\Application\Home\Model\TypeModel.class.php 第 83 行.
NOTIC: [8] Undefined variable: arr D:\WWW\tools\Application\Home\Model\TypeModel.class.php 第 84 行.
SQL: SELECT * FROM `type` ORDER BY `order` asc,id asc  [ RunTime:0.0007s ]
SQL: SHOW COLUMNS FROM `article` [ RunTime:0.0127s ]
SQL: SELECT * FROM `article` ORDER BY id desc LIMIT 0,6   [ RunTime:0.0007s ]
SQL: SELECT COUNT(*) AS tp_count FROM `article` LIMIT 1   [ RunTime:0.0002s ]
SQL: SHOW COLUMNS FROM `keywords` [ RunTime:0.0128s ]
NOTIC: [2] Missing argument 1 for Think\Model::where(), called in D:\WWW\tools\Application\Home\Model\CommModel.class.php on line 46 and defined D:\WWW\tools\ThinkPHP\Library\Think\Model.class.php 第 1797 行.
NOTIC: [8] Undefined variable: where D:\WWW\tools\ThinkPHP\Library\Think\Model.class.php 第 1805 行.
NOTIC: [8] Undefined variable: where D:\WWW\tools\ThinkPHP\Library\Think\Model.class.php 第 1808 行.
NOTIC: [8] Undefined variable: where D:\WWW\tools\ThinkPHP\Library\Think\Model.class.php 第 1816 行.
SQL: SELECT * FROM `keywords` ORDER BY `order` asc,num desc LIMIT 20   [ RunTime:0.0004s ]
INFO: [ view_parse ] --START--
INFO: [ template_filter ] --START--
INFO: Run Behavior\ContentReplaceBehavior [ RunTime:0.000146s ]
INFO: [ template_filter ] --END-- [ RunTime:0.000248s ]
INFO: Run Behavior\ParseTemplateBehavior [ RunTime:0.020384s ]
INFO: [ view_parse ] --END-- [ RunTime:0.020505s ]
INFO: [ view_filter ] --START--
INFO: Run Behavior\WriteHtmlCacheBehavior [ RunTime:0.000606s ]
INFO: [ view_filter ] --END-- [ RunTime:0.000691s ]
INFO: [ app_end ] --START--
INFO: Run Behavior\ShowPageTraceBehavior [ RunTime:0.000892s ]
INFO: [ app_end ] --END-- [ RunTime:0.000999s ]

[ 2018-01-18T14:48:57+08:00 ] 127.0.0.1 /art/lists.aspx?t=&c=1
INFO: [ app_init ] --START--
INFO: Run Behavior\BuildLiteBehavior [ RunTime:0.000015s ]
INFO: [ app_init ] --END-- [ RunTime:0.000335s ]
INFO: [ app_begin ] --START--
INFO: Run Behavior\ReadHtmlCacheBehavior [ RunTime:0.000454s ]
INFO: [ app_begin ] --END-- [ RunTime:0.000521s ]
NOTIC: [2048] Declaration of Home\Model\TypeModel::save() should be compatible with that of Think\Model::save() D:\WWW\tools\Application\Home\Model\TypeModel.class.php 第 10 行.
NOTIC: [2048] Declaration of Home\Model\TypeModel::delete() should be compatible with that of Think\Model::delete() D:\WWW\tools\Application\Home\Model\TypeModel.class.php 第 10 行.
SQL: SHOW COLUMNS FROM `type` [ RunTime:0.0385s ]
NOTIC: [2] Missing argument 1 for Home\Model\TypeModel::lists(), called in D:\WWW\tools\ThinkPHP\Library\Think\Controller.class.php on line 51 and defined D:\WWW\tools\Application\Home\Model\TypeModel.class.php 第 83 行.
NOTIC: [8] Undefined variable: arr D:\WWW\tools\Application\Home\Model\TypeModel.class.php 第 84 行.
SQL: SELECT * FROM `type` ORDER BY `order` asc,id asc  [ RunTime:0.0003s ]
SQL: SHOW COLUMNS FROM `article` [ RunTime:0.0116s ]
SQL: SELECT * FROM `article` ORDER BY id desc LIMIT 0,6   [ RunTime:0.0005s ]
SQL: SELECT COUNT(*) AS tp_count FROM `article` LIMIT 1   [ RunTime:0.0001s ]
SQL: SHOW COLUMNS FROM `keywords` [ RunTime:0.0095s ]
NOTIC: [2] Missing argument 1 for Think\Model::where(), called in D:\WWW\tools\Application\Home\Model\CommModel.class.php on line 46 and defined D:\WWW\tools\ThinkPHP\Library\Think\Model.class.php 第 1797 行.
NOTIC: [8] Undefined variable: where D:\WWW\tools\ThinkPHP\Library\Think\Model.class.php 第 1805 行.
NOTIC: [8] Undefined variable: where D:\WWW\tools\ThinkPHP\Library\Think\Model.class.php 第 1808 行.
NOTIC: [8] Undefined variable: where D:\WWW\tools\ThinkPHP\Library\Think\Model.class.php 第 1816 行.
SQL: SELECT * FROM `keywords` ORDER BY `order` asc,num desc LIMIT 20   [ RunTime:0.0003s ]
INFO: [ view_parse ] --START--
INFO: [ template_filter ] --START--
INFO: Run Behavior\ContentReplaceBehavior [ RunTime:0.000112s ]
INFO: [ template_filter ] --END-- [ RunTime:0.000192s ]
INFO: Run Behavior\ParseTemplateBehavior [ RunTime:0.015532s ]
INFO: [ view_parse ] --END-- [ RunTime:0.015616s ]
INFO: [ view_filter ] --START--
INFO: Run Behavior\WriteHtmlCacheBehavior [ RunTime:0.000396s ]
INFO: [ view_filter ] --END-- [ RunTime:0.000461s ]
INFO: [ app_end ] --START--
INFO: Run Behavior\ShowPageTraceBehavior [ RunTime:0.000649s ]
INFO: [ app_end ] --END-- [ RunTime:0.000728s ]

[ 2018-01-18T14:48:58+08:00 ] 127.0.0.1 /art/lists.aspx?t=&c=1
INFO: [ app_init ] --START--
INFO: Run Behavior\BuildLiteBehavior [ RunTime:0.000024s ]
INFO: [ app_init ] --END-- [ RunTime:0.000529s ]
INFO: [ app_begin ] --START--
INFO: Run Behavior\ReadHtmlCacheBehavior [ RunTime:0.000732s ]
INFO: [ app_begin ] --END-- [ RunTime:0.000840s ]
NOTIC: [2048] Declaration of Home\Model\TypeModel::save() should be compatible with that of Think\Model::save() D:\WWW\tools\Application\Home\Model\TypeModel.class.php 第 10 行.
NOTIC: [2048] Declaration of Home\Model\TypeModel::delete() should be compatible with that of Think\Model::delete() D:\WWW\tools\Application\Home\Model\TypeModel.class.php 第 10 行.
SQL: SHOW COLUMNS FROM `type` [ RunTime:0.0200s ]
NOTIC: [2] Missing argument 1 for Home\Model\TypeModel::lists(), called in D:\WWW\tools\ThinkPHP\Library\Think\Controller.class.php on line 51 and defined D:\WWW\tools\Application\Home\Model\TypeModel.class.php 第 83 行.
NOTIC: [8] Undefined variable: arr D:\WWW\tools\Application\Home\Model\TypeModel.class.php 第 84 行.
SQL: SELECT * FROM `type` ORDER BY `order` asc,id asc  [ RunTime:0.0002s ]
SQL: SHOW COLUMNS FROM `article` [ RunTime:0.0579s ]
SQL: SELECT * FROM `article` ORDER BY id desc LIMIT 0,6   [ RunTime:0.0004s ]
SQL: SELECT COUNT(*) AS tp_count FROM `article` LIMIT 1   [ RunTime:0.0001s ]
SQL: SHOW COLUMNS FROM `keywords` [ RunTime:0.0082s ]
NOTIC: [2] Missing argument 1 for Think\Model::where(), called in D:\WWW\tools\Application\Home\Model\CommModel.class.php on line 46 and defined D:\WWW\tools\ThinkPHP\Library\Think\Model.class.php 第 1797 行.
NOTIC: [8] Undefined variable: where D:\WWW\tools\ThinkPHP\Library\Think\Model.class.php 第 1805 行.
NOTIC: [8] Undefined variable: where D:\WWW\tools\ThinkPHP\Library\Think\Model.class.php 第 1808 行.
NOTIC: [8] Undefined variable: where D:\WWW\tools\ThinkPHP\Library\Think\Model.class.php 第 1816 行.
SQL: SELECT * FROM `keywords` ORDER BY `order` asc,num desc LIMIT 20   [ RunTime:0.0002s ]
INFO: [ view_parse ] --START--
INFO: [ template_filter ] --START--
INFO: Run Behavior\ContentReplaceBehavior [ RunTime:0.000078s ]
INFO: [ template_filter ] --END-- [ RunTime:0.000135s ]
INFO: Run Behavior\ParseTemplateBehavior [ RunTime:0.010606s ]
INFO: [ view_parse ] --END-- [ RunTime:0.010674s ]
INFO: [ view_filter ] --START--
INFO: Run Behavior\WriteHtmlCacheBehavior [ RunTime:0.000337s ]
INFO: [ view_filter ] --END-- [ RunTime:0.000382s ]
INFO: [ app_end ] --START--
INFO: Run Behavior\ShowPageTraceBehavior [ RunTime:0.000467s ]
INFO: [ app_end ] --END-- [ RunTime:0.000527s ]

[ 2018-01-18T14:48:59+08:00 ] 127.0.0.1 /art/lists.aspx?t=&c=1
INFO: [ app_init ] --START--
INFO: Run Behavior\BuildLiteBehavior [ RunTime:0.000012s ]
INFO: [ app_init ] --END-- [ RunTime:0.000280s ]
INFO: [ app_begin ] --START--
INFO: Run Behavior\ReadHtmlCacheBehavior [ RunTime:0.000359s ]
INFO: [ app_begin ] --END-- [ RunTime:0.000412s ]
NOTIC: [2048] Declaration of Home\Model\TypeModel::save() should be compatible with that of Think\Model::save() D:\WWW\tools\Application\Home\Model\TypeModel.class.php 第 10 行.
NOTIC: [2048] Declaration of Home\Model\TypeModel::delete() should be compatible with that of Think\Model::delete() D:\WWW\tools\Application\Home\Model\TypeModel.class.php 第 10 行.
SQL: SHOW COLUMNS FROM `type` [ RunTime:0.0355s ]
NOTIC: [2] Missing argument 1 for Home\Model\TypeModel::lists(), called in D:\WWW\tools\ThinkPHP\Library\Think\Controller.class.php on line 51 and defined D:\WWW\tools\Application\Home\Model\TypeModel.class.php 第 83 行.
NOTIC: [8] Undefined variable: arr D:\WWW\tools\Application\Home\Model\TypeModel.class.php 第 84 行.
SQL: SELECT * FROM `type` ORDER BY `order` asc,id asc  [ RunTime:0.0008s ]
SQL: SHOW COLUMNS FROM `article` [ RunTime:0.0255s ]
SQL: SELECT * FROM `article` ORDER BY id desc LIMIT 0,6   [ RunTime:0.0015s ]
SQL: SELECT COUNT(*) AS tp_count FROM `article` LIMIT 1   [ RunTime:0.0004s ]
SQL: SHOW COLUMNS FROM `keywords` [ RunTime:0.0249s ]
NOTIC: [2] Missing argument 1 for Think\Model::where(), called in D:\WWW\tools\Application\Home\Model\CommModel.class.php on line 46 and defined D:\WWW\tools\ThinkPHP\Library\Think\Model.class.php 第 1797 行.
NOTIC: [8] Undefined variable: where D:\WWW\tools\ThinkPHP\Library\Think\Model.class.php 第 1805 行.
NOTIC: [8] Undefined variable: where D:\WWW\tools\ThinkPHP\Library\Think\Model.class.php 第 1808 行.
NOTIC: [8] Undefined variable: where D:\WWW\tools\ThinkPHP\Library\Think\Model.class.php 第 1816 行.
SQL: SELECT * FROM `keywords` ORDER BY `order` asc,num desc LIMIT 20   [ RunTime:0.0009s ]
INFO: [ view_parse ] --START--
INFO: [ template_filter ] --START--
INFO: Run Behavior\ContentReplaceBehavior [ RunTime:0.000309s ]
INFO: [ template_filter ] --END-- [ RunTime:0.000514s ]
INFO: Run Behavior\ParseTemplateBehavior [ RunTime:0.033815s ]
INFO: [ view_parse ] --END-- [ RunTime:0.033975s ]
INFO: [ view_filter ] --START--
INFO: Run Behavior\WriteHtmlCacheBehavior [ RunTime:0.000531s ]
INFO: [ view_filter ] --END-- [ RunTime:0.000620s ]
INFO: [ app_end ] --START--
INFO: Run Behavior\ShowPageTraceBehavior [ RunTime:0.001041s ]
INFO: [ app_end ] --END-- [ RunTime:0.001153s ]

[ 2018-01-18T14:49:08+08:00 ] 127.0.0.1 /
INFO: [ app_init ] --START--
INFO: Run Behavior\BuildLiteBehavior [ RunTime:0.000014s ]
INFO: [ app_init ] --END-- [ RunTime:0.000302s ]
INFO: [ app_begin ] --START--
INFO: Run Behavior\ReadHtmlCacheBehavior [ RunTime:0.000372s ]
INFO: [ app_begin ] --END-- [ RunTime:0.000439s ]
NOTIC: [2048] Declaration of Home\Model\TypeModel::save() should be compatible with that of Think\Model::save() D:\WWW\tools\Application\Home\Model\TypeModel.class.php 第 10 行.
NOTIC: [2048] Declaration of Home\Model\TypeModel::delete() should be compatible with that of Think\Model::delete() D:\WWW\tools\Application\Home\Model\TypeModel.class.php 第 10 行.
SQL: SHOW COLUMNS FROM `type` [ RunTime:0.0182s ]
NOTIC: [2] Missing argument 1 for Home\Model\TypeModel::lists(), called in D:\WWW\tools\ThinkPHP\Library\Think\Controller.class.php on line 51 and defined D:\WWW\tools\Application\Home\Model\TypeModel.class.php 第 83 行.
NOTIC: [8] Undefined variable: arr D:\WWW\tools\Application\Home\Model\TypeModel.class.php 第 84 行.
SQL: SELECT * FROM `type` ORDER BY `order` asc,id asc  [ RunTime:0.0004s ]
SQL: SHOW COLUMNS FROM `article` [ RunTime:0.0127s ]
SQL: SELECT * FROM `article` WHERE `status` = 1 ORDER BY id desc LIMIT 6   [ RunTime:0.0007s ]
SQL: SELECT * FROM `article` WHERE `status` = 1 ORDER BY readnum desc,id desc LIMIT 6   [ RunTime:0.0010s ]
INFO: [ view_parse ] --START--
INFO: [ template_filter ] --START--
INFO: Run Behavior\ContentReplaceBehavior [ RunTime:0.000154s ]
INFO: [ template_filter ] --END-- [ RunTime:0.000241s ]
NOTIC: [8] Undefined variable: title D:\WWW\tools\Application\Runtime\Cache\Home\2a94b8bda04ff446dcedd42276fc99ee.php 第 62 行.
INFO: [ keyWords ] --START--
SQL: SHOW COLUMNS FROM `keywords` [ RunTime:0.0186s ]
NOTIC: [2] Missing argument 1 for Think\Model::where(), called in D:\WWW\tools\Application\Home\Model\CommModel.class.php on line 46 and defined D:\WWW\tools\ThinkPHP\Library\Think\Model.class.php 第 1797 行.
NOTIC: [8] Undefined variable: where D:\WWW\tools\ThinkPHP\Library\Think\Model.class.php 第 1805 行.
NOTIC: [8] Undefined variable: where D:\WWW\tools\ThinkPHP\Library\Think\Model.class.php 第 1808 行.
NOTIC: [8] Undefined variable: where D:\WWW\tools\ThinkPHP\Library\Think\Model.class.php 第 1816 行.
SQL: SELECT * FROM `keywords` ORDER BY `order` asc,num desc LIMIT 30   [ RunTime:0.0003s ]
INFO: Run Home\Behavior\KeyWordsBehavior [ RunTime:0.021044s ]
INFO: [ keyWords ] --END-- [ RunTime:0.021103s ]
INFO: Run Behavior\ParseTemplateBehavior [ RunTime:0.036591s ]
INFO: [ view_parse ] --END-- [ RunTime:0.036662s ]
INFO: [ view_filter ] --START--
INFO: Run Behavior\WriteHtmlCacheBehavior [ RunTime:0.000279s ]
INFO: [ view_filter ] --END-- [ RunTime:0.000331s ]
INFO: [ app_end ] --START--
INFO: Run Behavior\ShowPageTraceBehavior [ RunTime:0.000478s ]
INFO: [ app_end ] --END-- [ RunTime:0.000539s ]

[ 2018-01-18T14:49:14+08:00 ] 127.0.0.1 /art/lists/ty/13.aspx
INFO: [ app_init ] --START--
INFO: Run Behavior\BuildLiteBehavior [ RunTime:0.000015s ]
INFO: [ app_init ] --END-- [ RunTime:0.000298s ]
INFO: [ app_begin ] --START--
INFO: Run Behavior\ReadHtmlCacheBehavior [ RunTime:0.000393s ]
INFO: [ app_begin ] --END-- [ RunTime:0.000452s ]
NOTIC: [2048] Declaration of Home\Model\TypeModel::save() should be compatible with that of Think\Model::save() D:\WWW\tools\Application\Home\Model\TypeModel.class.php 第 10 行.
NOTIC: [2048] Declaration of Home\Model\TypeModel::delete() should be compatible with that of Think\Model::delete() D:\WWW\tools\Application\Home\Model\TypeModel.class.php 第 10 行.
SQL: SHOW COLUMNS FROM `type` [ RunTime:0.0256s ]
NOTIC: [2] Missing argument 1 for Home\Model\TypeModel::lists(), called in D:\WWW\tools\ThinkPHP\Library\Think\Controller.class.php on line 51 and defined D:\WWW\tools\Application\Home\Model\TypeModel.class.php 第 83 行.
NOTIC: [8] Undefined variable: arr D:\WWW\tools\Application\Home\Model\TypeModel.class.php 第 84 行.
SQL: SELECT * FROM `type` ORDER BY `order` asc,id asc  [ RunTime:0.0008s ]
SQL: SHOW COLUMNS FROM `article` [ RunTime:0.0183s ]
SQL: SELECT * FROM `article` WHERE `type` = 13 ORDER BY id desc LIMIT 0,6   [ RunTime:0.0013s ]
SQL: SELECT COUNT(*) AS tp_count FROM `article` WHERE `type` = 13 LIMIT 1   [ RunTime:0.0163s ]
SQL: SHOW COLUMNS FROM `keywords` [ RunTime:0.0184s ]
NOTIC: [2] Missing argument 1 for Think\Model::where(), called in D:\WWW\tools\Application\Home\Model\CommModel.class.php on line 46 and defined D:\WWW\tools\ThinkPHP\Library\Think\Model.class.php 第 1797 行.
NOTIC: [8] Undefined variable: where D:\WWW\tools\ThinkPHP\Library\Think\Model.class.php 第 1805 行.
NOTIC: [8] Undefined variable: where D:\WWW\tools\ThinkPHP\Library\Think\Model.class.php 第 1808 行.
NOTIC: [8] Undefined variable: where D:\WWW\tools\ThinkPHP\Library\Think\Model.class.php 第 1816 行.
SQL: SELECT * FROM `keywords` ORDER BY `order` asc,num desc LIMIT 20   [ RunTime:0.0006s ]
INFO: [ view_parse ] --START--
INFO: [ template_filter ] --START--
INFO: Run Behavior\ContentReplaceBehavior [ RunTime:0.000212s ]
INFO: [ template_filter ] --END-- [ RunTime:0.000389s ]
INFO: Run Behavior\ParseTemplateBehavior [ RunTime:0.023684s ]
INFO: [ view_parse ] --END-- [ RunTime:0.023797s ]
INFO: [ view_filter ] --START--
INFO: Run Behavior\WriteHtmlCacheBehavior [ RunTime:0.000282s ]
INFO: [ view_filter ] --END-- [ RunTime:0.000345s ]
INFO: [ app_end ] --START--
INFO: Run Behavior\ShowPageTraceBehavior [ RunTime:0.000534s ]
INFO: [ app_end ] --END-- [ RunTime:0.000602s ]

[ 2018-01-18T14:49:15+08:00 ] 127.0.0.1 /art/lists/ty/13.aspx
INFO: [ app_init ] --START--
INFO: Run Behavior\BuildLiteBehavior [ RunTime:0.000013s ]
INFO: [ app_init ] --END-- [ RunTime:0.000270s ]
INFO: [ app_begin ] --START--
INFO: Run Behavior\ReadHtmlCacheBehavior [ RunTime:0.000372s ]
INFO: [ app_begin ] --END-- [ RunTime:0.000426s ]
NOTIC: [2048] Declaration of Home\Model\TypeModel::save() should be compatible with that of Think\Model::save() D:\WWW\tools\Application\Home\Model\TypeModel.class.php 第 10 行.
NOTIC: [2048] Declaration of Home\Model\TypeModel::delete() should be compatible with that of Think\Model::delete() D:\WWW\tools\Application\Home\Model\TypeModel.class.php 第 10 行.
SQL: SHOW COLUMNS FROM `type` [ RunTime:0.0328s ]
NOTIC: [2] Missing argument 1 for Home\Model\TypeModel::lists(), called in D:\WWW\tools\ThinkPHP\Library\Think\Controller.class.php on line 51 and defined D:\WWW\tools\Application\Home\Model\TypeModel.class.php 第 83 行.
NOTIC: [8] Undefined variable: arr D:\WWW\tools\Application\Home\Model\TypeModel.class.php 第 84 行.
SQL: SELECT * FROM `type` ORDER BY `order` asc,id asc  [ RunTime:0.0003s ]
SQL: SHOW COLUMNS FROM `article` [ RunTime:0.0187s ]
SQL: SELECT * FROM `article` WHERE `type` = 13 ORDER BY id desc LIMIT 0,6   [ RunTime:0.0009s ]
SQL: SELECT COUNT(*) AS tp_count FROM `article` WHERE `type` = 13 LIMIT 1   [ RunTime:0.0005s ]
SQL: SHOW COLUMNS FROM `keywords` [ RunTime:0.0096s ]
NOTIC: [2] Missing argument 1 for Think\Model::where(), called in D:\WWW\tools\Application\Home\Model\CommModel.class.php on line 46 and defined D:\WWW\tools\ThinkPHP\Library\Think\Model.class.php 第 1797 行.
NOTIC: [8] Undefined variable: where D:\WWW\tools\ThinkPHP\Library\Think\Model.class.php 第 1805 行.
NOTIC: [8] Undefined variable: where D:\WWW\tools\ThinkPHP\Library\Think\Model.class.php 第 1808 行.
NOTIC: [8] Undefined variable: where D:\WWW\tools\ThinkPHP\Library\Think\Model.class.php 第 1816 行.
SQL: SELECT * FROM `keywords` ORDER BY `order` asc,num desc LIMIT 20   [ RunTime:0.0002s ]
INFO: [ view_parse ] --START--
INFO: [ template_filter ] --START--
INFO: Run Behavior\ContentReplaceBehavior [ RunTime:0.000093s ]
INFO: [ template_filter ] --END-- [ RunTime:0.000176s ]
INFO: Run Behavior\ParseTemplateBehavior [ RunTime:0.009502s ]
INFO: [ view_parse ] --END-- [ RunTime:0.009579s ]
INFO: [ view_filter ] --START--
INFO: Run Behavior\WriteHtmlCacheBehavior [ RunTime:0.000251s ]
INFO: [ view_filter ] --END-- [ RunTime:0.000302s ]
INFO: [ app_end ] --START--
INFO: Run Behavior\ShowPageTraceBehavior [ RunTime:0.000417s ]
INFO: [ app_end ] --END-- [ RunTime:0.000468s ]

[ 2018-01-18T14:49:44+08:00 ] 127.0.0.1 /art/article/id/49.aspx
INFO: [ app_init ] --START--
INFO: Run Behavior\BuildLiteBehavior [ RunTime:0.000014s ]
INFO: [ app_init ] --END-- [ RunTime:0.000300s ]
INFO: [ app_begin ] --START--
INFO: Run Behavior\ReadHtmlCacheBehavior [ RunTime:0.000393s ]
INFO: [ app_begin ] --END-- [ RunTime:0.000450s ]
NOTIC: [2048] Declaration of Home\Model\TypeModel::save() should be compatible with that of Think\Model::save() D:\WWW\tools\Application\Home\Model\TypeModel.class.php 第 10 行.
NOTIC: [2048] Declaration of Home\Model\TypeModel::delete() should be compatible with that of Think\Model::delete() D:\WWW\tools\Application\Home\Model\TypeModel.class.php 第 10 行.
SQL: SHOW COLUMNS FROM `type` [ RunTime:0.0425s ]
NOTIC: [2] Missing argument 1 for Home\Model\TypeModel::lists(), called in D:\WWW\tools\ThinkPHP\Library\Think\Controller.class.php on line 51 and defined D:\WWW\tools\Application\Home\Model\TypeModel.class.php 第 83 行.
NOTIC: [8] Undefined variable: arr D:\WWW\tools\Application\Home\Model\TypeModel.class.php 第 84 行.
SQL: SELECT * FROM `type` ORDER BY `order` asc,id asc  [ RunTime:0.0004s ]
SQL: SHOW COLUMNS FROM `article` [ RunTime:0.0156s ]
SQL: SELECT * FROM `article` WHERE `id` = 49 LIMIT 1   [ RunTime:0.0005s ]
SQL: SELECT * FROM `article` WHERE `id` = 49 LIMIT 1   [ RunTime:0.0003s ]
SQL: UPDATE `article` SET `title`='thinkphp框架报错：_STORAGE_WRITE_ERROR_',`keyword`='_STORAGE_WRITE_ERROR_,setenforce,setlinux',`content`='&lt;p&gt;&lt;font color=&quot;#323232&quot; face=&quot;Century Gothic, Microsoft yahei&quot;&gt;&lt;span style=&quot;line-height: 28.8px; background-color: rgb(255, 255, 255);&quot;&gt;使用的是thinkphp框架，刚搭建了服务器安装好了php环境，跑程序报了以下错误：&lt;/span&gt;&lt;/font&gt;&lt;/p&gt;&lt;p&gt;&lt;span style=&quot;color: rgb(50, 50, 50); font-family: &amp;quot;Century Gothic&amp;quot;, &amp;quot;Microsoft yahei&amp;quot;; line-height: 28.8px; background-color: rgb(255, 255, 255);&quot;&gt;_STORAGE_WRITE_ERROR_:./Application/Runtime/Cache/User/788524be80db1959c132efbce25367a0.php&lt;/span&gt;&lt;br/&gt;&lt;span style=&quot;color: rgb(50, 50, 50); font-family: &amp;quot;Century Gothic&amp;quot;, &amp;quot;Microsoft yahei&amp;quot;; line-height: 28.8px; background-color: rgb(255, 255, 255);&quot;&gt;错误位置&lt;/span&gt;&lt;br/&gt;&lt;span style=&quot;color: rgb(50, 50, 50); font-family: &amp;quot;Century Gothic&amp;quot;, &amp;quot;Microsoft yahei&amp;quot;; line-height: 28.8px; background-color: rgb(255, 255, 255);&quot;&gt;FILE: /data/web/partTime/ThinkPHP/Library/Think/Storage/Driver/File.class.php 　LINE: 47&lt;/span&gt;&lt;br/&gt;&lt;br/&gt;&lt;span style=&quot;color: rgb(50, 50, 50); font-family: &amp;quot;Century Gothic&amp;quot;, &amp;quot;Microsoft yahei&amp;quot;; line-height: 28.8px; background-color: rgb(255, 255, 255);&quot;&gt;--------------------------------------&lt;/span&gt;&lt;br/&gt;一般情况有以下几种情况：&lt;/p&gt;&lt;ol class=&quot; list-paddingleft-2&quot; style=&quot;list-style-type: decimal;&quot;&gt;&lt;li&gt;&lt;p&gt;该工作区间没有足够空间，删除大的缓存或日志文件。&lt;/p&gt;&lt;/li&gt;&lt;li&gt;&lt;p&gt;查看Runtime是否有足够的读写权限，及用户组是否有权限，用chomd命令赋权限。&lt;/p&gt;&lt;/li&gt;&lt;li&gt;&lt;p&gt;还有一种是setlinux防火墙的问题，有强制模式和宽松模式，强制模式下进程只能访问任务列表下的文件&lt;/p&gt;&lt;p&gt;所以要把setlinux改成宽松模式，临时设置命令setenforce 0，可以修改配置不过需要重启服务器&lt;/p&gt;&lt;/li&gt;&lt;/ol&gt;',`status`='1',`type`='13',`createtime`='1514260221',`author`='小兔',`imgurl`=NULL,`recom`='0',`readnum`='2' WHERE `id` = 49 [ RunTime:0.0005s ]
SQL: SELECT `id`,`title` FROM `article` WHERE ( id<49 and status=1 ) ORDER BY id desc LIMIT 1   [ RunTime:0.0003s ]
SQL: SELECT `id`,`title` FROM `article` WHERE ( id>49 and status=1 ) ORDER BY id asc LIMIT 1   [ RunTime:0.0003s ]
SQL: SELECT `id`,`title` FROM `article` WHERE ( id<>49 and status=1 and recom=1 ) ORDER BY id desc LIMIT 6   [ RunTime:0.0010s ]
INFO: [ view_parse ] --START--
INFO: [ template_filter ] --START--
INFO: Run Behavior\ContentReplaceBehavior [ RunTime:0.000123s ]
INFO: [ template_filter ] --END-- [ RunTime:0.000208s ]
NOTIC: [8] Undefined variable: title D:\WWW\tools\Application\Runtime\Cache\Home\f274c600cf8d13c9d31ff143ea08a211.php 第 55 行.
INFO: [ keyWords ] --START--
SQL: SHOW COLUMNS FROM `keywords` [ RunTime:0.0099s ]
NOTIC: [2] Missing argument 1 for Think\Model::where(), called in D:\WWW\tools\Application\Home\Model\CommModel.class.php on line 46 and defined D:\WWW\tools\ThinkPHP\Library\Think\Model.class.php 第 1797 行.
NOTIC: [8] Undefined variable: where D:\WWW\tools\ThinkPHP\Library\Think\Model.class.php 第 1805 行.
NOTIC: [8] Undefined variable: where D:\WWW\tools\ThinkPHP\Library\Think\Model.class.php 第 1808 行.
NOTIC: [8] Undefined variable: where D:\WWW\tools\ThinkPHP\Library\Think\Model.class.php 第 1816 行.
SQL: SELECT * FROM `keywords` ORDER BY `order` asc,num desc LIMIT 30   [ RunTime:0.0003s ]
INFO: Run Home\Behavior\KeyWordsBehavior [ RunTime:0.012680s ]
INFO: [ keyWords ] --END-- [ RunTime:0.012751s ]
INFO: Run Behavior\ParseTemplateBehavior [ RunTime:0.025735s ]
INFO: [ view_parse ] --END-- [ RunTime:0.025847s ]
INFO: [ view_filter ] --START--
INFO: Run Behavior\WriteHtmlCacheBehavior [ RunTime:0.000318s ]
INFO: [ view_filter ] --END-- [ RunTime:0.000378s ]
INFO: [ app_end ] --START--
INFO: Run Behavior\ShowPageTraceBehavior [ RunTime:0.000554s ]
INFO: [ app_end ] --END-- [ RunTime:0.000628s ]

[ 2018-01-18T14:50:06+08:00 ] 127.0.0.1 /
INFO: [ app_init ] --START--
INFO: Run Behavior\BuildLiteBehavior [ RunTime:0.000013s ]
INFO: [ app_init ] --END-- [ RunTime:0.000278s ]
INFO: [ app_begin ] --START--
INFO: Run Behavior\ReadHtmlCacheBehavior [ RunTime:0.000361s ]
INFO: [ app_begin ] --END-- [ RunTime:0.000429s ]
NOTIC: [2048] Declaration of Home\Model\TypeModel::save() should be compatible with that of Think\Model::save() D:\WWW\tools\Application\Home\Model\TypeModel.class.php 第 10 行.
NOTIC: [2048] Declaration of Home\Model\TypeModel::delete() should be compatible with that of Think\Model::delete() D:\WWW\tools\Application\Home\Model\TypeModel.class.php 第 10 行.
SQL: SHOW COLUMNS FROM `type` [ RunTime:0.0402s ]
NOTIC: [2] Missing argument 1 for Home\Model\TypeModel::lists(), called in D:\WWW\tools\ThinkPHP\Library\Think\Controller.class.php on line 51 and defined D:\WWW\tools\Application\Home\Model\TypeModel.class.php 第 83 行.
NOTIC: [8] Undefined variable: arr D:\WWW\tools\Application\Home\Model\TypeModel.class.php 第 84 行.
SQL: SELECT * FROM `type` ORDER BY `order` asc,id asc  [ RunTime:0.0004s ]
SQL: SHOW COLUMNS FROM `article` [ RunTime:0.0150s ]
SQL: SELECT * FROM `article` WHERE `status` = 1 ORDER BY id desc LIMIT 6   [ RunTime:0.0008s ]
SQL: SELECT * FROM `article` WHERE `status` = 1 ORDER BY readnum desc,id desc LIMIT 6   [ RunTime:0.0012s ]
INFO: [ view_parse ] --START--
INFO: [ template_filter ] --START--
INFO: Run Behavior\ContentReplaceBehavior [ RunTime:0.000202s ]
INFO: [ template_filter ] --END-- [ RunTime:0.000325s ]
NOTIC: [8] Undefined variable: title D:\WWW\tools\Application\Runtime\Cache\Home\2a94b8bda04ff446dcedd42276fc99ee.php 第 62 行.
INFO: [ keyWords ] --START--
SQL: SHOW COLUMNS FROM `keywords` [ RunTime:0.0121s ]
NOTIC: [2] Missing argument 1 for Think\Model::where(), called in D:\WWW\tools\Application\Home\Model\CommModel.class.php on line 46 and defined D:\WWW\tools\ThinkPHP\Library\Think\Model.class.php 第 1797 行.
NOTIC: [8] Undefined variable: where D:\WWW\tools\ThinkPHP\Library\Think\Model.class.php 第 1805 行.
NOTIC: [8] Undefined variable: where D:\WWW\tools\ThinkPHP\Library\Think\Model.class.php 第 1808 行.
NOTIC: [8] Undefined variable: where D:\WWW\tools\ThinkPHP\Library\Think\Model.class.php 第 1816 行.
SQL: SELECT * FROM `keywords` ORDER BY `order` asc,num desc LIMIT 30   [ RunTime:0.0003s ]
INFO: Run Home\Behavior\KeyWordsBehavior [ RunTime:0.015152s ]
INFO: [ keyWords ] --END-- [ RunTime:0.015237s ]
INFO: Run Behavior\ParseTemplateBehavior [ RunTime:0.034950s ]
INFO: [ view_parse ] --END-- [ RunTime:0.035030s ]
INFO: [ view_filter ] --START--
INFO: Run Behavior\WriteHtmlCacheBehavior [ RunTime:0.000287s ]
INFO: [ view_filter ] --END-- [ RunTime:0.000342s ]
INFO: [ app_end ] --START--
INFO: Run Behavior\ShowPageTraceBehavior [ RunTime:0.000521s ]
INFO: [ app_end ] --END-- [ RunTime:0.000585s ]

