[ 2018-07-19T16:40:42+08:00 ] 127.0.0.1 /
INFO: [ app_init ] --START--
INFO: Run Behavior\BuildLiteBehavior [ RunTime:0.000011s ]
INFO: [ app_init ] --END-- [ RunTime:0.015804s ]
INFO: [ app_begin ] --START--
INFO: Run Behavior\ReadHtmlCacheBehavior [ RunTime:0.000420s ]
INFO: [ app_begin ] --END-- [ RunTime:0.000464s ]
SQL: SHOW COLUMNS FROM `statisticsip` [ RunTime:0.0511s ]
SQL: SELECT * FROM `statisticsip` WHERE `ip` = '127.0.0.1' AND `date` = 20180719 LIMIT 1   [ RunTime:0.0310s ]
SQL: INSERT INTO `statisticsip` (`ip`,`date`,`recordtime`) VALUES ('127.0.0.1','20180719','1531989641') [ RunTime:0.0242s ]
NOTIC: [2048] Declaration of Home\Model\TypeModel::save() should be compatible with Think\Model::save($data = '', $options = Array) D:\WWW\tools\Application\Home\Model\TypeModel.class.php 第 88 行.
NOTIC: [2048] Declaration of Home\Model\TypeModel::delete() should be compatible with Think\Model::delete($options = Array) D:\WWW\tools\Application\Home\Model\TypeModel.class.php 第 88 行.
SQL: SHOW COLUMNS FROM `type` [ RunTime:0.0606s ]
SQL: SELECT * FROM `type` ORDER BY `order` asc,id asc  [ RunTime:0.0004s ]
SQL: SHOW COLUMNS FROM `article` [ RunTime:0.1267s ]
SQL: SELECT * FROM `article` WHERE `status` = 1 ORDER BY id desc LIMIT 6   [ RunTime:0.0249s ]
SQL: SELECT * FROM `article` WHERE `status` = 1 ORDER BY readnum desc,id desc LIMIT 6   [ RunTime:0.0083s ]
INFO: [ view_parse ] --START--
INFO: [ template_filter ] --START--
INFO: Run Behavior\ContentReplaceBehavior [ RunTime:0.000279s ]
INFO: [ template_filter ] --END-- [ RunTime:0.000370s ]
NOTIC: [8] Undefined variable: title D:\WWW\tools\Application\Runtime\Cache\Home\2a94b8bda04ff446dcedd42276fc99ee.php 第 62 行.
INFO: [ keyWords ] --START--
SQL: SHOW COLUMNS FROM `keywords` [ RunTime:0.0867s ]
SQL: SELECT * FROM `keywords` ORDER BY `order` asc,num desc LIMIT 30   [ RunTime:0.0004s ]
INFO: Run Home\Behavior\KeyWordsBehavior [ RunTime:0.227551s ]
INFO: [ keyWords ] --END-- [ RunTime:0.227600s ]
INFO: Run Behavior\ParseTemplateBehavior [ RunTime:0.690846s ]
INFO: [ view_parse ] --END-- [ RunTime:0.690950s ]
INFO: [ view_filter ] --START--
INFO: Run Behavior\WriteHtmlCacheBehavior [ RunTime:0.033980s ]
INFO: [ view_filter ] --END-- [ RunTime:0.034037s ]
INFO: [ app_end ] --START--
INFO: Run Behavior\ShowPageTraceBehavior [ RunTime:0.023910s ]
INFO: [ app_end ] --END-- [ RunTime:0.023973s ]

[ 2018-07-19T16:40:45+08:00 ] 127.0.0.1 /tools/unicode.aspx
INFO: [ app_init ] --START--
INFO: Run Behavior\BuildLiteBehavior [ RunTime:0.000012s ]
INFO: [ app_init ] --END-- [ RunTime:0.000305s ]
INFO: [ app_begin ] --START--
INFO: Run Behavior\ReadHtmlCacheBehavior [ RunTime:0.000395s ]
INFO: [ app_begin ] --END-- [ RunTime:0.000438s ]
NOTIC: [2048] Declaration of Home\Model\TypeModel::save() should be compatible with Think\Model::save($data = '', $options = Array) D:\WWW\tools\Application\Home\Model\TypeModel.class.php 第 10 行.
NOTIC: [2048] Declaration of Home\Model\TypeModel::delete() should be compatible with Think\Model::delete($options = Array) D:\WWW\tools\Application\Home\Model\TypeModel.class.php 第 10 行.
SQL: SHOW COLUMNS FROM `type` [ RunTime:0.0293s ]
SQL: SELECT * FROM `type` ORDER BY `order` asc,id asc  [ RunTime:0.0006s ]
INFO: [ view_parse ] --START--
INFO: [ template_filter ] --START--
INFO: Run Behavior\ContentReplaceBehavior [ RunTime:0.000173s ]
INFO: [ template_filter ] --END-- [ RunTime:0.000248s ]
NOTIC: [8] Undefined variable: title D:\WWW\tools\Application\Runtime\Cache\Home\460b5a2494fdf39553be1a74cfc1a285.php 第 64 行.
INFO: Run Behavior\ParseTemplateBehavior [ RunTime:0.071223s ]
INFO: [ view_parse ] --END-- [ RunTime:0.071297s ]
INFO: [ view_filter ] --START--
INFO: Run Behavior\WriteHtmlCacheBehavior [ RunTime:0.000284s ]
INFO: [ view_filter ] --END-- [ RunTime:0.000316s ]
INFO: [ app_end ] --START--
INFO: Run Behavior\ShowPageTraceBehavior [ RunTime:0.000422s ]
INFO: [ app_end ] --END-- [ RunTime:0.000459s ]

[ 2018-07-19T16:40:46+08:00 ] 127.0.0.1 /tools/unixtime.aspx
INFO: [ app_init ] --START--
INFO: Run Behavior\BuildLiteBehavior [ RunTime:0.000010s ]
INFO: [ app_init ] --END-- [ RunTime:0.000314s ]
INFO: [ app_begin ] --START--
INFO: Run Behavior\ReadHtmlCacheBehavior [ RunTime:0.000696s ]
INFO: [ app_begin ] --END-- [ RunTime:0.000834s ]
NOTIC: [2048] Declaration of Home\Model\TypeModel::save() should be compatible with Think\Model::save($data = '', $options = Array) D:\WWW\tools\Application\Home\Model\TypeModel.class.php 第 10 行.
NOTIC: [2048] Declaration of Home\Model\TypeModel::delete() should be compatible with Think\Model::delete($options = Array) D:\WWW\tools\Application\Home\Model\TypeModel.class.php 第 10 行.
SQL: SHOW COLUMNS FROM `type` [ RunTime:0.0403s ]
SQL: SELECT * FROM `type` ORDER BY `order` asc,id asc  [ RunTime:0.0004s ]
INFO: [ view_parse ] --START--
INFO: [ template_filter ] --START--
INFO: Run Behavior\ContentReplaceBehavior [ RunTime:0.000078s ]
INFO: [ template_filter ] --END-- [ RunTime:0.000126s ]
NOTIC: [8] Undefined variable: title D:\WWW\tools\Application\Runtime\Cache\Home\4fb0c4277e5c0d5f803fedebc445053c.php 第 51 行.
INFO: Run Behavior\ParseTemplateBehavior [ RunTime:0.107935s ]
INFO: [ view_parse ] --END-- [ RunTime:0.108024s ]
INFO: [ view_filter ] --START--
INFO: Run Behavior\WriteHtmlCacheBehavior [ RunTime:0.000536s ]
INFO: [ view_filter ] --END-- [ RunTime:0.000599s ]
INFO: [ app_end ] --START--
INFO: Run Behavior\ShowPageTraceBehavior [ RunTime:0.000835s ]
INFO: [ app_end ] --END-- [ RunTime:0.000902s ]

[ 2018-07-19T16:40:47+08:00 ] 127.0.0.1 /tools/unixtime.aspx
INFO: [ app_init ] --START--
INFO: Run Behavior\BuildLiteBehavior [ RunTime:0.000011s ]
INFO: [ app_init ] --END-- [ RunTime:0.000295s ]
INFO: [ app_begin ] --START--
INFO: Run Behavior\ReadHtmlCacheBehavior [ RunTime:0.000403s ]
INFO: [ app_begin ] --END-- [ RunTime:0.000443s ]
NOTIC: [2048] Declaration of Home\Model\TypeModel::save() should be compatible with Think\Model::save($data = '', $options = Array) D:\WWW\tools\Application\Home\Model\TypeModel.class.php 第 10 行.
NOTIC: [2048] Declaration of Home\Model\TypeModel::delete() should be compatible with Think\Model::delete($options = Array) D:\WWW\tools\Application\Home\Model\TypeModel.class.php 第 10 行.
SQL: SHOW COLUMNS FROM `type` [ RunTime:0.0206s ]
SQL: SELECT * FROM `type` ORDER BY `order` asc,id asc  [ RunTime:0.0004s ]
INFO: [ view_parse ] --START--
INFO: [ template_filter ] --START--
INFO: Run Behavior\ContentReplaceBehavior [ RunTime:0.000135s ]
INFO: [ template_filter ] --END-- [ RunTime:0.000217s ]
NOTIC: [8] Undefined variable: title D:\WWW\tools\Application\Runtime\Cache\Home\4fb0c4277e5c0d5f803fedebc445053c.php 第 51 行.
INFO: Run Behavior\ParseTemplateBehavior [ RunTime:0.014089s ]
INFO: [ view_parse ] --END-- [ RunTime:0.014175s ]
INFO: [ view_filter ] --START--
INFO: Run Behavior\WriteHtmlCacheBehavior [ RunTime:0.000575s ]
INFO: [ view_filter ] --END-- [ RunTime:0.000640s ]
INFO: [ app_end ] --START--
INFO: Run Behavior\ShowPageTraceBehavior [ RunTime:0.001042s ]
INFO: [ app_end ] --END-- [ RunTime:0.001181s ]

