[ 2018-06-01T10:15:26+08:00 ] 127.0.0.1 /
INFO: [ app_init ] --START--
INFO: Run Behavior\BuildLiteBehavior [ RunTime:0.000016s ]
INFO: [ app_init ] --END-- [ RunTime:0.022935s ]
INFO: [ app_begin ] --START--
INFO: Run Behavior\ReadHtmlCacheBehavior [ RunTime:0.023942s ]
INFO: [ app_begin ] --END-- [ RunTime:0.024000s ]
SQL: SHOW COLUMNS FROM `statisticsip` [ RunTime:0.1281s ]
SQL: SELECT * FROM `statisticsip` WHERE `ip` = '127.0.0.1' AND `date` = 20180601 LIMIT 1   [ RunTime:0.0020s ]
SQL: INSERT INTO `statisticsip` (`ip`,`date`,`recordtime`) VALUES ('127.0.0.1','20180601','1527819325') [ RunTime:0.0328s ]
NOTIC: [2048] Declaration of Home\Model\TypeModel::save() should be compatible with Think\Model::save($data = '', $options = Array) D:\WWW\tools\Application\Home\Model\TypeModel.class.php 第 88 行.
NOTIC: [2048] Declaration of Home\Model\TypeModel::delete() should be compatible with Think\Model::delete($options = Array) D:\WWW\tools\Application\Home\Model\TypeModel.class.php 第 88 行.
SQL: SHOW COLUMNS FROM `type` [ RunTime:0.0487s ]
SQL: SELECT * FROM `type` ORDER BY `order` asc,id asc  [ RunTime:0.0002s ]
SQL: SHOW COLUMNS FROM `article` [ RunTime:0.0588s ]
SQL: SELECT * FROM `article` WHERE `status` = 1 ORDER BY id desc LIMIT 6   [ RunTime:0.0236s ]
SQL: SELECT * FROM `article` WHERE `status` = 1 ORDER BY readnum desc,id desc LIMIT 6   [ RunTime:0.0084s ]
INFO: [ view_parse ] --START--
INFO: [ template_filter ] --START--
INFO: Run Behavior\ContentReplaceBehavior [ RunTime:0.035916s ]
INFO: [ template_filter ] --END-- [ RunTime:0.036001s ]
NOTIC: [8] Undefined variable: title D:\WWW\tools\Application\Runtime\Cache\Home\2a94b8bda04ff446dcedd42276fc99ee.php 第 62 行.
INFO: [ keyWords ] --START--
SQL: SHOW COLUMNS FROM `keywords` [ RunTime:0.0615s ]
SQL: SELECT * FROM `keywords` ORDER BY `order` asc,num desc LIMIT 30   [ RunTime:0.0005s ]
INFO: Run Home\Behavior\KeyWordsBehavior [ RunTime:0.145107s ]
INFO: [ keyWords ] --END-- [ RunTime:0.145161s ]
INFO: Run Behavior\ParseTemplateBehavior [ RunTime:0.563659s ]
INFO: [ view_parse ] --END-- [ RunTime:0.563706s ]
INFO: [ view_filter ] --START--
INFO: Run Behavior\WriteHtmlCacheBehavior [ RunTime:0.058763s ]
INFO: [ view_filter ] --END-- [ RunTime:0.058890s ]
INFO: [ app_end ] --START--
INFO: Run Behavior\ShowPageTraceBehavior [ RunTime:0.046185s ]
INFO: [ app_end ] --END-- [ RunTime:0.046313s ]

