[ 2018-01-06T11:43:15+08:00 ] 127.0.0.1 /
INFO: [ app_init ] --START--
INFO: Run Behavior\BuildLiteBehavior [ RunTime:0.000018s ]
INFO: [ app_init ] --END-- [ RunTime:0.035573s ]
INFO: [ app_begin ] --START--
INFO: Run Behavior\ReadHtmlCacheBehavior [ RunTime:0.044928s ]
INFO: [ app_begin ] --END-- [ RunTime:0.045053s ]
SQL: SHOW COLUMNS FROM `statisticsip` [ RunTime:0.1561s ]
SQL: SELECT * FROM `statisticsip` WHERE `ip` = '127.0.0.1' AND `date` = 20180106 LIMIT 1   [ RunTime:0.0206s ]
SQL: INSERT INTO `statisticsip` (`ip`,`date`,`recordtime`) VALUES ('127.0.0.1','20180106','1515210194') [ RunTime:0.0284s ]
NOTIC: [2048] Declaration of Home\Model\TypeModel::save() should be compatible with that of Think\Model::save() D:\WWW\tools\Application\Home\Model\TypeModel.class.php 第 88 行.
NOTIC: [2048] Declaration of Home\Model\TypeModel::delete() should be compatible with that of Think\Model::delete() D:\WWW\tools\Application\Home\Model\TypeModel.class.php 第 88 行.
SQL: SHOW COLUMNS FROM `type` [ RunTime:0.0426s ]
NOTIC: [2] Missing argument 1 for Home\Model\TypeModel::lists(), called in D:\WWW\tools\ThinkPHP\Library\Think\Controller.class.php on line 51 and defined D:\WWW\tools\Application\Home\Model\TypeModel.class.php 第 83 行.
NOTIC: [8] Undefined variable: arr D:\WWW\tools\Application\Home\Model\TypeModel.class.php 第 84 行.
SQL: SELECT * FROM `type` ORDER BY `order` asc,id asc  [ RunTime:0.0005s ]
SQL: SHOW COLUMNS FROM `article` [ RunTime:0.1020s ]
SQL: SELECT * FROM `article` WHERE `status` = 1 ORDER BY id desc LIMIT 6   [ RunTime:0.0559s ]
SQL: SELECT * FROM `article` WHERE `status` = 1 ORDER BY readnum desc,id desc LIMIT 6   [ RunTime:0.0071s ]
INFO: [ view_parse ] --START--
INFO: [ template_filter ] --START--
INFO: Run Behavior\ContentReplaceBehavior [ RunTime:0.000109s ]
INFO: [ template_filter ] --END-- [ RunTime:0.000191s ]
NOTIC: [8] Undefined variable: title D:\WWW\tools\Application\Runtime\Cache\Home\2a94b8bda04ff446dcedd42276fc99ee.php 第 62 行.
INFO: [ keyWords ] --START--
SQL: SHOW COLUMNS FROM `keywords` [ RunTime:0.0728s ]
NOTIC: [2] Missing argument 1 for Think\Model::where(), called in D:\WWW\tools\Application\Home\Model\CommModel.class.php on line 46 and defined D:\WWW\tools\ThinkPHP\Library\Think\Model.class.php 第 1797 行.
NOTIC: [8] Undefined variable: where D:\WWW\tools\ThinkPHP\Library\Think\Model.class.php 第 1805 行.
NOTIC: [8] Undefined variable: where D:\WWW\tools\ThinkPHP\Library\Think\Model.class.php 第 1808 行.
NOTIC: [8] Undefined variable: where D:\WWW\tools\ThinkPHP\Library\Think\Model.class.php 第 1816 行.
SQL: SELECT * FROM `keywords` ORDER BY `order` asc,num desc LIMIT 30   [ RunTime:0.0003s ]
INFO: Run Home\Behavior\KeyWordsBehavior [ RunTime:0.129891s ]
INFO: [ keyWords ] --END-- [ RunTime:0.129973s ]
INFO: Run Behavior\ParseTemplateBehavior [ RunTime:0.504882s ]
INFO: [ view_parse ] --END-- [ RunTime:0.504931s ]
INFO: [ view_filter ] --START--
INFO: Run Behavior\WriteHtmlCacheBehavior [ RunTime:0.026674s ]
INFO: [ view_filter ] --END-- [ RunTime:0.026737s ]
INFO: [ app_end ] --START--
INFO: Run Behavior\ShowPageTraceBehavior [ RunTime:0.017366s ]
INFO: [ app_end ] --END-- [ RunTime:0.017442s ]

[ 2018-01-06T14:31:17+08:00 ] 127.0.0.1 /art/article/id/52.aspx
INFO: [ app_init ] --START--
INFO: Run Behavior\BuildLiteBehavior [ RunTime:0.000015s ]
INFO: [ app_init ] --END-- [ RunTime:0.000287s ]
INFO: [ app_begin ] --START--
INFO: Run Behavior\ReadHtmlCacheBehavior [ RunTime:0.000379s ]
INFO: [ app_begin ] --END-- [ RunTime:0.000440s ]
NOTIC: [2048] Declaration of Home\Model\TypeModel::save() should be compatible with that of Think\Model::save() D:\WWW\tools\Application\Home\Model\TypeModel.class.php 第 10 行.
NOTIC: [2048] Declaration of Home\Model\TypeModel::delete() should be compatible with that of Think\Model::delete() D:\WWW\tools\Application\Home\Model\TypeModel.class.php 第 10 行.
SQL: SHOW COLUMNS FROM `type` [ RunTime:0.0369s ]
NOTIC: [2] Missing argument 1 for Home\Model\TypeModel::lists(), called in D:\WWW\tools\ThinkPHP\Library\Think\Controller.class.php on line 51 and defined D:\WWW\tools\Application\Home\Model\TypeModel.class.php 第 83 行.
NOTIC: [8] Undefined variable: arr D:\WWW\tools\Application\Home\Model\TypeModel.class.php 第 84 行.
SQL: SELECT * FROM `type` ORDER BY `order` asc,id asc  [ RunTime:0.0004s ]
SQL: SHOW COLUMNS FROM `article` [ RunTime:0.0153s ]
SQL: SELECT * FROM `article` WHERE `id` = 52 LIMIT 1   [ RunTime:0.0003s ]
SQL: SELECT * FROM `article` WHERE `id` = 52 LIMIT 1   [ RunTime:0.0003s ]
SQL: UPDATE `article` SET `title`='centos7 Nat模式上网配置',`keyword`='',`content`='&lt;p&gt;在配置前是得安装好了vmware10和centos7.&lt;/p&gt;&lt;p&gt;第一步：虚拟网络编辑&lt;/p&gt;&lt;p&gt;&lt;img src=&quot;/ueditor/php/upload/image/20180106/1515210423968731.png&quot; title=&quot;1515210423968731.png&quot; alt=&quot;TIM截图20180106114551.png&quot;/&gt;&lt;/p&gt;&lt;p&gt;点击虚拟网络编辑到达以下界面&lt;/p&gt;&lt;p&gt;&lt;img src=&quot;/ueditor/php/upload/image/20180106/1515210509118092.png&quot; title=&quot;1515210509118092.png&quot; alt=&quot;TIM截图20180106114809.png&quot;/&gt;&lt;/p&gt;&lt;p&gt;&lt;br/&gt;&lt;/p&gt;&lt;p&gt;看你是否有名称为VMnet8 如果没有点击添加网络，如图&lt;/p&gt;&lt;p&gt;&lt;img src=&quot;/ueditor/php/upload/image/20180106/1515210589572925.png&quot; title=&quot;1515210589572925.png&quot; alt=&quot;TIM截图20180106114931.png&quot;/&gt;&lt;/p&gt;&lt;p&gt;我因为有了VMnet8所以没有显示出来&lt;/p&gt;&lt;p&gt;&lt;br/&gt;&lt;/p&gt;&lt;p&gt;&lt;img src=&quot;/ueditor/php/upload/image/20180106/1515219323665486.png&quot; title=&quot;1515219323665486.png&quot; alt=&quot;TIM截图20180106141319.png&quot;/&gt;&lt;/p&gt;&lt;p&gt;然后选择VMnet8 点击Nat设置&lt;br/&gt;&lt;/p&gt;&lt;p&gt;&lt;img src=&quot;/ueditor/php/upload/image/20180106/1515219360586308.png&quot; title=&quot;1515219360586308.png&quot; alt=&quot;TIM截图20180106141514.png&quot;/&gt;&lt;/p&gt;&lt;p&gt;点击添加&lt;br/&gt;&lt;/p&gt;&lt;p&gt;&lt;img src=&quot;/ueditor/php/upload/image/20180106/1515219410262407.png&quot; title=&quot;1515219410262407.png&quot; alt=&quot;TIM截图20180106141641.png&quot;/&gt;&lt;/p&gt;&lt;p&gt;在这里添加虚拟机的静态ip 添加端口ssh，后面还可以陆续添加mysql，apache端口&lt;/p&gt;&lt;p&gt;第一步就到这里完成了&lt;/p&gt;&lt;p&gt;第二部：&lt;/p&gt;&lt;p&gt;先进入/etc/sysconfig/network-scripts&lt;/p&gt;&lt;p&gt;然后备份ifcfg-ens33&amp;nbsp;&lt;/p&gt;&lt;p&gt;命令：cp ifcfg-ens33 ifcfg-ens33.bak&lt;/p&gt;&lt;p&gt;&lt;img src=&quot;/ueditor/php/upload/image/20180106/1515219717118926.png&quot; title=&quot;1515219717118926.png&quot; alt=&quot;TIM截图20180106142031.png&quot;/&gt;&lt;/p&gt;&lt;p&gt;然后修改ifcfg-ens33&lt;/p&gt;&lt;p&gt;命令：vi ifcfg-ens33&lt;/p&gt;&lt;p&gt;&lt;img src=&quot;/ueditor/php/upload/image/20180106/1515219845704817.png&quot; title=&quot;1515219845704817.png&quot; alt=&quot;TIM截图20180106142330.png&quot;/&gt;&lt;/p&gt;&lt;p&gt;BOOTPROTO=DHCP&amp;nbsp; 改成static&lt;/p&gt;&lt;p&gt;ONBOOT=no 改成yes&lt;/p&gt;&lt;p&gt;添加ip、网关、dns&lt;/p&gt;&lt;p&gt;保存后重启network&lt;/p&gt;&lt;p&gt;命令：systemctl restarrt network&lt;/p&gt;&lt;p&gt;测试命令：ping &lt;a href=&quot;http://www.baidu.com&quot;&gt;www.baidu.com&lt;/a&gt; &lt;/p&gt;&lt;p&gt;第二部完成，&lt;/p&gt;&lt;p&gt;第三部：&lt;/p&gt;&lt;p&gt;现在虚拟机可以上网了，但宿主机还ping不同虚拟机所以要设置相同网段。&lt;/p&gt;&lt;p&gt;打开网络共享中心-&amp;gt;更改适配器设置&lt;/p&gt;&lt;p&gt;&lt;img src=&quot;/ueditor/php/upload/image/20180106/1515220221908185.png&quot; title=&quot;1515220221908185.png&quot; alt=&quot;TIM截图20180106143001.png&quot;/&gt;&lt;/p&gt;&lt;p&gt;设置好就可以虚拟机和宿主机互相ping通了&lt;/p&gt;&lt;p&gt;&lt;br/&gt;&lt;/p&gt;&lt;p&gt;&lt;br/&gt;&lt;/p&gt;&lt;p&gt;&lt;br/&gt;&lt;/p&gt;',`status`='1',`type`='3',`createtime`='1515220268',`author`='小兔',`imgurl`=NULL,`recom`='0',`readnum`='1' WHERE `id` = 52 [ RunTime:0.0301s ]
SQL: SELECT `id`,`title` FROM `article` WHERE ( id<52 and status=1 ) ORDER BY id desc LIMIT 1   [ RunTime:0.0086s ]
SQL: SELECT `id`,`title` FROM `article` WHERE ( id>52 and status=1 ) ORDER BY id asc LIMIT 1   [ RunTime:0.0003s ]
SQL: SELECT `id`,`title` FROM `article` WHERE ( id<>52 and status=1 and recom=1 ) ORDER BY id desc LIMIT 6   [ RunTime:0.0012s ]
NOTIC: [8] Undefined offset: 0 D:\WWW\tools\Application\Home\Controller\ArtController.class.php 第 87 行.
INFO: [ view_parse ] --START--
INFO: [ template_filter ] --START--
INFO: Run Behavior\ContentReplaceBehavior [ RunTime:0.000164s ]
INFO: [ template_filter ] --END-- [ RunTime:0.000267s ]
NOTIC: [8] Undefined variable: title D:\WWW\tools\Application\Runtime\Cache\Home\f274c600cf8d13c9d31ff143ea08a211.php 第 55 行.
INFO: [ keyWords ] --START--
SQL: SHOW COLUMNS FROM `keywords` [ RunTime:0.0131s ]
NOTIC: [2] Missing argument 1 for Think\Model::where(), called in D:\WWW\tools\Application\Home\Model\CommModel.class.php on line 46 and defined D:\WWW\tools\ThinkPHP\Library\Think\Model.class.php 第 1797 行.
NOTIC: [8] Undefined variable: where D:\WWW\tools\ThinkPHP\Library\Think\Model.class.php 第 1805 行.
NOTIC: [8] Undefined variable: where D:\WWW\tools\ThinkPHP\Library\Think\Model.class.php 第 1808 行.
NOTIC: [8] Undefined variable: where D:\WWW\tools\ThinkPHP\Library\Think\Model.class.php 第 1816 行.
SQL: SELECT * FROM `keywords` ORDER BY `order` asc,num desc LIMIT 30   [ RunTime:0.0002s ]
INFO: Run Home\Behavior\KeyWordsBehavior [ RunTime:0.015385s ]
INFO: [ keyWords ] --END-- [ RunTime:0.015436s ]
INFO: Run Behavior\ParseTemplateBehavior [ RunTime:0.100030s ]
INFO: [ view_parse ] --END-- [ RunTime:0.100170s ]
INFO: [ view_filter ] --START--
INFO: Run Behavior\WriteHtmlCacheBehavior [ RunTime:0.000381s ]
INFO: [ view_filter ] --END-- [ RunTime:0.000423s ]
INFO: [ app_end ] --START--
INFO: Run Behavior\ShowPageTraceBehavior [ RunTime:0.000502s ]
INFO: [ app_end ] --END-- [ RunTime:0.000552s ]

[ 2018-01-06T14:32:02+08:00 ] 127.0.0.1 /art/article/id/51.aspx
INFO: [ app_init ] --START--
INFO: Run Behavior\BuildLiteBehavior [ RunTime:0.000016s ]
INFO: [ app_init ] --END-- [ RunTime:0.000344s ]
INFO: [ app_begin ] --START--
INFO: Run Behavior\ReadHtmlCacheBehavior [ RunTime:0.000380s ]
INFO: [ app_begin ] --END-- [ RunTime:0.000438s ]
NOTIC: [2048] Declaration of Home\Model\TypeModel::save() should be compatible with that of Think\Model::save() D:\WWW\tools\Application\Home\Model\TypeModel.class.php 第 10 行.
NOTIC: [2048] Declaration of Home\Model\TypeModel::delete() should be compatible with that of Think\Model::delete() D:\WWW\tools\Application\Home\Model\TypeModel.class.php 第 10 行.
SQL: SHOW COLUMNS FROM `type` [ RunTime:0.0331s ]
NOTIC: [2] Missing argument 1 for Home\Model\TypeModel::lists(), called in D:\WWW\tools\ThinkPHP\Library\Think\Controller.class.php on line 51 and defined D:\WWW\tools\Application\Home\Model\TypeModel.class.php 第 83 行.
NOTIC: [8] Undefined variable: arr D:\WWW\tools\Application\Home\Model\TypeModel.class.php 第 84 行.
SQL: SELECT * FROM `type` ORDER BY `order` asc,id asc  [ RunTime:0.0004s ]
SQL: SHOW COLUMNS FROM `article` [ RunTime:0.0193s ]
SQL: SELECT * FROM `article` WHERE `id` = 51 LIMIT 1   [ RunTime:0.0003s ]
SQL: SELECT * FROM `article` WHERE `id` = 51 LIMIT 1   [ RunTime:0.0002s ]
SQL: UPDATE `article` SET `title`='什么是函数式编程思维？',`keyword`='函数式编程思维，命令式编程思维',`content`='&lt;p style=&quot;color: rgb(74, 74, 74); font-family: &amp;quot;Source Han Serif&amp;quot;, &amp;quot;PingFang SC&amp;quot;, &amp;quot;Microsoft YaHei&amp;quot;, sans-serif; font-size: medium;&quot;&gt;函数式编程与命令式编程最大的不同其实在于：&lt;/p&gt;&lt;p style=&quot;color: rgb(74, 74, 74); font-family: &amp;quot;Source Han Serif&amp;quot;, &amp;quot;PingFang SC&amp;quot;, &amp;quot;Microsoft YaHei&amp;quot;, sans-serif; font-size: medium;&quot;&gt;&lt;span style=&quot;font-weight: bolder;&quot;&gt;函数式编程关心数据的映射，命令式编程关心解决问题的步骤&lt;/span&gt;&lt;/p&gt;&lt;p style=&quot;color: rgb(74, 74, 74); font-family: &amp;quot;Source Han Serif&amp;quot;, &amp;quot;PingFang SC&amp;quot;, &amp;quot;Microsoft YaHei&amp;quot;, sans-serif; font-size: medium;&quot;&gt;这里的映射就是数学上“函数”的概念——一种东西和另一种东西之间的对应关系。&lt;/p&gt;&lt;p style=&quot;color: rgb(74, 74, 74); font-family: &amp;quot;Source Han Serif&amp;quot;, &amp;quot;PingFang SC&amp;quot;, &amp;quot;Microsoft YaHei&amp;quot;, sans-serif; font-size: medium;&quot;&gt;这也是为什么“函数式编程”叫做“函数式编程”。&lt;/p&gt;&lt;p style=&quot;color: rgb(74, 74, 74); font-family: &amp;quot;Source Han Serif&amp;quot;, &amp;quot;PingFang SC&amp;quot;, &amp;quot;Microsoft YaHei&amp;quot;, sans-serif; font-size: medium;&quot;&gt;这是什么意思呢？&lt;/p&gt;&lt;p style=&quot;color: rgb(74, 74, 74); font-family: &amp;quot;Source Han Serif&amp;quot;, &amp;quot;PingFang SC&amp;quot;, &amp;quot;Microsoft YaHei&amp;quot;, sans-serif; font-size: medium;&quot;&gt;假如，现在你来到 google 面试，面试官让你把二叉树镜像反转一下（大雾&lt;/p&gt;&lt;p style=&quot;color: rgb(74, 74, 74); font-family: &amp;quot;Source Han Serif&amp;quot;, &amp;quot;PingFang SC&amp;quot;, &amp;quot;Microsoft YaHei&amp;quot;, sans-serif; font-size: medium;&quot;&gt;几乎不假思索的，就可以写出这样的 Python 代码：&lt;/p&gt;&lt;table style=&quot;width: 785px; color: rgb(74, 74, 74); font-family: Monaco, Menlo, Consolas, &amp;quot;Microsoft Yahei&amp;quot;, monospace; font-size: 13px;&quot;&gt;&lt;tbody&gt;&lt;tr class=&quot;firstRow&quot;&gt;&lt;td class=&quot;code&quot; style=&quot;margin: auto 5px;&quot;&gt;&lt;pre style=&quot;font-family: inherit; margin: auto; overflow-x: auto; line-height: 1.6em;&quot;&gt;&lt;div class=&quot;line&quot;&gt;&lt;/div&gt;&lt;div class=&quot;line&quot;&gt;&lt;span style=&quot;background-color: rgb(250, 192, 143);&quot;&gt;&lt;span class=&quot;keyword&quot; style=&quot;background-color: rgb(250, 192, 143); color: rgb(167, 29, 93);&quot;&gt;def&lt;/span&gt; &lt;span class=&quot;title&quot; style=&quot;background-color: rgb(250, 192, 143); color: rgb(121, 93, 163);&quot;&gt;invertTree&lt;/span&gt;(root):&lt;/span&gt;&lt;/div&gt;&lt;div class=&quot;line&quot;&gt;&lt;/div&gt;&lt;div class=&quot;line&quot;&gt;&lt;span style=&quot;background-color: rgb(250, 192, 143);&quot;&gt;&lt;span class=&quot;keyword&quot; style=&quot;background-color: rgb(250, 192, 143); color: rgb(167, 29, 93);&quot;&gt;if&lt;/span&gt; root &lt;span class=&quot;keyword&quot; style=&quot;background-color: rgb(250, 192, 143); color: rgb(167, 29, 93);&quot;&gt;is&lt;/span&gt; &lt;span class=&quot;keyword&quot; style=&quot;background-color: rgb(250, 192, 143); color: rgb(167, 29, 93);&quot;&gt;None&lt;/span&gt;:&lt;/span&gt;&lt;/div&gt;&lt;div class=&quot;line&quot;&gt;&lt;/div&gt;&lt;div class=&quot;line&quot;&gt;&lt;span style=&quot;background-color: rgb(250, 192, 143);&quot;&gt;&lt;span class=&quot;keyword&quot; style=&quot;background-color: rgb(250, 192, 143); color: rgb(167, 29, 93);&quot;&gt;return&lt;/span&gt; &lt;span class=&quot;keyword&quot; style=&quot;background-color: rgb(250, 192, 143); color: rgb(167, 29, 93);&quot;&gt;None&lt;/span&gt;&lt;/span&gt;&lt;/div&gt;&lt;div class=&quot;line&quot;&gt;&lt;/div&gt;&lt;div class=&quot;line&quot;&gt;&lt;span style=&quot;background-color: rgb(250, 192, 143);&quot;&gt;&lt;span class=&quot;keyword&quot; style=&quot;background-color: rgb(250, 192, 143); color: rgb(167, 29, 93);&quot;&gt;if&lt;/span&gt; root.left:&lt;/span&gt;&lt;/div&gt;&lt;div class=&quot;line&quot;&gt;&lt;/div&gt;&lt;div class=&quot;line&quot;&gt;&lt;span style=&quot;background-color: rgb(250, 192, 143);&quot;&gt; &amp;nbsp; &amp;nbsp; &amp;nbsp; &amp;nbsp;invertTree(root.left)&lt;/span&gt;&lt;/div&gt;&lt;div class=&quot;line&quot;&gt;&lt;/div&gt;&lt;div class=&quot;line&quot;&gt;&lt;span style=&quot;background-color: rgb(250, 192, 143);&quot;&gt;&lt;span class=&quot;keyword&quot; style=&quot;background-color: rgb(250, 192, 143); color: rgb(167, 29, 93);&quot;&gt;if&lt;/span&gt; root.right:&lt;/span&gt;&lt;/div&gt;&lt;div class=&quot;line&quot;&gt;&lt;/div&gt;&lt;div class=&quot;line&quot;&gt;&lt;span style=&quot;background-color: rgb(250, 192, 143);&quot;&gt; &amp;nbsp; &amp;nbsp; &amp;nbsp; &amp;nbsp;invertTree(root.right)&lt;/span&gt;&lt;/div&gt;&lt;div class=&quot;line&quot;&gt;&lt;/div&gt;&lt;div class=&quot;line&quot;&gt;&lt;span style=&quot;background-color: rgb(250, 192, 143);&quot;&gt; &amp;nbsp; &amp;nbsp;root.left, root.right = root.right, root.left&lt;/span&gt;&lt;/div&gt;&lt;div class=&quot;line&quot;&gt;&lt;/div&gt;&lt;div class=&quot;line&quot;&gt;&lt;span style=&quot;background-color: rgb(250, 192, 143);&quot;&gt;&lt;span class=&quot;keyword&quot; style=&quot;background-color: rgb(250, 192, 143); color: rgb(167, 29, 93);&quot;&gt;return&lt;/span&gt; root&lt;/span&gt;&lt;/div&gt;&lt;/pre&gt;&lt;/td&gt;&lt;/tr&gt;&lt;/tbody&gt;&lt;/table&gt;&lt;p style=&quot;color: rgb(74, 74, 74); font-family: &amp;quot;Source Han Serif&amp;quot;, &amp;quot;PingFang SC&amp;quot;, &amp;quot;Microsoft YaHei&amp;quot;, sans-serif; font-size: medium;&quot;&gt;&lt;/p&gt;&lt;p style=&quot;color: rgb(74, 74, 74); font-family: &amp;quot;Source Han Serif&amp;quot;, &amp;quot;PingFang SC&amp;quot;, &amp;quot;Microsoft YaHei&amp;quot;, sans-serif; font-size: medium;&quot;&gt;好了，现在停下来看看这段代码究竟代表着什么——&lt;br/&gt;&lt;/p&gt;&lt;p style=&quot;color: rgb(74, 74, 74); font-family: &amp;quot;Source Han Serif&amp;quot;, &amp;quot;PingFang SC&amp;quot;, &amp;quot;Microsoft YaHei&amp;quot;, sans-serif; font-size: medium;&quot;&gt;它的含义是：首先判断节点是否为空；然后翻转左树；然后翻转右树；最后左右互换。&lt;/p&gt;&lt;p style=&quot;color: rgb(74, 74, 74); font-family: &amp;quot;Source Han Serif&amp;quot;, &amp;quot;PingFang SC&amp;quot;, &amp;quot;Microsoft YaHei&amp;quot;, sans-serif; font-size: medium;&quot;&gt;这就是命令式编程——你要做什么事情，你得把达到目的的步骤详细的描述出来，然后交给机器去运行。&lt;/p&gt;&lt;p style=&quot;color: rgb(74, 74, 74); font-family: &amp;quot;Source Han Serif&amp;quot;, &amp;quot;PingFang SC&amp;quot;, &amp;quot;Microsoft YaHei&amp;quot;, sans-serif; font-size: medium;&quot;&gt;这也正是命令式编程的理论模型——图灵机的特点。一条写满数据的纸带，一条根据纸带内容运动的机器，机器每动一步都需要纸带上写着如何达到。&lt;/p&gt;&lt;p style=&quot;color: rgb(74, 74, 74); font-family: &amp;quot;Source Han Serif&amp;quot;, &amp;quot;PingFang SC&amp;quot;, &amp;quot;Microsoft YaHei&amp;quot;, sans-serif; font-size: medium;&quot;&gt;那么，不用这种方式，如何翻转二叉树呢？&lt;/p&gt;&lt;p style=&quot;color: rgb(74, 74, 74); font-family: &amp;quot;Source Han Serif&amp;quot;, &amp;quot;PingFang SC&amp;quot;, &amp;quot;Microsoft YaHei&amp;quot;, sans-serif; font-size: medium;&quot;&gt;函数式思维提供了另一种思维的途径——&lt;/p&gt;&lt;p style=&quot;color: rgb(74, 74, 74); font-family: &amp;quot;Source Han Serif&amp;quot;, &amp;quot;PingFang SC&amp;quot;, &amp;quot;Microsoft YaHei&amp;quot;, sans-serif; font-size: medium;&quot;&gt;所谓“翻转二叉树”，可以看做是要得到一颗和原来二叉树对称的新二叉树。&lt;/p&gt;&lt;p style=&quot;color: rgb(74, 74, 74); font-family: &amp;quot;Source Han Serif&amp;quot;, &amp;quot;PingFang SC&amp;quot;, &amp;quot;Microsoft YaHei&amp;quot;, sans-serif; font-size: medium;&quot;&gt;这颗新二叉树的特点是每一个节点都递归地和原树相反。&lt;/p&gt;&lt;p style=&quot;color: rgb(74, 74, 74); font-family: &amp;quot;Source Han Serif&amp;quot;, &amp;quot;PingFang SC&amp;quot;, &amp;quot;Microsoft YaHei&amp;quot;, sans-serif; font-size: medium;&quot;&gt;用 haskell 代码表达出来就是：&lt;/p&gt;&lt;pre style=&quot;font-family: inherit; font-size: 13px; margin: auto; overflow-x: auto; line-height: 1.6em; color: rgb(74, 74, 74);&quot;&gt;&lt;br/&gt;&lt;/pre&gt;&lt;table style=&quot;width: 785px; color: rgb(74, 74, 74); font-family: Monaco, Menlo, Consolas, &amp;quot;Microsoft Yahei&amp;quot;, monospace; font-size: 13px;&quot;&gt;&lt;tbody&gt;&lt;tr class=&quot;firstRow&quot;&gt;&lt;td class=&quot;code&quot; style=&quot;margin: auto 5px;&quot;&gt;&lt;pre style=&quot;font-family: inherit; margin: auto; overflow-x: auto; line-height: 1.6em;&quot;&gt;&lt;div class=&quot;line&quot;&gt;&lt;span style=&quot;background-color: rgb(250, 192, 143);&quot;&gt;&lt;span class=&quot;keyword&quot; style=&quot;background-color: rgb(250, 192, 143); color: rgb(167, 29, 93);&quot;&gt;data&lt;/span&gt; &lt;span class=&quot;type&quot; style=&quot;background-color: rgb(250, 192, 143); color: rgb(167, 29, 93);&quot;&gt;Tree&lt;/span&gt; a = &lt;span class=&quot;type&quot; style=&quot;background-color: rgb(250, 192, 143); color: rgb(167, 29, 93);&quot;&gt;Nil&lt;/span&gt; | &lt;span class=&quot;type&quot; style=&quot;background-color: rgb(250, 192, 143); color: rgb(167, 29, 93);&quot;&gt;Node&lt;/span&gt; a (&lt;span class=&quot;type&quot; style=&quot;background-color: rgb(250, 192, 143); color: rgb(167, 29, 93);&quot;&gt;Tree&lt;/span&gt; &lt;span class=&quot;title&quot; style=&quot;background-color: rgb(250, 192, 143); color: rgb(121, 93, 163);&quot;&gt;a&lt;/span&gt;) (&lt;span class=&quot;type&quot; style=&quot;background-color: rgb(250, 192, 143); color: rgb(167, 29, 93);&quot;&gt;Tree&lt;/span&gt; &lt;span class=&quot;title&quot; style=&quot;background-color: rgb(250, 192, 143); color: rgb(121, 93, 163);&quot;&gt;a&lt;/span&gt;)&lt;/span&gt;&lt;/div&gt;&lt;div class=&quot;line&quot;&gt;&lt;span style=&quot;background-color: rgb(250, 192, 143);&quot;&gt;&lt;span class=&quot;keyword&quot; style=&quot;background-color: rgb(250, 192, 143); color: rgb(167, 29, 93);&quot;&gt;deriving&lt;/span&gt; (&lt;span class=&quot;type&quot; style=&quot;background-color: rgb(250, 192, 143); color: rgb(167, 29, 93);&quot;&gt;Show&lt;/span&gt;, &lt;span class=&quot;type&quot; style=&quot;background-color: rgb(250, 192, 143); color: rgb(167, 29, 93);&quot;&gt;Eq&lt;/span&gt;)&lt;/span&gt;&lt;/div&gt;&lt;div class=&quot;line&quot;&gt;&lt;/div&gt;&lt;div class=&quot;line&quot;&gt;&lt;span style=&quot;background-color: rgb(250, 192, 143);&quot;&gt;&lt;span class=&quot;title&quot; style=&quot;background-color: rgb(250, 192, 143); color: rgb(121, 93, 163);&quot;&gt;invert&lt;/span&gt; :: &lt;span class=&quot;type&quot; style=&quot;background-color: rgb(250, 192, 143); color: rgb(167, 29, 93);&quot;&gt;Tree&lt;/span&gt; a -&amp;gt; &lt;span class=&quot;type&quot; style=&quot;background-color: rgb(250, 192, 143); color: rgb(167, 29, 93);&quot;&gt;Tree&lt;/span&gt; a&lt;/span&gt;&lt;/div&gt;&lt;div class=&quot;line&quot;&gt;&lt;span style=&quot;background-color: rgb(250, 192, 143);&quot;&gt;&lt;span class=&quot;title&quot; style=&quot;background-color: rgb(250, 192, 143); color: rgb(121, 93, 163);&quot;&gt;invert&lt;/span&gt; &lt;span class=&quot;type&quot; style=&quot;background-color: rgb(250, 192, 143); color: rgb(167, 29, 93);&quot;&gt;Nil&lt;/span&gt; = &lt;span class=&quot;type&quot; style=&quot;background-color: rgb(250, 192, 143); color: rgb(167, 29, 93);&quot;&gt;Nil&lt;/span&gt;&lt;/span&gt;&lt;/div&gt;&lt;div class=&quot;line&quot;&gt;&lt;span style=&quot;background-color: rgb(250, 192, 143);&quot;&gt;&lt;span class=&quot;title&quot; style=&quot;background-color: rgb(250, 192, 143); color: rgb(121, 93, 163);&quot;&gt;invert&lt;/span&gt; (&lt;span class=&quot;type&quot; style=&quot;background-color: rgb(250, 192, 143); color: rgb(167, 29, 93);&quot;&gt;Node&lt;/span&gt; v l r) = &lt;span class=&quot;type&quot; style=&quot;background-color: rgb(250, 192, 143); color: rgb(167, 29, 93);&quot;&gt;Node&lt;/span&gt; v (invert r) (invert l)&lt;/span&gt;&lt;/div&gt;&lt;/pre&gt;&lt;/td&gt;&lt;/tr&gt;&lt;/tbody&gt;&lt;/table&gt;&lt;p style=&quot;color: rgb(74, 74, 74); font-family: &amp;quot;Source Han Serif&amp;quot;, &amp;quot;PingFang SC&amp;quot;, &amp;quot;Microsoft YaHei&amp;quot;, sans-serif; font-size: medium;&quot;&gt;（防止看不懂，翻译成等价的 python ）&lt;/p&gt;&lt;pre style=&quot;font-family: inherit; font-size: 13px; margin: auto; overflow-x: auto; line-height: 1.6em; color: rgb(74, 74, 74);&quot;&gt;&lt;div class=&quot;line&quot;&gt;&lt;span style=&quot;background-color: rgb(250, 192, 143);&quot;&gt;&lt;span class=&quot;keyword&quot; style=&quot;background-color: rgb(250, 192, 143); color: rgb(167, 29, 93);&quot;&gt;def&lt;/span&gt; &lt;span class=&quot;title&quot; style=&quot;background-color: rgb(250, 192, 143); color: rgb(121, 93, 163);&quot;&gt;invert&lt;/span&gt;(node):&lt;/span&gt;&lt;/div&gt;&lt;div class=&quot;line&quot;&gt;&lt;/div&gt;&lt;div class=&quot;line&quot;&gt;&lt;span style=&quot;background-color: rgb(250, 192, 143);&quot;&gt;&lt;span class=&quot;keyword&quot; style=&quot;background-color: rgb(250, 192, 143); color: rgb(167, 29, 93);&quot;&gt;if&lt;/span&gt; node &lt;span class=&quot;keyword&quot; style=&quot;background-color: rgb(250, 192, 143); color: rgb(167, 29, 93);&quot;&gt;is&lt;/span&gt; &lt;span class=&quot;keyword&quot; style=&quot;background-color: rgb(250, 192, 143); color: rgb(167, 29, 93);&quot;&gt;None&lt;/span&gt;:&lt;/span&gt;&lt;/div&gt;&lt;div class=&quot;line&quot;&gt;&lt;/div&gt;&lt;div class=&quot;line&quot;&gt;&lt;span style=&quot;background-color: rgb(250, 192, 143);&quot;&gt;&lt;span class=&quot;keyword&quot; style=&quot;background-color: rgb(250, 192, 143); color: rgb(167, 29, 93);&quot;&gt;return&lt;/span&gt; &lt;span class=&quot;keyword&quot; style=&quot;background-color: rgb(250, 192, 143); color: rgb(167, 29, 93);&quot;&gt;None&lt;/span&gt;&lt;/span&gt;&lt;/div&gt;&lt;div class=&quot;line&quot;&gt;&lt;/div&gt;&lt;div class=&quot;line&quot;&gt;&lt;span style=&quot;color: rgb(167, 29, 93); background-color: rgb(250, 192, 143);&quot;&gt;else&lt;/span&gt;&lt;/div&gt;&lt;div class=&quot;line&quot;&gt;&lt;/div&gt;&lt;div class=&quot;line&quot;&gt;&lt;span style=&quot;background-color: rgb(250, 192, 143);&quot;&gt;&lt;span class=&quot;keyword&quot; style=&quot;background-color: rgb(250, 192, 143); color: rgb(167, 29, 93);&quot;&gt;return&lt;/span&gt; Tree(node.value, invert(node.right), invert(node.left))&lt;/span&gt;&lt;/div&gt;&lt;/pre&gt;&lt;p style=&quot;color: rgb(74, 74, 74); font-family: &amp;quot;Source Han Serif&amp;quot;, &amp;quot;PingFang SC&amp;quot;, &amp;quot;Microsoft YaHei&amp;quot;, sans-serif; font-size: medium;&quot;&gt;&lt;/p&gt;&lt;p style=&quot;color: rgb(74, 74, 74); font-family: &amp;quot;Source Han Serif&amp;quot;, &amp;quot;PingFang SC&amp;quot;, &amp;quot;Microsoft YaHei&amp;quot;, sans-serif; font-size: medium;&quot;&gt;这段代码最终达到的目的同样是翻转二叉树，但是它得到结果的方式和 python 代码有着本质的差别：通过描述一个 旧树-&amp;gt;新树 的映射，而不是描述“从旧树得到新树应该怎样做”来达到目的。这段代码体现的思维，就是旧树到新树的映射——对一颗二叉树而言，它的镜像树就是左右节点递归镜像的树。&lt;/p&gt;&lt;p style=&quot;color: rgb(74, 74, 74); font-family: &amp;quot;Source Han Serif&amp;quot;, &amp;quot;PingFang SC&amp;quot;, &amp;quot;Microsoft YaHei&amp;quot;, sans-serif; font-size: medium;&quot;&gt;那么这样思考有什么好处呢？&lt;/p&gt;&lt;p style=&quot;color: rgb(74, 74, 74); font-family: &amp;quot;Source Han Serif&amp;quot;, &amp;quot;PingFang SC&amp;quot;, &amp;quot;Microsoft YaHei&amp;quot;, sans-serif; font-size: medium;&quot;&gt;首先，最直观的角度来说，函数式风格的代码可以写得很精简，大大减少了键盘的损耗（&lt;/p&gt;&lt;p style=&quot;color: rgb(74, 74, 74); font-family: &amp;quot;Source Han Serif&amp;quot;, &amp;quot;PingFang SC&amp;quot;, &amp;quot;Microsoft YaHei&amp;quot;, sans-serif; font-size: medium;&quot;&gt;更重要的是，函数式的代码是“对映射的描述”，它不仅可以描述二叉树这样的数据结构之间的对应关系，任何能在计算机中体现的东西之间的对应关系都可以描述——比如函数和函数之间的映射（比如 functor）；比如外部操作到 GUI 之间的映射（就是现在前端热炒的所谓 FRP）。它的抽象程度可以很高，这就意味着函数式的代码可以更方便的复用。&lt;/p&gt;&lt;p style=&quot;color: rgb(74, 74, 74); font-family: &amp;quot;Source Han Serif&amp;quot;, &amp;quot;PingFang SC&amp;quot;, &amp;quot;Microsoft YaHei&amp;quot;, sans-serif; font-size: medium;&quot;&gt;同时，将代码写成这种样子可以方便用数学的方法进行研究（这就是为什么可以扯上“___范畴上的___”这种数学上的高深概念）&lt;/p&gt;&lt;p style=&quot;color: rgb(74, 74, 74); font-family: &amp;quot;Source Han Serif&amp;quot;, &amp;quot;PingFang SC&amp;quot;, &amp;quot;Microsoft YaHei&amp;quot;, sans-serif; font-size: medium;&quot;&gt;至于什么科里化、什么数据不可变，都只是外延体现而已。&lt;/p&gt;&lt;p style=&quot;color: rgb(74, 74, 74); font-family: &amp;quot;Source Han Serif&amp;quot;, &amp;quot;PingFang SC&amp;quot;, &amp;quot;Microsoft YaHei&amp;quot;, sans-serif; font-size: medium;&quot;&gt;&lt;br/&gt;&lt;/p&gt;&lt;p style=&quot;color: rgb(74, 74, 74); font-family: &amp;quot;Source Han Serif&amp;quot;, &amp;quot;PingFang SC&amp;quot;, &amp;quot;Microsoft YaHei&amp;quot;, sans-serif; font-size: medium;&quot;&gt;来源：https://hcyue.me/2016/05/14/%E4%BB%80%E4%B9%88%E6%98%AF%E5%87%BD%E6%95%B0%E5%BC%8F%E7%BC%96%E7%A8%8B%E6%80%9D%E7%BB%B4/&lt;/p&gt;',`status`='1',`type`='0',`createtime`='1514518507',`author`='小兔',`imgurl`=NULL,`recom`='0',`readnum`='2' WHERE `id` = 51 [ RunTime:0.0007s ]
SQL: SELECT `id`,`title` FROM `article` WHERE ( id<51 and status=1 ) ORDER BY id desc LIMIT 1   [ RunTime:0.0001s ]
SQL: SELECT `id`,`title` FROM `article` WHERE ( id>51 and status=1 ) ORDER BY id asc LIMIT 1   [ RunTime:0.0001s ]
SQL: SELECT `id`,`title` FROM `article` WHERE ( id<>51 and status=1 and recom=1 ) ORDER BY id desc LIMIT 6   [ RunTime:0.0004s ]
INFO: [ view_parse ] --START--
INFO: [ template_filter ] --START--
INFO: Run Behavior\ContentReplaceBehavior [ RunTime:0.000086s ]
INFO: [ template_filter ] --END-- [ RunTime:0.000133s ]
NOTIC: [8] Undefined variable: title D:\WWW\tools\Application\Runtime\Cache\Home\f274c600cf8d13c9d31ff143ea08a211.php 第 55 行.
INFO: [ keyWords ] --START--
SQL: SHOW COLUMNS FROM `keywords` [ RunTime:0.0085s ]
NOTIC: [2] Missing argument 1 for Think\Model::where(), called in D:\WWW\tools\Application\Home\Model\CommModel.class.php on line 46 and defined D:\WWW\tools\ThinkPHP\Library\Think\Model.class.php 第 1797 行.
NOTIC: [8] Undefined variable: where D:\WWW\tools\ThinkPHP\Library\Think\Model.class.php 第 1805 行.
NOTIC: [8] Undefined variable: where D:\WWW\tools\ThinkPHP\Library\Think\Model.class.php 第 1808 行.
NOTIC: [8] Undefined variable: where D:\WWW\tools\ThinkPHP\Library\Think\Model.class.php 第 1816 行.
SQL: SELECT * FROM `keywords` ORDER BY `order` asc,num desc LIMIT 30   [ RunTime:0.0002s ]
INFO: Run Home\Behavior\KeyWordsBehavior [ RunTime:0.010743s ]
INFO: [ keyWords ] --END-- [ RunTime:0.010796s ]
INFO: Run Behavior\ParseTemplateBehavior [ RunTime:0.019872s ]
INFO: [ view_parse ] --END-- [ RunTime:0.019915s ]
INFO: [ view_filter ] --START--
INFO: Run Behavior\WriteHtmlCacheBehavior [ RunTime:0.000368s ]
INFO: [ view_filter ] --END-- [ RunTime:0.000410s ]
INFO: [ app_end ] --START--
INFO: Run Behavior\ShowPageTraceBehavior [ RunTime:0.000544s ]
INFO: [ app_end ] --END-- [ RunTime:0.000597s ]

[ 2018-01-06T17:28:04+08:00 ] 127.0.0.1 /
INFO: [ app_init ] --START--
INFO: Run Behavior\BuildLiteBehavior [ RunTime:0.000025s ]
INFO: [ app_init ] --END-- [ RunTime:0.038789s ]
INFO: [ app_begin ] --START--
INFO: Run Behavior\ReadHtmlCacheBehavior [ RunTime:0.000543s ]
INFO: [ app_begin ] --END-- [ RunTime:0.000613s ]
NOTIC: [2048] Declaration of Home\Model\TypeModel::save() should be compatible with that of Think\Model::save() D:\WWW\tools\Application\Home\Model\TypeModel.class.php 第 10 行.
NOTIC: [2048] Declaration of Home\Model\TypeModel::delete() should be compatible with that of Think\Model::delete() D:\WWW\tools\Application\Home\Model\TypeModel.class.php 第 10 行.
SQL: SHOW COLUMNS FROM `type` [ RunTime:0.0419s ]
NOTIC: [2] Missing argument 1 for Home\Model\TypeModel::lists(), called in D:\WWW\tools\ThinkPHP\Library\Think\Controller.class.php on line 51 and defined D:\WWW\tools\Application\Home\Model\TypeModel.class.php 第 83 行.
NOTIC: [8] Undefined variable: arr D:\WWW\tools\Application\Home\Model\TypeModel.class.php 第 84 行.
SQL: SELECT * FROM `type` ORDER BY `order` asc,id asc  [ RunTime:0.0008s ]
SQL: SHOW COLUMNS FROM `article` [ RunTime:0.0743s ]
SQL: SELECT * FROM `article` WHERE `status` = 1 ORDER BY id desc LIMIT 6   [ RunTime:0.0020s ]
SQL: SELECT * FROM `article` WHERE `status` = 1 ORDER BY readnum desc,id desc LIMIT 6   [ RunTime:0.0016s ]
INFO: [ view_parse ] --START--
INFO: [ template_filter ] --START--
INFO: Run Behavior\ContentReplaceBehavior [ RunTime:0.000093s ]
INFO: [ template_filter ] --END-- [ RunTime:0.000157s ]
NOTIC: [8] Undefined variable: title D:\WWW\tools\Application\Runtime\Cache\Home\2a94b8bda04ff446dcedd42276fc99ee.php 第 62 行.
INFO: [ keyWords ] --START--
SQL: SHOW COLUMNS FROM `keywords` [ RunTime:0.0132s ]
NOTIC: [2] Missing argument 1 for Think\Model::where(), called in D:\WWW\tools\Application\Home\Model\CommModel.class.php on line 46 and defined D:\WWW\tools\ThinkPHP\Library\Think\Model.class.php 第 1797 行.
NOTIC: [8] Undefined variable: where D:\WWW\tools\ThinkPHP\Library\Think\Model.class.php 第 1805 行.
NOTIC: [8] Undefined variable: where D:\WWW\tools\ThinkPHP\Library\Think\Model.class.php 第 1808 行.
NOTIC: [8] Undefined variable: where D:\WWW\tools\ThinkPHP\Library\Think\Model.class.php 第 1816 行.
SQL: SELECT * FROM `keywords` ORDER BY `order` asc,num desc LIMIT 30   [ RunTime:0.0003s ]
INFO: Run Home\Behavior\KeyWordsBehavior [ RunTime:0.044461s ]
INFO: [ keyWords ] --END-- [ RunTime:0.044513s ]
INFO: Run Behavior\ParseTemplateBehavior [ RunTime:0.459900s ]
INFO: [ view_parse ] --END-- [ RunTime:0.459973s ]
INFO: [ view_filter ] --START--
INFO: Run Behavior\WriteHtmlCacheBehavior [ RunTime:0.020871s ]
INFO: [ view_filter ] --END-- [ RunTime:0.020933s ]
INFO: [ app_end ] --START--
INFO: Run Behavior\ShowPageTraceBehavior [ RunTime:0.017212s ]
INFO: [ app_end ] --END-- [ RunTime:0.017282s ]

[ 2018-01-06T17:36:32+08:00 ] 127.0.0.1 /art/article/id/53.aspx
INFO: [ app_init ] --START--
INFO: Run Behavior\BuildLiteBehavior [ RunTime:0.000014s ]
INFO: [ app_init ] --END-- [ RunTime:0.000324s ]
INFO: [ app_begin ] --START--
INFO: Run Behavior\ReadHtmlCacheBehavior [ RunTime:0.000524s ]
INFO: [ app_begin ] --END-- [ RunTime:0.000582s ]
NOTIC: [2048] Declaration of Home\Model\TypeModel::save() should be compatible with that of Think\Model::save() D:\WWW\tools\Application\Home\Model\TypeModel.class.php 第 10 行.
NOTIC: [2048] Declaration of Home\Model\TypeModel::delete() should be compatible with that of Think\Model::delete() D:\WWW\tools\Application\Home\Model\TypeModel.class.php 第 10 行.
SQL: SHOW COLUMNS FROM `type` [ RunTime:0.0351s ]
NOTIC: [2] Missing argument 1 for Home\Model\TypeModel::lists(), called in D:\WWW\tools\ThinkPHP\Library\Think\Controller.class.php on line 51 and defined D:\WWW\tools\Application\Home\Model\TypeModel.class.php 第 83 行.
NOTIC: [8] Undefined variable: arr D:\WWW\tools\Application\Home\Model\TypeModel.class.php 第 84 行.
SQL: SELECT * FROM `type` ORDER BY `order` asc,id asc  [ RunTime:0.0008s ]
SQL: SHOW COLUMNS FROM `article` [ RunTime:0.0293s ]
SQL: SELECT * FROM `article` WHERE `id` = 53 LIMIT 1   [ RunTime:0.0004s ]
SQL: SELECT * FROM `article` WHERE `id` = 53 LIMIT 1   [ RunTime:0.0003s ]
SQL: UPDATE `article` SET `title`='centos7 安装Java环境',`keyword`='centos7 java',`content`='&lt;p&gt;&lt;span style=&quot;color: rgb(51, 51, 51); font-family: &amp;quot;Helvetica Neue&amp;quot;, Helvetica, Arial, sans-serif; background-color: rgb(254, 254, 254);&quot;&gt;Java 环境可选择 Oracle 的 JDK，或是 OpenJDK，现在一般 Linux 系统默认安装的基本是 OpenJDK，如 CentOS 6.4 就默认安装了 OpenJDK 1.7。按&amp;nbsp;&lt;/span&gt;&lt;a href=&quot;http://wiki.apache.org/hadoop/HadoopJavaVersions&quot; target=&quot;_blank&quot; style=&quot;box-sizing: border-box; background: 0px 0px rgb(254, 254, 254); color: rgb(32, 128, 223); text-decoration-line: none; font-family: &amp;quot;Helvetica Neue&amp;quot;, Helvetica, Arial, sans-serif;&quot;&gt;http://wiki.apache.org/hadoop/HadoopJavaVersions&lt;/a&gt;&lt;span style=&quot;color: rgb(51, 51, 51); font-family: &amp;quot;Helvetica Neue&amp;quot;, Helvetica, Arial, sans-serif; background-color: rgb(254, 254, 254);&quot;&gt;&amp;nbsp;中说的，Hadoop 在 OpenJDK 1.7 下运行是没问题的。需要注意的是，CentOS 6.4 中默认安装的只是 Java JRE，而不是 JDK，为了开发方便，我们还是需要通过 yum 进行安装 JDK，安装过程中会让输入 [y/N]，输入 y 即可：&lt;/span&gt;&lt;span style=&quot;background-color: rgb(247, 150, 70);&quot;&gt;&lt;br/&gt;&lt;/span&gt;&lt;/p&gt;&lt;p&gt;&lt;span style=&quot;background-color: rgb(247, 150, 70);&quot;&gt;$&amp;nbsp;&amp;nbsp;&lt;span class=&quot;kwd&quot; style=&quot;background-color: rgb(247, 150, 70); box-sizing: border-box;&quot;&gt;sudo yum install java-1.7.0-openjdk java-1.7.0-openjdk-devel&lt;/span&gt;&lt;/span&gt;&lt;/p&gt;&lt;p style=&quot;box-sizing: border-box; margin-top: 0px; margin-bottom: 15px; color: rgb(51, 51, 51); font-family: &amp;quot;Helvetica Neue&amp;quot;, Helvetica, Arial, sans-serif; background-color: rgb(254, 254, 254);&quot;&gt;通过上述命令安装 OpenJDK，默认安装位置为 /usr/lib/jvm/java-1.7.0-openjdk（该路径可以通过执行&amp;nbsp;&lt;code style=&quot;box-sizing: border-box; font-family: Menlo, Monaco, Consolas, &amp;quot;Courier New&amp;quot;, monospace; font-size: 14.4px; padding: 4px 6px; background-color: rgb(254, 233, 204); border-radius: 3px; vertical-align: middle;&quot;&gt;rpm -ql java-1.7.0-openjdk-devel | grep &amp;#39;/bin/javac&amp;#39;&lt;/code&gt;&amp;nbsp;命令确定，执行后会输出一个路径，除去路径末尾的 “/bin/javac”，剩下的就是正确的路径了）。OpenJDK 安装后就可以直接使用 java、javac 等命令了。&lt;/p&gt;&lt;p style=&quot;box-sizing: border-box; margin-top: 0px; margin-bottom: 15px; color: rgb(51, 51, 51); font-family: &amp;quot;Helvetica Neue&amp;quot;, Helvetica, Arial, sans-serif; background-color: rgb(254, 254, 254);&quot;&gt;接着需要配置一下 JAVA_HOME 环境变量，为方便，我们在 ~/.bashrc 中进行设置（扩展阅读:&amp;nbsp;&lt;a href=&quot;http://www.powerxing.com/linux-environment-variable/&quot; target=&quot;_blank&quot; style=&quot;box-sizing: border-box; background: 0px 0px; color: rgb(32, 128, 223); text-decoration-line: none;&quot;&gt;设置Linux环境变量的方法和区别&lt;/a&gt;）：&lt;/p&gt;&lt;p style=&quot;box-sizing: border-box; margin-top: 0px; margin-bottom: 15px; background-color: rgb(254, 254, 254);&quot;&gt;&lt;span style=&quot;background-color: rgb(247, 150, 70);&quot;&gt;&lt;span class=&quot;kwd&quot; style=&quot;background-color: rgb(247, 150, 70); box-sizing: border-box; color: rgb(51, 51, 51); font-family: &amp;quot;Helvetica Neue&amp;quot;, Helvetica, Arial, sans-serif;&quot;&gt;$&amp;nbsp;&amp;nbsp;&lt;/span&gt;&lt;span class=&quot;kwd&quot; style=&quot;color: rgb(0, 0, 0); font-family: sans-serif; background-color: rgb(247, 150, 70); box-sizing: border-box;&quot;&gt;vim ~/.bashrc&lt;/span&gt;&lt;/span&gt;&lt;/p&gt;&lt;p style=&quot;box-sizing: border-box; margin-top: 0px; margin-bottom: 15px; background-color: rgb(254, 254, 254);&quot;&gt;&lt;span style=&quot;color: rgb(51, 51, 51); font-family: &amp;quot;Helvetica Neue&amp;quot;, Helvetica, Arial, sans-serif;&quot;&gt;在文件最后面添加如下单独一行（指向 JDK 的安装位置），并保存：&lt;/span&gt;&lt;span style=&quot;color: rgb(0, 0, 0); font-family: sans-serif; background-color: rgb(247, 150, 70); box-sizing: border-box;&quot;&gt;&lt;br/&gt;&lt;/span&gt;&lt;/p&gt;&lt;p&gt;&lt;span style=&quot;color: rgb(0, 0, 0); background-color: rgb(247, 150, 70); box-sizing: border-box;&quot;&gt;export JAVA_HOME=/usr/lib/jvm/java-1.7.0-openjdk&lt;/span&gt;&lt;/p&gt;&lt;p&gt;&lt;span style=&quot;color: rgb(0, 0, 0); background-color: rgb(247, 150, 70); box-sizing: border-box;&quot;&gt;&lt;img src=&quot;/ueditor/php/upload/image/20180106/1515231185106680.png&quot; title=&quot;1515231185106680.png&quot; alt=&quot;TIM截图20180106173252.png&quot;/&gt;&lt;/span&gt;&lt;/p&gt;&lt;p&gt;&lt;span style=&quot;font-family: &amp;quot;Helvetica Neue&amp;quot;, Helvetica, Arial, sans-serif; box-sizing: border-box; color: rgb(0, 0, 0); background-color: rgb(255, 255, 255);&quot;&gt;接着还需要让该环境变量生效，执行如下代码：&lt;/span&gt;&lt;span style=&quot;box-sizing: border-box; color: rgb(51, 51, 51); font-family: &amp;quot;Helvetica Neue&amp;quot;, Helvetica, Arial, sans-serif; background-color: rgb(254, 254, 254);&quot;&gt;&lt;br/&gt;&lt;/span&gt;&lt;/p&gt;&lt;p&gt;&lt;span style=&quot;font-family: &amp;quot;Helvetica Neue&amp;quot;, Helvetica, Arial, sans-serif; box-sizing: border-box; color: rgb(0, 0, 0); background-color: rgb(255, 255, 255);&quot;&gt;&lt;/span&gt;&lt;/p&gt;&lt;p&gt;&lt;span style=&quot;color: rgb(0, 0, 0); background-color: rgb(247, 150, 70);&quot;&gt;&lt;span class=&quot;kwd&quot; style=&quot;color: rgb(0, 0, 0); box-sizing: border-box;&quot;&gt;$source ~/.bashrc &amp;nbsp; &amp;nbsp;&lt;/span&gt;&lt;span class=&quot;com&quot; style=&quot;color: rgb(0, 0, 0); box-sizing: border-box; font-style: italic;&quot;&gt;# 使变量设置生效&lt;/span&gt;&lt;/span&gt;&lt;/p&gt;&lt;p&gt;&lt;span style=&quot;background-color: rgb(247, 150, 70); color: rgb(0, 0, 0); box-sizing: border-box; font-style: italic;&quot;&gt;&lt;br/&gt;&lt;/span&gt;&lt;/p&gt;&lt;p&gt;&lt;span style=&quot;color: rgb(51, 51, 51); font-family: &amp;quot;Helvetica Neue&amp;quot;, Helvetica, Arial, sans-serif; background-color: rgb(254, 254, 254);&quot;&gt;设置好后我们来检验一下是否设置正确：&lt;/span&gt;&lt;span style=&quot;background-color: rgb(247, 150, 70); color: rgb(0, 0, 0); box-sizing: border-box; font-style: italic;&quot;&gt;&lt;br/&gt;&lt;/span&gt;&lt;/p&gt;&lt;p&gt;&lt;span style=&quot;background-color: rgb(247, 150, 70); color: rgb(0, 0, 0); box-sizing: border-box; font-style: italic;&quot;&gt;&lt;br/&gt;&lt;/span&gt;&lt;/p&gt;&lt;p&gt;&lt;span style=&quot;color: rgb(0, 0, 0); background-color: rgb(247, 150, 70);&quot;&gt;&lt;span class=&quot;kwd&quot; style=&quot;color: rgb(0, 0, 0); background-color: rgb(247, 150, 70); box-sizing: border-box;&quot;&gt;$&amp;nbsp; echo $JAVA_HOME &amp;nbsp; &amp;nbsp; &lt;/span&gt;&lt;span class=&quot;com&quot; style=&quot;color: rgb(0, 0, 0); background-color: rgb(247, 150, 70); box-sizing: border-box; font-style: italic;&quot;&gt;# 检验变量值&lt;/span&gt;&lt;/span&gt;&lt;/p&gt;&lt;p&gt;&lt;span style=&quot;box-sizing: border-box; color: rgb(0, 0, 0); background-color: rgb(247, 150, 70);&quot;&gt;$&amp;nbsp; java -version&lt;/span&gt;&lt;/p&gt;&lt;p&gt;&lt;span style=&quot;color: rgb(0, 0, 0); background-color: rgb(247, 150, 70);&quot;&gt;&lt;span class=&quot;pln&quot; style=&quot;color: rgb(0, 0, 0); background-color: rgb(247, 150, 70); box-sizing: border-box;&quot;&gt;$&amp;nbsp; $JAVA_HOME/bin/java -version &amp;nbsp;&lt;/span&gt;&lt;span class=&quot;com&quot; style=&quot;color: rgb(0, 0, 0); background-color: rgb(247, 150, 70); box-sizing: border-box; font-style: italic;&quot;&gt;# 与直接执行 java -version 一样&lt;/span&gt;&lt;/span&gt;&lt;/p&gt;&lt;p&gt;&lt;span style=&quot;color: rgb(0, 0, 0); background-color: rgb(247, 150, 70);&quot;&gt;&lt;span class=&quot;com&quot; style=&quot;color: rgb(0, 0, 0); background-color: rgb(247, 150, 70); box-sizing: border-box; font-style: italic;&quot;&gt;&lt;br/&gt;&lt;/span&gt;&lt;/span&gt;&lt;/p&gt;&lt;p&gt;&lt;span style=&quot;color: rgb(0, 0, 0); background-color: rgb(247, 150, 70); box-sizing: border-box;&quot;&gt;&lt;br/&gt;&lt;/span&gt;&lt;/p&gt;',`status`='1',`type`='3',`createtime`='1515231384',`author`='小兔',`imgurl`=NULL,`recom`='0',`readnum`='1' WHERE `id` = 53 [ RunTime:0.0008s ]
SQL: SELECT `id`,`title` FROM `article` WHERE ( id<53 and status=1 ) ORDER BY id desc LIMIT 1   [ RunTime:0.0003s ]
SQL: SELECT `id`,`title` FROM `article` WHERE ( id>53 and status=1 ) ORDER BY id asc LIMIT 1   [ RunTime:0.0002s ]
SQL: SELECT `id`,`title` FROM `article` WHERE ( id<>53 and status=1 and recom=1 ) ORDER BY id desc LIMIT 6   [ RunTime:0.0008s ]
NOTIC: [8] Undefined offset: 0 D:\WWW\tools\Application\Home\Controller\ArtController.class.php 第 87 行.
INFO: [ view_parse ] --START--
INFO: [ template_filter ] --START--
INFO: Run Behavior\ContentReplaceBehavior [ RunTime:0.000152s ]
INFO: [ template_filter ] --END-- [ RunTime:0.000263s ]
NOTIC: [8] Undefined variable: title D:\WWW\tools\Application\Runtime\Cache\Home\f274c600cf8d13c9d31ff143ea08a211.php 第 55 行.
INFO: [ keyWords ] --START--
SQL: SHOW COLUMNS FROM `keywords` [ RunTime:0.0114s ]
NOTIC: [2] Missing argument 1 for Think\Model::where(), called in D:\WWW\tools\Application\Home\Model\CommModel.class.php on line 46 and defined D:\WWW\tools\ThinkPHP\Library\Think\Model.class.php 第 1797 行.
NOTIC: [8] Undefined variable: where D:\WWW\tools\ThinkPHP\Library\Think\Model.class.php 第 1805 行.
NOTIC: [8] Undefined variable: where D:\WWW\tools\ThinkPHP\Library\Think\Model.class.php 第 1808 行.
NOTIC: [8] Undefined variable: where D:\WWW\tools\ThinkPHP\Library\Think\Model.class.php 第 1816 行.
SQL: SELECT * FROM `keywords` ORDER BY `order` asc,num desc LIMIT 30   [ RunTime:0.0004s ]
INFO: Run Home\Behavior\KeyWordsBehavior [ RunTime:0.015552s ]
INFO: [ keyWords ] --END-- [ RunTime:0.015644s ]
INFO: Run Behavior\ParseTemplateBehavior [ RunTime:0.044844s ]
INFO: [ view_parse ] --END-- [ RunTime:0.044920s ]
INFO: [ view_filter ] --START--
INFO: Run Behavior\WriteHtmlCacheBehavior [ RunTime:0.000643s ]
INFO: [ view_filter ] --END-- [ RunTime:0.000720s ]
INFO: [ app_end ] --START--
INFO: Run Behavior\ShowPageTraceBehavior [ RunTime:0.000954s ]
INFO: [ app_end ] --END-- [ RunTime:0.001052s ]

[ 2018-01-06T17:36:59+08:00 ] 127.0.0.1 /
INFO: [ app_init ] --START--
INFO: Run Behavior\BuildLiteBehavior [ RunTime:0.000014s ]
INFO: [ app_init ] --END-- [ RunTime:0.000322s ]
INFO: [ app_begin ] --START--
INFO: Run Behavior\ReadHtmlCacheBehavior [ RunTime:0.000509s ]
INFO: [ app_begin ] --END-- [ RunTime:0.000578s ]
NOTIC: [2048] Declaration of Home\Model\TypeModel::save() should be compatible with that of Think\Model::save() D:\WWW\tools\Application\Home\Model\TypeModel.class.php 第 10 行.
NOTIC: [2048] Declaration of Home\Model\TypeModel::delete() should be compatible with that of Think\Model::delete() D:\WWW\tools\Application\Home\Model\TypeModel.class.php 第 10 行.
SQL: SHOW COLUMNS FROM `type` [ RunTime:0.0467s ]
NOTIC: [2] Missing argument 1 for Home\Model\TypeModel::lists(), called in D:\WWW\tools\ThinkPHP\Library\Think\Controller.class.php on line 51 and defined D:\WWW\tools\Application\Home\Model\TypeModel.class.php 第 83 行.
NOTIC: [8] Undefined variable: arr D:\WWW\tools\Application\Home\Model\TypeModel.class.php 第 84 行.
SQL: SELECT * FROM `type` ORDER BY `order` asc,id asc  [ RunTime:0.0005s ]
SQL: SHOW COLUMNS FROM `article` [ RunTime:0.0104s ]
SQL: SELECT * FROM `article` WHERE `status` = 1 ORDER BY id desc LIMIT 6   [ RunTime:0.0005s ]
SQL: SELECT * FROM `article` WHERE `status` = 1 ORDER BY readnum desc,id desc LIMIT 6   [ RunTime:0.0006s ]
INFO: [ view_parse ] --START--
INFO: [ template_filter ] --START--
INFO: Run Behavior\ContentReplaceBehavior [ RunTime:0.000091s ]
INFO: [ template_filter ] --END-- [ RunTime:0.000146s ]
NOTIC: [8] Undefined variable: title D:\WWW\tools\Application\Runtime\Cache\Home\2a94b8bda04ff446dcedd42276fc99ee.php 第 62 行.
INFO: [ keyWords ] --START--
SQL: SHOW COLUMNS FROM `keywords` [ RunTime:0.0087s ]
NOTIC: [2] Missing argument 1 for Think\Model::where(), called in D:\WWW\tools\Application\Home\Model\CommModel.class.php on line 46 and defined D:\WWW\tools\ThinkPHP\Library\Think\Model.class.php 第 1797 行.
NOTIC: [8] Undefined variable: where D:\WWW\tools\ThinkPHP\Library\Think\Model.class.php 第 1805 行.
NOTIC: [8] Undefined variable: where D:\WWW\tools\ThinkPHP\Library\Think\Model.class.php 第 1808 行.
NOTIC: [8] Undefined variable: where D:\WWW\tools\ThinkPHP\Library\Think\Model.class.php 第 1816 行.
SQL: SELECT * FROM `keywords` ORDER BY `order` asc,num desc LIMIT 30   [ RunTime:0.0002s ]
INFO: Run Home\Behavior\KeyWordsBehavior [ RunTime:0.011091s ]
INFO: [ keyWords ] --END-- [ RunTime:0.011138s ]
INFO: Run Behavior\ParseTemplateBehavior [ RunTime:0.021679s ]
INFO: [ view_parse ] --END-- [ RunTime:0.021721s ]
INFO: [ view_filter ] --START--
INFO: Run Behavior\WriteHtmlCacheBehavior [ RunTime:0.000374s ]
INFO: [ view_filter ] --END-- [ RunTime:0.000417s ]
INFO: [ app_end ] --START--
INFO: Run Behavior\ShowPageTraceBehavior [ RunTime:0.000508s ]
INFO: [ app_end ] --END-- [ RunTime:0.000559s ]

[ 2018-01-06T17:37:01+08:00 ] 127.0.0.1 /art/lists.aspx
INFO: [ app_init ] --START--
INFO: Run Behavior\BuildLiteBehavior [ RunTime:0.000014s ]
INFO: [ app_init ] --END-- [ RunTime:0.000322s ]
INFO: [ app_begin ] --START--
INFO: Run Behavior\ReadHtmlCacheBehavior [ RunTime:0.000514s ]
INFO: [ app_begin ] --END-- [ RunTime:0.000581s ]
NOTIC: [2048] Declaration of Home\Model\TypeModel::save() should be compatible with that of Think\Model::save() D:\WWW\tools\Application\Home\Model\TypeModel.class.php 第 10 行.
NOTIC: [2048] Declaration of Home\Model\TypeModel::delete() should be compatible with that of Think\Model::delete() D:\WWW\tools\Application\Home\Model\TypeModel.class.php 第 10 行.
SQL: SHOW COLUMNS FROM `type` [ RunTime:0.0213s ]
NOTIC: [2] Missing argument 1 for Home\Model\TypeModel::lists(), called in D:\WWW\tools\ThinkPHP\Library\Think\Controller.class.php on line 51 and defined D:\WWW\tools\Application\Home\Model\TypeModel.class.php 第 83 行.
NOTIC: [8] Undefined variable: arr D:\WWW\tools\Application\Home\Model\TypeModel.class.php 第 84 行.
SQL: SELECT * FROM `type` ORDER BY `order` asc,id asc  [ RunTime:0.0004s ]
SQL: SHOW COLUMNS FROM `article` [ RunTime:0.0155s ]
SQL: SELECT * FROM `article` ORDER BY id desc LIMIT 0,6   [ RunTime:0.0010s ]
SQL: SELECT COUNT(*) AS tp_count FROM `article` LIMIT 1   [ RunTime:0.0002s ]
SQL: SHOW COLUMNS FROM `keywords` [ RunTime:0.0151s ]
NOTIC: [2] Missing argument 1 for Think\Model::where(), called in D:\WWW\tools\Application\Home\Model\CommModel.class.php on line 46 and defined D:\WWW\tools\ThinkPHP\Library\Think\Model.class.php 第 1797 行.
NOTIC: [8] Undefined variable: where D:\WWW\tools\ThinkPHP\Library\Think\Model.class.php 第 1805 行.
NOTIC: [8] Undefined variable: where D:\WWW\tools\ThinkPHP\Library\Think\Model.class.php 第 1808 行.
NOTIC: [8] Undefined variable: where D:\WWW\tools\ThinkPHP\Library\Think\Model.class.php 第 1816 行.
SQL: SELECT * FROM `keywords` ORDER BY `order` asc,num desc LIMIT 20   [ RunTime:0.0004s ]
INFO: [ view_parse ] --START--
INFO: [ template_filter ] --START--
INFO: Run Behavior\ContentReplaceBehavior [ RunTime:0.000162s ]
INFO: [ template_filter ] --END-- [ RunTime:0.000279s ]
INFO: Run Behavior\ParseTemplateBehavior [ RunTime:0.270234s ]
INFO: [ view_parse ] --END-- [ RunTime:0.270347s ]
INFO: [ view_filter ] --START--
INFO: Run Behavior\WriteHtmlCacheBehavior [ RunTime:0.000636s ]
INFO: [ view_filter ] --END-- [ RunTime:0.000710s ]
INFO: [ app_end ] --START--
INFO: Run Behavior\ShowPageTraceBehavior [ RunTime:0.001755s ]
INFO: [ app_end ] --END-- [ RunTime:0.001974s ]

[ 2018-01-06T17:37:04+08:00 ] 127.0.0.1 /art/async_lists.aspx
INFO: [ app_init ] --START--
INFO: Run Behavior\BuildLiteBehavior [ RunTime:0.000024s ]
INFO: [ app_init ] --END-- [ RunTime:0.000599s ]
INFO: [ app_begin ] --START--
INFO: Run Behavior\ReadHtmlCacheBehavior [ RunTime:0.001091s ]
INFO: [ app_begin ] --END-- [ RunTime:0.001211s ]
NOTIC: [2048] Declaration of Home\Model\TypeModel::save() should be compatible with that of Think\Model::save() D:\WWW\tools\Application\Home\Model\TypeModel.class.php 第 10 行.
NOTIC: [2048] Declaration of Home\Model\TypeModel::delete() should be compatible with that of Think\Model::delete() D:\WWW\tools\Application\Home\Model\TypeModel.class.php 第 10 行.
SQL: SHOW COLUMNS FROM `type` [ RunTime:0.0251s ]
NOTIC: [2] Missing argument 1 for Home\Model\TypeModel::lists(), called in D:\WWW\tools\ThinkPHP\Library\Think\Controller.class.php on line 51 and defined D:\WWW\tools\Application\Home\Model\TypeModel.class.php 第 83 行.
NOTIC: [8] Undefined variable: arr D:\WWW\tools\Application\Home\Model\TypeModel.class.php 第 84 行.
SQL: SELECT * FROM `type` ORDER BY `order` asc,id asc  [ RunTime:0.0004s ]
SQL: SHOW COLUMNS FROM `article` [ RunTime:0.0232s ]
SQL: SELECT * FROM `article` ORDER BY id desc LIMIT 6,6   [ RunTime:0.0022s ]

[ 2018-01-06T17:37:06+08:00 ] 127.0.0.1 /art/async_lists.aspx
INFO: [ app_init ] --START--
INFO: Run Behavior\BuildLiteBehavior [ RunTime:0.000030s ]
INFO: [ app_init ] --END-- [ RunTime:0.000742s ]
INFO: [ app_begin ] --START--
INFO: Run Behavior\ReadHtmlCacheBehavior [ RunTime:0.001632s ]
INFO: [ app_begin ] --END-- [ RunTime:0.001866s ]
NOTIC: [2048] Declaration of Home\Model\TypeModel::save() should be compatible with that of Think\Model::save() D:\WWW\tools\Application\Home\Model\TypeModel.class.php 第 10 行.
NOTIC: [2048] Declaration of Home\Model\TypeModel::delete() should be compatible with that of Think\Model::delete() D:\WWW\tools\Application\Home\Model\TypeModel.class.php 第 10 行.
SQL: SHOW COLUMNS FROM `type` [ RunTime:0.1473s ]
NOTIC: [2] Missing argument 1 for Home\Model\TypeModel::lists(), called in D:\WWW\tools\ThinkPHP\Library\Think\Controller.class.php on line 51 and defined D:\WWW\tools\Application\Home\Model\TypeModel.class.php 第 83 行.
NOTIC: [8] Undefined variable: arr D:\WWW\tools\Application\Home\Model\TypeModel.class.php 第 84 行.
SQL: SELECT * FROM `type` ORDER BY `order` asc,id asc  [ RunTime:0.0007s ]
SQL: SHOW COLUMNS FROM `article` [ RunTime:0.0258s ]
SQL: SELECT * FROM `article` ORDER BY id desc LIMIT 12,6   [ RunTime:0.0023s ]

[ 2018-01-06T17:37:28+08:00 ] 127.0.0.1 /art/async_lists.aspx
INFO: [ app_init ] --START--
INFO: Run Behavior\BuildLiteBehavior [ RunTime:0.000029s ]
INFO: [ app_init ] --END-- [ RunTime:0.000686s ]
INFO: [ app_begin ] --START--
INFO: Run Behavior\ReadHtmlCacheBehavior [ RunTime:0.000495s ]
INFO: [ app_begin ] --END-- [ RunTime:0.000551s ]
NOTIC: [2048] Declaration of Home\Model\TypeModel::save() should be compatible with that of Think\Model::save() D:\WWW\tools\Application\Home\Model\TypeModel.class.php 第 10 行.
NOTIC: [2048] Declaration of Home\Model\TypeModel::delete() should be compatible with that of Think\Model::delete() D:\WWW\tools\Application\Home\Model\TypeModel.class.php 第 10 行.
SQL: SHOW COLUMNS FROM `type` [ RunTime:0.0371s ]
NOTIC: [2] Missing argument 1 for Home\Model\TypeModel::lists(), called in D:\WWW\tools\ThinkPHP\Library\Think\Controller.class.php on line 51 and defined D:\WWW\tools\Application\Home\Model\TypeModel.class.php 第 83 行.
NOTIC: [8] Undefined variable: arr D:\WWW\tools\Application\Home\Model\TypeModel.class.php 第 84 行.
SQL: SELECT * FROM `type` ORDER BY `order` asc,id asc  [ RunTime:0.0007s ]
SQL: SHOW COLUMNS FROM `article` [ RunTime:0.0265s ]
SQL: SELECT * FROM `article` ORDER BY id desc LIMIT 18,6   [ RunTime:0.0013s ]

[ 2018-01-06T17:37:31+08:00 ] 127.0.0.1 /art/async_lists.aspx
INFO: [ app_init ] --START--
INFO: Run Behavior\BuildLiteBehavior [ RunTime:0.000050s ]
INFO: [ app_init ] --END-- [ RunTime:0.000980s ]
INFO: [ app_begin ] --START--
INFO: Run Behavior\ReadHtmlCacheBehavior [ RunTime:0.000575s ]
INFO: [ app_begin ] --END-- [ RunTime:0.000644s ]
NOTIC: [2048] Declaration of Home\Model\TypeModel::save() should be compatible with that of Think\Model::save() D:\WWW\tools\Application\Home\Model\TypeModel.class.php 第 10 行.
NOTIC: [2048] Declaration of Home\Model\TypeModel::delete() should be compatible with that of Think\Model::delete() D:\WWW\tools\Application\Home\Model\TypeModel.class.php 第 10 行.
SQL: SHOW COLUMNS FROM `type` [ RunTime:0.0344s ]
NOTIC: [2] Missing argument 1 for Home\Model\TypeModel::lists(), called in D:\WWW\tools\ThinkPHP\Library\Think\Controller.class.php on line 51 and defined D:\WWW\tools\Application\Home\Model\TypeModel.class.php 第 83 行.
NOTIC: [8] Undefined variable: arr D:\WWW\tools\Application\Home\Model\TypeModel.class.php 第 84 行.
SQL: SELECT * FROM `type` ORDER BY `order` asc,id asc  [ RunTime:0.0007s ]
SQL: SHOW COLUMNS FROM `article` [ RunTime:0.0248s ]
SQL: SELECT * FROM `article` ORDER BY id desc LIMIT 24,6   [ RunTime:0.0016s ]

[ 2018-01-06T17:37:34+08:00 ] 127.0.0.1 /art/async_lists.aspx
INFO: [ app_init ] --START--
INFO: Run Behavior\BuildLiteBehavior [ RunTime:0.000057s ]
INFO: [ app_init ] --END-- [ RunTime:0.000918s ]
INFO: [ app_begin ] --START--
INFO: Run Behavior\ReadHtmlCacheBehavior [ RunTime:0.001205s ]
INFO: [ app_begin ] --END-- [ RunTime:0.001310s ]
NOTIC: [2048] Declaration of Home\Model\TypeModel::save() should be compatible with that of Think\Model::save() D:\WWW\tools\Application\Home\Model\TypeModel.class.php 第 10 行.
NOTIC: [2048] Declaration of Home\Model\TypeModel::delete() should be compatible with that of Think\Model::delete() D:\WWW\tools\Application\Home\Model\TypeModel.class.php 第 10 行.
SQL: SHOW COLUMNS FROM `type` [ RunTime:0.0127s ]
NOTIC: [2] Missing argument 1 for Home\Model\TypeModel::lists(), called in D:\WWW\tools\ThinkPHP\Library\Think\Controller.class.php on line 51 and defined D:\WWW\tools\Application\Home\Model\TypeModel.class.php 第 83 行.
NOTIC: [8] Undefined variable: arr D:\WWW\tools\Application\Home\Model\TypeModel.class.php 第 84 行.
SQL: SELECT * FROM `type` ORDER BY `order` asc,id asc  [ RunTime:0.0003s ]
SQL: SHOW COLUMNS FROM `article` [ RunTime:0.0357s ]
SQL: SELECT * FROM `article` ORDER BY id desc LIMIT 30,6   [ RunTime:0.0007s ]

[ 2018-01-06T17:37:36+08:00 ] 127.0.0.1 /art/async_lists.aspx
INFO: [ app_init ] --START--
INFO: Run Behavior\BuildLiteBehavior [ RunTime:0.000024s ]
INFO: [ app_init ] --END-- [ RunTime:0.000590s ]
INFO: [ app_begin ] --START--
INFO: Run Behavior\ReadHtmlCacheBehavior [ RunTime:0.000986s ]
INFO: [ app_begin ] --END-- [ RunTime:0.001103s ]
NOTIC: [2048] Declaration of Home\Model\TypeModel::save() should be compatible with that of Think\Model::save() D:\WWW\tools\Application\Home\Model\TypeModel.class.php 第 10 行.
NOTIC: [2048] Declaration of Home\Model\TypeModel::delete() should be compatible with that of Think\Model::delete() D:\WWW\tools\Application\Home\Model\TypeModel.class.php 第 10 行.
SQL: SHOW COLUMNS FROM `type` [ RunTime:0.0348s ]
NOTIC: [2] Missing argument 1 for Home\Model\TypeModel::lists(), called in D:\WWW\tools\ThinkPHP\Library\Think\Controller.class.php on line 51 and defined D:\WWW\tools\Application\Home\Model\TypeModel.class.php 第 83 行.
NOTIC: [8] Undefined variable: arr D:\WWW\tools\Application\Home\Model\TypeModel.class.php 第 84 行.
SQL: SELECT * FROM `type` ORDER BY `order` asc,id asc  [ RunTime:0.0007s ]
SQL: SHOW COLUMNS FROM `article` [ RunTime:0.0258s ]
SQL: SELECT * FROM `article` ORDER BY id desc LIMIT 36,6   [ RunTime:0.0016s ]

[ 2018-01-06T17:37:39+08:00 ] 127.0.0.1 /art/async_lists.aspx
INFO: [ app_init ] --START--
INFO: Run Behavior\BuildLiteBehavior [ RunTime:0.000016s ]
INFO: [ app_init ] --END-- [ RunTime:0.000364s ]
INFO: [ app_begin ] --START--
INFO: Run Behavior\ReadHtmlCacheBehavior [ RunTime:0.000570s ]
INFO: [ app_begin ] --END-- [ RunTime:0.000629s ]
NOTIC: [2048] Declaration of Home\Model\TypeModel::save() should be compatible with that of Think\Model::save() D:\WWW\tools\Application\Home\Model\TypeModel.class.php 第 10 行.
NOTIC: [2048] Declaration of Home\Model\TypeModel::delete() should be compatible with that of Think\Model::delete() D:\WWW\tools\Application\Home\Model\TypeModel.class.php 第 10 行.
SQL: SHOW COLUMNS FROM `type` [ RunTime:0.0326s ]
NOTIC: [2] Missing argument 1 for Home\Model\TypeModel::lists(), called in D:\WWW\tools\ThinkPHP\Library\Think\Controller.class.php on line 51 and defined D:\WWW\tools\Application\Home\Model\TypeModel.class.php 第 83 行.
NOTIC: [8] Undefined variable: arr D:\WWW\tools\Application\Home\Model\TypeModel.class.php 第 84 行.
SQL: SELECT * FROM `type` ORDER BY `order` asc,id asc  [ RunTime:0.0004s ]
SQL: SHOW COLUMNS FROM `article` [ RunTime:0.0122s ]
SQL: SELECT * FROM `article` ORDER BY id desc LIMIT 42,6   [ RunTime:0.0009s ]

[ 2018-01-06T17:37:42+08:00 ] 127.0.0.1 /art/async_lists.aspx
INFO: [ app_init ] --START--
INFO: Run Behavior\BuildLiteBehavior [ RunTime:0.000037s ]
INFO: [ app_init ] --END-- [ RunTime:0.000989s ]
INFO: [ app_begin ] --START--
INFO: Run Behavior\ReadHtmlCacheBehavior [ RunTime:0.001185s ]
INFO: [ app_begin ] --END-- [ RunTime:0.001310s ]
NOTIC: [2048] Declaration of Home\Model\TypeModel::save() should be compatible with that of Think\Model::save() D:\WWW\tools\Application\Home\Model\TypeModel.class.php 第 10 行.
NOTIC: [2048] Declaration of Home\Model\TypeModel::delete() should be compatible with that of Think\Model::delete() D:\WWW\tools\Application\Home\Model\TypeModel.class.php 第 10 行.
SQL: SHOW COLUMNS FROM `type` [ RunTime:0.0326s ]
NOTIC: [2] Missing argument 1 for Home\Model\TypeModel::lists(), called in D:\WWW\tools\ThinkPHP\Library\Think\Controller.class.php on line 51 and defined D:\WWW\tools\Application\Home\Model\TypeModel.class.php 第 83 行.
NOTIC: [8] Undefined variable: arr D:\WWW\tools\Application\Home\Model\TypeModel.class.php 第 84 行.
SQL: SELECT * FROM `type` ORDER BY `order` asc,id asc  [ RunTime:0.0004s ]
SQL: SHOW COLUMNS FROM `article` [ RunTime:0.0131s ]
SQL: SELECT * FROM `article` ORDER BY id desc LIMIT 48,6   [ RunTime:0.0013s ]

[ 2018-01-06T17:37:44+08:00 ] 127.0.0.1 /art/async_lists.aspx
INFO: [ app_init ] --START--
INFO: Run Behavior\BuildLiteBehavior [ RunTime:0.000023s ]
INFO: [ app_init ] --END-- [ RunTime:0.000567s ]
INFO: [ app_begin ] --START--
INFO: Run Behavior\ReadHtmlCacheBehavior [ RunTime:0.000894s ]
INFO: [ app_begin ] --END-- [ RunTime:0.000990s ]
NOTIC: [2048] Declaration of Home\Model\TypeModel::save() should be compatible with that of Think\Model::save() D:\WWW\tools\Application\Home\Model\TypeModel.class.php 第 10 行.
NOTIC: [2048] Declaration of Home\Model\TypeModel::delete() should be compatible with that of Think\Model::delete() D:\WWW\tools\Application\Home\Model\TypeModel.class.php 第 10 行.
SQL: SHOW COLUMNS FROM `type` [ RunTime:0.1063s ]
NOTIC: [2] Missing argument 1 for Home\Model\TypeModel::lists(), called in D:\WWW\tools\ThinkPHP\Library\Think\Controller.class.php on line 51 and defined D:\WWW\tools\Application\Home\Model\TypeModel.class.php 第 83 行.
NOTIC: [8] Undefined variable: arr D:\WWW\tools\Application\Home\Model\TypeModel.class.php 第 84 行.
SQL: SELECT * FROM `type` ORDER BY `order` asc,id asc  [ RunTime:0.0007s ]
SQL: SHOW COLUMNS FROM `article` [ RunTime:0.0246s ]
SQL: SELECT * FROM `article` ORDER BY id desc LIMIT 54,6   [ RunTime:0.0021s ]

[ 2018-01-06T17:37:54+08:00 ] 127.0.0.1 /
INFO: [ app_init ] --START--
INFO: Run Behavior\BuildLiteBehavior [ RunTime:0.000013s ]
INFO: [ app_init ] --END-- [ RunTime:0.000317s ]
INFO: [ app_begin ] --START--
INFO: Run Behavior\ReadHtmlCacheBehavior [ RunTime:0.000504s ]
INFO: [ app_begin ] --END-- [ RunTime:0.000568s ]
NOTIC: [2048] Declaration of Home\Model\TypeModel::save() should be compatible with that of Think\Model::save() D:\WWW\tools\Application\Home\Model\TypeModel.class.php 第 10 行.
NOTIC: [2048] Declaration of Home\Model\TypeModel::delete() should be compatible with that of Think\Model::delete() D:\WWW\tools\Application\Home\Model\TypeModel.class.php 第 10 行.
SQL: SHOW COLUMNS FROM `type` [ RunTime:0.0355s ]
NOTIC: [2] Missing argument 1 for Home\Model\TypeModel::lists(), called in D:\WWW\tools\ThinkPHP\Library\Think\Controller.class.php on line 51 and defined D:\WWW\tools\Application\Home\Model\TypeModel.class.php 第 83 行.
NOTIC: [8] Undefined variable: arr D:\WWW\tools\Application\Home\Model\TypeModel.class.php 第 84 行.
SQL: SELECT * FROM `type` ORDER BY `order` asc,id asc  [ RunTime:0.0004s ]
SQL: SHOW COLUMNS FROM `article` [ RunTime:0.0161s ]
SQL: SELECT * FROM `article` WHERE `status` = 1 ORDER BY id desc LIMIT 6   [ RunTime:0.0009s ]
SQL: SELECT * FROM `article` WHERE `status` = 1 ORDER BY readnum desc,id desc LIMIT 6   [ RunTime:0.0006s ]
INFO: [ view_parse ] --START--
INFO: [ template_filter ] --START--
INFO: Run Behavior\ContentReplaceBehavior [ RunTime:0.000111s ]
INFO: [ template_filter ] --END-- [ RunTime:0.000188s ]
NOTIC: [8] Undefined variable: title D:\WWW\tools\Application\Runtime\Cache\Home\2a94b8bda04ff446dcedd42276fc99ee.php 第 62 行.
INFO: [ keyWords ] --START--
SQL: SHOW COLUMNS FROM `keywords` [ RunTime:0.0084s ]
NOTIC: [2] Missing argument 1 for Think\Model::where(), called in D:\WWW\tools\Application\Home\Model\CommModel.class.php on line 46 and defined D:\WWW\tools\ThinkPHP\Library\Think\Model.class.php 第 1797 行.
NOTIC: [8] Undefined variable: where D:\WWW\tools\ThinkPHP\Library\Think\Model.class.php 第 1805 行.
NOTIC: [8] Undefined variable: where D:\WWW\tools\ThinkPHP\Library\Think\Model.class.php 第 1808 行.
NOTIC: [8] Undefined variable: where D:\WWW\tools\ThinkPHP\Library\Think\Model.class.php 第 1816 行.
SQL: SELECT * FROM `keywords` ORDER BY `order` asc,num desc LIMIT 30   [ RunTime:0.0006s ]
INFO: Run Home\Behavior\KeyWordsBehavior [ RunTime:0.011796s ]
INFO: [ keyWords ] --END-- [ RunTime:0.011856s ]
INFO: Run Behavior\ParseTemplateBehavior [ RunTime:0.025484s ]
INFO: [ view_parse ] --END-- [ RunTime:0.025532s ]
INFO: [ view_filter ] --START--
INFO: Run Behavior\WriteHtmlCacheBehavior [ RunTime:0.000455s ]
INFO: [ view_filter ] --END-- [ RunTime:0.000506s ]
INFO: [ app_end ] --START--
INFO: Run Behavior\ShowPageTraceBehavior [ RunTime:0.000580s ]
INFO: [ app_end ] --END-- [ RunTime:0.000640s ]

[ 2018-01-06T17:37:58+08:00 ] 127.0.0.1 /art/lists/t/js.aspx
INFO: [ app_init ] --START--
INFO: Run Behavior\BuildLiteBehavior [ RunTime:0.000014s ]
INFO: [ app_init ] --END-- [ RunTime:0.000326s ]
INFO: [ app_begin ] --START--
INFO: Run Behavior\ReadHtmlCacheBehavior [ RunTime:0.000530s ]
INFO: [ app_begin ] --END-- [ RunTime:0.000593s ]
NOTIC: [2048] Declaration of Home\Model\TypeModel::save() should be compatible with that of Think\Model::save() D:\WWW\tools\Application\Home\Model\TypeModel.class.php 第 10 行.
NOTIC: [2048] Declaration of Home\Model\TypeModel::delete() should be compatible with that of Think\Model::delete() D:\WWW\tools\Application\Home\Model\TypeModel.class.php 第 10 行.
SQL: SHOW COLUMNS FROM `type` [ RunTime:0.0936s ]
NOTIC: [2] Missing argument 1 for Home\Model\TypeModel::lists(), called in D:\WWW\tools\ThinkPHP\Library\Think\Controller.class.php on line 51 and defined D:\WWW\tools\Application\Home\Model\TypeModel.class.php 第 83 行.
NOTIC: [8] Undefined variable: arr D:\WWW\tools\Application\Home\Model\TypeModel.class.php 第 84 行.
SQL: SELECT * FROM `type` ORDER BY `order` asc,id asc  [ RunTime:0.0004s ]
SQL: SHOW COLUMNS FROM `keywords` [ RunTime:0.0170s ]
SQL: SELECT * FROM `keywords` WHERE `name` = 'js' LIMIT 1   [ RunTime:0.0159s ]
SQL: UPDATE `keywords` SET `name`='js',`num`='24',`recordtime`='1515231478',`order`='20' WHERE `id` = 3 [ RunTime:0.0004s ]
SQL: SHOW COLUMNS FROM `article` [ RunTime:0.0147s ]
SQL: SELECT * FROM `article` WHERE `title` LIKE '%js%' OR `keyword` LIKE '%js%' ORDER BY id desc LIMIT 0,6   [ RunTime:0.0514s ]
SQL: SELECT COUNT(*) AS tp_count FROM `article` WHERE `title` LIKE '%js%' OR `keyword` LIKE '%js%' LIMIT 1   [ RunTime:0.0149s ]
NOTIC: [2] Missing argument 1 for Think\Model::where(), called in D:\WWW\tools\Application\Home\Model\CommModel.class.php on line 46 and defined D:\WWW\tools\ThinkPHP\Library\Think\Model.class.php 第 1797 行.
NOTIC: [8] Undefined variable: where D:\WWW\tools\ThinkPHP\Library\Think\Model.class.php 第 1805 行.
NOTIC: [8] Undefined variable: where D:\WWW\tools\ThinkPHP\Library\Think\Model.class.php 第 1808 行.
NOTIC: [8] Undefined variable: where D:\WWW\tools\ThinkPHP\Library\Think\Model.class.php 第 1816 行.
SQL: SELECT * FROM `keywords` ORDER BY `order` asc,num desc LIMIT 20   [ RunTime:0.0005s ]
INFO: [ view_parse ] --START--
INFO: [ template_filter ] --START--
INFO: Run Behavior\ContentReplaceBehavior [ RunTime:0.000077s ]
INFO: [ template_filter ] --END-- [ RunTime:0.000135s ]
INFO: Run Behavior\ParseTemplateBehavior [ RunTime:0.018343s ]
INFO: [ view_parse ] --END-- [ RunTime:0.018505s ]
INFO: [ view_filter ] --START--
INFO: Run Behavior\WriteHtmlCacheBehavior [ RunTime:0.000545s ]
INFO: [ view_filter ] --END-- [ RunTime:0.000602s ]
INFO: [ app_end ] --START--
INFO: Run Behavior\ShowPageTraceBehavior [ RunTime:0.000545s ]
INFO: [ app_end ] --END-- [ RunTime:0.000601s ]

[ 2018-01-06T17:38:02+08:00 ] 127.0.0.1 /
INFO: [ app_init ] --START--
INFO: Run Behavior\BuildLiteBehavior [ RunTime:0.000013s ]
INFO: [ app_init ] --END-- [ RunTime:0.000319s ]
INFO: [ app_begin ] --START--
INFO: Run Behavior\ReadHtmlCacheBehavior [ RunTime:0.000502s ]
INFO: [ app_begin ] --END-- [ RunTime:0.000568s ]
NOTIC: [2048] Declaration of Home\Model\TypeModel::save() should be compatible with that of Think\Model::save() D:\WWW\tools\Application\Home\Model\TypeModel.class.php 第 10 行.
NOTIC: [2048] Declaration of Home\Model\TypeModel::delete() should be compatible with that of Think\Model::delete() D:\WWW\tools\Application\Home\Model\TypeModel.class.php 第 10 行.
SQL: SHOW COLUMNS FROM `type` [ RunTime:0.0807s ]
NOTIC: [2] Missing argument 1 for Home\Model\TypeModel::lists(), called in D:\WWW\tools\ThinkPHP\Library\Think\Controller.class.php on line 51 and defined D:\WWW\tools\Application\Home\Model\TypeModel.class.php 第 83 行.
NOTIC: [8] Undefined variable: arr D:\WWW\tools\Application\Home\Model\TypeModel.class.php 第 84 行.
SQL: SELECT * FROM `type` ORDER BY `order` asc,id asc  [ RunTime:0.0007s ]
SQL: SHOW COLUMNS FROM `article` [ RunTime:0.0253s ]
SQL: SELECT * FROM `article` WHERE `status` = 1 ORDER BY id desc LIMIT 6   [ RunTime:0.0017s ]
SQL: SELECT * FROM `article` WHERE `status` = 1 ORDER BY readnum desc,id desc LIMIT 6   [ RunTime:0.0020s ]
INFO: [ view_parse ] --START--
INFO: [ template_filter ] --START--
INFO: Run Behavior\ContentReplaceBehavior [ RunTime:0.000169s ]
INFO: [ template_filter ] --END-- [ RunTime:0.000273s ]
NOTIC: [8] Undefined variable: title D:\WWW\tools\Application\Runtime\Cache\Home\2a94b8bda04ff446dcedd42276fc99ee.php 第 62 行.
INFO: [ keyWords ] --START--
SQL: SHOW COLUMNS FROM `keywords` [ RunTime:0.0121s ]
NOTIC: [2] Missing argument 1 for Think\Model::where(), called in D:\WWW\tools\Application\Home\Model\CommModel.class.php on line 46 and defined D:\WWW\tools\ThinkPHP\Library\Think\Model.class.php 第 1797 行.
NOTIC: [8] Undefined variable: where D:\WWW\tools\ThinkPHP\Library\Think\Model.class.php 第 1805 行.
NOTIC: [8] Undefined variable: where D:\WWW\tools\ThinkPHP\Library\Think\Model.class.php 第 1808 行.
NOTIC: [8] Undefined variable: where D:\WWW\tools\ThinkPHP\Library\Think\Model.class.php 第 1816 行.
SQL: SELECT * FROM `keywords` ORDER BY `order` asc,num desc LIMIT 30   [ RunTime:0.0004s ]
INFO: Run Home\Behavior\KeyWordsBehavior [ RunTime:0.016287s ]
INFO: [ keyWords ] --END-- [ RunTime:0.016371s ]
INFO: Run Behavior\ParseTemplateBehavior [ RunTime:0.048538s ]
INFO: [ view_parse ] --END-- [ RunTime:0.048660s ]
INFO: [ view_filter ] --START--
INFO: Run Behavior\WriteHtmlCacheBehavior [ RunTime:0.000648s ]
INFO: [ view_filter ] --END-- [ RunTime:0.000727s ]
INFO: [ app_end ] --START--
INFO: Run Behavior\ShowPageTraceBehavior [ RunTime:0.000925s ]
INFO: [ app_end ] --END-- [ RunTime:0.001051s ]

