[ 2018-06-22T14:29:48+08:00 ] 127.0.0.1 /
INFO: [ app_init ] --START--
INFO: Run Behavior\BuildLiteBehavior [ RunTime:0.000029s ]
INFO: [ app_init ] --END-- [ RunTime:0.023042s ]
INFO: [ app_begin ] --START--
INFO: Run Behavior\ReadHtmlCacheBehavior [ RunTime:0.001977s ]
INFO: [ app_begin ] --END-- [ RunTime:0.002144s ]
SQL: SHOW COLUMNS FROM `statisticsip` [ RunTime:0.0686s ]
SQL: SELECT * FROM `statisticsip` WHERE `ip` = '127.0.0.1' AND `date` = 20180622 LIMIT 1   [ RunTime:0.0019s ]
SQL: INSERT INTO `statisticsip` (`ip`,`date`,`recordtime`) VALUES ('127.0.0.1','20180622','1529648987') [ RunTime:0.0277s ]
NOTIC: [2048] Declaration of Home\Model\TypeModel::save() should be compatible with Think\Model::save($data = '', $options = Array) D:\WWW\tools\Application\Home\Model\TypeModel.class.php 第 88 行.
NOTIC: [2048] Declaration of Home\Model\TypeModel::delete() should be compatible with Think\Model::delete($options = Array) D:\WWW\tools\Application\Home\Model\TypeModel.class.php 第 88 行.
SQL: SHOW COLUMNS FROM `type` [ RunTime:0.0727s ]
SQL: SELECT * FROM `type` ORDER BY `order` asc,id asc  [ RunTime:0.0011s ]
SQL: SHOW COLUMNS FROM `article` [ RunTime:0.0869s ]
SQL: SELECT * FROM `article` WHERE `status` = 1 ORDER BY id desc LIMIT 6   [ RunTime:0.0298s ]
SQL: SELECT * FROM `article` WHERE `status` = 1 ORDER BY readnum desc,id desc LIMIT 6   [ RunTime:0.0169s ]
INFO: [ view_parse ] --START--
INFO: [ template_filter ] --START--
INFO: Run Behavior\ContentReplaceBehavior [ RunTime:0.000743s ]
INFO: [ template_filter ] --END-- [ RunTime:0.000849s ]
NOTIC: [8] Undefined variable: title D:\WWW\tools\Application\Runtime\Cache\Home\2a94b8bda04ff446dcedd42276fc99ee.php 第 62 行.
INFO: [ keyWords ] --START--
SQL: SHOW COLUMNS FROM `keywords` [ RunTime:0.1208s ]
SQL: SELECT * FROM `keywords` ORDER BY `order` asc,num desc LIMIT 30   [ RunTime:0.0008s ]
INFO: Run Home\Behavior\KeyWordsBehavior [ RunTime:0.125396s ]
INFO: [ keyWords ] --END-- [ RunTime:0.125493s ]
INFO: Run Behavior\ParseTemplateBehavior [ RunTime:0.282549s ]
INFO: [ view_parse ] --END-- [ RunTime:0.282700s ]
INFO: [ view_filter ] --START--
INFO: Run Behavior\WriteHtmlCacheBehavior [ RunTime:0.001362s ]
INFO: [ view_filter ] --END-- [ RunTime:0.001479s ]
INFO: [ app_end ] --START--
INFO: Run Behavior\ShowPageTraceBehavior [ RunTime:0.001972s ]
INFO: [ app_end ] --END-- [ RunTime:0.002118s ]

[ 2018-06-22T14:33:59+08:00 ] 127.0.0.1 /art/lists.aspx
INFO: [ app_init ] --START--
INFO: Run Behavior\BuildLiteBehavior [ RunTime:0.000012s ]
INFO: [ app_init ] --END-- [ RunTime:0.000337s ]
INFO: [ app_begin ] --START--
INFO: Run Behavior\ReadHtmlCacheBehavior [ RunTime:0.000517s ]
INFO: [ app_begin ] --END-- [ RunTime:0.000559s ]
NOTIC: [2048] Declaration of Home\Model\TypeModel::save() should be compatible with Think\Model::save($data = '', $options = Array) D:\WWW\tools\Application\Home\Model\TypeModel.class.php 第 10 行.
NOTIC: [2048] Declaration of Home\Model\TypeModel::delete() should be compatible with Think\Model::delete($options = Array) D:\WWW\tools\Application\Home\Model\TypeModel.class.php 第 10 行.
SQL: SHOW COLUMNS FROM `type` [ RunTime:0.0267s ]
SQL: SELECT * FROM `type` ORDER BY `order` asc,id asc  [ RunTime:0.0004s ]
SQL: SHOW COLUMNS FROM `article` [ RunTime:0.0145s ]
SQL: SELECT * FROM `article` ORDER BY id desc LIMIT 0,6   [ RunTime:0.0006s ]
SQL: SELECT COUNT(*) AS tp_count FROM `article` LIMIT 1   [ RunTime:0.0140s ]
SQL: SHOW COLUMNS FROM `keywords` [ RunTime:0.0197s ]
SQL: SELECT * FROM `keywords` ORDER BY `order` asc,num desc LIMIT 20   [ RunTime:0.0006s ]
INFO: [ view_parse ] --START--
INFO: [ template_filter ] --START--
INFO: Run Behavior\ContentReplaceBehavior [ RunTime:0.000220s ]
INFO: [ template_filter ] --END-- [ RunTime:0.000339s ]
INFO: Run Behavior\ParseTemplateBehavior [ RunTime:0.112373s ]
INFO: [ view_parse ] --END-- [ RunTime:0.112456s ]
INFO: [ view_filter ] --START--
INFO: Run Behavior\WriteHtmlCacheBehavior [ RunTime:0.000353s ]
INFO: [ view_filter ] --END-- [ RunTime:0.000384s ]
INFO: [ app_end ] --START--
INFO: Run Behavior\ShowPageTraceBehavior [ RunTime:0.000486s ]
INFO: [ app_end ] --END-- [ RunTime:0.000523s ]

[ 2018-06-22T14:34:01+08:00 ] 127.0.0.1 /
INFO: [ app_init ] --START--
INFO: Run Behavior\BuildLiteBehavior [ RunTime:0.000014s ]
INFO: [ app_init ] --END-- [ RunTime:0.000389s ]
INFO: [ app_begin ] --START--
INFO: Run Behavior\ReadHtmlCacheBehavior [ RunTime:0.000489s ]
INFO: [ app_begin ] --END-- [ RunTime:0.000529s ]
NOTIC: [2048] Declaration of Home\Model\TypeModel::save() should be compatible with Think\Model::save($data = '', $options = Array) D:\WWW\tools\Application\Home\Model\TypeModel.class.php 第 10 行.
NOTIC: [2048] Declaration of Home\Model\TypeModel::delete() should be compatible with Think\Model::delete($options = Array) D:\WWW\tools\Application\Home\Model\TypeModel.class.php 第 10 行.
SQL: SHOW COLUMNS FROM `type` [ RunTime:0.0163s ]
SQL: SELECT * FROM `type` ORDER BY `order` asc,id asc  [ RunTime:0.0003s ]
SQL: SHOW COLUMNS FROM `article` [ RunTime:0.0100s ]
SQL: SELECT * FROM `article` WHERE `status` = 1 ORDER BY id desc LIMIT 6   [ RunTime:0.0004s ]
SQL: SELECT * FROM `article` WHERE `status` = 1 ORDER BY readnum desc,id desc LIMIT 6   [ RunTime:0.0007s ]
INFO: [ view_parse ] --START--
INFO: [ template_filter ] --START--
INFO: Run Behavior\ContentReplaceBehavior [ RunTime:0.000082s ]
INFO: [ template_filter ] --END-- [ RunTime:0.000126s ]
NOTIC: [8] Undefined variable: title D:\WWW\tools\Application\Runtime\Cache\Home\2a94b8bda04ff446dcedd42276fc99ee.php 第 62 行.
INFO: [ keyWords ] --START--
SQL: SHOW COLUMNS FROM `keywords` [ RunTime:0.0069s ]
SQL: SELECT * FROM `keywords` ORDER BY `order` asc,num desc LIMIT 30   [ RunTime:0.0002s ]
INFO: Run Home\Behavior\KeyWordsBehavior [ RunTime:0.008751s ]
INFO: [ keyWords ] --END-- [ RunTime:0.008787s ]
INFO: Run Behavior\ParseTemplateBehavior [ RunTime:0.018321s ]
INFO: [ view_parse ] --END-- [ RunTime:0.018353s ]
INFO: [ view_filter ] --START--
INFO: Run Behavior\WriteHtmlCacheBehavior [ RunTime:0.000309s ]
INFO: [ view_filter ] --END-- [ RunTime:0.000338s ]
INFO: [ app_end ] --START--
INFO: Run Behavior\ShowPageTraceBehavior [ RunTime:0.000475s ]
INFO: [ app_end ] --END-- [ RunTime:0.000510s ]

[ 2018-06-22T14:34:02+08:00 ] 127.0.0.1 /
INFO: [ app_init ] --START--
INFO: Run Behavior\BuildLiteBehavior [ RunTime:0.000012s ]
INFO: [ app_init ] --END-- [ RunTime:0.000299s ]
INFO: [ app_begin ] --START--
INFO: Run Behavior\ReadHtmlCacheBehavior [ RunTime:0.000426s ]
INFO: [ app_begin ] --END-- [ RunTime:0.000466s ]
NOTIC: [2048] Declaration of Home\Model\TypeModel::save() should be compatible with Think\Model::save($data = '', $options = Array) D:\WWW\tools\Application\Home\Model\TypeModel.class.php 第 10 行.
NOTIC: [2048] Declaration of Home\Model\TypeModel::delete() should be compatible with Think\Model::delete($options = Array) D:\WWW\tools\Application\Home\Model\TypeModel.class.php 第 10 行.
SQL: SHOW COLUMNS FROM `type` [ RunTime:0.0094s ]
SQL: SELECT * FROM `type` ORDER BY `order` asc,id asc  [ RunTime:0.0002s ]
SQL: SHOW COLUMNS FROM `article` [ RunTime:0.0079s ]
SQL: SELECT * FROM `article` WHERE `status` = 1 ORDER BY id desc LIMIT 6   [ RunTime:0.0004s ]
SQL: SELECT * FROM `article` WHERE `status` = 1 ORDER BY readnum desc,id desc LIMIT 6   [ RunTime:0.0006s ]
INFO: [ view_parse ] --START--
INFO: [ template_filter ] --START--
INFO: Run Behavior\ContentReplaceBehavior [ RunTime:0.000080s ]
INFO: [ template_filter ] --END-- [ RunTime:0.000115s ]
NOTIC: [8] Undefined variable: title D:\WWW\tools\Application\Runtime\Cache\Home\2a94b8bda04ff446dcedd42276fc99ee.php 第 62 行.
INFO: [ keyWords ] --START--
SQL: SHOW COLUMNS FROM `keywords` [ RunTime:0.0081s ]
SQL: SELECT * FROM `keywords` ORDER BY `order` asc,num desc LIMIT 30   [ RunTime:0.0002s ]
INFO: Run Home\Behavior\KeyWordsBehavior [ RunTime:0.009670s ]
INFO: [ keyWords ] --END-- [ RunTime:0.009703s ]
INFO: Run Behavior\ParseTemplateBehavior [ RunTime:0.018461s ]
INFO: [ view_parse ] --END-- [ RunTime:0.018491s ]
INFO: [ view_filter ] --START--
INFO: Run Behavior\WriteHtmlCacheBehavior [ RunTime:0.000244s ]
INFO: [ view_filter ] --END-- [ RunTime:0.000274s ]
INFO: [ app_end ] --START--
INFO: Run Behavior\ShowPageTraceBehavior [ RunTime:0.000535s ]
INFO: [ app_end ] --END-- [ RunTime:0.000600s ]

[ 2018-06-22T16:49:50+08:00 ] 127.0.0.1 /tools/apache2_2/img/folder.gif
INFO: [ app_init ] --START--
INFO: Run Behavior\BuildLiteBehavior [ RunTime:0.000015s ]
INFO: [ app_init ] --END-- [ RunTime:0.000442s ]

[ 2018-06-22T16:50:11+08:00 ] 127.0.0.1 /tools/apache2_2/img/folder.gif
INFO: [ app_init ] --START--
INFO: Run Behavior\BuildLiteBehavior [ RunTime:0.000034s ]
INFO: [ app_init ] --END-- [ RunTime:0.000726s ]

[ 2018-06-22T16:54:36+08:00 ] 127.0.0.1 /tools/apache2_2/img/folder.gif
INFO: [ app_init ] --START--
INFO: Run Behavior\BuildLiteBehavior [ RunTime:0.000014s ]
INFO: [ app_init ] --END-- [ RunTime:0.000331s ]

[ 2018-06-22T16:54:57+08:00 ] 127.0.0.1 /tools/apache2_2/img/folder.gif
INFO: [ app_init ] --START--
INFO: Run Behavior\BuildLiteBehavior [ RunTime:0.000021s ]
INFO: [ app_init ] --END-- [ RunTime:0.001503s ]

[ 2018-06-22T17:15:59+08:00 ] 127.0.0.1 /
INFO: [ app_init ] --START--
INFO: Run Behavior\BuildLiteBehavior [ RunTime:0.000013s ]
INFO: [ app_init ] --END-- [ RunTime:0.000329s ]
INFO: [ app_begin ] --START--
INFO: Run Behavior\ReadHtmlCacheBehavior [ RunTime:0.000520s ]
INFO: [ app_begin ] --END-- [ RunTime:0.000568s ]
NOTIC: [2048] Declaration of Home\Model\TypeModel::save() should be compatible with Think\Model::save($data = '', $options = Array) D:\WWW\tools\Application\Home\Model\TypeModel.class.php 第 10 行.
NOTIC: [2048] Declaration of Home\Model\TypeModel::delete() should be compatible with Think\Model::delete($options = Array) D:\WWW\tools\Application\Home\Model\TypeModel.class.php 第 10 行.
SQL: SHOW COLUMNS FROM `type` [ RunTime:0.0600s ]
SQL: SELECT * FROM `type` ORDER BY `order` asc,id asc  [ RunTime:0.0010s ]
SQL: SHOW COLUMNS FROM `article` [ RunTime:0.0243s ]
SQL: SELECT * FROM `article` WHERE `status` = 1 ORDER BY id desc LIMIT 6   [ RunTime:0.0008s ]
SQL: SELECT * FROM `article` WHERE `status` = 1 ORDER BY readnum desc,id desc LIMIT 6   [ RunTime:0.0016s ]
INFO: [ view_parse ] --START--
INFO: [ template_filter ] --START--
INFO: Run Behavior\ContentReplaceBehavior [ RunTime:0.000097s ]
INFO: [ template_filter ] --END-- [ RunTime:0.000145s ]
NOTIC: [8] Undefined variable: title D:\WWW\tools\Application\Runtime\Cache\Home\2a94b8bda04ff446dcedd42276fc99ee.php 第 62 行.
INFO: [ keyWords ] --START--
SQL: SHOW COLUMNS FROM `keywords` [ RunTime:0.0345s ]
SQL: SELECT * FROM `keywords` ORDER BY `order` asc,num desc LIMIT 30   [ RunTime:0.0003s ]
INFO: Run Home\Behavior\KeyWordsBehavior [ RunTime:0.036786s ]
INFO: [ keyWords ] --END-- [ RunTime:0.036826s ]
INFO: Run Behavior\ParseTemplateBehavior [ RunTime:0.135134s ]
INFO: [ view_parse ] --END-- [ RunTime:0.135197s ]
INFO: [ view_filter ] --START--
INFO: Run Behavior\WriteHtmlCacheBehavior [ RunTime:0.000674s ]
INFO: [ view_filter ] --END-- [ RunTime:0.000708s ]
INFO: [ app_end ] --START--
INFO: Run Behavior\ShowPageTraceBehavior [ RunTime:0.000578s ]
INFO: [ app_end ] --END-- [ RunTime:0.000618s ]

[ 2018-06-22T17:16:34+08:00 ] 127.0.0.1 /tools/iplocation.aspx
INFO: [ app_init ] --START--
INFO: Run Behavior\BuildLiteBehavior [ RunTime:0.000032s ]
INFO: [ app_init ] --END-- [ RunTime:0.000588s ]
INFO: [ app_begin ] --START--
INFO: Run Behavior\ReadHtmlCacheBehavior [ RunTime:0.000565s ]
INFO: [ app_begin ] --END-- [ RunTime:0.000618s ]
NOTIC: [2048] Declaration of Home\Model\TypeModel::save() should be compatible with Think\Model::save($data = '', $options = Array) D:\WWW\tools\Application\Home\Model\TypeModel.class.php 第 10 行.
NOTIC: [2048] Declaration of Home\Model\TypeModel::delete() should be compatible with Think\Model::delete($options = Array) D:\WWW\tools\Application\Home\Model\TypeModel.class.php 第 10 行.
SQL: SHOW COLUMNS FROM `type` [ RunTime:0.0376s ]
SQL: SELECT * FROM `type` ORDER BY `order` asc,id asc  [ RunTime:0.0007s ]
NOTIC: [2] Missing argument 1 for Home\Model\IpLocationModel::__construct(), called in D:\WWW\tools\Application\Home\Controller\ToolsController.class.php on line 83 and defined D:\WWW\tools\Application\Home\Model\IpLocationModel.class.php 第 40 行.
INFO: [ view_parse ] --START--
INFO: [ template_filter ] --START--
INFO: Run Behavior\ContentReplaceBehavior [ RunTime:0.000226s ]
INFO: [ template_filter ] --END-- [ RunTime:0.000404s ]
NOTIC: [8] Undefined variable: title D:\WWW\tools\Application\Runtime\Cache\Home\86cbec9231307ac14f17662d335fb827.php 第 50 行.
INFO: Run Behavior\ParseTemplateBehavior [ RunTime:0.090314s ]
INFO: [ view_parse ] --END-- [ RunTime:0.090426s ]
INFO: [ view_filter ] --START--
INFO: Run Behavior\WriteHtmlCacheBehavior [ RunTime:0.000393s ]
INFO: [ view_filter ] --END-- [ RunTime:0.000437s ]
INFO: [ app_end ] --START--
INFO: Run Behavior\ShowPageTraceBehavior [ RunTime:0.000699s ]
INFO: [ app_end ] --END-- [ RunTime:0.000749s ]

[ 2018-06-22T17:16:42+08:00 ] 127.0.0.1 /tools/iplocation.aspx
INFO: [ app_init ] --START--
INFO: Run Behavior\BuildLiteBehavior [ RunTime:0.000017s ]
INFO: [ app_init ] --END-- [ RunTime:0.000349s ]
INFO: [ app_begin ] --START--
INFO: Run Behavior\ReadHtmlCacheBehavior [ RunTime:0.000473s ]
INFO: [ app_begin ] --END-- [ RunTime:0.000525s ]
NOTIC: [2048] Declaration of Home\Model\TypeModel::save() should be compatible with Think\Model::save($data = '', $options = Array) D:\WWW\tools\Application\Home\Model\TypeModel.class.php 第 10 行.
NOTIC: [2048] Declaration of Home\Model\TypeModel::delete() should be compatible with Think\Model::delete($options = Array) D:\WWW\tools\Application\Home\Model\TypeModel.class.php 第 10 行.
SQL: SHOW COLUMNS FROM `type` [ RunTime:0.0361s ]
SQL: SELECT * FROM `type` ORDER BY `order` asc,id asc  [ RunTime:0.0008s ]
NOTIC: [2] Missing argument 1 for Home\Model\IpLocationModel::__construct(), called in D:\WWW\tools\Application\Home\Controller\ToolsController.class.php on line 83 and defined D:\WWW\tools\Application\Home\Model\IpLocationModel.class.php 第 40 行.
INFO: [ view_parse ] --START--
INFO: [ template_filter ] --START--
INFO: Run Behavior\ContentReplaceBehavior [ RunTime:0.000219s ]
INFO: [ template_filter ] --END-- [ RunTime:0.000363s ]
NOTIC: [8] Undefined variable: title D:\WWW\tools\Application\Runtime\Cache\Home\86cbec9231307ac14f17662d335fb827.php 第 50 行.
INFO: Run Behavior\ParseTemplateBehavior [ RunTime:0.026734s ]
INFO: [ view_parse ] --END-- [ RunTime:0.026899s ]
INFO: [ view_filter ] --START--
INFO: Run Behavior\WriteHtmlCacheBehavior [ RunTime:0.000601s ]
INFO: [ view_filter ] --END-- [ RunTime:0.000687s ]
INFO: [ app_end ] --START--
INFO: Run Behavior\ShowPageTraceBehavior [ RunTime:0.000957s ]
INFO: [ app_end ] --END-- [ RunTime:0.001035s ]

[ 2018-06-22T17:16:48+08:00 ] 127.0.0.1 /tools/iplocation.aspx
INFO: [ app_init ] --START--
INFO: Run Behavior\BuildLiteBehavior [ RunTime:0.000016s ]
INFO: [ app_init ] --END-- [ RunTime:0.000476s ]
INFO: [ app_begin ] --START--
INFO: Run Behavior\ReadHtmlCacheBehavior [ RunTime:0.000480s ]
INFO: [ app_begin ] --END-- [ RunTime:0.000539s ]
NOTIC: [2048] Declaration of Home\Model\TypeModel::save() should be compatible with Think\Model::save($data = '', $options = Array) D:\WWW\tools\Application\Home\Model\TypeModel.class.php 第 10 行.
NOTIC: [2048] Declaration of Home\Model\TypeModel::delete() should be compatible with Think\Model::delete($options = Array) D:\WWW\tools\Application\Home\Model\TypeModel.class.php 第 10 行.
SQL: SHOW COLUMNS FROM `type` [ RunTime:0.0502s ]
SQL: SELECT * FROM `type` ORDER BY `order` asc,id asc  [ RunTime:0.0008s ]
NOTIC: [2] Missing argument 1 for Home\Model\IpLocationModel::__construct(), called in D:\WWW\tools\Application\Home\Controller\ToolsController.class.php on line 83 and defined D:\WWW\tools\Application\Home\Model\IpLocationModel.class.php 第 40 行.
INFO: [ view_parse ] --START--
INFO: [ template_filter ] --START--
INFO: Run Behavior\ContentReplaceBehavior [ RunTime:0.000219s ]
INFO: [ template_filter ] --END-- [ RunTime:0.000362s ]
NOTIC: [8] Undefined variable: title D:\WWW\tools\Application\Runtime\Cache\Home\86cbec9231307ac14f17662d335fb827.php 第 50 行.
INFO: Run Behavior\ParseTemplateBehavior [ RunTime:0.025629s ]
INFO: [ view_parse ] --END-- [ RunTime:0.025733s ]
INFO: [ view_filter ] --START--
INFO: Run Behavior\WriteHtmlCacheBehavior [ RunTime:0.000317s ]
INFO: [ view_filter ] --END-- [ RunTime:0.000366s ]
INFO: [ app_end ] --START--
INFO: Run Behavior\ShowPageTraceBehavior [ RunTime:0.000663s ]
INFO: [ app_end ] --END-- [ RunTime:0.000718s ]

[ 2018-06-22T17:23:07+08:00 ] 127.0.0.1 /tools/iplocation.aspx
INFO: [ app_init ] --START--
INFO: Run Behavior\BuildLiteBehavior [ RunTime:0.000011s ]
INFO: [ app_init ] --END-- [ RunTime:0.000336s ]
INFO: [ app_begin ] --START--
INFO: Run Behavior\ReadHtmlCacheBehavior [ RunTime:0.000482s ]
INFO: [ app_begin ] --END-- [ RunTime:0.000525s ]
NOTIC: [2048] Declaration of Home\Model\TypeModel::save() should be compatible with Think\Model::save($data = '', $options = Array) D:\WWW\tools\Application\Home\Model\TypeModel.class.php 第 10 行.
NOTIC: [2048] Declaration of Home\Model\TypeModel::delete() should be compatible with Think\Model::delete($options = Array) D:\WWW\tools\Application\Home\Model\TypeModel.class.php 第 10 行.
SQL: SHOW COLUMNS FROM `type` [ RunTime:0.0382s ]
SQL: SELECT * FROM `type` ORDER BY `order` asc,id asc  [ RunTime:0.0006s ]
NOTIC: [2] Missing argument 1 for Home\Model\IpLocationModel::__construct(), called in D:\WWW\tools\Application\Home\Controller\ToolsController.class.php on line 83 and defined D:\WWW\tools\Application\Home\Model\IpLocationModel.class.php 第 40 行.
INFO: [ view_parse ] --START--
INFO: [ template_filter ] --START--
INFO: Run Behavior\ContentReplaceBehavior [ RunTime:0.000220s ]
INFO: [ template_filter ] --END-- [ RunTime:0.000366s ]
NOTIC: [8] Undefined variable: title D:\WWW\tools\Application\Runtime\Cache\Home\86cbec9231307ac14f17662d335fb827.php 第 50 行.
INFO: Run Behavior\ParseTemplateBehavior [ RunTime:0.029667s ]
INFO: [ view_parse ] --END-- [ RunTime:0.029839s ]
INFO: [ view_filter ] --START--
INFO: Run Behavior\WriteHtmlCacheBehavior [ RunTime:0.001076s ]
INFO: [ view_filter ] --END-- [ RunTime:0.001191s ]
INFO: [ app_end ] --START--
INFO: Run Behavior\ShowPageTraceBehavior [ RunTime:0.001053s ]
INFO: [ app_end ] --END-- [ RunTime:0.001141s ]

