[ 2018-03-13T14:10:39+08:00 ] 127.0.0.1 /
INFO: [ app_init ] --START--
INFO: Run Behavior\BuildLiteBehavior [ RunTime:0.000015s ]
INFO: [ app_init ] --END-- [ RunTime:0.024103s ]
INFO: [ app_begin ] --START--
INFO: Run Behavior\ReadHtmlCacheBehavior [ RunTime:0.037698s ]
INFO: [ app_begin ] --END-- [ RunTime:0.037780s ]
SQL: SHOW COLUMNS FROM `statisticsip` [ RunTime:0.1012s ]
SQL: SELECT * FROM `statisticsip` WHERE `ip` = '127.0.0.1' AND `date` = 20180313 LIMIT 1   [ RunTime:0.0094s ]
SQL: INSERT INTO `statisticsip` (`ip`,`date`,`recordtime`) VALUES ('127.0.0.1','20180313','1520921438') [ RunTime:0.0208s ]
NOTIC: [2] Declaration of Home\Model\TypeModel::save($arr) should be compatible with Think\Model::save($data = '', $options = Array) D:\WWW\tools\Application\Home\Model\TypeModel.class.php 第 88 行.
NOTIC: [2] Declaration of Home\Model\TypeModel::delete($id) should be compatible with Think\Model::delete($options = Array) D:\WWW\tools\Application\Home\Model\TypeModel.class.php 第 88 行.
SQL: SHOW COLUMNS FROM `type` [ RunTime:0.0538s ]
NOTIC: [2] Missing argument 1 for Home\Model\TypeModel::lists(), called in D:\WWW\tools\ThinkPHP\Library\Think\Controller.class.php on line 51 and defined D:\WWW\tools\Application\Home\Model\TypeModel.class.php 第 83 行.
NOTIC: [8] Undefined variable: arr D:\WWW\tools\Application\Home\Model\TypeModel.class.php 第 84 行.
SQL: SELECT * FROM `type` ORDER BY `order` asc,id asc  [ RunTime:0.0003s ]
SQL: SHOW COLUMNS FROM `article` [ RunTime:0.0715s ]
SQL: SELECT * FROM `article` WHERE `status` = 1 ORDER BY id desc LIMIT 6   [ RunTime:0.0012s ]
SQL: SELECT * FROM `article` WHERE `status` = 1 ORDER BY readnum desc,id desc LIMIT 6   [ RunTime:0.0026s ]
INFO: [ view_parse ] --START--
INFO: [ template_filter ] --START--
INFO: Run Behavior\ContentReplaceBehavior [ RunTime:0.019520s ]
INFO: [ template_filter ] --END-- [ RunTime:0.019575s ]
NOTIC: [8] Undefined variable: title D:\WWW\tools\Application\Runtime\Cache\Home\2a94b8bda04ff446dcedd42276fc99ee.php 第 62 行.
INFO: [ keyWords ] --START--
SQL: SHOW COLUMNS FROM `keywords` [ RunTime:0.1038s ]
NOTIC: [2] Missing argument 1 for Think\Model::where(), called in D:\WWW\tools\Application\Home\Model\CommModel.class.php on line 46 and defined D:\WWW\tools\ThinkPHP\Library\Think\Model.class.php 第 1797 行.
NOTIC: [8] Undefined variable: where D:\WWW\tools\ThinkPHP\Library\Think\Model.class.php 第 1805 行.
NOTIC: [8] Undefined variable: where D:\WWW\tools\ThinkPHP\Library\Think\Model.class.php 第 1808 行.
NOTIC: [8] Undefined variable: where D:\WWW\tools\ThinkPHP\Library\Think\Model.class.php 第 1816 行.
SQL: SELECT * FROM `keywords` ORDER BY `order` asc,num desc LIMIT 30   [ RunTime:0.0005s ]
INFO: Run Home\Behavior\KeyWordsBehavior [ RunTime:0.186244s ]
INFO: [ keyWords ] --END-- [ RunTime:0.186288s ]
INFO: Run Behavior\ParseTemplateBehavior [ RunTime:0.594709s ]
INFO: [ view_parse ] --END-- [ RunTime:0.594748s ]
INFO: [ view_filter ] --START--
INFO: Run Behavior\WriteHtmlCacheBehavior [ RunTime:0.041931s ]
INFO: [ view_filter ] --END-- [ RunTime:0.041998s ]
INFO: [ app_end ] --START--
INFO: Run Behavior\ShowPageTraceBehavior [ RunTime:0.032847s ]
INFO: [ app_end ] --END-- [ RunTime:0.032918s ]

[ 2018-03-13T14:10:40+08:00 ] 127.0.0.1 /
INFO: [ app_init ] --START--
INFO: Run Behavior\BuildLiteBehavior [ RunTime:0.000014s ]
INFO: [ app_init ] --END-- [ RunTime:0.000422s ]
INFO: [ app_begin ] --START--
INFO: Run Behavior\ReadHtmlCacheBehavior [ RunTime:0.000504s ]
INFO: [ app_begin ] --END-- [ RunTime:0.000551s ]
SQL: SHOW COLUMNS FROM `statisticsip` [ RunTime:0.0382s ]
SQL: SELECT * FROM `statisticsip` WHERE `ip` = '127.0.0.1' AND `date` = 20180313 LIMIT 1   [ RunTime:0.0008s ]
NOTIC: [2] Declaration of Home\Model\TypeModel::save($arr) should be compatible with Think\Model::save($data = '', $options = Array) D:\WWW\tools\Application\Home\Model\TypeModel.class.php 第 88 行.
NOTIC: [2] Declaration of Home\Model\TypeModel::delete($id) should be compatible with Think\Model::delete($options = Array) D:\WWW\tools\Application\Home\Model\TypeModel.class.php 第 88 行.
SQL: SHOW COLUMNS FROM `type` [ RunTime:0.0231s ]
NOTIC: [2] Missing argument 1 for Home\Model\TypeModel::lists(), called in D:\WWW\tools\ThinkPHP\Library\Think\Controller.class.php on line 51 and defined D:\WWW\tools\Application\Home\Model\TypeModel.class.php 第 83 行.
NOTIC: [8] Undefined variable: arr D:\WWW\tools\Application\Home\Model\TypeModel.class.php 第 84 行.
SQL: SELECT * FROM `type` ORDER BY `order` asc,id asc  [ RunTime:0.0006s ]
SQL: SHOW COLUMNS FROM `article` [ RunTime:0.0332s ]
SQL: SELECT * FROM `article` WHERE `status` = 1 ORDER BY id desc LIMIT 6   [ RunTime:0.0008s ]
SQL: SELECT * FROM `article` WHERE `status` = 1 ORDER BY readnum desc,id desc LIMIT 6   [ RunTime:0.0013s ]
INFO: [ view_parse ] --START--
INFO: [ template_filter ] --START--
INFO: Run Behavior\ContentReplaceBehavior [ RunTime:0.000174s ]
INFO: [ template_filter ] --END-- [ RunTime:0.000238s ]
NOTIC: [8] Undefined variable: title D:\WWW\tools\Application\Runtime\Cache\Home\2a94b8bda04ff446dcedd42276fc99ee.php 第 62 行.
INFO: [ keyWords ] --START--
SQL: SHOW COLUMNS FROM `keywords` [ RunTime:0.0127s ]
NOTIC: [2] Missing argument 1 for Think\Model::where(), called in D:\WWW\tools\Application\Home\Model\CommModel.class.php on line 46 and defined D:\WWW\tools\ThinkPHP\Library\Think\Model.class.php 第 1797 行.
NOTIC: [8] Undefined variable: where D:\WWW\tools\ThinkPHP\Library\Think\Model.class.php 第 1805 行.
NOTIC: [8] Undefined variable: where D:\WWW\tools\ThinkPHP\Library\Think\Model.class.php 第 1808 行.
NOTIC: [8] Undefined variable: where D:\WWW\tools\ThinkPHP\Library\Think\Model.class.php 第 1816 行.
SQL: SELECT * FROM `keywords` ORDER BY `order` asc,num desc LIMIT 30   [ RunTime:0.0002s ]
INFO: Run Home\Behavior\KeyWordsBehavior [ RunTime:0.015281s ]
INFO: [ keyWords ] --END-- [ RunTime:0.015319s ]
INFO: Run Behavior\ParseTemplateBehavior [ RunTime:0.031966s ]
INFO: [ view_parse ] --END-- [ RunTime:0.032000s ]
INFO: [ view_filter ] --START--
INFO: Run Behavior\WriteHtmlCacheBehavior [ RunTime:0.000336s ]
INFO: [ view_filter ] --END-- [ RunTime:0.000366s ]
INFO: [ app_end ] --START--
INFO: Run Behavior\ShowPageTraceBehavior [ RunTime:0.000511s ]
INFO: [ app_end ] --END-- [ RunTime:0.000544s ]

[ 2018-03-13T14:10:50+08:00 ] 127.0.0.1 /art/lists/ty/2.aspx
INFO: [ app_init ] --START--
INFO: Run Behavior\BuildLiteBehavior [ RunTime:0.000007s ]
INFO: [ app_init ] --END-- [ RunTime:0.000243s ]
INFO: [ app_begin ] --START--
INFO: Run Behavior\ReadHtmlCacheBehavior [ RunTime:0.000284s ]
INFO: [ app_begin ] --END-- [ RunTime:0.000310s ]
SQL: SHOW COLUMNS FROM `statisticsip` [ RunTime:0.0120s ]
SQL: SELECT * FROM `statisticsip` WHERE `ip` = '127.0.0.1' AND `date` = 20180313 LIMIT 1   [ RunTime:0.0003s ]
NOTIC: [2] Declaration of Home\Model\TypeModel::save($arr) should be compatible with Think\Model::save($data = '', $options = Array) D:\WWW\tools\Application\Home\Model\TypeModel.class.php 第 88 行.
NOTIC: [2] Declaration of Home\Model\TypeModel::delete($id) should be compatible with Think\Model::delete($options = Array) D:\WWW\tools\Application\Home\Model\TypeModel.class.php 第 88 行.
SQL: SHOW COLUMNS FROM `type` [ RunTime:0.0198s ]
NOTIC: [2] Missing argument 1 for Home\Model\TypeModel::lists(), called in D:\WWW\tools\ThinkPHP\Library\Think\Controller.class.php on line 51 and defined D:\WWW\tools\Application\Home\Model\TypeModel.class.php 第 83 行.
NOTIC: [8] Undefined variable: arr D:\WWW\tools\Application\Home\Model\TypeModel.class.php 第 84 行.
SQL: SELECT * FROM `type` ORDER BY `order` asc,id asc  [ RunTime:0.0002s ]
SQL: SHOW COLUMNS FROM `article` [ RunTime:0.0230s ]
SQL: SELECT * FROM `article` WHERE `type` = 2 ORDER BY id desc LIMIT 0,6   [ RunTime:0.0008s ]
SQL: SELECT COUNT(*) AS tp_count FROM `article` WHERE `type` = 2 LIMIT 1   [ RunTime:0.0287s ]
SQL: SHOW COLUMNS FROM `keywords` [ RunTime:0.0088s ]
NOTIC: [2] Missing argument 1 for Think\Model::where(), called in D:\WWW\tools\Application\Home\Model\CommModel.class.php on line 46 and defined D:\WWW\tools\ThinkPHP\Library\Think\Model.class.php 第 1797 行.
NOTIC: [8] Undefined variable: where D:\WWW\tools\ThinkPHP\Library\Think\Model.class.php 第 1805 行.
NOTIC: [8] Undefined variable: where D:\WWW\tools\ThinkPHP\Library\Think\Model.class.php 第 1808 行.
NOTIC: [8] Undefined variable: where D:\WWW\tools\ThinkPHP\Library\Think\Model.class.php 第 1816 行.
SQL: SELECT * FROM `keywords` ORDER BY `order` asc,num desc LIMIT 20   [ RunTime:0.0002s ]
INFO: [ view_parse ] --START--
INFO: [ template_filter ] --START--
INFO: Run Behavior\ContentReplaceBehavior [ RunTime:0.000075s ]
INFO: [ template_filter ] --END-- [ RunTime:0.000112s ]
INFO: Run Behavior\ParseTemplateBehavior [ RunTime:0.087999s ]
INFO: [ view_parse ] --END-- [ RunTime:0.088053s ]
INFO: [ view_filter ] --START--
INFO: Run Behavior\WriteHtmlCacheBehavior [ RunTime:0.000286s ]
INFO: [ view_filter ] --END-- [ RunTime:0.000312s ]
INFO: [ app_end ] --START--
INFO: Run Behavior\ShowPageTraceBehavior [ RunTime:0.000405s ]
INFO: [ app_end ] --END-- [ RunTime:0.000432s ]

[ 2018-03-13T14:10:58+08:00 ] 127.0.0.1 /art/article/id/56.aspx
INFO: [ app_init ] --START--
INFO: Run Behavior\BuildLiteBehavior [ RunTime:0.000008s ]
INFO: [ app_init ] --END-- [ RunTime:0.000238s ]
INFO: [ app_begin ] --START--
INFO: Run Behavior\ReadHtmlCacheBehavior [ RunTime:0.000292s ]
INFO: [ app_begin ] --END-- [ RunTime:0.000319s ]
SQL: SHOW COLUMNS FROM `statisticsip` [ RunTime:0.0323s ]
SQL: SELECT * FROM `statisticsip` WHERE `ip` = '127.0.0.1' AND `date` = 20180313 LIMIT 1   [ RunTime:0.0008s ]
NOTIC: [2] Declaration of Home\Model\TypeModel::save($arr) should be compatible with Think\Model::save($data = '', $options = Array) D:\WWW\tools\Application\Home\Model\TypeModel.class.php 第 88 行.
NOTIC: [2] Declaration of Home\Model\TypeModel::delete($id) should be compatible with Think\Model::delete($options = Array) D:\WWW\tools\Application\Home\Model\TypeModel.class.php 第 88 行.
SQL: SHOW COLUMNS FROM `type` [ RunTime:0.0318s ]
NOTIC: [2] Missing argument 1 for Home\Model\TypeModel::lists(), called in D:\WWW\tools\ThinkPHP\Library\Think\Controller.class.php on line 51 and defined D:\WWW\tools\Application\Home\Model\TypeModel.class.php 第 83 行.
NOTIC: [8] Undefined variable: arr D:\WWW\tools\Application\Home\Model\TypeModel.class.php 第 84 行.
SQL: SELECT * FROM `type` ORDER BY `order` asc,id asc  [ RunTime:0.0004s ]
SQL: SHOW COLUMNS FROM `article` [ RunTime:0.0148s ]
SQL: SELECT * FROM `article` WHERE `id` = 56 LIMIT 1   [ RunTime:0.0004s ]
SQL: SELECT * FROM `article` WHERE `id` = 56 LIMIT 1   [ RunTime:0.0005s ]
SQL: UPDATE `article` SET `title`='Java环境变量设置',`keyword`='',`content`='&lt;p style=&quot;box-sizing: border-box; margin-top: 0px; margin-bottom: 16px; padding: 0px; line-height: 28px; word-wrap: break-word; word-break: normal; color: rgb(69, 69, 69); font-family: &amp;quot;PingFang SC&amp;quot;, &amp;quot;Microsoft YaHei&amp;quot;, SimHei, Arial, SimSun; background-color: rgb(255, 255, 255);&quot;&gt;首先在Oracle的网站上下载对应的JDK版本，然后安装。注意在Windows下，为了避免在使用命令行的时候出现问题，一般不要选择安装在C:Program Filesjdk目录下，可以选择文件夹名没有空格的目录来安装，比如我一般安装在C:java目录下面。&lt;/p&gt;&lt;p style=&quot;box-sizing: border-box; margin-top: 0px; margin-bottom: 16px; padding: 0px; line-height: 28px; word-wrap: break-word; word-break: normal; color: rgb(69, 69, 69); font-family: &amp;quot;PingFang SC&amp;quot;, &amp;quot;Microsoft YaHei&amp;quot;, SimHei, Arial, SimSun; background-color: rgb(255, 255, 255);&quot;&gt;&lt;br/&gt;&lt;/p&gt;&lt;p style=&quot;box-sizing: border-box; margin-top: 0px; margin-bottom: 16px; padding: 0px; line-height: 28px; word-wrap: break-word; word-break: normal; color: rgb(69, 69, 69); font-family: &amp;quot;PingFang SC&amp;quot;, &amp;quot;Microsoft YaHei&amp;quot;, SimHei, Arial, SimSun; background-color: rgb(255, 255, 255);&quot;&gt;1. 设置JAVA_HOME，指向jdk的安装目录这一级即可。比如我的JDK安装在C:javajdk1.8.0_25，那JAVA_HOME的值就是C:javajdk1.8.0_25&lt;/p&gt;&lt;p style=&quot;box-sizing: border-box; margin-top: 0px; margin-bottom: 16px; padding: 0px; line-height: 28px; word-wrap: break-word; word-break: normal; color: rgb(69, 69, 69); font-family: &amp;quot;PingFang SC&amp;quot;, &amp;quot;Microsoft YaHei&amp;quot;, SimHei, Arial, SimSun; background-color: rgb(255, 255, 255);&quot;&gt;&lt;img src=&quot;/ueditor/php/upload/image/20180112/1515727923225185.png&quot; title=&quot;1515727923225185.png&quot; alt=&quot;1.png&quot;/&gt;&lt;/p&gt;&lt;p style=&quot;box-sizing: border-box; margin-top: 0px; margin-bottom: 16px; padding: 0px; line-height: 28px; word-wrap: break-word; word-break: normal; color: rgb(69, 69, 69); font-family: &amp;quot;PingFang SC&amp;quot;, &amp;quot;Microsoft YaHei&amp;quot;, SimHei, Arial, SimSun; background-color: rgb(255, 255, 255);&quot;&gt;&lt;br/&gt;&lt;/p&gt;&lt;p style=&quot;box-sizing: border-box; margin-top: 0px; margin-bottom: 16px; padding: 0px; line-height: 28px; word-wrap: break-word; word-break: normal; color: rgb(69, 69, 69); font-family: &amp;quot;PingFang SC&amp;quot;, &amp;quot;Microsoft YaHei&amp;quot;, SimHei, Arial, SimSun; background-color: rgb(255, 255, 255);&quot;&gt;2. 设置Path变量&lt;/p&gt;&lt;p style=&quot;box-sizing: border-box; margin-top: 0px; margin-bottom: 16px; padding: 0px; line-height: 28px; word-wrap: break-word; word-break: normal; color: rgb(69, 69, 69); font-family: &amp;quot;PingFang SC&amp;quot;, &amp;quot;Microsoft YaHei&amp;quot;, SimHei, Arial, SimSun; background-color: rgb(255, 255, 255);&quot;&gt;在Path值后面加上&lt;strong style=&quot;box-sizing: border-box;&quot;&gt;&lt;span style=&quot;box-sizing: border-box; margin: 0px; padding: 0px; font-weight: 400; color: rgb(255, 0, 0);&quot;&gt;;%JAVA_HOME%bin;%JAVA_HOME%jrebin&lt;/span&gt;&lt;/strong&gt;&lt;br/&gt;&lt;/p&gt;&lt;p style=&quot;box-sizing: border-box; margin-top: 0px; margin-bottom: 16px; padding: 0px; line-height: 28px; word-wrap: break-word; word-break: normal; color: rgb(69, 69, 69); font-family: &amp;quot;PingFang SC&amp;quot;, &amp;quot;Microsoft YaHei&amp;quot;, SimHei, Arial, SimSun; background-color: rgb(255, 255, 255);&quot;&gt;&lt;img src=&quot;/ueditor/php/upload/image/20180112/1515727961229574.png&quot; title=&quot;1515727961229574.png&quot; alt=&quot;2.png&quot;/&gt;&lt;/p&gt;&lt;p style=&quot;box-sizing: border-box; margin-top: 0px; margin-bottom: 16px; padding: 0px; line-height: 28px; word-wrap: break-word; word-break: normal; color: rgb(69, 69, 69); font-family: &amp;quot;PingFang SC&amp;quot;, &amp;quot;Microsoft YaHei&amp;quot;, SimHei, Arial, SimSun; background-color: rgb(255, 255, 255);&quot;&gt;3. 设置CLASSPATH&lt;/p&gt;&lt;p style=&quot;box-sizing: border-box; margin-top: 0px; margin-bottom: 16px; padding: 0px; line-height: 28px; word-wrap: break-word; word-break: normal; color: rgb(69, 69, 69); font-family: &amp;quot;PingFang SC&amp;quot;, &amp;quot;Microsoft YaHei&amp;quot;, SimHei, Arial, SimSun; background-color: rgb(255, 255, 255);&quot;&gt;新建环境变量CLASSPATH，设置值为&lt;span style=&quot;box-sizing: border-box; margin: 0px; padding: 0px; color: rgb(255, 0, 0);&quot;&gt;&lt;strong style=&quot;box-sizing: border-box;&quot;&gt;.;%JAVA_HOME%libdt.jar;%JAVA_HOME%libtools.jar&lt;/strong&gt;&lt;/span&gt;&lt;/p&gt;&lt;p style=&quot;box-sizing: border-box; margin-top: 0px; margin-bottom: 16px; padding: 0px; line-height: 28px; word-wrap: break-word; word-break: normal; color: rgb(69, 69, 69); font-family: &amp;quot;PingFang SC&amp;quot;, &amp;quot;Microsoft YaHei&amp;quot;, SimHei, Arial, SimSun; background-color: rgb(255, 255, 255);&quot;&gt;注意值前面的两个符号&lt;span style=&quot;box-sizing: border-box; margin: 0px; padding: 0px; font-size: 24px; color: rgb(255, 0, 0);&quot;&gt;&lt;strong style=&quot;box-sizing: border-box;&quot;&gt;.;&lt;/strong&gt;&lt;/span&gt;&lt;/p&gt;&lt;p style=&quot;box-sizing: border-box; margin-top: 0px; margin-bottom: 16px; padding: 0px; line-height: 28px; word-wrap: break-word; word-break: normal; color: rgb(69, 69, 69); font-family: &amp;quot;PingFang SC&amp;quot;, &amp;quot;Microsoft YaHei&amp;quot;, SimHei, Arial, SimSun; background-color: rgb(255, 255, 255);&quot;&gt;&lt;img src=&quot;/ueditor/php/upload/image/20180112/1515727973126509.png&quot; title=&quot;1515727973126509.png&quot; alt=&quot;3.png&quot;/&gt;&lt;/p&gt;&lt;p style=&quot;box-sizing: border-box; margin-top: 0px; margin-bottom: 16px; padding: 0px; line-height: 28px; word-wrap: break-word; word-break: normal; color: rgb(69, 69, 69); font-family: &amp;quot;PingFang SC&amp;quot;, &amp;quot;Microsoft YaHei&amp;quot;, SimHei, Arial, SimSun; background-color: rgb(255, 255, 255);&quot;&gt;4. 安装完成后，打开dos窗口，-&amp;gt;开始，在&amp;quot;搜索程序和文件&amp;quot;输入框里输入&amp;quot;cmd&amp;quot;，回车，就会弹出dos窗口。&lt;br/&gt;&lt;/p&gt;&lt;p style=&quot;box-sizing: border-box; margin-top: 0px; margin-bottom: 16px; padding: 0px; line-height: 28px; word-wrap: break-word; word-break: normal; color: rgb(69, 69, 69); font-family: &amp;quot;PingFang SC&amp;quot;, &amp;quot;Microsoft YaHei&amp;quot;, SimHei, Arial, SimSun; background-color: rgb(255, 255, 255);&quot;&gt;在dos窗口输入命令&lt;strong style=&quot;box-sizing: border-box;&quot;&gt;&lt;span style=&quot;box-sizing: border-box; margin: 0px; padding: 0px; font-weight: 400; color: rgb(255, 0, 0);&quot;&gt;java -version&lt;/span&gt;&lt;/strong&gt;&lt;/p&gt;&lt;p style=&quot;box-sizing: border-box; margin-top: 0px; margin-bottom: 16px; padding: 0px; line-height: 28px; word-wrap: break-word; word-break: normal; color: rgb(69, 69, 69); font-family: &amp;quot;PingFang SC&amp;quot;, &amp;quot;Microsoft YaHei&amp;quot;, SimHei, Arial, SimSun; background-color: rgb(255, 255, 255);&quot;&gt;如果安装成功的话，会显示安装的JDK的版本，如下图所示&lt;/p&gt;&lt;p style=&quot;box-sizing: border-box; margin-top: 0px; margin-bottom: 16px; padding: 0px; line-height: 28px; word-wrap: break-word; word-break: normal; color: rgb(69, 69, 69); font-family: &amp;quot;PingFang SC&amp;quot;, &amp;quot;Microsoft YaHei&amp;quot;, SimHei, Arial, SimSun; background-color: rgb(255, 255, 255);&quot;&gt;&lt;img src=&quot;/ueditor/php/upload/image/20180112/1515727981838302.png&quot; title=&quot;1515727981838302.png&quot; alt=&quot;4.png&quot;/&gt;&lt;/p&gt;&lt;p style=&quot;box-sizing: border-box; margin-top: 0px; margin-bottom: 16px; padding: 0px; line-height: 28px; word-wrap: break-word; word-break: normal; color: rgb(69, 69, 69); font-family: &amp;quot;PingFang SC&amp;quot;, &amp;quot;Microsoft YaHei&amp;quot;, SimHei, Arial, SimSun; background-color: rgb(255, 255, 255);&quot;&gt;&lt;br/&gt;&lt;/p&gt;&lt;p style=&quot;box-sizing: border-box; margin-top: 0px; margin-bottom: 16px; padding: 0px; line-height: 28px; word-wrap: break-word; word-break: normal; color: rgb(69, 69, 69); font-family: &amp;quot;PingFang SC&amp;quot;, &amp;quot;Microsoft YaHei&amp;quot;, SimHei, Arial, SimSun; background-color: rgb(255, 255, 255);&quot;&gt;输入命令&lt;span style=&quot;box-sizing: border-box; margin: 0px; padding: 0px; color: rgb(255, 0, 0);&quot;&gt;&lt;strong style=&quot;box-sizing: border-box;&quot;&gt;javac&lt;/strong&gt;&lt;/span&gt;&lt;/p&gt;&lt;p style=&quot;box-sizing: border-box; margin-top: 0px; margin-bottom: 16px; padding: 0px; line-height: 28px; word-wrap: break-word; word-break: normal; color: rgb(69, 69, 69); font-family: &amp;quot;PingFang SC&amp;quot;, &amp;quot;Microsoft YaHei&amp;quot;, SimHei, Arial, SimSun; background-color: rgb(255, 255, 255);&quot;&gt;如安装成功会出现如下图所示提示，&lt;/p&gt;&lt;p style=&quot;box-sizing: border-box; margin-top: 0px; margin-bottom: 16px; padding: 0px; line-height: 28px; word-wrap: break-word; word-break: normal; color: rgb(69, 69, 69); font-family: &amp;quot;PingFang SC&amp;quot;, &amp;quot;Microsoft YaHei&amp;quot;, SimHei, Arial, SimSun; background-color: rgb(255, 255, 255);&quot;&gt;&lt;img src=&quot;/ueditor/php/upload/image/20180112/1515727989104683.png&quot; title=&quot;1515727989104683.png&quot; alt=&quot;5.png&quot;/&gt;&lt;/p&gt;',`status`='1',`type`='2',`createtime`='1515728015',`author`='小兔',`imgurl`=NULL,`recom`='0',`readnum`='4' WHERE `id` = 56 [ RunTime:0.0243s ]
SQL: SELECT `id`,`title` FROM `article` WHERE ( id<56 and status=1 ) ORDER BY id desc LIMIT 1   [ RunTime:0.0023s ]
SQL: SELECT `id`,`title` FROM `article` WHERE ( id>56 and status=1 ) ORDER BY id asc LIMIT 1   [ RunTime:0.0002s ]
SQL: SELECT `id`,`title` FROM `article` WHERE ( id<>56 and status=1 and recom=1 ) ORDER BY id desc LIMIT 6   [ RunTime:0.0010s ]
INFO: [ view_parse ] --START--
INFO: [ template_filter ] --START--
INFO: Run Behavior\ContentReplaceBehavior [ RunTime:0.000230s ]
INFO: [ template_filter ] --END-- [ RunTime:0.000327s ]
NOTIC: [8] Undefined variable: title D:\WWW\tools\Application\Runtime\Cache\Home\f274c600cf8d13c9d31ff143ea08a211.php 第 55 行.
INFO: [ keyWords ] --START--
SQL: SHOW COLUMNS FROM `keywords` [ RunTime:0.0063s ]
NOTIC: [2] Missing argument 1 for Think\Model::where(), called in D:\WWW\tools\Application\Home\Model\CommModel.class.php on line 46 and defined D:\WWW\tools\ThinkPHP\Library\Think\Model.class.php 第 1797 行.
NOTIC: [8] Undefined variable: where D:\WWW\tools\ThinkPHP\Library\Think\Model.class.php 第 1805 行.
NOTIC: [8] Undefined variable: where D:\WWW\tools\ThinkPHP\Library\Think\Model.class.php 第 1808 行.
NOTIC: [8] Undefined variable: where D:\WWW\tools\ThinkPHP\Library\Think\Model.class.php 第 1816 行.
SQL: SELECT * FROM `keywords` ORDER BY `order` asc,num desc LIMIT 30   [ RunTime:0.0002s ]
INFO: Run Home\Behavior\KeyWordsBehavior [ RunTime:0.007534s ]
INFO: [ keyWords ] --END-- [ RunTime:0.007556s ]
INFO: Run Behavior\ParseTemplateBehavior [ RunTime:0.171585s ]
INFO: [ view_parse ] --END-- [ RunTime:0.171634s ]
INFO: [ view_filter ] --START--
INFO: Run Behavior\WriteHtmlCacheBehavior [ RunTime:0.000201s ]
INFO: [ view_filter ] --END-- [ RunTime:0.000220s ]
INFO: [ app_end ] --START--
INFO: Run Behavior\ShowPageTraceBehavior [ RunTime:0.000347s ]
INFO: [ app_end ] --END-- [ RunTime:0.000373s ]

[ 2018-03-13T14:11:06+08:00 ] 127.0.0.1 /art/lists.aspx?t=jdk&c=1
INFO: [ app_init ] --START--
INFO: Run Behavior\BuildLiteBehavior [ RunTime:0.000006s ]
INFO: [ app_init ] --END-- [ RunTime:0.000217s ]
INFO: [ app_begin ] --START--
INFO: Run Behavior\ReadHtmlCacheBehavior [ RunTime:0.000273s ]
INFO: [ app_begin ] --END-- [ RunTime:0.000296s ]
SQL: SHOW COLUMNS FROM `statisticsip` [ RunTime:0.0298s ]
SQL: SELECT * FROM `statisticsip` WHERE `ip` = '127.0.0.1' AND `date` = 20180313 LIMIT 1   [ RunTime:0.0007s ]
NOTIC: [2] Declaration of Home\Model\TypeModel::save($arr) should be compatible with Think\Model::save($data = '', $options = Array) D:\WWW\tools\Application\Home\Model\TypeModel.class.php 第 88 行.
NOTIC: [2] Declaration of Home\Model\TypeModel::delete($id) should be compatible with Think\Model::delete($options = Array) D:\WWW\tools\Application\Home\Model\TypeModel.class.php 第 88 行.
SQL: SHOW COLUMNS FROM `type` [ RunTime:0.0517s ]
NOTIC: [2] Missing argument 1 for Home\Model\TypeModel::lists(), called in D:\WWW\tools\ThinkPHP\Library\Think\Controller.class.php on line 51 and defined D:\WWW\tools\Application\Home\Model\TypeModel.class.php 第 83 行.
NOTIC: [8] Undefined variable: arr D:\WWW\tools\Application\Home\Model\TypeModel.class.php 第 84 行.
SQL: SELECT * FROM `type` ORDER BY `order` asc,id asc  [ RunTime:0.0002s ]

[ 2018-03-13T14:11:07+08:00 ] 127.0.0.1 /art/lists.aspx?t=jdk&c=1
INFO: [ app_init ] --START--
INFO: Run Behavior\BuildLiteBehavior [ RunTime:0.000006s ]
INFO: [ app_init ] --END-- [ RunTime:0.000218s ]
INFO: [ app_begin ] --START--
INFO: Run Behavior\ReadHtmlCacheBehavior [ RunTime:0.000271s ]
INFO: [ app_begin ] --END-- [ RunTime:0.000294s ]
SQL: SHOW COLUMNS FROM `statisticsip` [ RunTime:0.0352s ]
SQL: SELECT * FROM `statisticsip` WHERE `ip` = '127.0.0.1' AND `date` = 20180313 LIMIT 1   [ RunTime:0.0008s ]
NOTIC: [2] Declaration of Home\Model\TypeModel::save($arr) should be compatible with Think\Model::save($data = '', $options = Array) D:\WWW\tools\Application\Home\Model\TypeModel.class.php 第 88 行.
NOTIC: [2] Declaration of Home\Model\TypeModel::delete($id) should be compatible with Think\Model::delete($options = Array) D:\WWW\tools\Application\Home\Model\TypeModel.class.php 第 88 行.
SQL: SHOW COLUMNS FROM `type` [ RunTime:0.0169s ]
NOTIC: [2] Missing argument 1 for Home\Model\TypeModel::lists(), called in D:\WWW\tools\ThinkPHP\Library\Think\Controller.class.php on line 51 and defined D:\WWW\tools\Application\Home\Model\TypeModel.class.php 第 83 行.
NOTIC: [8] Undefined variable: arr D:\WWW\tools\Application\Home\Model\TypeModel.class.php 第 84 行.
SQL: SELECT * FROM `type` ORDER BY `order` asc,id asc  [ RunTime:0.0004s ]

[ 2018-03-13T14:11:09+08:00 ] 127.0.0.1 /art/lists.aspx?t=jdk&c=1
INFO: [ app_init ] --START--
INFO: Run Behavior\BuildLiteBehavior [ RunTime:0.000016s ]
INFO: [ app_init ] --END-- [ RunTime:0.000468s ]
INFO: [ app_begin ] --START--
INFO: Run Behavior\ReadHtmlCacheBehavior [ RunTime:0.000588s ]
INFO: [ app_begin ] --END-- [ RunTime:0.000644s ]
SQL: SHOW COLUMNS FROM `statisticsip` [ RunTime:0.0356s ]
SQL: SELECT * FROM `statisticsip` WHERE `ip` = '127.0.0.1' AND `date` = 20180313 LIMIT 1   [ RunTime:0.0009s ]
NOTIC: [2] Declaration of Home\Model\TypeModel::save($arr) should be compatible with Think\Model::save($data = '', $options = Array) D:\WWW\tools\Application\Home\Model\TypeModel.class.php 第 88 行.
NOTIC: [2] Declaration of Home\Model\TypeModel::delete($id) should be compatible with Think\Model::delete($options = Array) D:\WWW\tools\Application\Home\Model\TypeModel.class.php 第 88 行.
SQL: SHOW COLUMNS FROM `type` [ RunTime:0.0142s ]
NOTIC: [2] Missing argument 1 for Home\Model\TypeModel::lists(), called in D:\WWW\tools\ThinkPHP\Library\Think\Controller.class.php on line 51 and defined D:\WWW\tools\Application\Home\Model\TypeModel.class.php 第 83 行.
NOTIC: [8] Undefined variable: arr D:\WWW\tools\Application\Home\Model\TypeModel.class.php 第 84 行.
SQL: SELECT * FROM `type` ORDER BY `order` asc,id asc  [ RunTime:0.0003s ]
SQL: SHOW COLUMNS FROM `keywords` [ RunTime:0.0113s ]
SQL: SELECT * FROM `keywords` WHERE `name` = 'jdk' LIMIT 1   [ RunTime:0.0200s ]
SQL: INSERT INTO `keywords` (`name`,`num`,`recordtime`) VALUES ('jdk','1','1520921468') [ RunTime:0.0107s ]
SQL: SHOW COLUMNS FROM `article` [ RunTime:0.0250s ]
SQL: SELECT * FROM `article` WHERE `title` LIKE '%jdk%' OR `keyword` LIKE '%jdk%' ORDER BY id desc LIMIT 0,6   [ RunTime:0.0353s ]
SQL: SELECT COUNT(*) AS tp_count FROM `article` WHERE `title` LIKE '%jdk%' OR `keyword` LIKE '%jdk%' LIMIT 1   [ RunTime:0.0012s ]
NOTIC: [2] Missing argument 1 for Think\Model::where(), called in D:\WWW\tools\Application\Home\Model\CommModel.class.php on line 46 and defined D:\WWW\tools\ThinkPHP\Library\Think\Model.class.php 第 1797 行.
NOTIC: [8] Undefined variable: where D:\WWW\tools\ThinkPHP\Library\Think\Model.class.php 第 1805 行.
NOTIC: [8] Undefined variable: where D:\WWW\tools\ThinkPHP\Library\Think\Model.class.php 第 1808 行.
NOTIC: [8] Undefined variable: where D:\WWW\tools\ThinkPHP\Library\Think\Model.class.php 第 1816 行.
SQL: SELECT * FROM `keywords` ORDER BY `order` asc,num desc LIMIT 20   [ RunTime:0.0006s ]
INFO: [ view_parse ] --START--
INFO: [ template_filter ] --START--
INFO: Run Behavior\ContentReplaceBehavior [ RunTime:0.000204s ]
INFO: [ template_filter ] --END-- [ RunTime:0.000294s ]
INFO: Run Behavior\ParseTemplateBehavior [ RunTime:0.018759s ]
INFO: [ view_parse ] --END-- [ RunTime:0.018859s ]
INFO: [ view_filter ] --START--
INFO: Run Behavior\WriteHtmlCacheBehavior [ RunTime:0.000579s ]
INFO: [ view_filter ] --END-- [ RunTime:0.000656s ]
INFO: [ app_end ] --START--
INFO: Run Behavior\ShowPageTraceBehavior [ RunTime:0.001128s ]
INFO: [ app_end ] --END-- [ RunTime:0.001210s ]

[ 2018-03-13T14:11:10+08:00 ] 127.0.0.1 /art/lists.aspx?t=jdk&c=1
INFO: [ app_init ] --START--
INFO: Run Behavior\BuildLiteBehavior [ RunTime:0.000008s ]
INFO: [ app_init ] --END-- [ RunTime:0.000313s ]
INFO: [ app_begin ] --START--
INFO: Run Behavior\ReadHtmlCacheBehavior [ RunTime:0.000389s ]
INFO: [ app_begin ] --END-- [ RunTime:0.000428s ]
SQL: SHOW COLUMNS FROM `statisticsip` [ RunTime:0.0459s ]
SQL: SELECT * FROM `statisticsip` WHERE `ip` = '127.0.0.1' AND `date` = 20180313 LIMIT 1   [ RunTime:0.0008s ]
NOTIC: [2] Declaration of Home\Model\TypeModel::save($arr) should be compatible with Think\Model::save($data = '', $options = Array) D:\WWW\tools\Application\Home\Model\TypeModel.class.php 第 88 行.
NOTIC: [2] Declaration of Home\Model\TypeModel::delete($id) should be compatible with Think\Model::delete($options = Array) D:\WWW\tools\Application\Home\Model\TypeModel.class.php 第 88 行.
SQL: SHOW COLUMNS FROM `type` [ RunTime:0.0374s ]
NOTIC: [2] Missing argument 1 for Home\Model\TypeModel::lists(), called in D:\WWW\tools\ThinkPHP\Library\Think\Controller.class.php on line 51 and defined D:\WWW\tools\Application\Home\Model\TypeModel.class.php 第 83 行.
NOTIC: [8] Undefined variable: arr D:\WWW\tools\Application\Home\Model\TypeModel.class.php 第 84 行.
SQL: SELECT * FROM `type` ORDER BY `order` asc,id asc  [ RunTime:0.0003s ]
SQL: SHOW COLUMNS FROM `keywords` [ RunTime:0.0212s ]
SQL: SELECT * FROM `keywords` WHERE `name` = 'jdk' LIMIT 1   [ RunTime:0.0003s ]
SQL: UPDATE `keywords` SET `name`='jdk',`num`='2',`recordtime`='1520921470',`order`='20' WHERE `id` = 40 [ RunTime:0.0003s ]
SQL: SHOW COLUMNS FROM `article` [ RunTime:0.0145s ]
SQL: SELECT * FROM `article` WHERE `title` LIKE '%jdk%' OR `keyword` LIKE '%jdk%' ORDER BY id desc LIMIT 0,6   [ RunTime:0.0012s ]
SQL: SELECT COUNT(*) AS tp_count FROM `article` WHERE `title` LIKE '%jdk%' OR `keyword` LIKE '%jdk%' LIMIT 1   [ RunTime:0.0007s ]
NOTIC: [2] Missing argument 1 for Think\Model::where(), called in D:\WWW\tools\Application\Home\Model\CommModel.class.php on line 46 and defined D:\WWW\tools\ThinkPHP\Library\Think\Model.class.php 第 1797 行.
NOTIC: [8] Undefined variable: where D:\WWW\tools\ThinkPHP\Library\Think\Model.class.php 第 1805 行.
NOTIC: [8] Undefined variable: where D:\WWW\tools\ThinkPHP\Library\Think\Model.class.php 第 1808 行.
NOTIC: [8] Undefined variable: where D:\WWW\tools\ThinkPHP\Library\Think\Model.class.php 第 1816 行.
SQL: SELECT * FROM `keywords` ORDER BY `order` asc,num desc LIMIT 20   [ RunTime:0.0003s ]
INFO: [ view_parse ] --START--
INFO: [ template_filter ] --START--
INFO: Run Behavior\ContentReplaceBehavior [ RunTime:0.000119s ]
INFO: [ template_filter ] --END-- [ RunTime:0.000176s ]
INFO: Run Behavior\ParseTemplateBehavior [ RunTime:0.011328s ]
INFO: [ view_parse ] --END-- [ RunTime:0.011385s ]
INFO: [ view_filter ] --START--
INFO: Run Behavior\WriteHtmlCacheBehavior [ RunTime:0.000344s ]
INFO: [ view_filter ] --END-- [ RunTime:0.000390s ]
INFO: [ app_end ] --START--
INFO: Run Behavior\ShowPageTraceBehavior [ RunTime:0.000679s ]
INFO: [ app_end ] --END-- [ RunTime:0.000729s ]

[ 2018-03-13T14:11:14+08:00 ] 127.0.0.1 /
INFO: [ app_init ] --START--
INFO: Run Behavior\BuildLiteBehavior [ RunTime:0.000008s ]
INFO: [ app_init ] --END-- [ RunTime:0.000276s ]
INFO: [ app_begin ] --START--
INFO: Run Behavior\ReadHtmlCacheBehavior [ RunTime:0.000288s ]
INFO: [ app_begin ] --END-- [ RunTime:0.000315s ]
SQL: SHOW COLUMNS FROM `statisticsip` [ RunTime:0.0260s ]
SQL: SELECT * FROM `statisticsip` WHERE `ip` = '127.0.0.1' AND `date` = 20180313 LIMIT 1   [ RunTime:0.0005s ]
NOTIC: [2] Declaration of Home\Model\TypeModel::save($arr) should be compatible with Think\Model::save($data = '', $options = Array) D:\WWW\tools\Application\Home\Model\TypeModel.class.php 第 88 行.
NOTIC: [2] Declaration of Home\Model\TypeModel::delete($id) should be compatible with Think\Model::delete($options = Array) D:\WWW\tools\Application\Home\Model\TypeModel.class.php 第 88 行.
SQL: SHOW COLUMNS FROM `type` [ RunTime:0.0138s ]
NOTIC: [2] Missing argument 1 for Home\Model\TypeModel::lists(), called in D:\WWW\tools\ThinkPHP\Library\Think\Controller.class.php on line 51 and defined D:\WWW\tools\Application\Home\Model\TypeModel.class.php 第 83 行.
NOTIC: [8] Undefined variable: arr D:\WWW\tools\Application\Home\Model\TypeModel.class.php 第 84 行.
SQL: SELECT * FROM `type` ORDER BY `order` asc,id asc  [ RunTime:0.0003s ]
SQL: SHOW COLUMNS FROM `article` [ RunTime:0.0266s ]
SQL: SELECT * FROM `article` WHERE `status` = 1 ORDER BY id desc LIMIT 6   [ RunTime:0.0007s ]
SQL: SELECT * FROM `article` WHERE `status` = 1 ORDER BY readnum desc,id desc LIMIT 6   [ RunTime:0.0012s ]
INFO: [ view_parse ] --START--
INFO: [ template_filter ] --START--
INFO: Run Behavior\ContentReplaceBehavior [ RunTime:0.000141s ]
INFO: [ template_filter ] --END-- [ RunTime:0.000196s ]
NOTIC: [8] Undefined variable: title D:\WWW\tools\Application\Runtime\Cache\Home\2a94b8bda04ff446dcedd42276fc99ee.php 第 62 行.
INFO: [ keyWords ] --START--
SQL: SHOW COLUMNS FROM `keywords` [ RunTime:0.0139s ]
NOTIC: [2] Missing argument 1 for Think\Model::where(), called in D:\WWW\tools\Application\Home\Model\CommModel.class.php on line 46 and defined D:\WWW\tools\ThinkPHP\Library\Think\Model.class.php 第 1797 行.
NOTIC: [8] Undefined variable: where D:\WWW\tools\ThinkPHP\Library\Think\Model.class.php 第 1805 行.
NOTIC: [8] Undefined variable: where D:\WWW\tools\ThinkPHP\Library\Think\Model.class.php 第 1808 行.
NOTIC: [8] Undefined variable: where D:\WWW\tools\ThinkPHP\Library\Think\Model.class.php 第 1816 行.
SQL: SELECT * FROM `keywords` ORDER BY `order` asc,num desc LIMIT 30   [ RunTime:0.0003s ]
INFO: Run Home\Behavior\KeyWordsBehavior [ RunTime:0.016525s ]
INFO: [ keyWords ] --END-- [ RunTime:0.016572s ]
INFO: Run Behavior\ParseTemplateBehavior [ RunTime:0.029059s ]
INFO: [ view_parse ] --END-- [ RunTime:0.029100s ]
INFO: [ view_filter ] --START--
INFO: Run Behavior\WriteHtmlCacheBehavior [ RunTime:0.000390s ]
INFO: [ view_filter ] --END-- [ RunTime:0.000432s ]
INFO: [ app_end ] --START--
INFO: Run Behavior\ShowPageTraceBehavior [ RunTime:0.000656s ]
INFO: [ app_end ] --END-- [ RunTime:0.000704s ]

[ 2018-03-13T14:11:17+08:00 ] 127.0.0.1 /art/lists.aspx
INFO: [ app_init ] --START--
INFO: Run Behavior\BuildLiteBehavior [ RunTime:0.000008s ]
INFO: [ app_init ] --END-- [ RunTime:0.000226s ]
INFO: [ app_begin ] --START--
INFO: Run Behavior\ReadHtmlCacheBehavior [ RunTime:0.000276s ]
INFO: [ app_begin ] --END-- [ RunTime:0.000302s ]
SQL: SHOW COLUMNS FROM `statisticsip` [ RunTime:0.0292s ]
SQL: SELECT * FROM `statisticsip` WHERE `ip` = '127.0.0.1' AND `date` = 20180313 LIMIT 1   [ RunTime:0.0007s ]
NOTIC: [2] Declaration of Home\Model\TypeModel::save($arr) should be compatible with Think\Model::save($data = '', $options = Array) D:\WWW\tools\Application\Home\Model\TypeModel.class.php 第 88 行.
NOTIC: [2] Declaration of Home\Model\TypeModel::delete($id) should be compatible with Think\Model::delete($options = Array) D:\WWW\tools\Application\Home\Model\TypeModel.class.php 第 88 行.
SQL: SHOW COLUMNS FROM `type` [ RunTime:0.0115s ]
NOTIC: [2] Missing argument 1 for Home\Model\TypeModel::lists(), called in D:\WWW\tools\ThinkPHP\Library\Think\Controller.class.php on line 51 and defined D:\WWW\tools\Application\Home\Model\TypeModel.class.php 第 83 行.
NOTIC: [8] Undefined variable: arr D:\WWW\tools\Application\Home\Model\TypeModel.class.php 第 84 行.
SQL: SELECT * FROM `type` ORDER BY `order` asc,id asc  [ RunTime:0.0003s ]
SQL: SHOW COLUMNS FROM `article` [ RunTime:0.0112s ]
SQL: SELECT * FROM `article` ORDER BY id desc LIMIT 0,6   [ RunTime:0.0005s ]
SQL: SELECT COUNT(*) AS tp_count FROM `article` LIMIT 1   [ RunTime:0.0001s ]
SQL: SHOW COLUMNS FROM `keywords` [ RunTime:0.0101s ]
NOTIC: [2] Missing argument 1 for Think\Model::where(), called in D:\WWW\tools\Application\Home\Model\CommModel.class.php on line 46 and defined D:\WWW\tools\ThinkPHP\Library\Think\Model.class.php 第 1797 行.
NOTIC: [8] Undefined variable: where D:\WWW\tools\ThinkPHP\Library\Think\Model.class.php 第 1805 行.
NOTIC: [8] Undefined variable: where D:\WWW\tools\ThinkPHP\Library\Think\Model.class.php 第 1808 行.
NOTIC: [8] Undefined variable: where D:\WWW\tools\ThinkPHP\Library\Think\Model.class.php 第 1816 行.
SQL: SELECT * FROM `keywords` ORDER BY `order` asc,num desc LIMIT 20   [ RunTime:0.0003s ]
INFO: [ view_parse ] --START--
INFO: [ template_filter ] --START--
INFO: Run Behavior\ContentReplaceBehavior [ RunTime:0.000084s ]
INFO: [ template_filter ] --END-- [ RunTime:0.000126s ]
INFO: Run Behavior\ParseTemplateBehavior [ RunTime:0.009294s ]
INFO: [ view_parse ] --END-- [ RunTime:0.009337s ]
INFO: [ view_filter ] --START--
INFO: Run Behavior\WriteHtmlCacheBehavior [ RunTime:0.000300s ]
INFO: [ view_filter ] --END-- [ RunTime:0.000346s ]
INFO: [ app_end ] --START--
INFO: Run Behavior\ShowPageTraceBehavior [ RunTime:0.000492s ]
INFO: [ app_end ] --END-- [ RunTime:0.000531s ]

[ 2018-03-13T14:11:23+08:00 ] 127.0.0.1 /art/async_lists.aspx
INFO: [ app_init ] --START--
INFO: Run Behavior\BuildLiteBehavior [ RunTime:0.000008s ]
INFO: [ app_init ] --END-- [ RunTime:0.000275s ]
INFO: [ app_begin ] --START--
INFO: Run Behavior\ReadHtmlCacheBehavior [ RunTime:0.000594s ]
INFO: [ app_begin ] --END-- [ RunTime:0.000670s ]
SQL: SHOW COLUMNS FROM `statisticsip` [ RunTime:0.0376s ]
SQL: SELECT * FROM `statisticsip` WHERE `ip` = '127.0.0.1' AND `date` = 20180313 LIMIT 1   [ RunTime:0.0005s ]
NOTIC: [2] Declaration of Home\Model\TypeModel::save($arr) should be compatible with Think\Model::save($data = '', $options = Array) D:\WWW\tools\Application\Home\Model\TypeModel.class.php 第 88 行.
NOTIC: [2] Declaration of Home\Model\TypeModel::delete($id) should be compatible with Think\Model::delete($options = Array) D:\WWW\tools\Application\Home\Model\TypeModel.class.php 第 88 行.
SQL: SHOW COLUMNS FROM `type` [ RunTime:0.0176s ]
NOTIC: [2] Missing argument 1 for Home\Model\TypeModel::lists(), called in D:\WWW\tools\ThinkPHP\Library\Think\Controller.class.php on line 51 and defined D:\WWW\tools\Application\Home\Model\TypeModel.class.php 第 83 行.
NOTIC: [8] Undefined variable: arr D:\WWW\tools\Application\Home\Model\TypeModel.class.php 第 84 行.
SQL: SELECT * FROM `type` ORDER BY `order` asc,id asc  [ RunTime:0.0003s ]
SQL: SHOW COLUMNS FROM `article` [ RunTime:0.0116s ]
SQL: SELECT * FROM `article` ORDER BY id desc LIMIT 6,6   [ RunTime:0.0008s ]

[ 2018-03-13T14:11:33+08:00 ] 127.0.0.1 /art/async_lists.aspx
INFO: [ app_init ] --START--
INFO: Run Behavior\BuildLiteBehavior [ RunTime:0.000020s ]
INFO: [ app_init ] --END-- [ RunTime:0.000474s ]
INFO: [ app_begin ] --START--
INFO: Run Behavior\ReadHtmlCacheBehavior [ RunTime:0.000525s ]
INFO: [ app_begin ] --END-- [ RunTime:0.000579s ]
SQL: SHOW COLUMNS FROM `statisticsip` [ RunTime:0.0351s ]
SQL: SELECT * FROM `statisticsip` WHERE `ip` = '127.0.0.1' AND `date` = 20180313 LIMIT 1   [ RunTime:0.0004s ]
NOTIC: [2] Declaration of Home\Model\TypeModel::save($arr) should be compatible with Think\Model::save($data = '', $options = Array) D:\WWW\tools\Application\Home\Model\TypeModel.class.php 第 88 行.
NOTIC: [2] Declaration of Home\Model\TypeModel::delete($id) should be compatible with Think\Model::delete($options = Array) D:\WWW\tools\Application\Home\Model\TypeModel.class.php 第 88 行.
SQL: SHOW COLUMNS FROM `type` [ RunTime:0.0588s ]
NOTIC: [2] Missing argument 1 for Home\Model\TypeModel::lists(), called in D:\WWW\tools\ThinkPHP\Library\Think\Controller.class.php on line 51 and defined D:\WWW\tools\Application\Home\Model\TypeModel.class.php 第 83 行.
NOTIC: [8] Undefined variable: arr D:\WWW\tools\Application\Home\Model\TypeModel.class.php 第 84 行.
SQL: SELECT * FROM `type` ORDER BY `order` asc,id asc  [ RunTime:0.0006s ]
SQL: SHOW COLUMNS FROM `article` [ RunTime:0.0232s ]
SQL: SELECT * FROM `article` ORDER BY id desc LIMIT 12,6   [ RunTime:0.0021s ]

[ 2018-03-13T14:11:37+08:00 ] 127.0.0.1 /art/article/id/53.aspx
INFO: [ app_init ] --START--
INFO: Run Behavior\BuildLiteBehavior [ RunTime:0.000009s ]
INFO: [ app_init ] --END-- [ RunTime:0.000275s ]
INFO: [ app_begin ] --START--
INFO: Run Behavior\ReadHtmlCacheBehavior [ RunTime:0.000282s ]
INFO: [ app_begin ] --END-- [ RunTime:0.000308s ]
SQL: SHOW COLUMNS FROM `statisticsip` [ RunTime:0.0325s ]
SQL: SELECT * FROM `statisticsip` WHERE `ip` = '127.0.0.1' AND `date` = 20180313 LIMIT 1   [ RunTime:0.0008s ]
NOTIC: [2] Declaration of Home\Model\TypeModel::save($arr) should be compatible with Think\Model::save($data = '', $options = Array) D:\WWW\tools\Application\Home\Model\TypeModel.class.php 第 88 行.
NOTIC: [2] Declaration of Home\Model\TypeModel::delete($id) should be compatible with Think\Model::delete($options = Array) D:\WWW\tools\Application\Home\Model\TypeModel.class.php 第 88 行.
SQL: SHOW COLUMNS FROM `type` [ RunTime:0.0272s ]
NOTIC: [2] Missing argument 1 for Home\Model\TypeModel::lists(), called in D:\WWW\tools\ThinkPHP\Library\Think\Controller.class.php on line 51 and defined D:\WWW\tools\Application\Home\Model\TypeModel.class.php 第 83 行.
NOTIC: [8] Undefined variable: arr D:\WWW\tools\Application\Home\Model\TypeModel.class.php 第 84 行.
SQL: SELECT * FROM `type` ORDER BY `order` asc,id asc  [ RunTime:0.0003s ]
SQL: SHOW COLUMNS FROM `article` [ RunTime:0.0260s ]
SQL: SELECT * FROM `article` WHERE `id` = 53 LIMIT 1   [ RunTime:0.0004s ]
SQL: SELECT * FROM `article` WHERE `id` = 53 LIMIT 1   [ RunTime:0.0003s ]
SQL: UPDATE `article` SET `title`='centos7 安装Java环境',`keyword`='centos7 java',`content`='&lt;p&gt;&lt;span style=&quot;color: rgb(51, 51, 51); font-family: &amp;quot;Helvetica Neue&amp;quot;, Helvetica, Arial, sans-serif; background-color: rgb(254, 254, 254);&quot;&gt;Java 环境可选择 Oracle 的 JDK，或是 OpenJDK，现在一般 Linux 系统默认安装的基本是 OpenJDK，如 CentOS 6.4 就默认安装了 OpenJDK 1.7。按&amp;nbsp;&lt;/span&gt;&lt;a href=&quot;http://wiki.apache.org/hadoop/HadoopJavaVersions&quot; target=&quot;_blank&quot; style=&quot;box-sizing: border-box; background: 0px 0px rgb(254, 254, 254); color: rgb(32, 128, 223); text-decoration-line: none; font-family: &amp;quot;Helvetica Neue&amp;quot;, Helvetica, Arial, sans-serif;&quot;&gt;http://wiki.apache.org/hadoop/HadoopJavaVersions&lt;/a&gt;&lt;span style=&quot;color: rgb(51, 51, 51); font-family: &amp;quot;Helvetica Neue&amp;quot;, Helvetica, Arial, sans-serif; background-color: rgb(254, 254, 254);&quot;&gt;&amp;nbsp;中说的，Hadoop 在 OpenJDK 1.7 下运行是没问题的。需要注意的是，CentOS 6.4 中默认安装的只是 Java JRE，而不是 JDK，为了开发方便，我们还是需要通过 yum 进行安装 JDK，安装过程中会让输入 [y/N]，输入 y 即可：&lt;/span&gt;&lt;span style=&quot;background-color: rgb(247, 150, 70);&quot;&gt;&lt;br/&gt;&lt;/span&gt;&lt;/p&gt;&lt;p&gt;&lt;span style=&quot;background-color: rgb(247, 150, 70);&quot;&gt;$&amp;nbsp;&amp;nbsp;&lt;span class=&quot;kwd&quot; style=&quot;background-color: rgb(247, 150, 70); box-sizing: border-box;&quot;&gt;sudo yum install java-1.7.0-openjdk java-1.7.0-openjdk-devel&lt;/span&gt;&lt;/span&gt;&lt;/p&gt;&lt;p style=&quot;box-sizing: border-box; margin-top: 0px; margin-bottom: 15px; color: rgb(51, 51, 51); font-family: &amp;quot;Helvetica Neue&amp;quot;, Helvetica, Arial, sans-serif; background-color: rgb(254, 254, 254);&quot;&gt;通过上述命令安装 OpenJDK，默认安装位置为 /usr/lib/jvm/java-1.7.0-openjdk（该路径可以通过执行&amp;nbsp;&lt;code style=&quot;box-sizing: border-box; font-family: Menlo, Monaco, Consolas, &amp;quot;Courier New&amp;quot;, monospace; font-size: 14.4px; padding: 4px 6px; background-color: rgb(254, 233, 204); border-radius: 3px; vertical-align: middle;&quot;&gt;rpm -ql java-1.7.0-openjdk-devel | grep &amp;#39;/bin/javac&amp;#39;&lt;/code&gt;&amp;nbsp;命令确定，执行后会输出一个路径，除去路径末尾的 “/bin/javac”，剩下的就是正确的路径了）。OpenJDK 安装后就可以直接使用 java、javac 等命令了。&lt;/p&gt;&lt;p style=&quot;box-sizing: border-box; margin-top: 0px; margin-bottom: 15px; color: rgb(51, 51, 51); font-family: &amp;quot;Helvetica Neue&amp;quot;, Helvetica, Arial, sans-serif; background-color: rgb(254, 254, 254);&quot;&gt;接着需要配置一下 JAVA_HOME 环境变量，为方便，我们在 ~/.bashrc 中进行设置（扩展阅读:&amp;nbsp;&lt;a href=&quot;http://www.powerxing.com/linux-environment-variable/&quot; target=&quot;_blank&quot; style=&quot;box-sizing: border-box; background: 0px 0px; color: rgb(32, 128, 223); text-decoration-line: none;&quot;&gt;设置Linux环境变量的方法和区别&lt;/a&gt;）：&lt;/p&gt;&lt;p style=&quot;box-sizing: border-box; margin-top: 0px; margin-bottom: 15px; background-color: rgb(254, 254, 254);&quot;&gt;&lt;span style=&quot;background-color: rgb(247, 150, 70);&quot;&gt;&lt;span class=&quot;kwd&quot; style=&quot;background-color: rgb(247, 150, 70); box-sizing: border-box; color: rgb(51, 51, 51); font-family: &amp;quot;Helvetica Neue&amp;quot;, Helvetica, Arial, sans-serif;&quot;&gt;$&amp;nbsp;&amp;nbsp;&lt;/span&gt;&lt;span class=&quot;kwd&quot; style=&quot;color: rgb(0, 0, 0); font-family: sans-serif; background-color: rgb(247, 150, 70); box-sizing: border-box;&quot;&gt;vim ~/.bashrc&lt;/span&gt;&lt;/span&gt;&lt;/p&gt;&lt;p style=&quot;box-sizing: border-box; margin-top: 0px; margin-bottom: 15px; background-color: rgb(254, 254, 254);&quot;&gt;&lt;span style=&quot;color: rgb(51, 51, 51); font-family: &amp;quot;Helvetica Neue&amp;quot;, Helvetica, Arial, sans-serif;&quot;&gt;在文件最后面添加如下单独一行（指向 JDK 的安装位置），并保存：&lt;/span&gt;&lt;span style=&quot;color: rgb(0, 0, 0); font-family: sans-serif; background-color: rgb(247, 150, 70); box-sizing: border-box;&quot;&gt;&lt;br/&gt;&lt;/span&gt;&lt;/p&gt;&lt;p&gt;&lt;span style=&quot;color: rgb(0, 0, 0); background-color: rgb(247, 150, 70); box-sizing: border-box;&quot;&gt;export JAVA_HOME=/usr/lib/jvm/java-1.7.0-openjdk&lt;/span&gt;&lt;/p&gt;&lt;p&gt;&lt;span style=&quot;color: rgb(0, 0, 0); background-color: rgb(247, 150, 70); box-sizing: border-box;&quot;&gt;&lt;img src=&quot;/ueditor/php/upload/image/20180106/1515231185106680.png&quot; title=&quot;1515231185106680.png&quot; alt=&quot;TIM截图20180106173252.png&quot;/&gt;&lt;/span&gt;&lt;/p&gt;&lt;p&gt;&lt;span style=&quot;font-family: &amp;quot;Helvetica Neue&amp;quot;, Helvetica, Arial, sans-serif; box-sizing: border-box; color: rgb(0, 0, 0); background-color: rgb(255, 255, 255);&quot;&gt;接着还需要让该环境变量生效，执行如下代码：&lt;/span&gt;&lt;span style=&quot;box-sizing: border-box; color: rgb(51, 51, 51); font-family: &amp;quot;Helvetica Neue&amp;quot;, Helvetica, Arial, sans-serif; background-color: rgb(254, 254, 254);&quot;&gt;&lt;br/&gt;&lt;/span&gt;&lt;/p&gt;&lt;p&gt;&lt;span style=&quot;font-family: &amp;quot;Helvetica Neue&amp;quot;, Helvetica, Arial, sans-serif; box-sizing: border-box; color: rgb(0, 0, 0); background-color: rgb(255, 255, 255);&quot;&gt;&lt;/span&gt;&lt;/p&gt;&lt;p&gt;&lt;span style=&quot;color: rgb(0, 0, 0); background-color: rgb(247, 150, 70);&quot;&gt;&lt;span class=&quot;kwd&quot; style=&quot;color: rgb(0, 0, 0); box-sizing: border-box;&quot;&gt;$source ~/.bashrc &amp;nbsp; &amp;nbsp;&lt;/span&gt;&lt;span class=&quot;com&quot; style=&quot;color: rgb(0, 0, 0); box-sizing: border-box; font-style: italic;&quot;&gt;# 使变量设置生效&lt;/span&gt;&lt;/span&gt;&lt;/p&gt;&lt;p&gt;&lt;span style=&quot;background-color: rgb(247, 150, 70); color: rgb(0, 0, 0); box-sizing: border-box; font-style: italic;&quot;&gt;&lt;br/&gt;&lt;/span&gt;&lt;/p&gt;&lt;p&gt;&lt;span style=&quot;color: rgb(51, 51, 51); font-family: &amp;quot;Helvetica Neue&amp;quot;, Helvetica, Arial, sans-serif; background-color: rgb(254, 254, 254);&quot;&gt;设置好后我们来检验一下是否设置正确：&lt;/span&gt;&lt;span style=&quot;background-color: rgb(247, 150, 70); color: rgb(0, 0, 0); box-sizing: border-box; font-style: italic;&quot;&gt;&lt;br/&gt;&lt;/span&gt;&lt;/p&gt;&lt;p&gt;&lt;span style=&quot;background-color: rgb(247, 150, 70); color: rgb(0, 0, 0); box-sizing: border-box; font-style: italic;&quot;&gt;&lt;br/&gt;&lt;/span&gt;&lt;/p&gt;&lt;p&gt;&lt;span style=&quot;color: rgb(0, 0, 0); background-color: rgb(247, 150, 70);&quot;&gt;&lt;span class=&quot;kwd&quot; style=&quot;color: rgb(0, 0, 0); background-color: rgb(247, 150, 70); box-sizing: border-box;&quot;&gt;$&amp;nbsp; echo $JAVA_HOME &amp;nbsp; &amp;nbsp; &lt;/span&gt;&lt;span class=&quot;com&quot; style=&quot;color: rgb(0, 0, 0); background-color: rgb(247, 150, 70); box-sizing: border-box; font-style: italic;&quot;&gt;# 检验变量值&lt;/span&gt;&lt;/span&gt;&lt;/p&gt;&lt;p&gt;&lt;span style=&quot;box-sizing: border-box; color: rgb(0, 0, 0); background-color: rgb(247, 150, 70);&quot;&gt;$&amp;nbsp; java -version&lt;/span&gt;&lt;/p&gt;&lt;p&gt;&lt;span style=&quot;color: rgb(0, 0, 0); background-color: rgb(247, 150, 70);&quot;&gt;&lt;span class=&quot;pln&quot; style=&quot;color: rgb(0, 0, 0); background-color: rgb(247, 150, 70); box-sizing: border-box;&quot;&gt;$&amp;nbsp; $JAVA_HOME/bin/java -version &amp;nbsp;&lt;/span&gt;&lt;span class=&quot;com&quot; style=&quot;color: rgb(0, 0, 0); background-color: rgb(247, 150, 70); box-sizing: border-box; font-style: italic;&quot;&gt;# 与直接执行 java -version 一样&lt;/span&gt;&lt;/span&gt;&lt;/p&gt;&lt;p&gt;&lt;span style=&quot;color: rgb(0, 0, 0); background-color: rgb(247, 150, 70);&quot;&gt;&lt;span class=&quot;com&quot; style=&quot;color: rgb(0, 0, 0); background-color: rgb(247, 150, 70); box-sizing: border-box; font-style: italic;&quot;&gt;&lt;br/&gt;&lt;/span&gt;&lt;/span&gt;&lt;/p&gt;&lt;p&gt;&lt;span style=&quot;color: rgb(0, 0, 0); background-color: rgb(247, 150, 70); box-sizing: border-box;&quot;&gt;&lt;br/&gt;&lt;/span&gt;&lt;/p&gt;',`status`='1',`type`='3',`createtime`='1515231384',`author`='小兔',`imgurl`=NULL,`recom`='0',`readnum`='6' WHERE `id` = 53 [ RunTime:0.0009s ]
SQL: SELECT `id`,`title` FROM `article` WHERE ( id<53 and status=1 ) ORDER BY id desc LIMIT 1   [ RunTime:0.0003s ]
SQL: SELECT `id`,`title` FROM `article` WHERE ( id>53 and status=1 ) ORDER BY id asc LIMIT 1   [ RunTime:0.0003s ]
SQL: SELECT `id`,`title` FROM `article` WHERE ( id<>53 and status=1 and recom=1 ) ORDER BY id desc LIMIT 6   [ RunTime:0.0010s ]
INFO: [ view_parse ] --START--
INFO: [ template_filter ] --START--
INFO: Run Behavior\ContentReplaceBehavior [ RunTime:0.000141s ]
INFO: [ template_filter ] --END-- [ RunTime:0.000193s ]
NOTIC: [8] Undefined variable: title D:\WWW\tools\Application\Runtime\Cache\Home\f274c600cf8d13c9d31ff143ea08a211.php 第 55 行.
INFO: [ keyWords ] --START--
SQL: SHOW COLUMNS FROM `keywords` [ RunTime:0.0090s ]
NOTIC: [2] Missing argument 1 for Think\Model::where(), called in D:\WWW\tools\Application\Home\Model\CommModel.class.php on line 46 and defined D:\WWW\tools\ThinkPHP\Library\Think\Model.class.php 第 1797 行.
NOTIC: [8] Undefined variable: where D:\WWW\tools\ThinkPHP\Library\Think\Model.class.php 第 1805 行.
NOTIC: [8] Undefined variable: where D:\WWW\tools\ThinkPHP\Library\Think\Model.class.php 第 1808 行.
NOTIC: [8] Undefined variable: where D:\WWW\tools\ThinkPHP\Library\Think\Model.class.php 第 1816 行.
SQL: SELECT * FROM `keywords` ORDER BY `order` asc,num desc LIMIT 30   [ RunTime:0.0002s ]
INFO: Run Home\Behavior\KeyWordsBehavior [ RunTime:0.010235s ]
INFO: [ keyWords ] --END-- [ RunTime:0.010257s ]
INFO: Run Behavior\ParseTemplateBehavior [ RunTime:0.075381s ]
INFO: [ view_parse ] --END-- [ RunTime:0.075412s ]
INFO: [ view_filter ] --START--
INFO: Run Behavior\WriteHtmlCacheBehavior [ RunTime:0.000202s ]
INFO: [ view_filter ] --END-- [ RunTime:0.000221s ]
INFO: [ app_end ] --START--
INFO: Run Behavior\ShowPageTraceBehavior [ RunTime:0.000310s ]
INFO: [ app_end ] --END-- [ RunTime:0.000332s ]

