[ 2018-06-08T13:43:14+08:00 ] 127.0.0.1 /
INFO: [ app_init ] --START--
INFO: Run Behavior\BuildLiteBehavior [ RunTime:0.000018s ]
INFO: [ app_init ] --END-- [ RunTime:0.019713s ]
INFO: [ app_begin ] --START--
INFO: Run Behavior\ReadHtmlCacheBehavior [ RunTime:0.010362s ]
INFO: [ app_begin ] --END-- [ RunTime:0.010414s ]
SQL: SHOW COLUMNS FROM `statisticsip` [ RunTime:0.1070s ]
SQL: SELECT * FROM `statisticsip` WHERE `ip` = '127.0.0.1' AND `date` = 20180608 LIMIT 1   [ RunTime:0.0006s ]
SQL: INSERT INTO `statisticsip` (`ip`,`date`,`recordtime`) VALUES ('127.0.0.1','20180608','1528436593') [ RunTime:0.0219s ]
NOTIC: [2048] Declaration of Home\Model\TypeModel::save() should be compatible with Think\Model::save($data = '', $options = Array) D:\WWW\tools\Application\Home\Model\TypeModel.class.php 第 88 行.
NOTIC: [2048] Declaration of Home\Model\TypeModel::delete() should be compatible with Think\Model::delete($options = Array) D:\WWW\tools\Application\Home\Model\TypeModel.class.php 第 88 行.
SQL: SHOW COLUMNS FROM `type` [ RunTime:0.0779s ]
SQL: SELECT * FROM `type` ORDER BY `order` asc,id asc  [ RunTime:0.0008s ]
SQL: SHOW COLUMNS FROM `article` [ RunTime:0.0915s ]
SQL: SELECT * FROM `article` WHERE `status` = 1 ORDER BY id desc LIMIT 6   [ RunTime:0.0380s ]
SQL: SELECT * FROM `article` WHERE `status` = 1 ORDER BY readnum desc,id desc LIMIT 6   [ RunTime:0.0078s ]
INFO: [ view_parse ] --START--
INFO: [ template_filter ] --START--
INFO: Run Behavior\ContentReplaceBehavior [ RunTime:0.000198s ]
INFO: [ template_filter ] --END-- [ RunTime:0.000284s ]
NOTIC: [8] Undefined variable: title D:\WWW\tools\Application\Runtime\Cache\Home\2a94b8bda04ff446dcedd42276fc99ee.php 第 62 行.
INFO: [ keyWords ] --START--
SQL: SHOW COLUMNS FROM `keywords` [ RunTime:0.0773s ]
SQL: SELECT * FROM `keywords` ORDER BY `order` asc,num desc LIMIT 30   [ RunTime:0.0004s ]
INFO: Run Home\Behavior\KeyWordsBehavior [ RunTime:0.144917s ]
INFO: [ keyWords ] --END-- [ RunTime:0.144969s ]
INFO: Run Behavior\ParseTemplateBehavior [ RunTime:0.511709s ]
INFO: [ view_parse ] --END-- [ RunTime:0.511804s ]
INFO: [ view_filter ] --START--
INFO: Run Behavior\WriteHtmlCacheBehavior [ RunTime:0.044465s ]
INFO: [ view_filter ] --END-- [ RunTime:0.044588s ]
INFO: [ app_end ] --START--
INFO: Run Behavior\ShowPageTraceBehavior [ RunTime:0.054633s ]
INFO: [ app_end ] --END-- [ RunTime:0.054804s ]

