[ 2018-07-02T11:29:35+08:00 ] 127.0.0.1 /
INFO: [ app_init ] --START--
INFO: Run Behavior\BuildLiteBehavior [ RunTime:0.000025s ]
INFO: [ app_init ] --END-- [ RunTime:0.031584s ]
INFO: [ app_begin ] --START--
INFO: Run Behavior\ReadHtmlCacheBehavior [ RunTime:0.023375s ]
INFO: [ app_begin ] --END-- [ RunTime:0.023466s ]
SQL: SHOW COLUMNS FROM `statisticsip` [ RunTime:0.1052s ]
SQL: SELECT * FROM `statisticsip` WHERE `ip` = '127.0.0.1' AND `date` = 20180702 LIMIT 1   [ RunTime:0.0067s ]
SQL: INSERT INTO `statisticsip` (`ip`,`date`,`recordtime`) VALUES ('127.0.0.1','20180702','1530502174') [ RunTime:0.0336s ]
NOTIC: [2048] Declaration of Home\Model\TypeModel::save() should be compatible with that of Think\Model::save() D:\WWW\tools\Application\Home\Model\TypeModel.class.php 第 88 行.
NOTIC: [2048] Declaration of Home\Model\TypeModel::delete() should be compatible with that of Think\Model::delete() D:\WWW\tools\Application\Home\Model\TypeModel.class.php 第 88 行.
SQL: SHOW COLUMNS FROM `type` [ RunTime:0.0255s ]
SQL: SELECT * FROM `type` ORDER BY `order` asc,id asc  [ RunTime:0.0002s ]
SQL: SHOW COLUMNS FROM `article` [ RunTime:0.0688s ]
SQL: SELECT * FROM `article` WHERE `status` = 1 ORDER BY id desc LIMIT 6   [ RunTime:0.0316s ]
SQL: SELECT * FROM `article` WHERE `status` = 1 ORDER BY readnum desc,id desc LIMIT 6   [ RunTime:0.0156s ]
INFO: [ view_parse ] --START--
INFO: [ template_filter ] --START--
INFO: Run Behavior\ContentReplaceBehavior [ RunTime:0.000103s ]
INFO: [ template_filter ] --END-- [ RunTime:0.000164s ]
NOTIC: [8] Undefined variable: title D:\WWW\tools\Application\Runtime\Cache\Home\2a94b8bda04ff446dcedd42276fc99ee.php 第 62 行.
INFO: [ keyWords ] --START--
SQL: SHOW COLUMNS FROM `keywords` [ RunTime:0.0784s ]
SQL: SELECT * FROM `keywords` ORDER BY `order` asc,num desc LIMIT 30   [ RunTime:0.0002s ]
INFO: Run Home\Behavior\KeyWordsBehavior [ RunTime:0.135342s ]
INFO: [ keyWords ] --END-- [ RunTime:0.135386s ]
INFO: Run Behavior\ParseTemplateBehavior [ RunTime:0.507371s ]
INFO: [ view_parse ] --END-- [ RunTime:0.507490s ]
INFO: [ view_filter ] --START--
INFO: Run Behavior\WriteHtmlCacheBehavior [ RunTime:0.014277s ]
INFO: [ view_filter ] --END-- [ RunTime:0.014333s ]
INFO: [ app_end ] --START--
INFO: Run Behavior\ShowPageTraceBehavior [ RunTime:0.034730s ]
INFO: [ app_end ] --END-- [ RunTime:0.034791s ]

[ 2018-07-02T11:29:41+08:00 ] 127.0.0.1 /art/lists.aspx
INFO: [ app_init ] --START--
INFO: Run Behavior\BuildLiteBehavior [ RunTime:0.000013s ]
INFO: [ app_init ] --END-- [ RunTime:0.000269s ]
INFO: [ app_begin ] --START--
INFO: Run Behavior\ReadHtmlCacheBehavior [ RunTime:0.000344s ]
INFO: [ app_begin ] --END-- [ RunTime:0.000393s ]
NOTIC: [2048] Declaration of Home\Model\TypeModel::save() should be compatible with that of Think\Model::save() D:\WWW\tools\Application\Home\Model\TypeModel.class.php 第 10 行.
NOTIC: [2048] Declaration of Home\Model\TypeModel::delete() should be compatible with that of Think\Model::delete() D:\WWW\tools\Application\Home\Model\TypeModel.class.php 第 10 行.
SQL: SHOW COLUMNS FROM `type` [ RunTime:0.0322s ]
SQL: SELECT * FROM `type` ORDER BY `order` asc,id asc  [ RunTime:0.0006s ]
SQL: SHOW COLUMNS FROM `article` [ RunTime:0.0131s ]
SQL: SELECT * FROM `article` ORDER BY id desc LIMIT 0,6   [ RunTime:0.0007s ]
SQL: SELECT COUNT(*) AS tp_count FROM `article` LIMIT 1   [ RunTime:0.0002s ]
SQL: SHOW COLUMNS FROM `keywords` [ RunTime:0.0122s ]
SQL: SELECT * FROM `keywords` ORDER BY `order` asc,num desc LIMIT 20   [ RunTime:0.0002s ]
INFO: [ view_parse ] --START--
INFO: [ template_filter ] --START--
INFO: Run Behavior\ContentReplaceBehavior [ RunTime:0.000072s ]
INFO: [ template_filter ] --END-- [ RunTime:0.000127s ]
INFO: Run Behavior\ParseTemplateBehavior [ RunTime:0.087514s ]
INFO: [ view_parse ] --END-- [ RunTime:0.087594s ]
INFO: [ view_filter ] --START--
INFO: Run Behavior\WriteHtmlCacheBehavior [ RunTime:0.000286s ]
INFO: [ view_filter ] --END-- [ RunTime:0.000327s ]
INFO: [ app_end ] --START--
INFO: Run Behavior\ShowPageTraceBehavior [ RunTime:0.000392s ]
INFO: [ app_end ] --END-- [ RunTime:0.000446s ]

[ 2018-07-02T11:29:46+08:00 ] 127.0.0.1 /art/async_lists.aspx
INFO: [ app_init ] --START--
INFO: Run Behavior\BuildLiteBehavior [ RunTime:0.000013s ]
INFO: [ app_init ] --END-- [ RunTime:0.000270s ]
INFO: [ app_begin ] --START--
INFO: Run Behavior\ReadHtmlCacheBehavior [ RunTime:0.000511s ]
INFO: [ app_begin ] --END-- [ RunTime:0.000591s ]
NOTIC: [2048] Declaration of Home\Model\TypeModel::save() should be compatible with that of Think\Model::save() D:\WWW\tools\Application\Home\Model\TypeModel.class.php 第 10 行.
NOTIC: [2048] Declaration of Home\Model\TypeModel::delete() should be compatible with that of Think\Model::delete() D:\WWW\tools\Application\Home\Model\TypeModel.class.php 第 10 行.
SQL: SHOW COLUMNS FROM `type` [ RunTime:0.0185s ]
SQL: SELECT * FROM `type` ORDER BY `order` asc,id asc  [ RunTime:0.0002s ]
SQL: SHOW COLUMNS FROM `article` [ RunTime:0.0077s ]
SQL: SELECT * FROM `article` ORDER BY id desc LIMIT 6,6   [ RunTime:0.0005s ]

[ 2018-07-02T11:29:56+08:00 ] 127.0.0.1 /art/lists.aspx?t=centos&c=1
INFO: [ app_init ] --START--
INFO: Run Behavior\BuildLiteBehavior [ RunTime:0.000013s ]
INFO: [ app_init ] --END-- [ RunTime:0.000265s ]
INFO: [ app_begin ] --START--
INFO: Run Behavior\ReadHtmlCacheBehavior [ RunTime:0.000336s ]
INFO: [ app_begin ] --END-- [ RunTime:0.000383s ]
NOTIC: [2048] Declaration of Home\Model\TypeModel::save() should be compatible with that of Think\Model::save() D:\WWW\tools\Application\Home\Model\TypeModel.class.php 第 10 行.
NOTIC: [2048] Declaration of Home\Model\TypeModel::delete() should be compatible with that of Think\Model::delete() D:\WWW\tools\Application\Home\Model\TypeModel.class.php 第 10 行.
SQL: SHOW COLUMNS FROM `type` [ RunTime:0.0108s ]
SQL: SELECT * FROM `type` ORDER BY `order` asc,id asc  [ RunTime:0.0002s ]

[ 2018-07-02T11:29:58+08:00 ] 127.0.0.1 /art/lists.aspx?t=centos&c=1
INFO: [ app_init ] --START--
INFO: Run Behavior\BuildLiteBehavior [ RunTime:0.000012s ]
INFO: [ app_init ] --END-- [ RunTime:0.000283s ]
INFO: [ app_begin ] --START--
INFO: Run Behavior\ReadHtmlCacheBehavior [ RunTime:0.000358s ]
INFO: [ app_begin ] --END-- [ RunTime:0.000410s ]
NOTIC: [2048] Declaration of Home\Model\TypeModel::save() should be compatible with that of Think\Model::save() D:\WWW\tools\Application\Home\Model\TypeModel.class.php 第 10 行.
NOTIC: [2048] Declaration of Home\Model\TypeModel::delete() should be compatible with that of Think\Model::delete() D:\WWW\tools\Application\Home\Model\TypeModel.class.php 第 10 行.
SQL: SHOW COLUMNS FROM `type` [ RunTime:0.0106s ]
SQL: SELECT * FROM `type` ORDER BY `order` asc,id asc  [ RunTime:0.0002s ]
SQL: SHOW COLUMNS FROM `keywords` [ RunTime:0.0089s ]
SQL: SELECT * FROM `keywords` WHERE `name` = 'centos' LIMIT 1   [ RunTime:0.0003s ]
SQL: UPDATE `keywords` SET `name`='centos',`num`='4',`recordtime`='1530502197',`order`='20' WHERE `id` = 38 [ RunTime:0.0207s ]
SQL: SHOW COLUMNS FROM `article` [ RunTime:0.0071s ]
SQL: SELECT * FROM `article` WHERE `title` LIKE '%centos%' OR `keyword` LIKE '%centos%' ORDER BY id desc LIMIT 0,6   [ RunTime:0.0041s ]
SQL: SELECT COUNT(*) AS tp_count FROM `article` WHERE `title` LIKE '%centos%' OR `keyword` LIKE '%centos%' LIMIT 1   [ RunTime:0.0003s ]
SQL: SELECT * FROM `keywords` ORDER BY `order` asc,num desc LIMIT 20   [ RunTime:0.0002s ]
INFO: [ view_parse ] --START--
INFO: [ template_filter ] --START--
INFO: Run Behavior\ContentReplaceBehavior [ RunTime:0.000104s ]
INFO: [ template_filter ] --END-- [ RunTime:0.000181s ]
INFO: Run Behavior\ParseTemplateBehavior [ RunTime:0.008980s ]
INFO: [ view_parse ] --END-- [ RunTime:0.009033s ]
INFO: [ view_filter ] --START--
INFO: Run Behavior\WriteHtmlCacheBehavior [ RunTime:0.000204s ]
INFO: [ view_filter ] --END-- [ RunTime:0.000241s ]
INFO: [ app_end ] --START--
INFO: Run Behavior\ShowPageTraceBehavior [ RunTime:0.001160s ]
INFO: [ app_end ] --END-- [ RunTime:0.001247s ]

[ 2018-07-02T11:30:01+08:00 ] 127.0.0.1 /art/async_lists.aspx
INFO: [ app_init ] --START--
INFO: Run Behavior\BuildLiteBehavior [ RunTime:0.000014s ]
INFO: [ app_init ] --END-- [ RunTime:0.000281s ]
INFO: [ app_begin ] --START--
INFO: Run Behavior\ReadHtmlCacheBehavior [ RunTime:0.000399s ]
INFO: [ app_begin ] --END-- [ RunTime:0.000478s ]
NOTIC: [2048] Declaration of Home\Model\TypeModel::save() should be compatible with that of Think\Model::save() D:\WWW\tools\Application\Home\Model\TypeModel.class.php 第 10 行.
NOTIC: [2048] Declaration of Home\Model\TypeModel::delete() should be compatible with that of Think\Model::delete() D:\WWW\tools\Application\Home\Model\TypeModel.class.php 第 10 行.
SQL: SHOW COLUMNS FROM `type` [ RunTime:0.0100s ]
SQL: SELECT * FROM `type` ORDER BY `order` asc,id asc  [ RunTime:0.0002s ]
SQL: SHOW COLUMNS FROM `keywords` [ RunTime:0.0070s ]
SQL: SELECT * FROM `keywords` WHERE `name` = 'centos' LIMIT 1   [ RunTime:0.0002s ]
SQL: UPDATE `keywords` SET `name`='centos',`num`='5',`recordtime`='1530502201',`order`='20' WHERE `id` = 38 [ RunTime:0.0001s ]
SQL: SHOW COLUMNS FROM `article` [ RunTime:0.0084s ]
SQL: SELECT * FROM `article` WHERE `title` LIKE '%centos%' OR `keyword` LIKE '%centos%' ORDER BY id desc LIMIT 6,6   [ RunTime:0.0006s ]

[ 2018-07-02T11:30:04+08:00 ] 127.0.0.1 /art/article/id/52.aspx
INFO: [ app_init ] --START--
INFO: Run Behavior\BuildLiteBehavior [ RunTime:0.000014s ]
INFO: [ app_init ] --END-- [ RunTime:0.000288s ]
INFO: [ app_begin ] --START--
INFO: Run Behavior\ReadHtmlCacheBehavior [ RunTime:0.000332s ]
INFO: [ app_begin ] --END-- [ RunTime:0.000379s ]
NOTIC: [2048] Declaration of Home\Model\TypeModel::save() should be compatible with that of Think\Model::save() D:\WWW\tools\Application\Home\Model\TypeModel.class.php 第 10 行.
NOTIC: [2048] Declaration of Home\Model\TypeModel::delete() should be compatible with that of Think\Model::delete() D:\WWW\tools\Application\Home\Model\TypeModel.class.php 第 10 行.
SQL: SHOW COLUMNS FROM `type` [ RunTime:0.0102s ]
SQL: SELECT * FROM `type` ORDER BY `order` asc,id asc  [ RunTime:0.0002s ]
SQL: SHOW COLUMNS FROM `article` [ RunTime:0.0070s ]
SQL: SELECT * FROM `article` WHERE `id` = 52 LIMIT 1   [ RunTime:0.0002s ]
SQL: SELECT * FROM `article` WHERE `id` = 52 LIMIT 1   [ RunTime:0.0002s ]
SQL: UPDATE `article` SET `title`='centos7 Nat模式上网配置',`keyword`='',`content`='&lt;p&gt;在配置前是得安装好了vmware10和centos7.&lt;/p&gt;&lt;p&gt;第一步：虚拟网络编辑&lt;/p&gt;&lt;p&gt;&lt;img src=&quot;/ueditor/php/upload/image/20180106/1515210423968731.png&quot; title=&quot;1515210423968731.png&quot; alt=&quot;TIM截图20180106114551.png&quot;/&gt;&lt;/p&gt;&lt;p&gt;点击虚拟网络编辑到达以下界面&lt;/p&gt;&lt;p&gt;&lt;img src=&quot;/ueditor/php/upload/image/20180106/1515210509118092.png&quot; title=&quot;1515210509118092.png&quot; alt=&quot;TIM截图20180106114809.png&quot;/&gt;&lt;/p&gt;&lt;p&gt;&lt;br/&gt;&lt;/p&gt;&lt;p&gt;看你是否有名称为VMnet8 如果没有点击添加网络，如图&lt;/p&gt;&lt;p&gt;&lt;img src=&quot;/ueditor/php/upload/image/20180106/1515210589572925.png&quot; title=&quot;1515210589572925.png&quot; alt=&quot;TIM截图20180106114931.png&quot;/&gt;&lt;/p&gt;&lt;p&gt;我因为有了VMnet8所以没有显示出来&lt;/p&gt;&lt;p&gt;&lt;br/&gt;&lt;/p&gt;&lt;p&gt;&lt;img src=&quot;/ueditor/php/upload/image/20180106/1515219323665486.png&quot; title=&quot;1515219323665486.png&quot; alt=&quot;TIM截图20180106141319.png&quot;/&gt;&lt;/p&gt;&lt;p&gt;然后选择VMnet8 点击Nat设置&lt;br/&gt;&lt;/p&gt;&lt;p&gt;&lt;img src=&quot;/ueditor/php/upload/image/20180106/1515219360586308.png&quot; title=&quot;1515219360586308.png&quot; alt=&quot;TIM截图20180106141514.png&quot;/&gt;&lt;/p&gt;&lt;p&gt;点击添加&lt;br/&gt;&lt;/p&gt;&lt;p&gt;&lt;img src=&quot;/ueditor/php/upload/image/20180106/1515219410262407.png&quot; title=&quot;1515219410262407.png&quot; alt=&quot;TIM截图20180106141641.png&quot;/&gt;&lt;/p&gt;&lt;p&gt;在这里添加虚拟机的静态ip 添加端口ssh，后面还可以陆续添加mysql，apache端口&lt;/p&gt;&lt;p&gt;第一步就到这里完成了&lt;/p&gt;&lt;p&gt;第二部：&lt;/p&gt;&lt;p&gt;先进入/etc/sysconfig/network-scripts&lt;/p&gt;&lt;p&gt;然后备份ifcfg-ens33&amp;nbsp;&lt;/p&gt;&lt;p&gt;命令：cp ifcfg-ens33 ifcfg-ens33.bak&lt;/p&gt;&lt;p&gt;&lt;img src=&quot;/ueditor/php/upload/image/20180106/1515219717118926.png&quot; title=&quot;1515219717118926.png&quot; alt=&quot;TIM截图20180106142031.png&quot;/&gt;&lt;/p&gt;&lt;p&gt;然后修改ifcfg-ens33&lt;/p&gt;&lt;p&gt;命令：vi ifcfg-ens33&lt;/p&gt;&lt;p&gt;&lt;img src=&quot;/ueditor/php/upload/image/20180106/1515219845704817.png&quot; title=&quot;1515219845704817.png&quot; alt=&quot;TIM截图20180106142330.png&quot;/&gt;&lt;/p&gt;&lt;p&gt;BOOTPROTO=DHCP&amp;nbsp; 改成static&lt;/p&gt;&lt;p&gt;ONBOOT=no 改成yes&lt;/p&gt;&lt;p&gt;添加ip、网关、dns&lt;/p&gt;&lt;p&gt;保存后重启network&lt;/p&gt;&lt;p&gt;命令：systemctl restarrt network&lt;/p&gt;&lt;p&gt;测试命令：ping &lt;a href=&quot;http://www.baidu.com&quot;&gt;www.baidu.com&lt;/a&gt; &lt;/p&gt;&lt;p&gt;第二部完成，&lt;/p&gt;&lt;p&gt;第三部：&lt;/p&gt;&lt;p&gt;现在虚拟机可以上网了，但宿主机还ping不同虚拟机所以要设置相同网段。&lt;/p&gt;&lt;p&gt;打开网络共享中心-&amp;gt;更改适配器设置&lt;/p&gt;&lt;p&gt;&lt;img src=&quot;/ueditor/php/upload/image/20180106/1515220221908185.png&quot; title=&quot;1515220221908185.png&quot; alt=&quot;TIM截图20180106143001.png&quot;/&gt;&lt;/p&gt;&lt;p&gt;设置好就可以虚拟机和宿主机互相ping通了&lt;/p&gt;&lt;p&gt;&lt;br/&gt;&lt;/p&gt;&lt;p&gt;&lt;span style=&quot;color: rgb(255, 0, 0);&quot;&gt;有时侯会出现默认网关GATEWAY不可用，换个网关ip就可以了&lt;/span&gt;&lt;/p&gt;&lt;p&gt;&lt;br/&gt;&lt;/p&gt;&lt;p&gt;&lt;br/&gt;&lt;/p&gt;',`status`='1',`type`='3',`createtime`='1519270110',`author`='小兔',`imgurl`=NULL,`recom`='0',`readnum`='7' WHERE `id` = 52 [ RunTime:0.0003s ]
SQL: SELECT `id`,`title` FROM `article` WHERE ( id<52 and status=1 ) ORDER BY id desc LIMIT 1   [ RunTime:0.0001s ]
SQL: SELECT `id`,`title` FROM `article` WHERE ( id>52 and status=1 ) ORDER BY id asc LIMIT 1   [ RunTime:0.0001s ]
SQL: SELECT `id`,`title` FROM `article` WHERE ( id<>52 and status=1 and recom=1 ) ORDER BY id desc LIMIT 6   [ RunTime:0.0131s ]
INFO: [ view_parse ] --START--
INFO: [ template_filter ] --START--
INFO: Run Behavior\ContentReplaceBehavior [ RunTime:0.000083s ]
INFO: [ template_filter ] --END-- [ RunTime:0.000135s ]
NOTIC: [8] Undefined variable: title D:\WWW\tools\Application\Runtime\Cache\Home\f274c600cf8d13c9d31ff143ea08a211.php 第 55 行.
INFO: [ keyWords ] --START--
SQL: SHOW COLUMNS FROM `keywords` [ RunTime:0.0070s ]
SQL: SELECT * FROM `keywords` ORDER BY `order` asc,num desc LIMIT 30   [ RunTime:0.0002s ]
INFO: Run Home\Behavior\KeyWordsBehavior [ RunTime:0.009103s ]
INFO: [ keyWords ] --END-- [ RunTime:0.009154s ]
INFO: Run Behavior\ParseTemplateBehavior [ RunTime:0.075623s ]
INFO: [ view_parse ] --END-- [ RunTime:0.075713s ]
INFO: [ view_filter ] --START--
INFO: Run Behavior\WriteHtmlCacheBehavior [ RunTime:0.000236s ]
INFO: [ view_filter ] --END-- [ RunTime:0.000271s ]
INFO: [ app_end ] --START--
INFO: Run Behavior\ShowPageTraceBehavior [ RunTime:0.000353s ]
INFO: [ app_end ] --END-- [ RunTime:0.000396s ]

