[ 2016-10-11T15:15:07+08:00 ] 127.0.0.1 /admin
INFO: [ app_init ] --START--
INFO: Run Behavior\BuildLiteBehavior [ RunTime:0.001000s ]
INFO: [ app_init ] --END-- [ RunTime:0.001000s ]
INFO: [ app_begin ] --START--
INFO: Run Behavior\ReadHtmlCacheBehavior [ RunTime:0.003000s ]
INFO: [ app_begin ] --END-- [ RunTime:0.005000s ]
NOTIC: [2048] Non-static method Admin\Model\AdminModel::isLogin() should not be called statically, assuming $this from incompatible context D:\WWW\tools\Application\Admin\Controller\IndexController.class.php 第 13 行.

[ 2016-10-11T15:15:07+08:00 ] 127.0.0.1 /admin/login.aspx
INFO: [ app_init ] --START--
INFO: Run Behavior\BuildLiteBehavior [ RunTime:0.000000s ]
INFO: [ app_init ] --END-- [ RunTime:0.001000s ]
INFO: [ app_begin ] --START--
INFO: Run Behavior\ReadHtmlCacheBehavior [ RunTime:0.001001s ]
INFO: [ app_begin ] --END-- [ RunTime:0.001001s ]
INFO: [ view_parse ] --START--
INFO: [ template_filter ] --START--
INFO: Run Behavior\ContentReplaceBehavior [ RunTime:0.001000s ]
INFO: [ template_filter ] --END-- [ RunTime:0.001000s ]
INFO: Run Behavior\ParseTemplateBehavior [ RunTime:0.052003s ]
INFO: [ view_parse ] --END-- [ RunTime:0.053003s ]
INFO: [ view_filter ] --START--
INFO: Run Behavior\WriteHtmlCacheBehavior [ RunTime:0.000000s ]
INFO: [ view_filter ] --END-- [ RunTime:0.002000s ]
INFO: [ app_end ] --START--
INFO: Run Behavior\ShowPageTraceBehavior [ RunTime:0.001000s ]
INFO: [ app_end ] --END-- [ RunTime:0.002000s ]

[ 2016-10-11T15:15:15+08:00 ] 127.0.0.1 /admin/login/dologin.aspx
INFO: [ app_init ] --START--
INFO: Run Behavior\BuildLiteBehavior [ RunTime:0.000000s ]
INFO: [ app_init ] --END-- [ RunTime:0.001000s ]
INFO: [ app_begin ] --START--
INFO: Run Behavior\ReadHtmlCacheBehavior [ RunTime:0.002000s ]
INFO: [ app_begin ] --END-- [ RunTime:0.002000s ]
NOTIC: [2048] Non-static method Admin\Model\AdminModel::adminLogin() should not be called statically, assuming $this from incompatible context D:\WWW\tools\Application\Admin\Controller\LoginController.class.php 第 36 行.
SQL: SHOW COLUMNS FROM `admin` [ RunTime:0.0580s ]
SQL: SELECT * FROM `admin` WHERE `user` = 'admin' LIMIT 1   [ RunTime:0.0000s ]

[ 2016-10-11T15:15:15+08:00 ] 127.0.0.1 /admin/index.aspx
INFO: [ app_init ] --START--
INFO: Run Behavior\BuildLiteBehavior [ RunTime:0.000000s ]
INFO: [ app_init ] --END-- [ RunTime:0.002001s ]
INFO: [ app_begin ] --START--
INFO: Run Behavior\ReadHtmlCacheBehavior [ RunTime:0.001000s ]
INFO: [ app_begin ] --END-- [ RunTime:0.002000s ]
NOTIC: [2048] Non-static method Admin\Model\AdminModel::isLogin() should not be called statically, assuming $this from incompatible context D:\WWW\tools\Application\Admin\Controller\IndexController.class.php 第 13 行.
INFO: [ view_parse ] --START--
INFO: [ template_filter ] --START--
INFO: Run Behavior\ContentReplaceBehavior [ RunTime:0.000000s ]
INFO: [ template_filter ] --END-- [ RunTime:0.002000s ]
INFO: Run Behavior\ParseTemplateBehavior [ RunTime:0.046003s ]
INFO: [ view_parse ] --END-- [ RunTime:0.046003s ]
INFO: [ view_filter ] --START--
INFO: Run Behavior\WriteHtmlCacheBehavior [ RunTime:0.001000s ]
INFO: [ view_filter ] --END-- [ RunTime:0.002000s ]
INFO: [ app_end ] --START--
INFO: Run Behavior\ShowPageTraceBehavior [ RunTime:0.001000s ]
INFO: [ app_end ] --END-- [ RunTime:0.002000s ]

[ 2016-10-11T15:15:19+08:00 ] 127.0.0.1 /admin/index/lists.aspx
INFO: [ app_init ] --START--
INFO: Run Behavior\BuildLiteBehavior [ RunTime:0.001000s ]
INFO: [ app_init ] --END-- [ RunTime:0.001000s ]
INFO: [ app_begin ] --START--
INFO: Run Behavior\ReadHtmlCacheBehavior [ RunTime:0.001000s ]
INFO: [ app_begin ] --END-- [ RunTime:0.002000s ]
NOTIC: [2048] Non-static method Admin\Model\AdminModel::isLogin() should not be called statically, assuming $this from incompatible context D:\WWW\tools\Application\Admin\Controller\IndexController.class.php 第 13 行.
NOTIC: [2048] Declaration of Admin\Model\ArticleModel::save() should be compatible with Think\Model::save($data = '', $options = Array) D:\WWW\tools\Application\Admin\Model\ArticleModel.class.php 第 101 行.
NOTIC: [2048] Declaration of Admin\Model\ArticleModel::delete() should be compatible with Think\Model::delete($options = Array) D:\WWW\tools\Application\Admin\Model\ArticleModel.class.php 第 101 行.
SQL: SHOW COLUMNS FROM `article` [ RunTime:0.0260s ]
NOTIC: [8] Undefined variable: arr D:\WWW\tools\Application\Admin\Controller\IndexController.class.php 第 96 行.
SQL: SELECT * FROM `article` ORDER BY id desc LIMIT 0,10   [ RunTime:0.0040s ]
SQL: SELECT COUNT(*) AS tp_count FROM `article` LIMIT 1   [ RunTime:0.0280s ]
INFO: [ view_parse ] --START--
INFO: [ template_filter ] --START--
INFO: Run Behavior\ContentReplaceBehavior [ RunTime:0.001000s ]
INFO: [ template_filter ] --END-- [ RunTime:0.002000s ]
INFO: Run Behavior\ParseTemplateBehavior [ RunTime:0.082005s ]
INFO: [ view_parse ] --END-- [ RunTime:0.082005s ]
INFO: [ view_filter ] --START--
INFO: Run Behavior\WriteHtmlCacheBehavior [ RunTime:0.000000s ]
INFO: [ view_filter ] --END-- [ RunTime:0.003000s ]
INFO: [ app_end ] --START--
INFO: Run Behavior\ShowPageTraceBehavior [ RunTime:0.001000s ]
INFO: [ app_end ] --END-- [ RunTime:0.002000s ]

[ 2016-10-11T15:15:22+08:00 ] 127.0.0.1 /admin/index/article.aspx
INFO: [ app_init ] --START--
INFO: Run Behavior\BuildLiteBehavior [ RunTime:0.000000s ]
INFO: [ app_init ] --END-- [ RunTime:0.002000s ]
INFO: [ app_begin ] --START--
INFO: Run Behavior\ReadHtmlCacheBehavior [ RunTime:0.001000s ]
INFO: [ app_begin ] --END-- [ RunTime:0.002000s ]
NOTIC: [2048] Non-static method Admin\Model\AdminModel::isLogin() should not be called statically, assuming $this from incompatible context D:\WWW\tools\Application\Admin\Controller\IndexController.class.php 第 13 行.
INFO: [ view_parse ] --START--
INFO: [ template_filter ] --START--
INFO: Run Behavior\ContentReplaceBehavior [ RunTime:0.000000s ]
INFO: [ template_filter ] --END-- [ RunTime:0.001000s ]
INFO: Run Behavior\ParseTemplateBehavior [ RunTime:0.042003s ]
INFO: [ view_parse ] --END-- [ RunTime:0.045003s ]
INFO: [ view_filter ] --START--
INFO: Run Behavior\WriteHtmlCacheBehavior [ RunTime:0.000000s ]
INFO: [ view_filter ] --END-- [ RunTime:0.002000s ]
INFO: [ app_end ] --START--
INFO: Run Behavior\ShowPageTraceBehavior [ RunTime:0.001000s ]
INFO: [ app_end ] --END-- [ RunTime:0.001000s ]

[ 2016-10-11T15:15:40+08:00 ] 127.0.0.1 /admin/index/SaveArticle.aspx
INFO: [ app_init ] --START--
INFO: Run Behavior\BuildLiteBehavior [ RunTime:0.001000s ]
INFO: [ app_init ] --END-- [ RunTime:0.001000s ]
INFO: [ app_begin ] --START--
INFO: Run Behavior\ReadHtmlCacheBehavior [ RunTime:0.002000s ]
INFO: [ app_begin ] --END-- [ RunTime:0.002000s ]
NOTIC: [2048] Non-static method Admin\Model\AdminModel::isLogin() should not be called statically, assuming $this from incompatible context D:\WWW\tools\Application\Admin\Controller\IndexController.class.php 第 13 行.
NOTIC: [2048] Declaration of Admin\Model\ArticleModel::save() should be compatible with Think\Model::save($data = '', $options = Array) D:\WWW\tools\Application\Admin\Model\ArticleModel.class.php 第 101 行.
NOTIC: [2048] Declaration of Admin\Model\ArticleModel::delete() should be compatible with Think\Model::delete($options = Array) D:\WWW\tools\Application\Admin\Model\ArticleModel.class.php 第 101 行.
SQL: SHOW COLUMNS FROM `article` [ RunTime:0.0140s ]
SQL: INSERT INTO `article` (`type`,`title`,`keyword`,`author`,`content`,`createtime`) VALUES ('0','JavaScript 事件参考','js事件，js鼠标事件','小兔','&lt;p style=&quot;font-family:Verdana, Arial, 宋体;background-color:#F9F9F9;&quot;&gt;
	HTML 4.0 的新特性之一是有能力使 HTML 事件触发浏览器中的动作（action），比如当用户点击某个 HTML 元素时启动一段 JavaScript。下面是一个属性列表，这些属性可插入 HTML 标签来定义事件动作。
&lt;/p&gt;
&lt;p style=&quot;font-family:Verdana, Arial, 宋体;background-color:#F9F9F9;&quot;&gt;
	FF：firefox，N：早期的浏览器
&lt;/p&gt;
&lt;table class=&quot;dataintable&quot; style=&quot;margin:10px 0px 0px;padding:0px;border:1px solid #AAAAAA;width:709px;color:#000000;font-family:Verdana, Arial, 宋体;font-size:12px;background-color:#F9F9F9;&quot;&gt;
	&lt;tbody&gt;
		&lt;tr&gt;
			&lt;th style=&quot;border:1px solid #AAAAAA;vertical-align:baseline;text-align:left;background-color:#D5D5D5;&quot;&gt;
				属性
			&lt;/th&gt;
			&lt;th style=&quot;border:1px solid #AAAAAA;vertical-align:baseline;text-align:left;background-color:#D5D5D5;&quot;&gt;
				当以下情况发生时，出现此事件
			&lt;/th&gt;
			&lt;th style=&quot;border:1px solid #AAAAAA;vertical-align:baseline;text-align:left;background-color:#D5D5D5;&quot;&gt;
				FF
			&lt;/th&gt;
			&lt;th style=&quot;border:1px solid #AAAAAA;vertical-align:baseline;text-align:left;background-color:#D5D5D5;&quot;&gt;
				N
			&lt;/th&gt;
			&lt;th style=&quot;border:1px solid #AAAAAA;vertical-align:baseline;text-align:left;background-color:#D5D5D5;&quot;&gt;
				IE
			&lt;/th&gt;
		&lt;/tr&gt;
		&lt;tr&gt;
			&lt;td style=&quot;border:1px solid #AAAAAA;vertical-align:text-top;background-color:#EFEFEF;&quot;&gt;
				onabort
			&lt;/td&gt;
			&lt;td style=&quot;border:1px solid #AAAAAA;vertical-align:text-top;background-color:#EFEFEF;&quot;&gt;
				图像加载被中断
			&lt;/td&gt;
			&lt;td style=&quot;border:1px solid #AAAAAA;vertical-align:text-top;background-color:#EFEFEF;&quot;&gt;
				1
			&lt;/td&gt;
			&lt;td style=&quot;border:1px solid #AAAAAA;vertical-align:text-top;background-color:#EFEFEF;&quot;&gt;
				3
			&lt;/td&gt;
			&lt;td style=&quot;border:1px solid #AAAAAA;vertical-align:text-top;background-color:#EFEFEF;&quot;&gt;
				4
			&lt;/td&gt;
		&lt;/tr&gt;
		&lt;tr&gt;
			&lt;td style=&quot;border:1px solid #AAAAAA;vertical-align:text-top;background-color:#EFEFEF;&quot;&gt;
				onblur
			&lt;/td&gt;
			&lt;td style=&quot;border:1px solid #AAAAAA;vertical-align:text-top;background-color:#EFEFEF;&quot;&gt;
				元素失去焦点
			&lt;/td&gt;
			&lt;td style=&quot;border:1px solid #AAAAAA;vertical-align:text-top;background-color:#EFEFEF;&quot;&gt;
				1
			&lt;/td&gt;
			&lt;td style=&quot;border:1px solid #AAAAAA;vertical-align:text-top;background-color:#EFEFEF;&quot;&gt;
				2
			&lt;/td&gt;
			&lt;td style=&quot;border:1px solid #AAAAAA;vertical-align:text-top;background-color:#EFEFEF;&quot;&gt;
				3
			&lt;/td&gt;
		&lt;/tr&gt;
		&lt;tr&gt;
			&lt;td style=&quot;border:1px solid #AAAAAA;vertical-align:text-top;background-color:#EFEFEF;&quot;&gt;
				onchange
			&lt;/td&gt;
			&lt;td style=&quot;border:1px solid #AAAAAA;vertical-align:text-top;background-color:#EFEFEF;&quot;&gt;
				用户改变域的内容
			&lt;/td&gt;
			&lt;td style=&quot;border:1px solid #AAAAAA;vertical-align:text-top;background-color:#EFEFEF;&quot;&gt;
				1
			&lt;/td&gt;
			&lt;td style=&quot;border:1px solid #AAAAAA;vertical-align:text-top;background-color:#EFEFEF;&quot;&gt;
				2
			&lt;/td&gt;
			&lt;td style=&quot;border:1px solid #AAAAAA;vertical-align:text-top;background-color:#EFEFEF;&quot;&gt;
				3
			&lt;/td&gt;
		&lt;/tr&gt;
		&lt;tr&gt;
			&lt;td style=&quot;border:1px solid #AAAAAA;vertical-align:text-top;background-color:#EFEFEF;&quot;&gt;
				onclick
			&lt;/td&gt;
			&lt;td style=&quot;border:1px solid #AAAAAA;vertical-align:text-top;background-color:#EFEFEF;&quot;&gt;
				鼠标点击某个对象
			&lt;/td&gt;
			&lt;td style=&quot;border:1px solid #AAAAAA;vertical-align:text-top;background-color:#EFEFEF;&quot;&gt;
				1
			&lt;/td&gt;
			&lt;td style=&quot;border:1px solid #AAAAAA;vertical-align:text-top;background-color:#EFEFEF;&quot;&gt;
				2
			&lt;/td&gt;
			&lt;td style=&quot;border:1px solid #AAAAAA;vertical-align:text-top;background-color:#EFEFEF;&quot;&gt;
				3
			&lt;/td&gt;
		&lt;/tr&gt;
		&lt;tr&gt;
			&lt;td style=&quot;border:1px solid #AAAAAA;vertical-align:text-top;background-color:#EFEFEF;&quot;&gt;
				ondblclick
			&lt;/td&gt;
			&lt;td style=&quot;border:1px solid #AAAAAA;vertical-align:text-top;background-color:#EFEFEF;&quot;&gt;
				鼠标双击某个对象
			&lt;/td&gt;
			&lt;td style=&quot;border:1px solid #AAAAAA;vertical-align:text-top;background-color:#EFEFEF;&quot;&gt;
				1
			&lt;/td&gt;
			&lt;td style=&quot;border:1px solid #AAAAAA;vertical-align:text-top;background-color:#EFEFEF;&quot;&gt;
				4
			&lt;/td&gt;
			&lt;td style=&quot;border:1px solid #AAAAAA;vertical-align:text-top;background-color:#EFEFEF;&quot;&gt;
				4
			&lt;/td&gt;
		&lt;/tr&gt;
		&lt;tr&gt;
			&lt;td style=&quot;border:1px solid #AAAAAA;vertical-align:text-top;background-color:#EFEFEF;&quot;&gt;
				onerror
			&lt;/td&gt;
			&lt;td style=&quot;border:1px solid #AAAAAA;vertical-align:text-top;background-color:#EFEFEF;&quot;&gt;
				当加载文档或图像时发生某个错误
			&lt;/td&gt;
			&lt;td style=&quot;border:1px solid #AAAAAA;vertical-align:text-top;background-color:#EFEFEF;&quot;&gt;
				1
			&lt;/td&gt;
			&lt;td style=&quot;border:1px solid #AAAAAA;vertical-align:text-top;background-color:#EFEFEF;&quot;&gt;
				3
			&lt;/td&gt;
			&lt;td style=&quot;border:1px solid #AAAAAA;vertical-align:text-top;background-color:#EFEFEF;&quot;&gt;
				4
			&lt;/td&gt;
		&lt;/tr&gt;
		&lt;tr&gt;
			&lt;td style=&quot;border:1px solid #AAAAAA;vertical-align:text-top;background-color:#EFEFEF;&quot;&gt;
				onfocus
			&lt;/td&gt;
			&lt;td style=&quot;border:1px solid #AAAAAA;vertical-align:text-top;background-color:#EFEFEF;&quot;&gt;
				元素获得焦点
			&lt;/td&gt;
			&lt;td style=&quot;border:1px solid #AAAAAA;vertical-align:text-top;background-color:#EFEFEF;&quot;&gt;
				1
			&lt;/td&gt;
			&lt;td style=&quot;border:1px solid #AAAAAA;vertical-align:text-top;background-color:#EFEFEF;&quot;&gt;
				2
			&lt;/td&gt;
			&lt;td style=&quot;border:1px solid #AAAAAA;vertical-align:text-top;background-color:#EFEFEF;&quot;&gt;
				3
			&lt;/td&gt;
		&lt;/tr&gt;
		&lt;tr&gt;
			&lt;td style=&quot;border:1px solid #AAAAAA;vertical-align:text-top;background-color:#EFEFEF;&quot;&gt;
				onkeydown
			&lt;/td&gt;
			&lt;td style=&quot;border:1px solid #AAAAAA;vertical-align:text-top;background-color:#EFEFEF;&quot;&gt;
				某个键盘的键被按下
			&lt;/td&gt;
			&lt;td style=&quot;border:1px solid #AAAAAA;vertical-align:text-top;background-color:#EFEFEF;&quot;&gt;
				1
			&lt;/td&gt;
			&lt;td style=&quot;border:1px solid #AAAAAA;vertical-align:text-top;background-color:#EFEFEF;&quot;&gt;
				4
			&lt;/td&gt;
			&lt;td style=&quot;border:1px solid #AAAAAA;vertical-align:text-top;background-color:#EFEFEF;&quot;&gt;
				3
			&lt;/td&gt;
		&lt;/tr&gt;
		&lt;tr&gt;
			&lt;td style=&quot;border:1px solid #AAAAAA;vertical-align:text-top;background-color:#EFEFEF;&quot;&gt;
				onkeypress
			&lt;/td&gt;
			&lt;td style=&quot;border:1px solid #AAAAAA;vertical-align:text-top;background-color:#EFEFEF;&quot;&gt;
				某个键盘的键被按下或按住
			&lt;/td&gt;
			&lt;td style=&quot;border:1px solid #AAAAAA;vertical-align:text-top;background-color:#EFEFEF;&quot;&gt;
				1
			&lt;/td&gt;
			&lt;td style=&quot;border:1px solid #AAAAAA;vertical-align:text-top;background-color:#EFEFEF;&quot;&gt;
				4
			&lt;/td&gt;
			&lt;td style=&quot;border:1px solid #AAAAAA;vertical-align:text-top;background-color:#EFEFEF;&quot;&gt;
				3
			&lt;/td&gt;
		&lt;/tr&gt;
		&lt;tr&gt;
			&lt;td style=&quot;border:1px solid #AAAAAA;vertical-align:text-top;background-color:#EFEFEF;&quot;&gt;
				onkeyup
			&lt;/td&gt;
			&lt;td style=&quot;border:1px solid #AAAAAA;vertical-align:text-top;background-color:#EFEFEF;&quot;&gt;
				某个键盘的键被松开
			&lt;/td&gt;
			&lt;td style=&quot;border:1px solid #AAAAAA;vertical-align:text-top;background-color:#EFEFEF;&quot;&gt;
				1
			&lt;/td&gt;
			&lt;td style=&quot;border:1px solid #AAAAAA;vertical-align:text-top;background-color:#EFEFEF;&quot;&gt;
				4
			&lt;/td&gt;
			&lt;td style=&quot;border:1px solid #AAAAAA;vertical-align:text-top;background-color:#EFEFEF;&quot;&gt;
				3
			&lt;/td&gt;
		&lt;/tr&gt;
		&lt;tr&gt;
			&lt;td style=&quot;border:1px solid #AAAAAA;vertical-align:text-top;background-color:#EFEFEF;&quot;&gt;
				onload
			&lt;/td&gt;
			&lt;td style=&quot;border:1px solid #AAAAAA;vertical-align:text-top;background-color:#EFEFEF;&quot;&gt;
				某个页面或图像被完成加载
			&lt;/td&gt;
			&lt;td style=&quot;border:1px solid #AAAAAA;vertical-align:text-top;background-color:#EFEFEF;&quot;&gt;
				1
			&lt;/td&gt;
			&lt;td style=&quot;border:1px solid #AAAAAA;vertical-align:text-top;background-color:#EFEFEF;&quot;&gt;
				2
			&lt;/td&gt;
			&lt;td style=&quot;border:1px solid #AAAAAA;vertical-align:text-top;background-color:#EFEFEF;&quot;&gt;
				3
			&lt;/td&gt;
		&lt;/tr&gt;
		&lt;tr&gt;
			&lt;td style=&quot;border:1px solid #AAAAAA;vertical-align:text-top;background-color:#EFEFEF;&quot;&gt;
				onmousedown
			&lt;/td&gt;
			&lt;td style=&quot;border:1px solid #AAAAAA;vertical-align:text-top;background-color:#EFEFEF;&quot;&gt;
				某个鼠标按键被按下
			&lt;/td&gt;
			&lt;td style=&quot;border:1px solid #AAAAAA;vertical-align:text-top;background-color:#EFEFEF;&quot;&gt;
				1
			&lt;/td&gt;
			&lt;td style=&quot;border:1px solid #AAAAAA;vertical-align:text-top;background-color:#EFEFEF;&quot;&gt;
				4
			&lt;/td&gt;
			&lt;td style=&quot;border:1px solid #AAAAAA;vertical-align:text-top;background-color:#EFEFEF;&quot;&gt;
				4
			&lt;/td&gt;
		&lt;/tr&gt;
		&lt;tr&gt;
			&lt;td style=&quot;border:1px solid #AAAAAA;vertical-align:text-top;background-color:#EFEFEF;&quot;&gt;
				onmousemove
			&lt;/td&gt;
			&lt;td style=&quot;border:1px solid #AAAAAA;vertical-align:text-top;background-color:#EFEFEF;&quot;&gt;
				鼠标被移动
			&lt;/td&gt;
			&lt;td style=&quot;border:1px solid #AAAAAA;vertical-align:text-top;background-color:#EFEFEF;&quot;&gt;
				1
			&lt;/td&gt;
			&lt;td style=&quot;border:1px solid #AAAAAA;vertical-align:text-top;background-color:#EFEFEF;&quot;&gt;
				6
			&lt;/td&gt;
			&lt;td style=&quot;border:1px solid #AAAAAA;vertical-align:text-top;background-color:#EFEFEF;&quot;&gt;
				3
			&lt;/td&gt;
		&lt;/tr&gt;
		&lt;tr&gt;
			&lt;td style=&quot;border:1px solid #AAAAAA;vertical-align:text-top;background-color:#EFEFEF;&quot;&gt;
				onmouseout
			&lt;/td&gt;
			&lt;td style=&quot;border:1px solid #AAAAAA;vertical-align:text-top;background-color:#EFEFEF;&quot;&gt;
				鼠标从某元素移开
			&lt;/td&gt;
			&lt;td style=&quot;border:1px solid #AAAAAA;vertical-align:text-top;background-color:#EFEFEF;&quot;&gt;
				1
			&lt;/td&gt;
			&lt;td style=&quot;border:1px solid #AAAAAA;vertical-align:text-top;background-color:#EFEFEF;&quot;&gt;
				4
			&lt;/td&gt;
			&lt;td style=&quot;border:1px solid #AAAAAA;vertical-align:text-top;background-color:#EFEFEF;&quot;&gt;
				4
			&lt;/td&gt;
		&lt;/tr&gt;
		&lt;tr&gt;
			&lt;td style=&quot;border:1px solid #AAAAAA;vertical-align:text-top;background-color:#EFEFEF;&quot;&gt;
				onmouseover
			&lt;/td&gt;
			&lt;td style=&quot;border:1px solid #AAAAAA;vertical-align:text-top;background-color:#EFEFEF;&quot;&gt;
				鼠标被移到某元素之上
			&lt;/td&gt;
			&lt;td style=&quot;border:1px solid #AAAAAA;vertical-align:text-top;background-color:#EFEFEF;&quot;&gt;
				1
			&lt;/td&gt;
			&lt;td style=&quot;border:1px solid #AAAAAA;vertical-align:text-top;background-color:#EFEFEF;&quot;&gt;
				2
			&lt;/td&gt;
			&lt;td style=&quot;border:1px solid #AAAAAA;vertical-align:text-top;background-color:#EFEFEF;&quot;&gt;
				3
			&lt;/td&gt;
		&lt;/tr&gt;
		&lt;tr&gt;
			&lt;td style=&quot;border:1px solid #AAAAAA;vertical-align:text-top;background-color:#EFEFEF;&quot;&gt;
				onmouseup
			&lt;/td&gt;
			&lt;td style=&quot;border:1px solid #AAAAAA;vertical-align:text-top;background-color:#EFEFEF;&quot;&gt;
				某个鼠标按键被松开
			&lt;/td&gt;
			&lt;td style=&quot;border:1px solid #AAAAAA;vertical-align:text-top;background-color:#EFEFEF;&quot;&gt;
				1
			&lt;/td&gt;
			&lt;td style=&quot;border:1px solid #AAAAAA;vertical-align:text-top;background-color:#EFEFEF;&quot;&gt;
				4
			&lt;/td&gt;
			&lt;td style=&quot;border:1px solid #AAAAAA;vertical-align:text-top;background-color:#EFEFEF;&quot;&gt;
				4
			&lt;/td&gt;
		&lt;/tr&gt;
		&lt;tr&gt;
			&lt;td style=&quot;border:1px solid #AAAAAA;vertical-align:text-top;background-color:#EFEFEF;&quot;&gt;
				onreset
			&lt;/td&gt;
			&lt;td style=&quot;border:1px solid #AAAAAA;vertical-align:text-top;background-color:#EFEFEF;&quot;&gt;
				重置按钮被点击
			&lt;/td&gt;
			&lt;td style=&quot;border:1px solid #AAAAAA;vertical-align:text-top;background-color:#EFEFEF;&quot;&gt;
				1
			&lt;/td&gt;
			&lt;td style=&quot;border:1px solid #AAAAAA;vertical-align:text-top;background-color:#EFEFEF;&quot;&gt;
				3
			&lt;/td&gt;
			&lt;td style=&quot;border:1px solid #AAAAAA;vertical-align:text-top;background-color:#EFEFEF;&quot;&gt;
				4
			&lt;/td&gt;
		&lt;/tr&gt;
		&lt;tr&gt;
			&lt;td style=&quot;border:1px solid #AAAAAA;vertical-align:text-top;background-color:#EFEFEF;&quot;&gt;
				onresize
			&lt;/td&gt;
			&lt;td style=&quot;border:1px solid #AAAAAA;vertical-align:text-top;background-color:#EFEFEF;&quot;&gt;
				窗口或框架被调整尺寸
			&lt;/td&gt;
			&lt;td style=&quot;border:1px solid #AAAAAA;vertical-align:text-top;background-color:#EFEFEF;&quot;&gt;
				1
			&lt;/td&gt;
			&lt;td style=&quot;border:1px solid #AAAAAA;vertical-align:text-top;background-color:#EFEFEF;&quot;&gt;
				4
			&lt;/td&gt;
			&lt;td style=&quot;border:1px solid #AAAAAA;vertical-align:text-top;background-color:#EFEFEF;&quot;&gt;
				4
			&lt;/td&gt;
		&lt;/tr&gt;
		&lt;tr&gt;
			&lt;td style=&quot;border:1px solid #AAAAAA;vertical-align:text-top;background-color:#EFEFEF;&quot;&gt;
				onselect
			&lt;/td&gt;
			&lt;td style=&quot;border:1px solid #AAAAAA;vertical-align:text-top;background-color:#EFEFEF;&quot;&gt;
				文本被选定
			&lt;/td&gt;
			&lt;td style=&quot;border:1px solid #AAAAAA;vertical-align:text-top;background-color:#EFEFEF;&quot;&gt;
				1
			&lt;/td&gt;
			&lt;td style=&quot;border:1px solid #AAAAAA;vertical-align:text-top;background-color:#EFEFEF;&quot;&gt;
				2
			&lt;/td&gt;
			&lt;td style=&quot;border:1px solid #AAAAAA;vertical-align:text-top;background-color:#EFEFEF;&quot;&gt;
				3
			&lt;/td&gt;
		&lt;/tr&gt;
		&lt;tr&gt;
			&lt;td style=&quot;border:1px solid #AAAAAA;vertical-align:text-top;background-color:#EFEFEF;&quot;&gt;
				onsubmit
			&lt;/td&gt;
			&lt;td style=&quot;border:1px solid #AAAAAA;vertical-align:text-top;background-color:#EFEFEF;&quot;&gt;
				提交按钮被点击
			&lt;/td&gt;
			&lt;td style=&quot;border:1px solid #AAAAAA;vertical-align:text-top;background-color:#EFEFEF;&quot;&gt;
				1
			&lt;/td&gt;
			&lt;td style=&quot;border:1px solid #AAAAAA;vertical-align:text-top;background-color:#EFEFEF;&quot;&gt;
				2
			&lt;/td&gt;
			&lt;td style=&quot;border:1px solid #AAAAAA;vertical-align:text-top;background-color:#EFEFEF;&quot;&gt;
				3
			&lt;/td&gt;
		&lt;/tr&gt;
		&lt;tr&gt;
			&lt;td style=&quot;border:1px solid #AAAAAA;vertical-align:text-top;background-color:#EFEFEF;&quot;&gt;
				onunload
			&lt;/td&gt;
			&lt;td style=&quot;border:1px solid #AAAAAA;vertical-align:text-top;background-color:#EFEFEF;&quot;&gt;
				用户退出页面
			&lt;/td&gt;
			&lt;td style=&quot;border:1px solid #AAAAAA;vertical-align:text-top;background-color:#EFEFEF;&quot;&gt;
				1
			&lt;/td&gt;
			&lt;td style=&quot;border:1px solid #AAAAAA;vertical-align:text-top;background-color:#EFEFEF;&quot;&gt;
				2
			&lt;/td&gt;
			&lt;td style=&quot;border:1px solid #AAAAAA;vertical-align:text-top;background-color:#EFEFEF;&quot;&gt;
				3
			&lt;/td&gt;
		&lt;/tr&gt;
	&lt;/tbody&gt;
&lt;/table&gt;','1476170140') [ RunTime:0.0460s ]
INFO: [ view_parse ] --START--
INFO: [ template_filter ] --START--
INFO: Run Behavior\ContentReplaceBehavior [ RunTime:0.001000s ]
INFO: [ template_filter ] --END-- [ RunTime:0.003000s ]
INFO: Run Behavior\ParseTemplateBehavior [ RunTime:0.064003s ]
INFO: [ view_parse ] --END-- [ RunTime:0.064003s ]
INFO: [ view_filter ] --START--
INFO: Run Behavior\WriteHtmlCacheBehavior [ RunTime:0.002000s ]
INFO: [ view_filter ] --END-- [ RunTime:0.003000s ]
INFO: [ app_end ] --START--
INFO: Run Behavior\ShowPageTraceBehavior [ RunTime:0.003000s ]
INFO: [ app_end ] --END-- [ RunTime:0.003000s ]

[ 2016-10-11T15:15:41+08:00 ] 127.0.0.1 /admin/index/article.aspx
INFO: [ app_init ] --START--
INFO: Run Behavior\BuildLiteBehavior [ RunTime:0.000000s ]
INFO: [ app_init ] --END-- [ RunTime:0.001000s ]
INFO: [ app_begin ] --START--
INFO: Run Behavior\ReadHtmlCacheBehavior [ RunTime:0.002000s ]
INFO: [ app_begin ] --END-- [ RunTime:0.003000s ]
NOTIC: [2048] Non-static method Admin\Model\AdminModel::isLogin() should not be called statically, assuming $this from incompatible context D:\WWW\tools\Application\Admin\Controller\IndexController.class.php 第 13 行.
INFO: [ view_parse ] --START--
INFO: [ template_filter ] --START--
INFO: Run Behavior\ContentReplaceBehavior [ RunTime:0.001000s ]
INFO: [ template_filter ] --END-- [ RunTime:0.001000s ]
INFO: Run Behavior\ParseTemplateBehavior [ RunTime:0.036002s ]
INFO: [ view_parse ] --END-- [ RunTime:0.037002s ]
INFO: [ view_filter ] --START--
INFO: Run Behavior\WriteHtmlCacheBehavior [ RunTime:0.002000s ]
INFO: [ view_filter ] --END-- [ RunTime:0.004000s ]
INFO: [ app_end ] --START--
INFO: Run Behavior\ShowPageTraceBehavior [ RunTime:0.003000s ]
INFO: [ app_end ] --END-- [ RunTime:0.003000s ]

[ 2016-10-11T15:15:44+08:00 ] 127.0.0.1 /admin/index/keywordlists.aspx
INFO: [ app_init ] --START--
INFO: Run Behavior\BuildLiteBehavior [ RunTime:0.002000s ]
INFO: [ app_init ] --END-- [ RunTime:0.003000s ]
INFO: [ app_begin ] --START--
INFO: Run Behavior\ReadHtmlCacheBehavior [ RunTime:0.003000s ]
INFO: [ app_begin ] --END-- [ RunTime:0.005000s ]
NOTIC: [2048] Non-static method Admin\Model\AdminModel::isLogin() should not be called statically, assuming $this from incompatible context D:\WWW\tools\Application\Admin\Controller\IndexController.class.php 第 13 行.
NOTIC: [2048] Non-static method Admin\Model\CommModel::keyWordList() should not be called statically, assuming $this from incompatible context D:\WWW\tools\Application\Admin\Controller\IndexController.class.php 第 135 行.
NOTIC: [8] Undefined variable: arr D:\WWW\tools\Application\Admin\Controller\IndexController.class.php 第 135 行.
SQL: SHOW COLUMNS FROM `keywords` [ RunTime:0.0780s ]
SQL: SELECT * FROM `keywords` ORDER BY `order` asc,num desc LIMIT 0,10   [ RunTime:0.0060s ]
SQL: SELECT COUNT(*) AS tp_count FROM `keywords` LIMIT 1   [ RunTime:0.0010s ]
INFO: [ view_parse ] --START--
INFO: [ template_filter ] --START--
INFO: Run Behavior\ContentReplaceBehavior [ RunTime:0.000000s ]
INFO: [ template_filter ] --END-- [ RunTime:0.002000s ]
INFO: Run Behavior\ParseTemplateBehavior [ RunTime:0.084005s ]
INFO: [ view_parse ] --END-- [ RunTime:0.085005s ]
INFO: [ view_filter ] --START--
INFO: Run Behavior\WriteHtmlCacheBehavior [ RunTime:0.003000s ]
INFO: [ view_filter ] --END-- [ RunTime:0.003000s ]
INFO: [ app_end ] --START--
INFO: Run Behavior\ShowPageTraceBehavior [ RunTime:0.004000s ]
INFO: [ app_end ] --END-- [ RunTime:0.005000s ]

[ 2016-10-11T15:15:48+08:00 ] 127.0.0.1 /admin/index/lists.aspx
INFO: [ app_init ] --START--
INFO: Run Behavior\BuildLiteBehavior [ RunTime:0.000000s ]
INFO: [ app_init ] --END-- [ RunTime:0.001000s ]
INFO: [ app_begin ] --START--
INFO: Run Behavior\ReadHtmlCacheBehavior [ RunTime:0.003001s ]
INFO: [ app_begin ] --END-- [ RunTime:0.003001s ]
NOTIC: [2048] Non-static method Admin\Model\AdminModel::isLogin() should not be called statically, assuming $this from incompatible context D:\WWW\tools\Application\Admin\Controller\IndexController.class.php 第 13 行.
NOTIC: [2048] Declaration of Admin\Model\ArticleModel::save() should be compatible with Think\Model::save($data = '', $options = Array) D:\WWW\tools\Application\Admin\Model\ArticleModel.class.php 第 101 行.
NOTIC: [2048] Declaration of Admin\Model\ArticleModel::delete() should be compatible with Think\Model::delete($options = Array) D:\WWW\tools\Application\Admin\Model\ArticleModel.class.php 第 101 行.
SQL: SHOW COLUMNS FROM `article` [ RunTime:0.0140s ]
NOTIC: [8] Undefined variable: arr D:\WWW\tools\Application\Admin\Controller\IndexController.class.php 第 96 行.
SQL: SELECT * FROM `article` ORDER BY id desc LIMIT 0,10   [ RunTime:0.0080s ]
SQL: SELECT COUNT(*) AS tp_count FROM `article` LIMIT 1   [ RunTime:0.0010s ]
INFO: [ view_parse ] --START--
INFO: [ template_filter ] --START--
INFO: Run Behavior\ContentReplaceBehavior [ RunTime:0.001000s ]
INFO: [ template_filter ] --END-- [ RunTime:0.001000s ]
INFO: Run Behavior\ParseTemplateBehavior [ RunTime:0.070004s ]
INFO: [ view_parse ] --END-- [ RunTime:0.070004s ]
INFO: [ view_filter ] --START--
INFO: Run Behavior\WriteHtmlCacheBehavior [ RunTime:0.002000s ]
INFO: [ view_filter ] --END-- [ RunTime:0.003000s ]
INFO: [ app_end ] --START--
INFO: Run Behavior\ShowPageTraceBehavior [ RunTime:0.005000s ]
INFO: [ app_end ] --END-- [ RunTime:0.006000s ]

[ 2016-10-11T15:15:55+08:00 ] 127.0.0.1 /Admin/Index/lists/p/2.aspx
INFO: [ app_init ] --START--
INFO: Run Behavior\BuildLiteBehavior [ RunTime:0.000000s ]
INFO: [ app_init ] --END-- [ RunTime:0.002000s ]
INFO: [ app_begin ] --START--
INFO: Run Behavior\ReadHtmlCacheBehavior [ RunTime:0.002000s ]
INFO: [ app_begin ] --END-- [ RunTime:0.003000s ]
NOTIC: [2048] Non-static method Admin\Model\AdminModel::isLogin() should not be called statically, assuming $this from incompatible context D:\WWW\tools\Application\Admin\Controller\IndexController.class.php 第 13 行.
NOTIC: [2048] Declaration of Admin\Model\ArticleModel::save() should be compatible with Think\Model::save($data = '', $options = Array) D:\WWW\tools\Application\Admin\Model\ArticleModel.class.php 第 101 行.
NOTIC: [2048] Declaration of Admin\Model\ArticleModel::delete() should be compatible with Think\Model::delete($options = Array) D:\WWW\tools\Application\Admin\Model\ArticleModel.class.php 第 101 行.
SQL: SHOW COLUMNS FROM `article` [ RunTime:0.0130s ]
NOTIC: [8] Undefined variable: arr D:\WWW\tools\Application\Admin\Controller\IndexController.class.php 第 96 行.
SQL: SELECT * FROM `article` ORDER BY id desc LIMIT 10,10   [ RunTime:0.0020s ]
SQL: SELECT COUNT(*) AS tp_count FROM `article` LIMIT 1   [ RunTime:0.0010s ]
INFO: [ view_parse ] --START--
INFO: [ template_filter ] --START--
INFO: Run Behavior\ContentReplaceBehavior [ RunTime:0.001000s ]
INFO: [ template_filter ] --END-- [ RunTime:0.001000s ]
INFO: Run Behavior\ParseTemplateBehavior [ RunTime:0.059003s ]
INFO: [ view_parse ] --END-- [ RunTime:0.060003s ]
INFO: [ view_filter ] --START--
INFO: Run Behavior\WriteHtmlCacheBehavior [ RunTime:0.003000s ]
INFO: [ view_filter ] --END-- [ RunTime:0.003000s ]
INFO: [ app_end ] --START--
INFO: Run Behavior\ShowPageTraceBehavior [ RunTime:0.004000s ]
INFO: [ app_end ] --END-- [ RunTime:0.006000s ]

[ 2016-10-11T15:15:58+08:00 ] 127.0.0.1 /Admin/Index/lists/p/1.aspx
INFO: [ app_init ] --START--
INFO: Run Behavior\BuildLiteBehavior [ RunTime:0.000000s ]
INFO: [ app_init ] --END-- [ RunTime:0.003000s ]
INFO: [ app_begin ] --START--
INFO: Run Behavior\ReadHtmlCacheBehavior [ RunTime:0.003000s ]
INFO: [ app_begin ] --END-- [ RunTime:0.003000s ]
NOTIC: [2048] Non-static method Admin\Model\AdminModel::isLogin() should not be called statically, assuming $this from incompatible context D:\WWW\tools\Application\Admin\Controller\IndexController.class.php 第 13 行.
NOTIC: [2048] Declaration of Admin\Model\ArticleModel::save() should be compatible with Think\Model::save($data = '', $options = Array) D:\WWW\tools\Application\Admin\Model\ArticleModel.class.php 第 101 行.
NOTIC: [2048] Declaration of Admin\Model\ArticleModel::delete() should be compatible with Think\Model::delete($options = Array) D:\WWW\tools\Application\Admin\Model\ArticleModel.class.php 第 101 行.
SQL: SHOW COLUMNS FROM `article` [ RunTime:0.0140s ]
NOTIC: [8] Undefined variable: arr D:\WWW\tools\Application\Admin\Controller\IndexController.class.php 第 96 行.
SQL: SELECT * FROM `article` ORDER BY id desc LIMIT 0,10   [ RunTime:0.0050s ]
SQL: SELECT COUNT(*) AS tp_count FROM `article` LIMIT 1   [ RunTime:0.0010s ]
INFO: [ view_parse ] --START--
INFO: [ template_filter ] --START--
INFO: Run Behavior\ContentReplaceBehavior [ RunTime:0.001000s ]
INFO: [ template_filter ] --END-- [ RunTime:0.001000s ]
INFO: Run Behavior\ParseTemplateBehavior [ RunTime:0.060003s ]
INFO: [ view_parse ] --END-- [ RunTime:0.062003s ]
INFO: [ view_filter ] --START--
INFO: Run Behavior\WriteHtmlCacheBehavior [ RunTime:0.002000s ]
INFO: [ view_filter ] --END-- [ RunTime:0.003000s ]
INFO: [ app_end ] --START--
INFO: Run Behavior\ShowPageTraceBehavior [ RunTime:0.005001s ]
INFO: [ app_end ] --END-- [ RunTime:0.007001s ]

