[ 2016-12-01T15:20:04+08:00 ] 127.0.0.1 /admin
INFO: [ app_init ] --START--
INFO: Run Behavior\BuildLiteBehavior [ RunTime:0.000000s ]
INFO: [ app_init ] --END-- [ RunTime:0.000000s ]
INFO: [ app_begin ] --START--
INFO: Run Behavior\ReadHtmlCacheBehavior [ RunTime:0.002000s ]
INFO: [ app_begin ] --END-- [ RunTime:0.002000s ]

[ 2016-12-01T15:20:04+08:00 ] 127.0.0.1 /admin/login.aspx
INFO: [ app_init ] --START--
INFO: Run Behavior\BuildLiteBehavior [ RunTime:0.000000s ]
INFO: [ app_init ] --END-- [ RunTime:0.001000s ]
INFO: [ app_begin ] --START--
INFO: Run Behavior\ReadHtmlCacheBehavior [ RunTime:0.000000s ]
INFO: [ app_begin ] --END-- [ RunTime:0.000000s ]
INFO: [ view_parse ] --START--
INFO: [ template_filter ] --START--
INFO: Run Behavior\ContentReplaceBehavior [ RunTime:0.000000s ]
INFO: [ template_filter ] --END-- [ RunTime:0.000000s ]
INFO: Run Behavior\ParseTemplateBehavior [ RunTime:0.032002s ]
INFO: [ view_parse ] --END-- [ RunTime:0.032002s ]
INFO: [ view_filter ] --START--
INFO: Run Behavior\WriteHtmlCacheBehavior [ RunTime:0.001000s ]
INFO: [ view_filter ] --END-- [ RunTime:0.001000s ]
INFO: [ app_end ] --START--
INFO: Run Behavior\ShowPageTraceBehavior [ RunTime:0.001000s ]
INFO: [ app_end ] --END-- [ RunTime:0.002000s ]

[ 2016-12-01T15:20:11+08:00 ] 127.0.0.1 /admin/login/dologin.aspx
INFO: [ app_init ] --START--
INFO: Run Behavior\BuildLiteBehavior [ RunTime:0.000000s ]
INFO: [ app_init ] --END-- [ RunTime:0.000000s ]
INFO: [ app_begin ] --START--
INFO: Run Behavior\ReadHtmlCacheBehavior [ RunTime:0.001000s ]
INFO: [ app_begin ] --END-- [ RunTime:0.001000s ]
NOTIC: [2048] Non-static method Admin\Model\AdminModel::adminLogin() should not be called statically, assuming $this from incompatible context D:\WWW\tools\Application\Admin\Controller\LoginController.class.php 第 36 行.
SQL: SHOW COLUMNS FROM `admin` [ RunTime:0.0260s ]
SQL: SELECT * FROM `admin` WHERE `user` = 'admin' LIMIT 1   [ RunTime:0.0890s ]

[ 2016-12-01T15:20:12+08:00 ] 127.0.0.1 /admin/index.aspx
INFO: [ app_init ] --START--
INFO: Run Behavior\BuildLiteBehavior [ RunTime:0.000000s ]
INFO: [ app_init ] --END-- [ RunTime:0.000000s ]
INFO: [ app_begin ] --START--
INFO: Run Behavior\ReadHtmlCacheBehavior [ RunTime:0.000000s ]
INFO: [ app_begin ] --END-- [ RunTime:0.000000s ]
INFO: [ view_parse ] --START--
INFO: [ template_filter ] --START--
INFO: Run Behavior\ContentReplaceBehavior [ RunTime:0.000000s ]
INFO: [ template_filter ] --END-- [ RunTime:0.000000s ]
INFO: Run Behavior\ParseTemplateBehavior [ RunTime:0.055003s ]
INFO: [ view_parse ] --END-- [ RunTime:0.055003s ]
INFO: [ view_filter ] --START--
INFO: Run Behavior\WriteHtmlCacheBehavior [ RunTime:0.001000s ]
INFO: [ view_filter ] --END-- [ RunTime:0.001000s ]
INFO: [ app_end ] --START--
INFO: Run Behavior\ShowPageTraceBehavior [ RunTime:0.001000s ]
INFO: [ app_end ] --END-- [ RunTime:0.001000s ]

[ 2016-12-01T15:20:13+08:00 ] 127.0.0.1 /admin/login/dologin.aspx
INFO: [ app_init ] --START--
INFO: Run Behavior\BuildLiteBehavior [ RunTime:0.000000s ]
INFO: [ app_init ] --END-- [ RunTime:0.000000s ]
INFO: [ app_begin ] --START--
INFO: Run Behavior\ReadHtmlCacheBehavior [ RunTime:0.001000s ]
INFO: [ app_begin ] --END-- [ RunTime:0.001000s ]
NOTIC: [2048] Non-static method Admin\Model\AdminModel::adminLogin() should not be called statically, assuming $this from incompatible context D:\WWW\tools\Application\Admin\Controller\LoginController.class.php 第 36 行.
SQL: SHOW COLUMNS FROM `admin` [ RunTime:0.0100s ]
SQL: SELECT * FROM `admin` WHERE `user` = 'admin' LIMIT 1   [ RunTime:0.0000s ]

[ 2016-12-01T15:20:14+08:00 ] 127.0.0.1 /admin/index/keywordlists.aspx
INFO: [ app_init ] --START--
INFO: Run Behavior\BuildLiteBehavior [ RunTime:0.000000s ]
INFO: [ app_init ] --END-- [ RunTime:0.000000s ]
INFO: [ app_begin ] --START--
INFO: Run Behavior\ReadHtmlCacheBehavior [ RunTime:0.000000s ]
INFO: [ app_begin ] --END-- [ RunTime:0.000000s ]
NOTIC: [8] Undefined variable: arr D:\WWW\tools\Application\Admin\Controller\IndexController.class.php 第 135 行.
SQL: SHOW COLUMNS FROM `keywords` [ RunTime:0.0660s ]
SQL: SELECT * FROM `keywords` ORDER BY `order` asc,num desc LIMIT 0,10   [ RunTime:0.0010s ]
SQL: SELECT COUNT(*) AS tp_count FROM `keywords` LIMIT 1   [ RunTime:0.0020s ]
INFO: [ view_parse ] --START--
INFO: [ template_filter ] --START--
INFO: Run Behavior\ContentReplaceBehavior [ RunTime:0.000000s ]
INFO: [ template_filter ] --END-- [ RunTime:0.000000s ]
INFO: Run Behavior\ParseTemplateBehavior [ RunTime:0.033002s ]
INFO: [ view_parse ] --END-- [ RunTime:0.033002s ]
INFO: [ view_filter ] --START--
INFO: Run Behavior\WriteHtmlCacheBehavior [ RunTime:0.000000s ]
INFO: [ view_filter ] --END-- [ RunTime:0.000000s ]
INFO: [ app_end ] --START--
INFO: Run Behavior\ShowPageTraceBehavior [ RunTime:0.001000s ]
INFO: [ app_end ] --END-- [ RunTime:0.001000s ]

[ 2016-12-01T15:20:14+08:00 ] 127.0.0.1 /admin/index/article.aspx
INFO: [ app_init ] --START--
INFO: Run Behavior\BuildLiteBehavior [ RunTime:0.000000s ]
INFO: [ app_init ] --END-- [ RunTime:0.001000s ]
INFO: [ app_begin ] --START--
INFO: Run Behavior\ReadHtmlCacheBehavior [ RunTime:0.001000s ]
INFO: [ app_begin ] --END-- [ RunTime:0.001000s ]
INFO: [ view_parse ] --START--
INFO: [ template_filter ] --START--
INFO: Run Behavior\ContentReplaceBehavior [ RunTime:0.000000s ]
INFO: [ template_filter ] --END-- [ RunTime:0.000000s ]
INFO: Run Behavior\ParseTemplateBehavior [ RunTime:0.033002s ]
INFO: [ view_parse ] --END-- [ RunTime:0.033002s ]
INFO: [ view_filter ] --START--
INFO: Run Behavior\WriteHtmlCacheBehavior [ RunTime:0.000000s ]
INFO: [ view_filter ] --END-- [ RunTime:0.000000s ]
INFO: [ app_end ] --START--
INFO: Run Behavior\ShowPageTraceBehavior [ RunTime:0.000000s ]
INFO: [ app_end ] --END-- [ RunTime:0.000000s ]

[ 2016-12-01T15:20:28+08:00 ] 127.0.0.1 /admin/index/SaveArticle.aspx
INFO: [ app_init ] --START--
INFO: Run Behavior\BuildLiteBehavior [ RunTime:0.000000s ]
INFO: [ app_init ] --END-- [ RunTime:0.001000s ]
INFO: [ app_begin ] --START--
INFO: Run Behavior\ReadHtmlCacheBehavior [ RunTime:0.001000s ]
INFO: [ app_begin ] --END-- [ RunTime:0.001000s ]
NOTIC: [2048] Declaration of Admin\Model\ArticleModel::save() should be compatible with Think\Model::save($data = '', $options = Array) D:\WWW\tools\Application\Admin\Model\ArticleModel.class.php 第 101 行.
NOTIC: [2048] Declaration of Admin\Model\ArticleModel::delete() should be compatible with Think\Model::delete($options = Array) D:\WWW\tools\Application\Admin\Model\ArticleModel.class.php 第 101 行.
SQL: SHOW COLUMNS FROM `article` [ RunTime:0.0530s ]
SQL: INSERT INTO `article` (`type`,`title`,`keyword`,`author`,`content`,`createtime`) VALUES ('0','php 进度条实现','进度条，flush实现进度条','小兔','&lt;pre class=&quot;prettyprint lang-php&quot;&gt;&amp;lt;?php 
set_time_limit(0);
for ($i = 0; $i &amp;lt; 500; $i++) {
	$users[] = \'Tom_\' . $i;
}   //end for
$width = 1398;                      	//显示的进度条长度，单位 px
$total = count($users);     		//总共需要操作的记录数
$pix = $width / $total;        		//每条记录的操作所占的进度条单位长度
$progress = 0;                   	//当前进度条长度
echo \'

    &amp;lt;style&amp;gt; 
    body, div input { font-family: Tahoma; font-size: 9pt } 
    &amp;lt;/style&amp;gt; 
    &amp;lt;script language=&quot;JavaScript&quot;&amp;gt; 
    &amp;lt;!-- 
    function updateProgress(sMsg, iWidth) 
    {  
        document.getElementById(&quot;status&quot;).innerHTML = sMsg; 
        document.getElementById(&quot;progress&quot;).style.width = iWidth + &quot;px&quot;; 
        document.getElementById(&quot;percent&quot;).innerHTML = parseInt(iWidth / \'. $width.\' * 100) + &quot;%&quot;; 
     } 
    //--&amp;gt; 
    &amp;lt;/script&amp;gt;     

&amp;lt;div style=&quot;margin: 4px; padding: 8px; border: 1px solid gray; background: #EAEAEA; width: &amp;lt;?php echo $width+8; ?&amp;gt;px&quot;&amp;gt; 
    &amp;lt;div&amp;gt;&amp;lt;font color=&quot;gray&quot;&amp;gt;如下进度条的动态效果由服务器端 PHP 程序结合客户端 JavaScript 程序生成。&amp;lt;/font&amp;gt;&amp;lt;/div&amp;gt; 
    &amp;lt;div style=&quot;padding: 0; background-color: white; border: 1px solid navy; width: &amp;lt;?php echo $width; ?&amp;gt;px&quot;&amp;gt; 
    &amp;lt;div id=&quot;progress&quot; style=&quot;padding: 0; background-color: #FFCC66; border: 0; width: 0px; text-align: center;   height: 16px&quot;&amp;gt;&amp;lt;/div&amp;gt;             
    &amp;lt;/div&amp;gt; 
    &amp;lt;div id=&quot;status&quot;&amp;gt;&amp;amp;nbsp;&amp;lt;/div&amp;gt; 
    &amp;lt;div id=&quot;percent&quot; style=&quot;position: relative; top: -30px; text-align: center; font-weight: bold; font-size: 8pt&quot;&amp;gt;0%&amp;lt;/div&amp;gt; 
&amp;lt;/div&amp;gt; \';
flush();    //将输出发送给客户端浏览器
foreach ($users as $user) {
	//   在此处使用空循环模拟较为耗时的操作，实际应用中需将其替换；
	//   如果你的操作不耗时，我想你就没必要使用这个脚本了 :)
	for ($i = 0; $i &amp;lt; 1000000; $i++) {
		;;
	}
	echo \'&amp;lt;script language=&quot;JavaScript&quot;&amp;gt; 
    updateProgress(&quot;正在操作用户“\'.$user.\'” ....&quot;, \'. min($width, intval($progress)) .\'); 
	&amp;lt;/script&amp;gt; \';
	
	flush();    //将输出发送给客户端浏览器，使其可以立即执行服务器端输出的 JavaScript 程序。
	$progress += $pix;
	}   //end foreach
	//   最后将进度条设置成最大值 $width，同时显示操作完成
echo \'&amp;lt;script language=&quot;JavaScript&quot;&amp;gt; 
    updateProgress(&quot;操作完成！&quot;, \'.$width.\' ); 
&amp;lt;/script&amp;gt; \';
flush();
?&amp;gt;&lt;/pre&gt;','1480576828') [ RunTime:0.0590s ]
INFO: [ view_parse ] --START--
INFO: [ template_filter ] --START--
INFO: Run Behavior\ContentReplaceBehavior [ RunTime:0.000000s ]
INFO: [ template_filter ] --END-- [ RunTime:0.001000s ]
INFO: Run Behavior\ParseTemplateBehavior [ RunTime:0.045002s ]
INFO: [ view_parse ] --END-- [ RunTime:0.045002s ]
INFO: [ view_filter ] --START--
INFO: Run Behavior\WriteHtmlCacheBehavior [ RunTime:0.002000s ]
INFO: [ view_filter ] --END-- [ RunTime:0.002000s ]
INFO: [ app_end ] --START--
INFO: Run Behavior\ShowPageTraceBehavior [ RunTime:0.003001s ]
INFO: [ app_end ] --END-- [ RunTime:0.003001s ]

[ 2016-12-01T15:20:30+08:00 ] 127.0.0.1 /admin/index/article.aspx
INFO: [ app_init ] --START--
INFO: Run Behavior\BuildLiteBehavior [ RunTime:0.000000s ]
INFO: [ app_init ] --END-- [ RunTime:0.000000s ]
INFO: [ app_begin ] --START--
INFO: Run Behavior\ReadHtmlCacheBehavior [ RunTime:0.002000s ]
INFO: [ app_begin ] --END-- [ RunTime:0.002000s ]
INFO: [ view_parse ] --START--
INFO: [ template_filter ] --START--
INFO: Run Behavior\ContentReplaceBehavior [ RunTime:0.000000s ]
INFO: [ template_filter ] --END-- [ RunTime:0.000000s ]
INFO: Run Behavior\ParseTemplateBehavior [ RunTime:0.010000s ]
INFO: [ view_parse ] --END-- [ RunTime:0.010000s ]
INFO: [ view_filter ] --START--
INFO: Run Behavior\WriteHtmlCacheBehavior [ RunTime:0.001000s ]
INFO: [ view_filter ] --END-- [ RunTime:0.001000s ]
INFO: [ app_end ] --START--
INFO: Run Behavior\ShowPageTraceBehavior [ RunTime:0.001000s ]
INFO: [ app_end ] --END-- [ RunTime:0.001000s ]

[ 2016-12-01T15:20:32+08:00 ] 127.0.0.1 /admin/index/lists.aspx
INFO: [ app_init ] --START--
INFO: Run Behavior\BuildLiteBehavior [ RunTime:0.000000s ]
INFO: [ app_init ] --END-- [ RunTime:0.001000s ]
INFO: [ app_begin ] --START--
INFO: Run Behavior\ReadHtmlCacheBehavior [ RunTime:0.002000s ]
INFO: [ app_begin ] --END-- [ RunTime:0.002000s ]
NOTIC: [2048] Declaration of Admin\Model\ArticleModel::save() should be compatible with Think\Model::save($data = '', $options = Array) D:\WWW\tools\Application\Admin\Model\ArticleModel.class.php 第 101 行.
NOTIC: [2048] Declaration of Admin\Model\ArticleModel::delete() should be compatible with Think\Model::delete($options = Array) D:\WWW\tools\Application\Admin\Model\ArticleModel.class.php 第 101 行.
SQL: SHOW COLUMNS FROM `article` [ RunTime:0.0110s ]
NOTIC: [8] Undefined variable: arr D:\WWW\tools\Application\Admin\Controller\IndexController.class.php 第 96 行.
SQL: SELECT * FROM `article` ORDER BY id desc LIMIT 0,10   [ RunTime:0.0110s ]
SQL: SELECT COUNT(*) AS tp_count FROM `article` LIMIT 1   [ RunTime:0.0000s ]
INFO: [ view_parse ] --START--
INFO: [ template_filter ] --START--
INFO: Run Behavior\ContentReplaceBehavior [ RunTime:0.000000s ]
INFO: [ template_filter ] --END-- [ RunTime:0.000000s ]
INFO: Run Behavior\ParseTemplateBehavior [ RunTime:0.032002s ]
INFO: [ view_parse ] --END-- [ RunTime:0.032002s ]
INFO: [ view_filter ] --START--
INFO: Run Behavior\WriteHtmlCacheBehavior [ RunTime:0.002000s ]
INFO: [ view_filter ] --END-- [ RunTime:0.002000s ]
INFO: [ app_end ] --START--
INFO: Run Behavior\ShowPageTraceBehavior [ RunTime:0.002000s ]
INFO: [ app_end ] --END-- [ RunTime:0.002000s ]

