[ 2017-05-31T10:43:52+08:00 ] 127.0.0.1 /admin
INFO: [ app_init ] --START--
INFO: Run Behavior\BuildLiteBehavior [ RunTime:0.000000s ]
INFO: [ app_init ] --END-- [ RunTime:0.010000s ]
INFO: [ app_begin ] --START--
INFO: Run Behavior\ReadHtmlCacheBehavior [ RunTime:0.002001s ]
INFO: [ app_begin ] --END-- [ RunTime:0.004001s ]

[ 2017-05-31T10:43:52+08:00 ] 127.0.0.1 /admin/login.aspx
INFO: [ app_init ] --START--
INFO: Run Behavior\BuildLiteBehavior [ RunTime:0.000000s ]
INFO: [ app_init ] --END-- [ RunTime:0.003001s ]
INFO: [ app_begin ] --START--
INFO: Run Behavior\ReadHtmlCacheBehavior [ RunTime:0.002000s ]
INFO: [ app_begin ] --END-- [ RunTime:0.004001s ]
INFO: [ view_parse ] --START--
INFO: [ template_filter ] --START--
INFO: Run Behavior\ContentReplaceBehavior [ RunTime:0.002001s ]
INFO: [ template_filter ] --END-- [ RunTime:0.004001s ]
INFO: Run Behavior\ParseTemplateBehavior [ RunTime:0.046002s ]
INFO: [ view_parse ] --END-- [ RunTime:0.048002s ]
INFO: [ view_filter ] --START--
INFO: Run Behavior\WriteHtmlCacheBehavior [ RunTime:0.002000s ]
INFO: [ view_filter ] --END-- [ RunTime:0.004001s ]
INFO: [ app_end ] --START--
INFO: Run Behavior\ShowPageTraceBehavior [ RunTime:0.002000s ]
INFO: [ app_end ] --END-- [ RunTime:0.004000s ]

[ 2017-05-31T10:43:59+08:00 ] 127.0.0.1 /admin/login/dologin.aspx
INFO: [ app_init ] --START--
INFO: Run Behavior\BuildLiteBehavior [ RunTime:0.001000s ]
INFO: [ app_init ] --END-- [ RunTime:0.003000s ]
INFO: [ app_begin ] --START--
INFO: Run Behavior\ReadHtmlCacheBehavior [ RunTime:0.002000s ]
INFO: [ app_begin ] --END-- [ RunTime:0.002000s ]
NOTIC: [2048] Non-static method Admin\Model\AdminModel::adminLogin() should not be called statically, assuming $this from incompatible context D:\WWW\tools\Application\Admin\Controller\LoginController.class.php 第 36 行.
SQL: SHOW COLUMNS FROM `admin` [ RunTime:0.0250s ]
SQL: SELECT * FROM `admin` WHERE `user` = 'admin' LIMIT 1   [ RunTime:0.0010s ]

[ 2017-05-31T10:43:59+08:00 ] 127.0.0.1 /admin/index.aspx
INFO: [ app_init ] --START--
INFO: Run Behavior\BuildLiteBehavior [ RunTime:0.001000s ]
INFO: [ app_init ] --END-- [ RunTime:0.004000s ]
INFO: [ app_begin ] --START--
INFO: Run Behavior\ReadHtmlCacheBehavior [ RunTime:0.002000s ]
INFO: [ app_begin ] --END-- [ RunTime:0.004000s ]
INFO: [ view_parse ] --START--
INFO: [ template_filter ] --START--
INFO: Run Behavior\ContentReplaceBehavior [ RunTime:0.002000s ]
INFO: [ template_filter ] --END-- [ RunTime:0.005000s ]
INFO: Run Behavior\ParseTemplateBehavior [ RunTime:0.116007s ]
INFO: [ view_parse ] --END-- [ RunTime:0.118007s ]
INFO: [ view_filter ] --START--
INFO: Run Behavior\WriteHtmlCacheBehavior [ RunTime:0.001000s ]
INFO: [ view_filter ] --END-- [ RunTime:0.003000s ]
INFO: [ app_end ] --START--
INFO: Run Behavior\ShowPageTraceBehavior [ RunTime:0.003000s ]
INFO: [ app_end ] --END-- [ RunTime:0.007000s ]

[ 2017-05-31T10:44:00+08:00 ] 127.0.0.1 /admin/login/dologin.aspx
INFO: [ app_init ] --START--
INFO: Run Behavior\BuildLiteBehavior [ RunTime:0.001000s ]
INFO: [ app_init ] --END-- [ RunTime:0.003000s ]
INFO: [ app_begin ] --START--
INFO: Run Behavior\ReadHtmlCacheBehavior [ RunTime:0.001000s ]
INFO: [ app_begin ] --END-- [ RunTime:0.003000s ]
NOTIC: [2048] Non-static method Admin\Model\AdminModel::adminLogin() should not be called statically, assuming $this from incompatible context D:\WWW\tools\Application\Admin\Controller\LoginController.class.php 第 36 行.
SQL: SHOW COLUMNS FROM `admin` [ RunTime:0.0110s ]
SQL: SELECT * FROM `admin` WHERE `user` = 'admin' LIMIT 1   [ RunTime:0.0020s ]

[ 2017-05-31T10:44:04+08:00 ] 127.0.0.1 /admin/index/lists.aspx
INFO: [ app_init ] --START--
INFO: Run Behavior\BuildLiteBehavior [ RunTime:0.000000s ]
INFO: [ app_init ] --END-- [ RunTime:0.004000s ]
INFO: [ app_begin ] --START--
INFO: Run Behavior\ReadHtmlCacheBehavior [ RunTime:0.002000s ]
INFO: [ app_begin ] --END-- [ RunTime:0.003000s ]
NOTIC: [2048] Declaration of Admin\Model\ArticleModel::save() should be compatible with Think\Model::save($data = '', $options = Array) D:\WWW\tools\Application\Admin\Model\ArticleModel.class.php 第 101 行.
NOTIC: [2048] Declaration of Admin\Model\ArticleModel::delete() should be compatible with Think\Model::delete($options = Array) D:\WWW\tools\Application\Admin\Model\ArticleModel.class.php 第 101 行.
SQL: SHOW COLUMNS FROM `article` [ RunTime:0.0110s ]
NOTIC: [8] Undefined variable: arr D:\WWW\tools\Application\Admin\Controller\IndexController.class.php 第 100 行.
SQL: SELECT * FROM `article` ORDER BY id desc LIMIT 0,10   [ RunTime:0.0150s ]
SQL: SELECT COUNT(*) AS tp_count FROM `article` LIMIT 1   [ RunTime:0.0010s ]
NOTIC: [2048] Declaration of Admin\Model\TypeModel::save() should be compatible with Think\Model::save($data = '', $options = Array) D:\WWW\tools\Application\Admin\Model\TypeModel.class.php 第 106 行.
NOTIC: [2048] Declaration of Admin\Model\TypeModel::delete() should be compatible with Think\Model::delete($options = Array) D:\WWW\tools\Application\Admin\Model\TypeModel.class.php 第 106 行.
SQL: SHOW COLUMNS FROM `type` [ RunTime:0.0210s ]
NOTIC: [2] Missing argument 1 for Admin\Model\TypeModel::lists(), called in D:\WWW\tools\Application\Admin\Controller\IndexController.class.php on line 102 and defined D:\WWW\tools\Application\Admin\Model\TypeModel.class.php 第 101 行.
NOTIC: [8] Undefined variable: arr D:\WWW\tools\Application\Admin\Model\TypeModel.class.php 第 102 行.
SQL: SELECT * FROM `type` ORDER BY `order` asc,id asc  [ RunTime:0.0010s ]
INFO: [ view_parse ] --START--
INFO: [ template_filter ] --START--
INFO: Run Behavior\ContentReplaceBehavior [ RunTime:0.001000s ]
INFO: [ template_filter ] --END-- [ RunTime:0.003001s ]
INFO: Run Behavior\ParseTemplateBehavior [ RunTime:0.157009s ]
INFO: [ view_parse ] --END-- [ RunTime:0.159009s ]
INFO: [ view_filter ] --START--
INFO: Run Behavior\WriteHtmlCacheBehavior [ RunTime:0.001000s ]
INFO: [ view_filter ] --END-- [ RunTime:0.003000s ]
INFO: [ app_end ] --START--
INFO: Run Behavior\ShowPageTraceBehavior [ RunTime:0.002000s ]
INFO: [ app_end ] --END-- [ RunTime:0.004001s ]

[ 2017-05-31T10:44:12+08:00 ] 127.0.0.1 /admin/index/article/id/47.aspx
INFO: [ app_init ] --START--
INFO: Run Behavior\BuildLiteBehavior [ RunTime:0.000000s ]
INFO: [ app_init ] --END-- [ RunTime:0.002000s ]
INFO: [ app_begin ] --START--
INFO: Run Behavior\ReadHtmlCacheBehavior [ RunTime:0.001000s ]
INFO: [ app_begin ] --END-- [ RunTime:0.003000s ]
NOTIC: [2048] Declaration of Admin\Model\TypeModel::save() should be compatible with Think\Model::save($data = '', $options = Array) D:\WWW\tools\Application\Admin\Model\TypeModel.class.php 第 106 行.
NOTIC: [2048] Declaration of Admin\Model\TypeModel::delete() should be compatible with Think\Model::delete($options = Array) D:\WWW\tools\Application\Admin\Model\TypeModel.class.php 第 106 行.
SQL: SHOW COLUMNS FROM `type` [ RunTime:0.0100s ]
NOTIC: [2] Missing argument 1 for Admin\Model\TypeModel::lists(), called in D:\WWW\tools\Application\Admin\Controller\IndexController.class.php on line 35 and defined D:\WWW\tools\Application\Admin\Model\TypeModel.class.php 第 101 行.
NOTIC: [8] Undefined variable: arr D:\WWW\tools\Application\Admin\Model\TypeModel.class.php 第 102 行.
SQL: SELECT * FROM `type` ORDER BY `order` asc,id asc  [ RunTime:0.0010s ]
NOTIC: [2048] Declaration of Admin\Model\ArticleModel::save() should be compatible with Think\Model::save($data = '', $options = Array) D:\WWW\tools\Application\Admin\Model\ArticleModel.class.php 第 101 行.
NOTIC: [2048] Declaration of Admin\Model\ArticleModel::delete() should be compatible with Think\Model::delete($options = Array) D:\WWW\tools\Application\Admin\Model\ArticleModel.class.php 第 101 行.
SQL: SHOW COLUMNS FROM `article` [ RunTime:0.0060s ]
SQL: SELECT * FROM `article` WHERE `id` = 47 LIMIT 1   [ RunTime:0.0030s ]
INFO: [ view_parse ] --START--
INFO: [ template_filter ] --START--
INFO: Run Behavior\ContentReplaceBehavior [ RunTime:0.001000s ]
INFO: [ template_filter ] --END-- [ RunTime:0.004001s ]
INFO: Run Behavior\ParseTemplateBehavior [ RunTime:0.118007s ]
INFO: [ view_parse ] --END-- [ RunTime:0.120007s ]
INFO: [ view_filter ] --START--
INFO: Run Behavior\WriteHtmlCacheBehavior [ RunTime:0.002000s ]
INFO: [ view_filter ] --END-- [ RunTime:0.004000s ]
INFO: [ app_end ] --START--
INFO: Run Behavior\ShowPageTraceBehavior [ RunTime:0.002000s ]
INFO: [ app_end ] --END-- [ RunTime:0.005001s ]

[ 2017-05-31T10:44:19+08:00 ] 127.0.0.1 /admin/index/lists.aspx
INFO: [ app_init ] --START--
INFO: Run Behavior\BuildLiteBehavior [ RunTime:0.000000s ]
INFO: [ app_init ] --END-- [ RunTime:0.004001s ]
INFO: [ app_begin ] --START--
INFO: Run Behavior\ReadHtmlCacheBehavior [ RunTime:0.001000s ]
INFO: [ app_begin ] --END-- [ RunTime:0.003001s ]
NOTIC: [2048] Declaration of Admin\Model\ArticleModel::save() should be compatible with Think\Model::save($data = '', $options = Array) D:\WWW\tools\Application\Admin\Model\ArticleModel.class.php 第 101 行.
NOTIC: [2048] Declaration of Admin\Model\ArticleModel::delete() should be compatible with Think\Model::delete($options = Array) D:\WWW\tools\Application\Admin\Model\ArticleModel.class.php 第 101 行.
SQL: SHOW COLUMNS FROM `article` [ RunTime:0.0100s ]
NOTIC: [8] Undefined variable: arr D:\WWW\tools\Application\Admin\Controller\IndexController.class.php 第 100 行.
SQL: SELECT * FROM `article` ORDER BY id desc LIMIT 0,10   [ RunTime:0.0090s ]
SQL: SELECT COUNT(*) AS tp_count FROM `article` LIMIT 1   [ RunTime:0.0010s ]
NOTIC: [2048] Declaration of Admin\Model\TypeModel::save() should be compatible with Think\Model::save($data = '', $options = Array) D:\WWW\tools\Application\Admin\Model\TypeModel.class.php 第 106 行.
NOTIC: [2048] Declaration of Admin\Model\TypeModel::delete() should be compatible with Think\Model::delete($options = Array) D:\WWW\tools\Application\Admin\Model\TypeModel.class.php 第 106 行.
SQL: SHOW COLUMNS FROM `type` [ RunTime:0.0050s ]
NOTIC: [2] Missing argument 1 for Admin\Model\TypeModel::lists(), called in D:\WWW\tools\Application\Admin\Controller\IndexController.class.php on line 102 and defined D:\WWW\tools\Application\Admin\Model\TypeModel.class.php 第 101 行.
NOTIC: [8] Undefined variable: arr D:\WWW\tools\Application\Admin\Model\TypeModel.class.php 第 102 行.
SQL: SELECT * FROM `type` ORDER BY `order` asc,id asc  [ RunTime:0.0010s ]
INFO: [ view_parse ] --START--
INFO: [ template_filter ] --START--
INFO: Run Behavior\ContentReplaceBehavior [ RunTime:0.001000s ]
INFO: [ template_filter ] --END-- [ RunTime:0.003000s ]
INFO: Run Behavior\ParseTemplateBehavior [ RunTime:0.144008s ]
INFO: [ view_parse ] --END-- [ RunTime:0.146008s ]
INFO: [ view_filter ] --START--
INFO: Run Behavior\WriteHtmlCacheBehavior [ RunTime:0.001000s ]
INFO: [ view_filter ] --END-- [ RunTime:0.003000s ]
INFO: [ app_end ] --START--
INFO: Run Behavior\ShowPageTraceBehavior [ RunTime:0.002000s ]
INFO: [ app_end ] --END-- [ RunTime:0.004000s ]

[ 2017-05-31T10:44:27+08:00 ] 127.0.0.1 /admin/index/lists.aspx
INFO: [ app_init ] --START--
INFO: Run Behavior\BuildLiteBehavior [ RunTime:0.001000s ]
INFO: [ app_init ] --END-- [ RunTime:0.003000s ]
INFO: [ app_begin ] --START--
INFO: Run Behavior\ReadHtmlCacheBehavior [ RunTime:0.002000s ]
INFO: [ app_begin ] --END-- [ RunTime:0.004001s ]
NOTIC: [2048] Declaration of Admin\Model\ArticleModel::save() should be compatible with Think\Model::save($data = '', $options = Array) D:\WWW\tools\Application\Admin\Model\ArticleModel.class.php 第 101 行.
NOTIC: [2048] Declaration of Admin\Model\ArticleModel::delete() should be compatible with Think\Model::delete($options = Array) D:\WWW\tools\Application\Admin\Model\ArticleModel.class.php 第 101 行.
SQL: SHOW COLUMNS FROM `article` [ RunTime:0.0110s ]
NOTIC: [8] Undefined variable: arr D:\WWW\tools\Application\Admin\Controller\IndexController.class.php 第 100 行.
SQL: SELECT * FROM `article` ORDER BY id desc LIMIT 0,10   [ RunTime:0.0120s ]
SQL: SELECT COUNT(*) AS tp_count FROM `article` LIMIT 1   [ RunTime:0.0010s ]
NOTIC: [2048] Declaration of Admin\Model\TypeModel::save() should be compatible with Think\Model::save($data = '', $options = Array) D:\WWW\tools\Application\Admin\Model\TypeModel.class.php 第 106 行.
NOTIC: [2048] Declaration of Admin\Model\TypeModel::delete() should be compatible with Think\Model::delete($options = Array) D:\WWW\tools\Application\Admin\Model\TypeModel.class.php 第 106 行.
SQL: SHOW COLUMNS FROM `type` [ RunTime:0.0040s ]
NOTIC: [2] Missing argument 1 for Admin\Model\TypeModel::lists(), called in D:\WWW\tools\Application\Admin\Controller\IndexController.class.php on line 102 and defined D:\WWW\tools\Application\Admin\Model\TypeModel.class.php 第 101 行.
NOTIC: [8] Undefined variable: arr D:\WWW\tools\Application\Admin\Model\TypeModel.class.php 第 102 行.
SQL: SELECT * FROM `type` ORDER BY `order` asc,id asc  [ RunTime:0.0010s ]
INFO: [ view_parse ] --START--
INFO: [ template_filter ] --START--
INFO: Run Behavior\ContentReplaceBehavior [ RunTime:0.001000s ]
INFO: [ template_filter ] --END-- [ RunTime:0.003001s ]
INFO: Run Behavior\ParseTemplateBehavior [ RunTime:0.145008s ]
INFO: [ view_parse ] --END-- [ RunTime:0.147008s ]
INFO: [ view_filter ] --START--
INFO: Run Behavior\WriteHtmlCacheBehavior [ RunTime:0.001000s ]
INFO: [ view_filter ] --END-- [ RunTime:0.003000s ]
INFO: [ app_end ] --START--
INFO: Run Behavior\ShowPageTraceBehavior [ RunTime:0.002001s ]
INFO: [ app_end ] --END-- [ RunTime:0.004001s ]

[ 2017-05-31T10:45:41+08:00 ] 127.0.0.1 /admin/index/lists.aspx
INFO: [ app_init ] --START--
INFO: Run Behavior\BuildLiteBehavior [ RunTime:0.000000s ]
INFO: [ app_init ] --END-- [ RunTime:0.009000s ]
INFO: [ app_begin ] --START--
INFO: Run Behavior\ReadHtmlCacheBehavior [ RunTime:0.003000s ]
INFO: [ app_begin ] --END-- [ RunTime:0.007001s ]
NOTIC: [2048] Declaration of Admin\Model\ArticleModel::save() should be compatible with Think\Model::save($data = '', $options = Array) D:\WWW\tools\Application\Admin\Model\ArticleModel.class.php 第 101 行.
NOTIC: [2048] Declaration of Admin\Model\ArticleModel::delete() should be compatible with Think\Model::delete($options = Array) D:\WWW\tools\Application\Admin\Model\ArticleModel.class.php 第 101 行.
SQL: SHOW COLUMNS FROM `article` [ RunTime:0.0080s ]
NOTIC: [8] Undefined variable: arr D:\WWW\tools\Application\Admin\Controller\IndexController.class.php 第 100 行.
SQL: SELECT * FROM `article` ORDER BY id desc LIMIT 0,10   [ RunTime:0.0190s ]
SQL: SELECT COUNT(*) AS tp_count FROM `article` LIMIT 1   [ RunTime:0.0010s ]
NOTIC: [2048] Declaration of Admin\Model\TypeModel::save() should be compatible with Think\Model::save($data = '', $options = Array) D:\WWW\tools\Application\Admin\Model\TypeModel.class.php 第 106 行.
NOTIC: [2048] Declaration of Admin\Model\TypeModel::delete() should be compatible with Think\Model::delete($options = Array) D:\WWW\tools\Application\Admin\Model\TypeModel.class.php 第 106 行.
SQL: SHOW COLUMNS FROM `type` [ RunTime:0.0060s ]
NOTIC: [2] Missing argument 1 for Admin\Model\TypeModel::lists(), called in D:\WWW\tools\Application\Admin\Controller\IndexController.class.php on line 102 and defined D:\WWW\tools\Application\Admin\Model\TypeModel.class.php 第 101 行.
NOTIC: [8] Undefined variable: arr D:\WWW\tools\Application\Admin\Model\TypeModel.class.php 第 102 行.
SQL: SELECT * FROM `type` ORDER BY `order` asc,id asc  [ RunTime:0.0010s ]
INFO: [ view_parse ] --START--
INFO: [ template_filter ] --START--
INFO: Run Behavior\ContentReplaceBehavior [ RunTime:0.001000s ]
INFO: [ template_filter ] --END-- [ RunTime:0.003000s ]
INFO: Run Behavior\ParseTemplateBehavior [ RunTime:0.149009s ]
INFO: [ view_parse ] --END-- [ RunTime:0.153009s ]
INFO: [ view_filter ] --START--
INFO: Run Behavior\WriteHtmlCacheBehavior [ RunTime:0.001000s ]
INFO: [ view_filter ] --END-- [ RunTime:0.003000s ]
INFO: [ app_end ] --START--
INFO: Run Behavior\ShowPageTraceBehavior [ RunTime:0.003000s ]
INFO: [ app_end ] --END-- [ RunTime:0.005000s ]

[ 2017-05-31T10:48:06+08:00 ] 127.0.0.1 /admin/index/lists.aspx
INFO: [ app_init ] --START--
INFO: Run Behavior\BuildLiteBehavior [ RunTime:0.000000s ]
INFO: [ app_init ] --END-- [ RunTime:0.003000s ]
INFO: [ app_begin ] --START--
INFO: Run Behavior\ReadHtmlCacheBehavior [ RunTime:0.001001s ]
INFO: [ app_begin ] --END-- [ RunTime:0.003001s ]
NOTIC: [2048] Declaration of Admin\Model\ArticleModel::save() should be compatible with Think\Model::save($data = '', $options = Array) D:\WWW\tools\Application\Admin\Model\ArticleModel.class.php 第 101 行.
NOTIC: [2048] Declaration of Admin\Model\ArticleModel::delete() should be compatible with Think\Model::delete($options = Array) D:\WWW\tools\Application\Admin\Model\ArticleModel.class.php 第 101 行.
SQL: SHOW COLUMNS FROM `article` [ RunTime:0.0090s ]
SQL: SELECT * FROM `article` WHERE `type` = 1 ORDER BY id desc LIMIT 0,10   [ RunTime:0.0020s ]
SQL: SELECT COUNT(*) AS tp_count FROM `article` WHERE `type` = 1 LIMIT 1   [ RunTime:0.0010s ]
NOTIC: [2048] Declaration of Admin\Model\TypeModel::save() should be compatible with Think\Model::save($data = '', $options = Array) D:\WWW\tools\Application\Admin\Model\TypeModel.class.php 第 106 行.
NOTIC: [2048] Declaration of Admin\Model\TypeModel::delete() should be compatible with Think\Model::delete($options = Array) D:\WWW\tools\Application\Admin\Model\TypeModel.class.php 第 106 行.
SQL: SHOW COLUMNS FROM `type` [ RunTime:0.0050s ]
NOTIC: [2] Missing argument 1 for Admin\Model\TypeModel::lists(), called in D:\WWW\tools\Application\Admin\Controller\IndexController.class.php on line 104 and defined D:\WWW\tools\Application\Admin\Model\TypeModel.class.php 第 101 行.
NOTIC: [8] Undefined variable: arr D:\WWW\tools\Application\Admin\Model\TypeModel.class.php 第 102 行.
SQL: SELECT * FROM `type` ORDER BY `order` asc,id asc  [ RunTime:0.0010s ]
INFO: [ view_parse ] --START--
INFO: [ template_filter ] --START--
INFO: Run Behavior\ContentReplaceBehavior [ RunTime:0.001000s ]
INFO: [ template_filter ] --END-- [ RunTime:0.004000s ]
INFO: Run Behavior\ParseTemplateBehavior [ RunTime:0.119006s ]
INFO: [ view_parse ] --END-- [ RunTime:0.121006s ]
INFO: [ view_filter ] --START--
INFO: Run Behavior\WriteHtmlCacheBehavior [ RunTime:0.002000s ]
INFO: [ view_filter ] --END-- [ RunTime:0.004000s ]
INFO: [ app_end ] --START--
INFO: Run Behavior\ShowPageTraceBehavior [ RunTime:0.001000s ]
INFO: [ app_end ] --END-- [ RunTime:0.003000s ]

[ 2017-05-31T10:48:41+08:00 ] 127.0.0.1 /admin/index/lists.aspx
INFO: [ app_init ] --START--
INFO: Run Behavior\BuildLiteBehavior [ RunTime:0.000000s ]
INFO: [ app_init ] --END-- [ RunTime:0.003000s ]
INFO: [ app_begin ] --START--
INFO: Run Behavior\ReadHtmlCacheBehavior [ RunTime:0.001000s ]
INFO: [ app_begin ] --END-- [ RunTime:0.003000s ]
NOTIC: [2048] Declaration of Admin\Model\ArticleModel::save() should be compatible with Think\Model::save($data = '', $options = Array) D:\WWW\tools\Application\Admin\Model\ArticleModel.class.php 第 101 行.
NOTIC: [2048] Declaration of Admin\Model\ArticleModel::delete() should be compatible with Think\Model::delete($options = Array) D:\WWW\tools\Application\Admin\Model\ArticleModel.class.php 第 101 行.
SQL: SHOW COLUMNS FROM `article` [ RunTime:0.0110s ]
SQL: SELECT * FROM `article` WHERE `type` = 1 ORDER BY id desc LIMIT 0,10   [ RunTime:0.0020s ]
SQL: SELECT COUNT(*) AS tp_count FROM `article` WHERE `type` = 1 LIMIT 1   [ RunTime:0.0010s ]
NOTIC: [2048] Declaration of Admin\Model\TypeModel::save() should be compatible with Think\Model::save($data = '', $options = Array) D:\WWW\tools\Application\Admin\Model\TypeModel.class.php 第 106 行.
NOTIC: [2048] Declaration of Admin\Model\TypeModel::delete() should be compatible with Think\Model::delete($options = Array) D:\WWW\tools\Application\Admin\Model\TypeModel.class.php 第 106 行.
SQL: SHOW COLUMNS FROM `type` [ RunTime:0.0060s ]
NOTIC: [2] Missing argument 1 for Admin\Model\TypeModel::lists(), called in D:\WWW\tools\Application\Admin\Controller\IndexController.class.php on line 104 and defined D:\WWW\tools\Application\Admin\Model\TypeModel.class.php 第 101 行.
NOTIC: [8] Undefined variable: arr D:\WWW\tools\Application\Admin\Model\TypeModel.class.php 第 102 行.
SQL: SELECT * FROM `type` ORDER BY `order` asc,id asc  [ RunTime:0.0000s ]
INFO: [ view_parse ] --START--
INFO: [ template_filter ] --START--
INFO: Run Behavior\ContentReplaceBehavior [ RunTime:0.001000s ]
INFO: [ template_filter ] --END-- [ RunTime:0.003000s ]
INFO: Run Behavior\ParseTemplateBehavior [ RunTime:0.119006s ]
INFO: [ view_parse ] --END-- [ RunTime:0.121006s ]
INFO: [ view_filter ] --START--
INFO: Run Behavior\WriteHtmlCacheBehavior [ RunTime:0.002000s ]
INFO: [ view_filter ] --END-- [ RunTime:0.005000s ]
INFO: [ app_end ] --START--
INFO: Run Behavior\ShowPageTraceBehavior [ RunTime:0.001000s ]
INFO: [ app_end ] --END-- [ RunTime:0.003000s ]

[ 2017-05-31T10:48:47+08:00 ] 127.0.0.1 /admin/index/lists.aspx
INFO: [ app_init ] --START--
INFO: Run Behavior\BuildLiteBehavior [ RunTime:0.000000s ]
INFO: [ app_init ] --END-- [ RunTime:0.003000s ]
INFO: [ app_begin ] --START--
INFO: Run Behavior\ReadHtmlCacheBehavior [ RunTime:0.001000s ]
INFO: [ app_begin ] --END-- [ RunTime:0.003000s ]
NOTIC: [2048] Declaration of Admin\Model\ArticleModel::save() should be compatible with Think\Model::save($data = '', $options = Array) D:\WWW\tools\Application\Admin\Model\ArticleModel.class.php 第 101 行.
NOTIC: [2048] Declaration of Admin\Model\ArticleModel::delete() should be compatible with Think\Model::delete($options = Array) D:\WWW\tools\Application\Admin\Model\ArticleModel.class.php 第 101 行.
SQL: SHOW COLUMNS FROM `article` [ RunTime:0.0100s ]
NOTIC: [8] Undefined variable: arr D:\WWW\tools\Application\Admin\Controller\IndexController.class.php 第 102 行.
SQL: SELECT * FROM `article` ORDER BY id desc LIMIT 0,10   [ RunTime:0.0090s ]
SQL: SELECT COUNT(*) AS tp_count FROM `article` LIMIT 1   [ RunTime:0.0010s ]
NOTIC: [2048] Declaration of Admin\Model\TypeModel::save() should be compatible with Think\Model::save($data = '', $options = Array) D:\WWW\tools\Application\Admin\Model\TypeModel.class.php 第 106 行.
NOTIC: [2048] Declaration of Admin\Model\TypeModel::delete() should be compatible with Think\Model::delete($options = Array) D:\WWW\tools\Application\Admin\Model\TypeModel.class.php 第 106 行.
SQL: SHOW COLUMNS FROM `type` [ RunTime:0.0050s ]
NOTIC: [2] Missing argument 1 for Admin\Model\TypeModel::lists(), called in D:\WWW\tools\Application\Admin\Controller\IndexController.class.php on line 104 and defined D:\WWW\tools\Application\Admin\Model\TypeModel.class.php 第 101 行.
NOTIC: [8] Undefined variable: arr D:\WWW\tools\Application\Admin\Model\TypeModel.class.php 第 102 行.
SQL: SELECT * FROM `type` ORDER BY `order` asc,id asc  [ RunTime:0.0000s ]
INFO: [ view_parse ] --START--
INFO: [ template_filter ] --START--
INFO: Run Behavior\ContentReplaceBehavior [ RunTime:0.001000s ]
INFO: [ template_filter ] --END-- [ RunTime:0.004000s ]
INFO: Run Behavior\ParseTemplateBehavior [ RunTime:0.152008s ]
INFO: [ view_parse ] --END-- [ RunTime:0.154008s ]
INFO: [ view_filter ] --START--
INFO: Run Behavior\WriteHtmlCacheBehavior [ RunTime:0.002000s ]
INFO: [ view_filter ] --END-- [ RunTime:0.004001s ]
INFO: [ app_end ] --START--
INFO: Run Behavior\ShowPageTraceBehavior [ RunTime:0.003000s ]
INFO: [ app_end ] --END-- [ RunTime:0.004000s ]

[ 2017-05-31T10:49:06+08:00 ] 127.0.0.1 /admin/index/lists.aspx
INFO: [ app_init ] --START--
INFO: Run Behavior\BuildLiteBehavior [ RunTime:0.000000s ]
INFO: [ app_init ] --END-- [ RunTime:0.003000s ]
INFO: [ app_begin ] --START--
INFO: Run Behavior\ReadHtmlCacheBehavior [ RunTime:0.001000s ]
INFO: [ app_begin ] --END-- [ RunTime:0.003000s ]
NOTIC: [2048] Declaration of Admin\Model\ArticleModel::save() should be compatible with Think\Model::save($data = '', $options = Array) D:\WWW\tools\Application\Admin\Model\ArticleModel.class.php 第 101 行.
NOTIC: [2048] Declaration of Admin\Model\ArticleModel::delete() should be compatible with Think\Model::delete($options = Array) D:\WWW\tools\Application\Admin\Model\ArticleModel.class.php 第 101 行.
SQL: SHOW COLUMNS FROM `article` [ RunTime:0.0080s ]
NOTIC: [8] Undefined variable: arr D:\WWW\tools\Application\Admin\Controller\IndexController.class.php 第 102 行.
SQL: SELECT * FROM `article` ORDER BY id desc LIMIT 0,10   [ RunTime:0.0170s ]
SQL: SELECT COUNT(*) AS tp_count FROM `article` LIMIT 1   [ RunTime:0.0010s ]
NOTIC: [2048] Declaration of Admin\Model\TypeModel::save() should be compatible with Think\Model::save($data = '', $options = Array) D:\WWW\tools\Application\Admin\Model\TypeModel.class.php 第 106 行.
NOTIC: [2048] Declaration of Admin\Model\TypeModel::delete() should be compatible with Think\Model::delete($options = Array) D:\WWW\tools\Application\Admin\Model\TypeModel.class.php 第 106 行.
SQL: SHOW COLUMNS FROM `type` [ RunTime:0.0050s ]
NOTIC: [2] Missing argument 1 for Admin\Model\TypeModel::lists(), called in D:\WWW\tools\Application\Admin\Controller\IndexController.class.php on line 104 and defined D:\WWW\tools\Application\Admin\Model\TypeModel.class.php 第 101 行.
NOTIC: [8] Undefined variable: arr D:\WWW\tools\Application\Admin\Model\TypeModel.class.php 第 102 行.
SQL: SELECT * FROM `type` ORDER BY `order` asc,id asc  [ RunTime:0.0010s ]
INFO: [ view_parse ] --START--
INFO: [ template_filter ] --START--
INFO: Run Behavior\ContentReplaceBehavior [ RunTime:0.001000s ]
INFO: [ template_filter ] --END-- [ RunTime:0.004000s ]
INFO: Run Behavior\ParseTemplateBehavior [ RunTime:0.152008s ]
INFO: [ view_parse ] --END-- [ RunTime:0.153008s ]
INFO: [ view_filter ] --START--
INFO: Run Behavior\WriteHtmlCacheBehavior [ RunTime:0.002001s ]
INFO: [ view_filter ] --END-- [ RunTime:0.004001s ]
INFO: [ app_end ] --START--
INFO: Run Behavior\ShowPageTraceBehavior [ RunTime:0.002000s ]
INFO: [ app_end ] --END-- [ RunTime:0.004000s ]

[ 2017-05-31T10:49:11+08:00 ] 127.0.0.1 /admin/index/lists.aspx
INFO: [ app_init ] --START--
INFO: Run Behavior\BuildLiteBehavior [ RunTime:0.000000s ]
INFO: [ app_init ] --END-- [ RunTime:0.003001s ]
INFO: [ app_begin ] --START--
INFO: Run Behavior\ReadHtmlCacheBehavior [ RunTime:0.001000s ]
INFO: [ app_begin ] --END-- [ RunTime:0.003001s ]
NOTIC: [2048] Declaration of Admin\Model\ArticleModel::save() should be compatible with Think\Model::save($data = '', $options = Array) D:\WWW\tools\Application\Admin\Model\ArticleModel.class.php 第 101 行.
NOTIC: [2048] Declaration of Admin\Model\ArticleModel::delete() should be compatible with Think\Model::delete($options = Array) D:\WWW\tools\Application\Admin\Model\ArticleModel.class.php 第 101 行.
SQL: SHOW COLUMNS FROM `article` [ RunTime:0.0090s ]
SQL: SELECT * FROM `article` WHERE `type` = 12 ORDER BY id desc LIMIT 0,10   [ RunTime:0.0070s ]
SQL: SELECT COUNT(*) AS tp_count FROM `article` WHERE `type` = 12 LIMIT 1   [ RunTime:0.0010s ]
NOTIC: [2048] Declaration of Admin\Model\TypeModel::save() should be compatible with Think\Model::save($data = '', $options = Array) D:\WWW\tools\Application\Admin\Model\TypeModel.class.php 第 106 行.
NOTIC: [2048] Declaration of Admin\Model\TypeModel::delete() should be compatible with Think\Model::delete($options = Array) D:\WWW\tools\Application\Admin\Model\TypeModel.class.php 第 106 行.
SQL: SHOW COLUMNS FROM `type` [ RunTime:0.0040s ]
NOTIC: [2] Missing argument 1 for Admin\Model\TypeModel::lists(), called in D:\WWW\tools\Application\Admin\Controller\IndexController.class.php on line 104 and defined D:\WWW\tools\Application\Admin\Model\TypeModel.class.php 第 101 行.
NOTIC: [8] Undefined variable: arr D:\WWW\tools\Application\Admin\Model\TypeModel.class.php 第 102 行.
SQL: SELECT * FROM `type` ORDER BY `order` asc,id asc  [ RunTime:0.0010s ]
INFO: [ view_parse ] --START--
INFO: [ template_filter ] --START--
INFO: Run Behavior\ContentReplaceBehavior [ RunTime:0.001000s ]
INFO: [ template_filter ] --END-- [ RunTime:0.003000s ]
INFO: Run Behavior\ParseTemplateBehavior [ RunTime:0.122007s ]
INFO: [ view_parse ] --END-- [ RunTime:0.125007s ]
INFO: [ view_filter ] --START--
INFO: Run Behavior\WriteHtmlCacheBehavior [ RunTime:0.002000s ]
INFO: [ view_filter ] --END-- [ RunTime:0.003000s ]
INFO: [ app_end ] --START--
INFO: Run Behavior\ShowPageTraceBehavior [ RunTime:0.002000s ]
INFO: [ app_end ] --END-- [ RunTime:0.004000s ]

[ 2017-05-31T10:49:15+08:00 ] 127.0.0.1 /admin/index/lists.aspx
INFO: [ app_init ] --START--
INFO: Run Behavior\BuildLiteBehavior [ RunTime:0.001000s ]
INFO: [ app_init ] --END-- [ RunTime:0.004001s ]
INFO: [ app_begin ] --START--
INFO: Run Behavior\ReadHtmlCacheBehavior [ RunTime:0.002000s ]
INFO: [ app_begin ] --END-- [ RunTime:0.004000s ]
NOTIC: [2048] Declaration of Admin\Model\ArticleModel::save() should be compatible with Think\Model::save($data = '', $options = Array) D:\WWW\tools\Application\Admin\Model\ArticleModel.class.php 第 101 行.
NOTIC: [2048] Declaration of Admin\Model\ArticleModel::delete() should be compatible with Think\Model::delete($options = Array) D:\WWW\tools\Application\Admin\Model\ArticleModel.class.php 第 101 行.
SQL: SHOW COLUMNS FROM `article` [ RunTime:0.0070s ]
NOTIC: [8] Undefined variable: arr D:\WWW\tools\Application\Admin\Controller\IndexController.class.php 第 102 行.
SQL: SELECT * FROM `article` ORDER BY id desc LIMIT 0,10   [ RunTime:0.0120s ]
SQL: SELECT COUNT(*) AS tp_count FROM `article` LIMIT 1   [ RunTime:0.0020s ]
NOTIC: [2048] Declaration of Admin\Model\TypeModel::save() should be compatible with Think\Model::save($data = '', $options = Array) D:\WWW\tools\Application\Admin\Model\TypeModel.class.php 第 106 行.
NOTIC: [2048] Declaration of Admin\Model\TypeModel::delete() should be compatible with Think\Model::delete($options = Array) D:\WWW\tools\Application\Admin\Model\TypeModel.class.php 第 106 行.
SQL: SHOW COLUMNS FROM `type` [ RunTime:0.0050s ]
NOTIC: [2] Missing argument 1 for Admin\Model\TypeModel::lists(), called in D:\WWW\tools\Application\Admin\Controller\IndexController.class.php on line 104 and defined D:\WWW\tools\Application\Admin\Model\TypeModel.class.php 第 101 行.
NOTIC: [8] Undefined variable: arr D:\WWW\tools\Application\Admin\Model\TypeModel.class.php 第 102 行.
SQL: SELECT * FROM `type` ORDER BY `order` asc,id asc  [ RunTime:0.0010s ]
INFO: [ view_parse ] --START--
INFO: [ template_filter ] --START--
INFO: Run Behavior\ContentReplaceBehavior [ RunTime:0.002000s ]
INFO: [ template_filter ] --END-- [ RunTime:0.003000s ]
INFO: Run Behavior\ParseTemplateBehavior [ RunTime:0.150008s ]
INFO: [ view_parse ] --END-- [ RunTime:0.152008s ]
INFO: [ view_filter ] --START--
INFO: Run Behavior\WriteHtmlCacheBehavior [ RunTime:0.002000s ]
INFO: [ view_filter ] --END-- [ RunTime:0.004001s ]
INFO: [ app_end ] --START--
INFO: Run Behavior\ShowPageTraceBehavior [ RunTime:0.002000s ]
INFO: [ app_end ] --END-- [ RunTime:0.005000s ]

[ 2017-05-31T10:49:21+08:00 ] 127.0.0.1 /admin/index/article/id/44.aspx
INFO: [ app_init ] --START--
INFO: Run Behavior\BuildLiteBehavior [ RunTime:0.000000s ]
INFO: [ app_init ] --END-- [ RunTime:0.003000s ]
INFO: [ app_begin ] --START--
INFO: Run Behavior\ReadHtmlCacheBehavior [ RunTime:0.003000s ]
INFO: [ app_begin ] --END-- [ RunTime:0.005000s ]
NOTIC: [2048] Declaration of Admin\Model\TypeModel::save() should be compatible with Think\Model::save($data = '', $options = Array) D:\WWW\tools\Application\Admin\Model\TypeModel.class.php 第 106 行.
NOTIC: [2048] Declaration of Admin\Model\TypeModel::delete() should be compatible with Think\Model::delete($options = Array) D:\WWW\tools\Application\Admin\Model\TypeModel.class.php 第 106 行.
SQL: SHOW COLUMNS FROM `type` [ RunTime:0.0100s ]
NOTIC: [2] Missing argument 1 for Admin\Model\TypeModel::lists(), called in D:\WWW\tools\Application\Admin\Controller\IndexController.class.php on line 35 and defined D:\WWW\tools\Application\Admin\Model\TypeModel.class.php 第 101 行.
NOTIC: [8] Undefined variable: arr D:\WWW\tools\Application\Admin\Model\TypeModel.class.php 第 102 行.
SQL: SELECT * FROM `type` ORDER BY `order` asc,id asc  [ RunTime:0.0020s ]
NOTIC: [2048] Declaration of Admin\Model\ArticleModel::save() should be compatible with Think\Model::save($data = '', $options = Array) D:\WWW\tools\Application\Admin\Model\ArticleModel.class.php 第 101 行.
NOTIC: [2048] Declaration of Admin\Model\ArticleModel::delete() should be compatible with Think\Model::delete($options = Array) D:\WWW\tools\Application\Admin\Model\ArticleModel.class.php 第 101 行.
SQL: SHOW COLUMNS FROM `article` [ RunTime:0.0050s ]
SQL: SELECT * FROM `article` WHERE `id` = 44 LIMIT 1   [ RunTime:0.0010s ]
INFO: [ view_parse ] --START--
INFO: [ template_filter ] --START--
INFO: Run Behavior\ContentReplaceBehavior [ RunTime:0.002001s ]
INFO: [ template_filter ] --END-- [ RunTime:0.004001s ]
INFO: Run Behavior\ParseTemplateBehavior [ RunTime:0.092006s ]
INFO: [ view_parse ] --END-- [ RunTime:0.094006s ]
INFO: [ view_filter ] --START--
INFO: Run Behavior\WriteHtmlCacheBehavior [ RunTime:0.002000s ]
INFO: [ view_filter ] --END-- [ RunTime:0.004000s ]
INFO: [ app_end ] --START--
INFO: Run Behavior\ShowPageTraceBehavior [ RunTime:0.002000s ]
INFO: [ app_end ] --END-- [ RunTime:0.004000s ]

[ 2017-05-31T17:18:20+08:00 ] 127.0.0.1 /admin/index/keywordlists.aspx
INFO: [ app_init ] --START--
INFO: Run Behavior\BuildLiteBehavior [ RunTime:0.000000s ]
INFO: [ app_init ] --END-- [ RunTime:0.003000s ]
INFO: [ app_begin ] --START--
INFO: Run Behavior\ReadHtmlCacheBehavior [ RunTime:0.001000s ]
INFO: [ app_begin ] --END-- [ RunTime:0.003000s ]
NOTIC: [2048] Declaration of Home\Model\TypeModel::save() should be compatible with Think\Model::save($data = '', $options = Array) D:\WWW\tools\Application\Home\Model\TypeModel.class.php 第 10 行.
NOTIC: [2048] Declaration of Home\Model\TypeModel::delete() should be compatible with Think\Model::delete($options = Array) D:\WWW\tools\Application\Home\Model\TypeModel.class.php 第 10 行.
SQL: SHOW COLUMNS FROM `type` [ RunTime:0.0120s ]
NOTIC: [2] Missing argument 1 for Home\Model\TypeModel::lists(), called in D:\WWW\tools\ThinkPHP\Library\Think\Controller.class.php on line 51 and defined D:\WWW\tools\Application\Home\Model\TypeModel.class.php 第 83 行.
NOTIC: [8] Undefined variable: arr D:\WWW\tools\Application\Home\Model\TypeModel.class.php 第 84 行.
SQL: SELECT * FROM `type` ORDER BY `order` asc,id asc  [ RunTime:0.0020s ]
NOTIC: [8] Undefined variable: arr D:\WWW\tools\Application\Admin\Controller\IndexController.class.php 第 145 行.
SQL: SHOW COLUMNS FROM `keywords` [ RunTime:0.0070s ]
SQL: SELECT * FROM `keywords` ORDER BY `order` asc,num desc LIMIT 0,10   [ RunTime:0.0010s ]
SQL: SELECT COUNT(*) AS tp_count FROM `keywords` LIMIT 1   [ RunTime:0.0000s ]
INFO: [ view_parse ] --START--
INFO: [ template_filter ] --START--
INFO: Run Behavior\ContentReplaceBehavior [ RunTime:0.002000s ]
INFO: [ template_filter ] --END-- [ RunTime:0.004000s ]
INFO: Run Behavior\ParseTemplateBehavior [ RunTime:0.142009s ]
INFO: [ view_parse ] --END-- [ RunTime:0.144009s ]
INFO: [ view_filter ] --START--
INFO: Run Behavior\WriteHtmlCacheBehavior [ RunTime:0.002000s ]
INFO: [ view_filter ] --END-- [ RunTime:0.004000s ]
INFO: [ app_end ] --START--
INFO: Run Behavior\ShowPageTraceBehavior [ RunTime:0.002000s ]
INFO: [ app_end ] --END-- [ RunTime:0.006001s ]

[ 2017-05-31T17:19:11+08:00 ] 127.0.0.1 /admin/index/keywordlists.aspx
INFO: [ app_init ] --START--
INFO: Run Behavior\BuildLiteBehavior [ RunTime:0.001000s ]
INFO: [ app_init ] --END-- [ RunTime:0.003000s ]
INFO: [ app_begin ] --START--
INFO: Run Behavior\ReadHtmlCacheBehavior [ RunTime:0.002000s ]
INFO: [ app_begin ] --END-- [ RunTime:0.003001s ]
NOTIC: [2048] Declaration of Home\Model\TypeModel::save() should be compatible with Think\Model::save($data = '', $options = Array) D:\WWW\tools\Application\Home\Model\TypeModel.class.php 第 10 行.
NOTIC: [2048] Declaration of Home\Model\TypeModel::delete() should be compatible with Think\Model::delete($options = Array) D:\WWW\tools\Application\Home\Model\TypeModel.class.php 第 10 行.
SQL: SHOW COLUMNS FROM `type` [ RunTime:0.0060s ]
NOTIC: [2] Missing argument 1 for Home\Model\TypeModel::lists(), called in D:\WWW\tools\ThinkPHP\Library\Think\Controller.class.php on line 51 and defined D:\WWW\tools\Application\Home\Model\TypeModel.class.php 第 83 行.
NOTIC: [8] Undefined variable: arr D:\WWW\tools\Application\Home\Model\TypeModel.class.php 第 84 行.
SQL: SELECT * FROM `type` ORDER BY `order` asc,id asc  [ RunTime:0.0010s ]
NOTIC: [8] Undefined variable: arr D:\WWW\tools\Application\Admin\Controller\IndexController.class.php 第 145 行.
SQL: SHOW COLUMNS FROM `keywords` [ RunTime:0.0050s ]
SQL: SELECT * FROM `keywords` ORDER BY `order` asc,num desc LIMIT 0,10   [ RunTime:0.0010s ]
SQL: SELECT COUNT(*) AS tp_count FROM `keywords` LIMIT 1   [ RunTime:0.0010s ]
INFO: [ view_parse ] --START--
INFO: [ template_filter ] --START--
INFO: Run Behavior\ContentReplaceBehavior [ RunTime:0.003000s ]
INFO: [ template_filter ] --END-- [ RunTime:0.005000s ]
INFO: Run Behavior\ParseTemplateBehavior [ RunTime:0.108006s ]
INFO: [ view_parse ] --END-- [ RunTime:0.110006s ]
INFO: [ view_filter ] --START--
INFO: Run Behavior\WriteHtmlCacheBehavior [ RunTime:0.001000s ]
INFO: [ view_filter ] --END-- [ RunTime:0.003000s ]
INFO: [ app_end ] --START--
INFO: Run Behavior\ShowPageTraceBehavior [ RunTime:0.002000s ]
INFO: [ app_end ] --END-- [ RunTime:0.009000s ]

[ 2017-05-31T17:19:21+08:00 ] 127.0.0.1 /admin/index/typemanager.aspx
INFO: [ app_init ] --START--
INFO: Run Behavior\BuildLiteBehavior [ RunTime:0.001000s ]
INFO: [ app_init ] --END-- [ RunTime:0.003001s ]
INFO: [ app_begin ] --START--
INFO: Run Behavior\ReadHtmlCacheBehavior [ RunTime:0.002001s ]
INFO: [ app_begin ] --END-- [ RunTime:0.003001s ]
NOTIC: [2048] Declaration of Home\Model\TypeModel::save() should be compatible with Think\Model::save($data = '', $options = Array) D:\WWW\tools\Application\Home\Model\TypeModel.class.php 第 10 行.
NOTIC: [2048] Declaration of Home\Model\TypeModel::delete() should be compatible with Think\Model::delete($options = Array) D:\WWW\tools\Application\Home\Model\TypeModel.class.php 第 10 行.
SQL: SHOW COLUMNS FROM `type` [ RunTime:0.0070s ]
NOTIC: [2] Missing argument 1 for Home\Model\TypeModel::lists(), called in D:\WWW\tools\ThinkPHP\Library\Think\Controller.class.php on line 51 and defined D:\WWW\tools\Application\Home\Model\TypeModel.class.php 第 83 行.
NOTIC: [8] Undefined variable: arr D:\WWW\tools\Application\Home\Model\TypeModel.class.php 第 84 行.
SQL: SELECT * FROM `type` ORDER BY `order` asc,id asc  [ RunTime:0.0010s ]
NOTIC: [2048] Declaration of Admin\Model\TypeModel::save() should be compatible with Think\Model::save($data = '', $options = Array) D:\WWW\tools\Application\Admin\Model\TypeModel.class.php 第 106 行.
NOTIC: [2048] Declaration of Admin\Model\TypeModel::delete() should be compatible with Think\Model::delete($options = Array) D:\WWW\tools\Application\Admin\Model\TypeModel.class.php 第 106 行.
NOTIC: [8] Undefined variable: arr D:\WWW\tools\Application\Admin\Controller\IndexController.class.php 第 222 行.
SQL: SELECT * FROM `type` WHERE `parent_id` IN ('0') ORDER BY `order` asc,id asc  [ RunTime:0.0460s ]
SQL: SELECT * FROM `type` WHERE `parent_id` IN ('1','2','3','4','12') ORDER BY `order` asc,id asc  [ RunTime:0.0370s ]
INFO: [ view_parse ] --START--
INFO: [ template_filter ] --START--
INFO: Run Behavior\ContentReplaceBehavior [ RunTime:0.001000s ]
INFO: [ template_filter ] --END-- [ RunTime:0.003000s ]
NOTIC: [8] Undefined variable: title D:\WWW\tools\Application\Runtime\Cache\Admin\998d5290710e253fee5e3c66bc442010.php 第 116 行.
INFO: Run Behavior\ParseTemplateBehavior [ RunTime:0.148008s ]
INFO: [ view_parse ] --END-- [ RunTime:0.151008s ]
INFO: [ view_filter ] --START--
INFO: Run Behavior\WriteHtmlCacheBehavior [ RunTime:0.001000s ]
INFO: [ view_filter ] --END-- [ RunTime:0.003000s ]
INFO: [ app_end ] --START--
INFO: Run Behavior\ShowPageTraceBehavior [ RunTime:0.001000s ]
INFO: [ app_end ] --END-- [ RunTime:0.006000s ]

[ 2017-05-31T17:19:23+08:00 ] 127.0.0.1 /admin/index/keywordlists.aspx
INFO: [ app_init ] --START--
INFO: Run Behavior\BuildLiteBehavior [ RunTime:0.000000s ]
INFO: [ app_init ] --END-- [ RunTime:0.003000s ]
INFO: [ app_begin ] --START--
INFO: Run Behavior\ReadHtmlCacheBehavior [ RunTime:0.002000s ]
INFO: [ app_begin ] --END-- [ RunTime:0.004000s ]
NOTIC: [2048] Declaration of Home\Model\TypeModel::save() should be compatible with Think\Model::save($data = '', $options = Array) D:\WWW\tools\Application\Home\Model\TypeModel.class.php 第 10 行.
NOTIC: [2048] Declaration of Home\Model\TypeModel::delete() should be compatible with Think\Model::delete($options = Array) D:\WWW\tools\Application\Home\Model\TypeModel.class.php 第 10 行.
SQL: SHOW COLUMNS FROM `type` [ RunTime:0.0110s ]
NOTIC: [2] Missing argument 1 for Home\Model\TypeModel::lists(), called in D:\WWW\tools\ThinkPHP\Library\Think\Controller.class.php on line 51 and defined D:\WWW\tools\Application\Home\Model\TypeModel.class.php 第 83 行.
NOTIC: [8] Undefined variable: arr D:\WWW\tools\Application\Home\Model\TypeModel.class.php 第 84 行.
SQL: SELECT * FROM `type` ORDER BY `order` asc,id asc  [ RunTime:0.0010s ]
NOTIC: [8] Undefined variable: arr D:\WWW\tools\Application\Admin\Controller\IndexController.class.php 第 145 行.
SQL: SHOW COLUMNS FROM `keywords` [ RunTime:0.0040s ]
SQL: SELECT * FROM `keywords` ORDER BY `order` asc,num desc LIMIT 0,10   [ RunTime:0.0010s ]
SQL: SELECT COUNT(*) AS tp_count FROM `keywords` LIMIT 1   [ RunTime:0.0010s ]
INFO: [ view_parse ] --START--
INFO: [ template_filter ] --START--
INFO: Run Behavior\ContentReplaceBehavior [ RunTime:0.002000s ]
INFO: [ template_filter ] --END-- [ RunTime:0.004000s ]
INFO: Run Behavior\ParseTemplateBehavior [ RunTime:0.101006s ]
INFO: [ view_parse ] --END-- [ RunTime:0.103006s ]
INFO: [ view_filter ] --START--
INFO: Run Behavior\WriteHtmlCacheBehavior [ RunTime:0.002000s ]
INFO: [ view_filter ] --END-- [ RunTime:0.003000s ]
INFO: [ app_end ] --START--
INFO: Run Behavior\ShowPageTraceBehavior [ RunTime:0.001000s ]
INFO: [ app_end ] --END-- [ RunTime:0.005000s ]

[ 2017-05-31T17:19:27+08:00 ] 127.0.0.1 /admin/index/keywordlists.aspx
INFO: [ app_init ] --START--
INFO: Run Behavior\BuildLiteBehavior [ RunTime:0.000000s ]
INFO: [ app_init ] --END-- [ RunTime:0.003000s ]
INFO: [ app_begin ] --START--
INFO: Run Behavior\ReadHtmlCacheBehavior [ RunTime:0.002000s ]
INFO: [ app_begin ] --END-- [ RunTime:0.004000s ]
NOTIC: [2048] Declaration of Home\Model\TypeModel::save() should be compatible with Think\Model::save($data = '', $options = Array) D:\WWW\tools\Application\Home\Model\TypeModel.class.php 第 10 行.
NOTIC: [2048] Declaration of Home\Model\TypeModel::delete() should be compatible with Think\Model::delete($options = Array) D:\WWW\tools\Application\Home\Model\TypeModel.class.php 第 10 行.
SQL: SHOW COLUMNS FROM `type` [ RunTime:0.0100s ]
NOTIC: [2] Missing argument 1 for Home\Model\TypeModel::lists(), called in D:\WWW\tools\ThinkPHP\Library\Think\Controller.class.php on line 51 and defined D:\WWW\tools\Application\Home\Model\TypeModel.class.php 第 83 行.
NOTIC: [8] Undefined variable: arr D:\WWW\tools\Application\Home\Model\TypeModel.class.php 第 84 行.
SQL: SELECT * FROM `type` ORDER BY `order` asc,id asc  [ RunTime:0.0010s ]
NOTIC: [8] Undefined variable: arr D:\WWW\tools\Application\Admin\Controller\IndexController.class.php 第 145 行.
SQL: SHOW COLUMNS FROM `keywords` [ RunTime:0.0050s ]
SQL: SELECT * FROM `keywords` ORDER BY `order` asc,num desc LIMIT 0,10   [ RunTime:0.0010s ]
SQL: SELECT COUNT(*) AS tp_count FROM `keywords` LIMIT 1   [ RunTime:0.0010s ]
INFO: [ view_parse ] --START--
INFO: [ template_filter ] --START--
INFO: Run Behavior\ContentReplaceBehavior [ RunTime:0.001000s ]
INFO: [ template_filter ] --END-- [ RunTime:0.003000s ]
INFO: Run Behavior\ParseTemplateBehavior [ RunTime:0.098005s ]
INFO: [ view_parse ] --END-- [ RunTime:0.100005s ]
INFO: [ view_filter ] --START--
INFO: Run Behavior\WriteHtmlCacheBehavior [ RunTime:0.001000s ]
INFO: [ view_filter ] --END-- [ RunTime:0.003001s ]
INFO: [ app_end ] --START--
INFO: Run Behavior\ShowPageTraceBehavior [ RunTime:0.003000s ]
INFO: [ app_end ] --END-- [ RunTime:0.006000s ]

[ 2017-05-31T17:26:05+08:00 ] 127.0.0.1 /admin/index/lists.aspx
INFO: [ app_init ] --START--
INFO: Run Behavior\BuildLiteBehavior [ RunTime:0.000000s ]
INFO: [ app_init ] --END-- [ RunTime:0.003000s ]
INFO: [ app_begin ] --START--
INFO: Run Behavior\ReadHtmlCacheBehavior [ RunTime:0.002000s ]
INFO: [ app_begin ] --END-- [ RunTime:0.004000s ]
NOTIC: [2048] Declaration of Home\Model\TypeModel::save() should be compatible with Think\Model::save($data = '', $options = Array) D:\WWW\tools\Application\Home\Model\TypeModel.class.php 第 10 行.
NOTIC: [2048] Declaration of Home\Model\TypeModel::delete() should be compatible with Think\Model::delete($options = Array) D:\WWW\tools\Application\Home\Model\TypeModel.class.php 第 10 行.
SQL: SHOW COLUMNS FROM `type` [ RunTime:0.0090s ]
NOTIC: [2] Missing argument 1 for Home\Model\TypeModel::lists(), called in D:\WWW\tools\ThinkPHP\Library\Think\Controller.class.php on line 51 and defined D:\WWW\tools\Application\Home\Model\TypeModel.class.php 第 83 行.
NOTIC: [8] Undefined variable: arr D:\WWW\tools\Application\Home\Model\TypeModel.class.php 第 84 行.
SQL: SELECT * FROM `type` ORDER BY `order` asc,id asc  [ RunTime:0.0010s ]
NOTIC: [2048] Declaration of Admin\Model\ArticleModel::save() should be compatible with Think\Model::save($data = '', $options = Array) D:\WWW\tools\Application\Admin\Model\ArticleModel.class.php 第 101 行.
NOTIC: [2048] Declaration of Admin\Model\ArticleModel::delete() should be compatible with Think\Model::delete($options = Array) D:\WWW\tools\Application\Admin\Model\ArticleModel.class.php 第 101 行.
SQL: SHOW COLUMNS FROM `article` [ RunTime:0.0060s ]
NOTIC: [8] Undefined variable: arr D:\WWW\tools\Application\Admin\Controller\IndexController.class.php 第 102 行.
SQL: SELECT * FROM `article` ORDER BY id desc LIMIT 0,10   [ RunTime:0.0110s ]
SQL: SELECT COUNT(*) AS tp_count FROM `article` LIMIT 1   [ RunTime:0.0010s ]
NOTIC: [2048] Declaration of Admin\Model\TypeModel::save() should be compatible with Think\Model::save($data = '', $options = Array) D:\WWW\tools\Application\Admin\Model\TypeModel.class.php 第 106 行.
NOTIC: [2048] Declaration of Admin\Model\TypeModel::delete() should be compatible with Think\Model::delete($options = Array) D:\WWW\tools\Application\Admin\Model\TypeModel.class.php 第 106 行.
NOTIC: [2] Missing argument 1 for Admin\Model\TypeModel::lists(), called in D:\WWW\tools\Application\Admin\Controller\IndexController.class.php on line 104 and defined D:\WWW\tools\Application\Admin\Model\TypeModel.class.php 第 101 行.
NOTIC: [8] Undefined variable: arr D:\WWW\tools\Application\Admin\Model\TypeModel.class.php 第 102 行.
SQL: SELECT * FROM `type` ORDER BY `order` asc,id asc  [ RunTime:0.0010s ]
INFO: [ view_parse ] --START--
INFO: [ template_filter ] --START--
INFO: Run Behavior\ContentReplaceBehavior [ RunTime:0.002000s ]
INFO: [ template_filter ] --END-- [ RunTime:0.004001s ]
INFO: Run Behavior\ParseTemplateBehavior [ RunTime:0.158009s ]
INFO: [ view_parse ] --END-- [ RunTime:0.161009s ]
INFO: [ view_filter ] --START--
INFO: Run Behavior\WriteHtmlCacheBehavior [ RunTime:0.002000s ]
INFO: [ view_filter ] --END-- [ RunTime:0.004000s ]
INFO: [ app_end ] --START--
INFO: Run Behavior\ShowPageTraceBehavior [ RunTime:0.001000s ]
INFO: [ app_end ] --END-- [ RunTime:0.006000s ]

[ 2017-05-31T17:26:13+08:00 ] 127.0.0.1 /admin/index/lists.aspx
INFO: [ app_init ] --START--
INFO: Run Behavior\BuildLiteBehavior [ RunTime:0.000000s ]
INFO: [ app_init ] --END-- [ RunTime:0.003000s ]
INFO: [ app_begin ] --START--
INFO: Run Behavior\ReadHtmlCacheBehavior [ RunTime:0.001000s ]
INFO: [ app_begin ] --END-- [ RunTime:0.003000s ]
NOTIC: [2048] Declaration of Home\Model\TypeModel::save() should be compatible with Think\Model::save($data = '', $options = Array) D:\WWW\tools\Application\Home\Model\TypeModel.class.php 第 10 行.
NOTIC: [2048] Declaration of Home\Model\TypeModel::delete() should be compatible with Think\Model::delete($options = Array) D:\WWW\tools\Application\Home\Model\TypeModel.class.php 第 10 行.
SQL: SHOW COLUMNS FROM `type` [ RunTime:0.0100s ]
NOTIC: [2] Missing argument 1 for Home\Model\TypeModel::lists(), called in D:\WWW\tools\ThinkPHP\Library\Think\Controller.class.php on line 51 and defined D:\WWW\tools\Application\Home\Model\TypeModel.class.php 第 83 行.
NOTIC: [8] Undefined variable: arr D:\WWW\tools\Application\Home\Model\TypeModel.class.php 第 84 行.
SQL: SELECT * FROM `type` ORDER BY `order` asc,id asc  [ RunTime:0.0020s ]
NOTIC: [2048] Declaration of Admin\Model\ArticleModel::save() should be compatible with Think\Model::save($data = '', $options = Array) D:\WWW\tools\Application\Admin\Model\ArticleModel.class.php 第 101 行.
NOTIC: [2048] Declaration of Admin\Model\ArticleModel::delete() should be compatible with Think\Model::delete($options = Array) D:\WWW\tools\Application\Admin\Model\ArticleModel.class.php 第 101 行.
SQL: SHOW COLUMNS FROM `article` [ RunTime:0.0050s ]
SQL: SELECT * FROM `article` WHERE `type` = 1 ORDER BY id desc LIMIT 0,10   [ RunTime:0.0010s ]
SQL: SELECT COUNT(*) AS tp_count FROM `article` WHERE `type` = 1 LIMIT 1   [ RunTime:0.0010s ]
NOTIC: [2048] Declaration of Admin\Model\TypeModel::save() should be compatible with Think\Model::save($data = '', $options = Array) D:\WWW\tools\Application\Admin\Model\TypeModel.class.php 第 106 行.
NOTIC: [2048] Declaration of Admin\Model\TypeModel::delete() should be compatible with Think\Model::delete($options = Array) D:\WWW\tools\Application\Admin\Model\TypeModel.class.php 第 106 行.
NOTIC: [2] Missing argument 1 for Admin\Model\TypeModel::lists(), called in D:\WWW\tools\Application\Admin\Controller\IndexController.class.php on line 104 and defined D:\WWW\tools\Application\Admin\Model\TypeModel.class.php 第 101 行.
NOTIC: [8] Undefined variable: arr D:\WWW\tools\Application\Admin\Model\TypeModel.class.php 第 102 行.
SQL: SELECT * FROM `type` ORDER BY `order` asc,id asc  [ RunTime:0.0010s ]
INFO: [ view_parse ] --START--
INFO: [ template_filter ] --START--
INFO: Run Behavior\ContentReplaceBehavior [ RunTime:0.001000s ]
INFO: [ template_filter ] --END-- [ RunTime:0.004000s ]
INFO: Run Behavior\ParseTemplateBehavior [ RunTime:0.125007s ]
INFO: [ view_parse ] --END-- [ RunTime:0.127007s ]
INFO: [ view_filter ] --START--
INFO: Run Behavior\WriteHtmlCacheBehavior [ RunTime:0.002000s ]
INFO: [ view_filter ] --END-- [ RunTime:0.004000s ]
INFO: [ app_end ] --START--
INFO: Run Behavior\ShowPageTraceBehavior [ RunTime:0.001000s ]
INFO: [ app_end ] --END-- [ RunTime:0.003000s ]

[ 2017-05-31T17:26:19+08:00 ] 127.0.0.1 /admin/index/lists.aspx
INFO: [ app_init ] --START--
INFO: Run Behavior\BuildLiteBehavior [ RunTime:0.000000s ]
INFO: [ app_init ] --END-- [ RunTime:0.002000s ]
INFO: [ app_begin ] --START--
INFO: Run Behavior\ReadHtmlCacheBehavior [ RunTime:0.001000s ]
INFO: [ app_begin ] --END-- [ RunTime:0.003000s ]
NOTIC: [2048] Declaration of Home\Model\TypeModel::save() should be compatible with Think\Model::save($data = '', $options = Array) D:\WWW\tools\Application\Home\Model\TypeModel.class.php 第 10 行.
NOTIC: [2048] Declaration of Home\Model\TypeModel::delete() should be compatible with Think\Model::delete($options = Array) D:\WWW\tools\Application\Home\Model\TypeModel.class.php 第 10 行.
SQL: SHOW COLUMNS FROM `type` [ RunTime:0.0090s ]
NOTIC: [2] Missing argument 1 for Home\Model\TypeModel::lists(), called in D:\WWW\tools\ThinkPHP\Library\Think\Controller.class.php on line 51 and defined D:\WWW\tools\Application\Home\Model\TypeModel.class.php 第 83 行.
NOTIC: [8] Undefined variable: arr D:\WWW\tools\Application\Home\Model\TypeModel.class.php 第 84 行.
SQL: SELECT * FROM `type` ORDER BY `order` asc,id asc  [ RunTime:0.0020s ]
NOTIC: [2048] Declaration of Admin\Model\ArticleModel::save() should be compatible with Think\Model::save($data = '', $options = Array) D:\WWW\tools\Application\Admin\Model\ArticleModel.class.php 第 101 行.
NOTIC: [2048] Declaration of Admin\Model\ArticleModel::delete() should be compatible with Think\Model::delete($options = Array) D:\WWW\tools\Application\Admin\Model\ArticleModel.class.php 第 101 行.
SQL: SHOW COLUMNS FROM `article` [ RunTime:0.0050s ]
NOTIC: [8] Undefined variable: arr D:\WWW\tools\Application\Admin\Controller\IndexController.class.php 第 102 行.
SQL: SELECT * FROM `article` ORDER BY id desc LIMIT 0,10   [ RunTime:0.0050s ]
SQL: SELECT COUNT(*) AS tp_count FROM `article` LIMIT 1   [ RunTime:0.0010s ]
NOTIC: [2048] Declaration of Admin\Model\TypeModel::save() should be compatible with Think\Model::save($data = '', $options = Array) D:\WWW\tools\Application\Admin\Model\TypeModel.class.php 第 106 行.
NOTIC: [2048] Declaration of Admin\Model\TypeModel::delete() should be compatible with Think\Model::delete($options = Array) D:\WWW\tools\Application\Admin\Model\TypeModel.class.php 第 106 行.
NOTIC: [2] Missing argument 1 for Admin\Model\TypeModel::lists(), called in D:\WWW\tools\Application\Admin\Controller\IndexController.class.php on line 104 and defined D:\WWW\tools\Application\Admin\Model\TypeModel.class.php 第 101 行.
NOTIC: [8] Undefined variable: arr D:\WWW\tools\Application\Admin\Model\TypeModel.class.php 第 102 行.
SQL: SELECT * FROM `type` ORDER BY `order` asc,id asc  [ RunTime:0.0010s ]
INFO: [ view_parse ] --START--
INFO: [ template_filter ] --START--
INFO: Run Behavior\ContentReplaceBehavior [ RunTime:0.002000s ]
INFO: [ template_filter ] --END-- [ RunTime:0.003000s ]
INFO: Run Behavior\ParseTemplateBehavior [ RunTime:0.147008s ]
INFO: [ view_parse ] --END-- [ RunTime:0.149008s ]
INFO: [ view_filter ] --START--
INFO: Run Behavior\WriteHtmlCacheBehavior [ RunTime:0.002000s ]
INFO: [ view_filter ] --END-- [ RunTime:0.004000s ]
INFO: [ app_end ] --START--
INFO: Run Behavior\ShowPageTraceBehavior [ RunTime:0.002000s ]
INFO: [ app_end ] --END-- [ RunTime:0.004000s ]

[ 2017-05-31T17:26:49+08:00 ] 127.0.0.1 /admin/index/article/id/46.aspx
INFO: [ app_init ] --START--
INFO: Run Behavior\BuildLiteBehavior [ RunTime:0.000000s ]
INFO: [ app_init ] --END-- [ RunTime:0.003000s ]
INFO: [ app_begin ] --START--
INFO: Run Behavior\ReadHtmlCacheBehavior [ RunTime:0.001000s ]
INFO: [ app_begin ] --END-- [ RunTime:0.003000s ]
NOTIC: [2048] Declaration of Home\Model\TypeModel::save() should be compatible with Think\Model::save($data = '', $options = Array) D:\WWW\tools\Application\Home\Model\TypeModel.class.php 第 10 行.
NOTIC: [2048] Declaration of Home\Model\TypeModel::delete() should be compatible with Think\Model::delete($options = Array) D:\WWW\tools\Application\Home\Model\TypeModel.class.php 第 10 行.
SQL: SHOW COLUMNS FROM `type` [ RunTime:0.0100s ]
NOTIC: [2] Missing argument 1 for Home\Model\TypeModel::lists(), called in D:\WWW\tools\ThinkPHP\Library\Think\Controller.class.php on line 51 and defined D:\WWW\tools\Application\Home\Model\TypeModel.class.php 第 83 行.
NOTIC: [8] Undefined variable: arr D:\WWW\tools\Application\Home\Model\TypeModel.class.php 第 84 行.
SQL: SELECT * FROM `type` ORDER BY `order` asc,id asc  [ RunTime:0.0010s ]
NOTIC: [2048] Declaration of Admin\Model\TypeModel::save() should be compatible with Think\Model::save($data = '', $options = Array) D:\WWW\tools\Application\Admin\Model\TypeModel.class.php 第 106 行.
NOTIC: [2048] Declaration of Admin\Model\TypeModel::delete() should be compatible with Think\Model::delete($options = Array) D:\WWW\tools\Application\Admin\Model\TypeModel.class.php 第 106 行.
NOTIC: [2] Missing argument 1 for Admin\Model\TypeModel::lists(), called in D:\WWW\tools\Application\Admin\Controller\IndexController.class.php on line 35 and defined D:\WWW\tools\Application\Admin\Model\TypeModel.class.php 第 101 行.
NOTIC: [8] Undefined variable: arr D:\WWW\tools\Application\Admin\Model\TypeModel.class.php 第 102 行.
SQL: SELECT * FROM `type` ORDER BY `order` asc,id asc  [ RunTime:0.0010s ]
NOTIC: [2048] Declaration of Admin\Model\ArticleModel::save() should be compatible with Think\Model::save($data = '', $options = Array) D:\WWW\tools\Application\Admin\Model\ArticleModel.class.php 第 101 行.
NOTIC: [2048] Declaration of Admin\Model\ArticleModel::delete() should be compatible with Think\Model::delete($options = Array) D:\WWW\tools\Application\Admin\Model\ArticleModel.class.php 第 101 行.
SQL: SHOW COLUMNS FROM `article` [ RunTime:0.0050s ]
SQL: SELECT * FROM `article` WHERE `id` = 46 LIMIT 1   [ RunTime:0.0010s ]
INFO: [ view_parse ] --START--
INFO: [ template_filter ] --START--
INFO: Run Behavior\ContentReplaceBehavior [ RunTime:0.001000s ]
INFO: [ template_filter ] --END-- [ RunTime:0.003000s ]
INFO: Run Behavior\ParseTemplateBehavior [ RunTime:0.090005s ]
INFO: [ view_parse ] --END-- [ RunTime:0.092005s ]
INFO: [ view_filter ] --START--
INFO: Run Behavior\WriteHtmlCacheBehavior [ RunTime:0.001000s ]
INFO: [ view_filter ] --END-- [ RunTime:0.003000s ]
INFO: [ app_end ] --START--
INFO: Run Behavior\ShowPageTraceBehavior [ RunTime:0.003001s ]
INFO: [ app_end ] --END-- [ RunTime:0.007001s ]

[ 2017-05-31T17:26:53+08:00 ] 127.0.0.1 /admin/index/SaveArticle.aspx
INFO: [ app_init ] --START--
INFO: Run Behavior\BuildLiteBehavior [ RunTime:0.000000s ]
INFO: [ app_init ] --END-- [ RunTime:0.002000s ]
INFO: [ app_begin ] --START--
INFO: Run Behavior\ReadHtmlCacheBehavior [ RunTime:0.001000s ]
INFO: [ app_begin ] --END-- [ RunTime:0.003000s ]
NOTIC: [2048] Declaration of Home\Model\TypeModel::save() should be compatible with Think\Model::save($data = '', $options = Array) D:\WWW\tools\Application\Home\Model\TypeModel.class.php 第 10 行.
NOTIC: [2048] Declaration of Home\Model\TypeModel::delete() should be compatible with Think\Model::delete($options = Array) D:\WWW\tools\Application\Home\Model\TypeModel.class.php 第 10 行.
SQL: SHOW COLUMNS FROM `type` [ RunTime:0.0100s ]
NOTIC: [2] Missing argument 1 for Home\Model\TypeModel::lists(), called in D:\WWW\tools\ThinkPHP\Library\Think\Controller.class.php on line 51 and defined D:\WWW\tools\Application\Home\Model\TypeModel.class.php 第 83 行.
NOTIC: [8] Undefined variable: arr D:\WWW\tools\Application\Home\Model\TypeModel.class.php 第 84 行.
SQL: SELECT * FROM `type` ORDER BY `order` asc,id asc  [ RunTime:0.0050s ]
NOTIC: [2048] Declaration of Admin\Model\ArticleModel::save() should be compatible with Think\Model::save($data = '', $options = Array) D:\WWW\tools\Application\Admin\Model\ArticleModel.class.php 第 101 行.
NOTIC: [2048] Declaration of Admin\Model\ArticleModel::delete() should be compatible with Think\Model::delete($options = Array) D:\WWW\tools\Application\Admin\Model\ArticleModel.class.php 第 101 行.
SQL: SHOW COLUMNS FROM `article` [ RunTime:0.0060s ]
SQL: UPDATE `article` SET `type`='1',`title`='PHP面试总结-下篇',`keyword`='PHP面试总结',`author`='小兔',`content`='&lt;div style=&quot;margin:0px;color:#999999;font-family:verdana, Arial, Helvetica, sans-serif;font-size:14px;background-color:;&quot;&gt;
	&lt;h1 style=&quot;font-size:28px;&quot;&gt;
		strlen()与mb_strlen的作用与区别
	&lt;/h1&gt;
&lt;/div&gt;
&lt;span style=&quot;color:#999999;font-family:verdana, Arial, Helvetica, sans-serif;font-size:14px;line-height:21px;background-color:;&quot;&gt;在PHP中，strlen与mb_strlen是求字符串长度的函数&lt;/span&gt; 
&lt;div style=&quot;margin:0px;color:#999999;font-family:verdana, Arial, Helvetica, sans-serif;font-size:14px;background-color:;&quot;&gt;
	PHP内置的字符串长度函数strlen无法正确处理中文字符串，它得到的只是字符串所占的字节数。对于GB2312的中文编码，strlen得到的值是汉字个数的2倍，而对于UTF-8编码的中文，就是3倍（在 UTF-8编码下，一个汉字占3个字节）。
&lt;/div&gt;
&lt;div style=&quot;margin:0px;color:#999999;font-family:verdana, Arial, Helvetica, sans-serif;font-size:14px;background-color:;&quot;&gt;
	&amp;nbsp;
&lt;/div&gt;
&lt;span style=&quot;color:#999999;font-family:verdana, Arial, Helvetica, sans-serif;font-size:14px;line-height:21px;background-color:;&quot;&gt;采用mb_strlen函数可以较好地解决这个问题。mb_strlen的用法和strlen类似，只不过它有第二个可选参数用于指定字符编码。例如得到UTF-8的字符串$str长度，可以用 mb_strlen($str,\'UTF-8\')。如果省略第二个参数，则会使用PHP的内部编码。内部编码可以通过 mb_internal_encoding()函数得到。&lt;/span&gt; 
&lt;div style=&quot;margin:0px;color:#999999;font-family:verdana, Arial, Helvetica, sans-serif;font-size:14px;background-color:;&quot;&gt;
	&lt;br /&gt;
需要注意的是，mb_strlen并不是PHP核心函数，使用前需要确保在php.ini中加载了php_mbstring.dll，即确保“extension=php_mbstring.dll”这一行存在并且没有被注释掉，否则会出现未定义函 数的问题。
&lt;/div&gt;
&lt;div style=&quot;margin:0px;color:#999999;font-family:verdana, Arial, Helvetica, sans-serif;font-size:14px;background-color:;&quot;&gt;
	&amp;nbsp;
&lt;/div&gt;
&lt;div style=&quot;margin:0px;color:#999999;font-family:verdana, Arial, Helvetica, sans-serif;font-size:14px;background-color:;&quot;&gt;
	&lt;div style=&quot;margin:0px;&quot;&gt;
		&lt;div style=&quot;margin:0px;&quot;&gt;
			&lt;div style=&quot;margin:0px;&quot;&gt;
				&lt;strong&gt;写一个函数，尽可能高效的从一个标准url中取出扩展名&lt;/strong&gt; 
			&lt;/div&gt;
		&lt;/div&gt;
	&lt;/div&gt;
$arr&amp;nbsp;=&amp;nbsp;parse_url(\'http://www.sina.com.cn/abc/de/fg.php?id=1\');
&lt;/div&gt;
&lt;div style=&quot;margin:0px;color:#999999;font-family:verdana, Arial, Helvetica, sans-serif;font-size:14px;background-color:;&quot;&gt;
	&amp;nbsp;
&lt;/div&gt;
&lt;div style=&quot;margin:0px;color:#999999;font-family:verdana, Arial, Helvetica, sans-serif;font-size:14px;background-color:;&quot;&gt;
	$result&amp;nbsp;=&amp;nbsp;pathinfo($arr[\'path\']);var_dump($arr);
&lt;/div&gt;
&lt;div style=&quot;margin:0px;color:#999999;font-family:verdana, Arial, Helvetica, sans-serif;font-size:14px;background-color:;&quot;&gt;
	&amp;nbsp;
&lt;/div&gt;
&lt;div style=&quot;margin:0px;color:#999999;font-family:verdana, Arial, Helvetica, sans-serif;font-size:14px;background-color:;&quot;&gt;
	var_dump($result[\'extension\']);
&lt;/div&gt;
&lt;div style=&quot;margin:0px;color:#999999;font-family:verdana, Arial, Helvetica, sans-serif;font-size:14px;background-color:;&quot;&gt;
	&amp;nbsp;
&lt;/div&gt;
&lt;div style=&quot;margin:0px;color:#999999;font-family:verdana, Arial, Helvetica, sans-serif;font-size:14px;background-color:;&quot;&gt;
	&lt;div style=&quot;margin:0px;&quot;&gt;
		&lt;h1 style=&quot;font-size:28px;&quot;&gt;
			php.ini 中safe mod关闭 影响哪些函数和参数，至少写6个？
		&lt;/h1&gt;
	&lt;/div&gt;
	&lt;div style=&quot;margin:0px;&quot;&gt;
		move_uploaded_file() &amp;nbsp; &amp;nbsp; &amp;nbsp; &amp;nbsp;exec()
	&lt;/div&gt;
	&lt;div style=&quot;margin:0px;&quot;&gt;
		system() &amp;nbsp; &amp;nbsp; &amp;nbsp; &amp;nbsp; &amp;nbsp; &amp;nbsp; &amp;nbsp; &amp;nbsp; &amp;nbsp; &amp;nbsp; &amp;nbsp; &amp;nbsp; &amp;nbsp; &amp;nbsp; &amp;nbsp;passthru()
	&lt;/div&gt;
	&lt;div style=&quot;margin:0px;&quot;&gt;
		popen() &amp;nbsp; &amp;nbsp; &amp;nbsp; &amp;nbsp; &amp;nbsp; &amp;nbsp; &amp;nbsp; &amp;nbsp; &amp;nbsp; &amp;nbsp; &amp;nbsp; &amp;nbsp; &amp;nbsp; &amp;nbsp; &amp;nbsp;fopen()
	&lt;/div&gt;
	&lt;div style=&quot;margin:0px;&quot;&gt;
		mkdir() &amp;nbsp; &amp;nbsp; &amp;nbsp; &amp;nbsp; &amp;nbsp; &amp;nbsp; &amp;nbsp; &amp;nbsp; &amp;nbsp; &amp;nbsp; &amp;nbsp; &amp;nbsp; &amp;nbsp; &amp;nbsp; &amp;nbsp;&amp;nbsp;rmdir()
	&lt;/div&gt;
	&lt;div style=&quot;margin:0px;&quot;&gt;
		rename() &amp;nbsp; &amp;nbsp; &amp;nbsp; &amp;nbsp; &amp;nbsp; &amp;nbsp; &amp;nbsp; &amp;nbsp; &amp;nbsp; &amp;nbsp; &amp;nbsp; &amp;nbsp; &amp;nbsp; &amp;nbsp;unlink()
	&lt;/div&gt;
	&lt;div style=&quot;margin:0px;&quot;&gt;
		copy() &amp;nbsp; &amp;nbsp; &amp;nbsp; &amp;nbsp; &amp;nbsp; &amp;nbsp; &amp;nbsp; &amp;nbsp; &amp;nbsp; &amp;nbsp; &amp;nbsp; &amp;nbsp; &amp;nbsp; &amp;nbsp; &amp;nbsp; &amp;nbsp;&amp;nbsp;chgrp()
	&lt;/div&gt;
	&lt;div style=&quot;margin:0px;&quot;&gt;
		chown() &amp;nbsp; &amp;nbsp; &amp;nbsp; &amp;nbsp; &amp;nbsp; &amp;nbsp; &amp;nbsp; &amp;nbsp; &amp;nbsp; &amp;nbsp; &amp;nbsp; &amp;nbsp; &amp;nbsp; &amp;nbsp; &amp;nbsp;chmod()
	&lt;/div&gt;
	&lt;div style=&quot;margin:0px;&quot;&gt;
		touch() &amp;nbsp; &amp;nbsp; &amp;nbsp; &amp;nbsp; &amp;nbsp; &amp;nbsp; &amp;nbsp; &amp;nbsp; &amp;nbsp; &amp;nbsp; &amp;nbsp; &amp;nbsp; &amp;nbsp; &amp;nbsp; &amp;nbsp;&amp;nbsp;symlink()
	&lt;/div&gt;
	&lt;div style=&quot;margin:0px;&quot;&gt;
		link() &amp;nbsp; &amp;nbsp; &amp;nbsp; &amp;nbsp; &amp;nbsp; &amp;nbsp; &amp;nbsp; &amp;nbsp; &amp;nbsp; &amp;nbsp; &amp;nbsp; &amp;nbsp; &amp;nbsp; &amp;nbsp; &amp;nbsp; &amp;nbsp; &amp;nbsp;&amp;nbsp;parse_ini_file()
	&lt;/div&gt;
	&lt;div style=&quot;margin:0px;&quot;&gt;
		set_time_limit() &amp;nbsp; &amp;nbsp; &amp;nbsp; &amp;nbsp; &amp;nbsp; &amp;nbsp; &amp;nbsp; &amp;nbsp; &amp;nbsp;max_execution_time mail()
	&lt;/div&gt;
	&lt;p&gt;
		&lt;strong&gt;&amp;nbsp;&lt;/strong&gt; 
	&lt;/p&gt;
	&lt;div style=&quot;margin:0px;&quot;&gt;
		&lt;p&gt;
			&lt;strong&gt;一群猴子排成一圈，按1，2，…，n依次编号。然后从第1只开始数，数到第m只,把它踢出圈，从它后面再开始数，再数到第m只，在把它踢出去…，如此不停 的进行下去，直到最后只剩下一只猴子为止，那只猴子就叫做大王。要求编程模拟此过程，输入m、n, 输出最后那个大王的编号。&lt;/strong&gt; 
		&lt;/p&gt;
		&lt;div class=&quot;cnblogs_code&quot; style=&quot;border:1px solid #CCCCCC;padding:5px;margin:0px;color:#000000;font-family:&amp;quot;font-size:12px !important;background-color:#F5F5F5;&quot;&gt;
			&lt;div class=&quot;cnblogs_code_toolbar&quot; style=&quot;margin:0px;&quot;&gt;
				&lt;span class=&quot;cnblogs_code_copy&quot; style=&quot;line-height:1.5 !important;&quot;&gt;&lt;a&gt;&lt;img src=&quot;/Public/files/images/2017/03/08/5HnhX45FqExet6U.gif&quot; alt=&quot;复制代码&quot; /&gt;&lt;/a&gt;&lt;/span&gt; 
			&lt;/div&gt;
			&lt;div class=&quot;cnblogs_code_toolbar&quot; style=&quot;margin:0px;&quot;&gt;
				&lt;span class=&quot;cnblogs_code_copy&quot; style=&quot;line-height:1.5 !important;&quot;&gt;&lt;a&gt;&lt;img src=&quot;/Public/files/images/2017/03/08/VBIk654r1fA1Ng3.gif&quot; alt=&quot;复制代码&quot; /&gt;&lt;/a&gt;&lt;/span&gt; 
			&lt;/div&gt;
&lt;pre&gt; 1 &amp;lt;？php
 2  function fuhuan($allnum, $ti){
 3      $arr = array();
 4      for($i = 0; $i &amp;lt; $allnum; $i++){
 5          $arr[$i] = $i;
 6      }
 7  
 8      $nums = 1;
 9      while(count($arr) &amp;gt; 1){
10           foreach ($arr as $key =&amp;gt; $value) {
11               if($nums == $ti){
12                   unset($arr[$key]);
13                   $nums = 1;
14               }else{
15                   $nums++;
16               }
17          }
18      }
19      $new_arr = array_values($arr);
20      var_dump($new_arr[0] + 1);
21  }
22  fuhuan(10,10);&lt;/pre&gt;
			&lt;div class=&quot;cnblogs_code_toolbar&quot; style=&quot;margin:0px;&quot;&gt;
				&lt;span class=&quot;cnblogs_code_copy&quot; style=&quot;line-height:1.5 !important;&quot;&gt;&lt;a&gt;&lt;img src=&quot;/Public/files/images/2017/03/08/KcbxKzRf97jrd2O.gif&quot; alt=&quot;复制代码&quot; /&gt;&lt;/a&gt;&lt;/span&gt; 
			&lt;/div&gt;
			&lt;div class=&quot;cnblogs_code_toolbar&quot; style=&quot;margin:0px;&quot;&gt;
				&lt;span class=&quot;cnblogs_code_copy&quot; style=&quot;line-height:1.5 !important;&quot;&gt;&lt;a&gt;&lt;img src=&quot;/Public/files/images/2017/03/08/xoP5YL1Q8Sw8I39.gif&quot; alt=&quot;复制代码&quot; /&gt;&lt;/a&gt;&lt;/span&gt; 
			&lt;/div&gt;
		&lt;/div&gt;
		&lt;p&gt;
			&lt;strong&gt;isset() 、empty()与is_null的区别&lt;/strong&gt; 
		&lt;/p&gt;
		&lt;p&gt;
			1、当变量未定义时，is_null() 和“参数本身”是不允许作为参数判断的，会报Notice警告错误；
		&lt;/p&gt;
		&lt;p&gt;
			2、empty , isset首先都会检查变量是否存在，然后对变量值进行检测。而is_null 和 “参数本身”只是直接检查变量值，是否为null，因此如果变量未定义就会出现错误！
		&lt;/p&gt;
		&lt;p&gt;
			3、isset()：仅当null和未定义，返回false；
		&lt;/p&gt;
		&lt;p&gt;
			4、empty()：&quot;&quot;、0、&quot;0&quot;、NULL、FALSE、array(),未定义，均返回true；
		&lt;/p&gt;
		&lt;p&gt;
			5、is_null()：仅判断是否为null，未定义报警告；
		&lt;/p&gt;
		&lt;p&gt;
			6、变量本身作为参数，与empty()一致，但接受未定义变量时，报警告；
		&lt;/p&gt;
		&lt;p&gt;
			&amp;nbsp;
		&lt;/p&gt;
		&lt;p&gt;
			&lt;strong&gt;求两个文件的相对路径&lt;/strong&gt; 
		&lt;/p&gt;
		&lt;div class=&quot;cnblogs_code&quot; style=&quot;border:1px solid #CCCCCC;padding:5px;margin:0px;color:#000000;font-family:&amp;quot;font-size:12px !important;background-color:#F5F5F5;&quot;&gt;
			&lt;div class=&quot;cnblogs_code_toolbar&quot; style=&quot;margin:0px;&quot;&gt;
				&lt;span class=&quot;cnblogs_code_copy&quot; style=&quot;line-height:1.5 !important;&quot;&gt;&lt;a&gt;&lt;img src=&quot;/Public/files/images/2017/03/08/cJCE5M8OsyN1gqu.gif&quot; alt=&quot;复制代码&quot; /&gt;&lt;/a&gt;&lt;/span&gt; 
			&lt;/div&gt;
			&lt;div class=&quot;cnblogs_code_toolbar&quot; style=&quot;margin:0px;&quot;&gt;
				&lt;span class=&quot;cnblogs_code_copy&quot; style=&quot;line-height:1.5 !important;&quot;&gt;&lt;a&gt;&lt;img src=&quot;/Public/files/images/2017/03/08/ud93ayL4EEJ42S1.gif&quot; alt=&quot;复制代码&quot; /&gt;&lt;/a&gt;&lt;/span&gt; 
			&lt;/div&gt;
&lt;pre&gt; 1  getpath(\'/a/b/c/d/e.php\', \'/a/d/12/34/c.php\');
 2   
 3 public function getpath($a, $b)
 4 {
 5      $aarr = explode(\'/\', $a);
 6      $barr = explode(\'/\', $b);
 7      $count = count($barr) - 2;
 8      $pathinfo = \'\';
 9      for($i = 1; $i &amp;lt;= $count; $i++){
10          if($aarr[$i] == $barr[$i]){
11               $pathinfo .= \'../\';
12          }else{
13               $pathinfo .= $barr[$i] . \'/\';
14          }
15      }
16      echo $pathinfo;
17 }&lt;/pre&gt;
			&lt;div class=&quot;cnblogs_code_toolbar&quot; style=&quot;margin:0px;&quot;&gt;
				&lt;span class=&quot;cnblogs_code_copy&quot; style=&quot;line-height:1.5 !important;&quot;&gt;&lt;a&gt;&lt;img src=&quot;/Public/files/images/2017/03/08/7vA9z2ltM3hZvNF.gif&quot; alt=&quot;复制代码&quot; /&gt;&lt;/a&gt;&lt;/span&gt; 
			&lt;/div&gt;
			&lt;div class=&quot;cnblogs_code_toolbar&quot; style=&quot;margin:0px;&quot;&gt;
				&lt;span class=&quot;cnblogs_code_copy&quot; style=&quot;line-height:1.5 !important;&quot;&gt;&lt;a&gt;&lt;img src=&quot;/Public/files/images/2017/03/08/g7jG7J9JB4NL1L4.gif&quot; alt=&quot;复制代码&quot; /&gt;&lt;/a&gt;&lt;/span&gt; 
			&lt;/div&gt;
		&lt;/div&gt;
		&lt;p&gt;
			&amp;nbsp;
		&lt;/p&gt;
		&lt;div style=&quot;margin:0px;&quot;&gt;
			&lt;strong&gt;MVC的优缺点&lt;/strong&gt; 
		&lt;/div&gt;
		&lt;div style=&quot;margin:0px;&quot;&gt;
			&lt;strong&gt;1、 MVC的优点&amp;nbsp;&lt;/strong&gt;&lt;br /&gt;
&amp;nbsp;&amp;nbsp;&amp;nbsp;&amp;nbsp;&amp;nbsp; 　　（1）&amp;nbsp;可以为一个模型在运行时同时建立和使用多个视图。变化-传播机制可以确保所有相关的视图及时得到模型数据变化，从而使所有关联的视图和控制器做到行为同步。&amp;nbsp;&lt;br /&gt;
&amp;nbsp;&amp;nbsp;&amp;nbsp;&amp;nbsp;&amp;nbsp; 　　（2）&lt;span class=&quot;Apple-converted-space&quot;&gt;&amp;nbsp;视图与控制器的可接插性，允许更换视图和控制器对象，而且可以根据需求动态的打开或关闭、甚至在运行期间进行对象替换。&lt;span class=&quot;Apple-converted-space&quot;&gt;&amp;nbsp;&lt;br /&gt;
&amp;nbsp;&amp;nbsp;&amp;nbsp;&amp;nbsp;&amp;nbsp; 　　（3）&lt;span class=&quot;Apple-converted-space&quot;&gt;&amp;nbsp;模型的可移植性。因为模型是独立于视图的，所以可以把一个模型独立地移植到新的平台工作。需要做的只是在新平台上对视图和控制器进行新的修改。&lt;span class=&quot;Apple-converted-space&quot;&gt;&amp;nbsp;&lt;br /&gt;
&amp;nbsp;&amp;nbsp;&amp;nbsp;&amp;nbsp;&amp;nbsp; 　　（4）&lt;span class=&quot;Apple-converted-space&quot;&gt;&amp;nbsp;潜在的框架结构。可以基于此模型建立应用程序框架，不仅仅是用在设计界面的设计中。&lt;span class=&quot;Apple-converted-space&quot;&gt;&amp;nbsp;&lt;br /&gt;
&lt;strong&gt;2、 MVC的不足之处&lt;span class=&quot;Apple-converted-space&quot;&gt;&amp;nbsp;&lt;/span&gt;&lt;/strong&gt;&lt;br /&gt;
&amp;nbsp;&amp;nbsp;&amp;nbsp;&amp;nbsp;&amp;nbsp; 　　（1）&lt;span class=&quot;Apple-converted-space&quot;&gt;&amp;nbsp;增加了系统结构和实现的复杂性。对于简单的界面，严格遵循MVC，使模型、视图与控制器分离，会增加结构的复杂性，并可能产生过多的更新操作，降低运行效率。&lt;span class=&quot;Apple-converted-space&quot;&gt;&amp;nbsp;&lt;br /&gt;
&amp;nbsp;&amp;nbsp;&amp;nbsp;&amp;nbsp;&amp;nbsp; 　　（2）&lt;span class=&quot;Apple-converted-space&quot;&gt;&amp;nbsp;视图与控制器间的过于紧密的连接。视图与控制器是相互分离，但确实联系紧密的部件，视图没有控制器的存在，其应用是很有限的，反之亦然，这样就妨碍了他们的独立重用。&lt;span class=&quot;Apple-converted-space&quot;&gt;&amp;nbsp;&lt;br /&gt;
&amp;nbsp;&amp;nbsp;&amp;nbsp;&amp;nbsp;&amp;nbsp; 　　（3）&lt;span class=&quot;Apple-converted-space&quot;&gt;&amp;nbsp;视图对模型数据的低效率访问。依据模型操作接口的不同，视图可能需要多次调用才能获得足够的显示数据。对未变化数据的不必要的频繁访问，也将损害操作性能。&lt;span class=&quot;Apple-converted-space&quot;&gt;&amp;nbsp;&lt;br /&gt;
&amp;nbsp;&amp;nbsp;&amp;nbsp;&amp;nbsp;&amp;nbsp; 　　（4） 目前，一般高级的界面工具或构造器不支持MVC模式。改造这些工具以适应MVC需要和建立分离的部件的代价是很高的，从而造成使用MVC的困难。&lt;span class=&quot;Apple-converted-space&quot;&gt;&lt;span class=&quot;Apple-converted-space&quot;&gt;&amp;nbsp;&lt;br /&gt;
&lt;/span&gt;&lt;/span&gt;&lt;/span&gt;&lt;/span&gt;&lt;/span&gt;&lt;/span&gt;&lt;/span&gt;&lt;/span&gt;&lt;/span&gt;&lt;/span&gt;&lt;/span&gt;&lt;/span&gt;&lt;/span&gt;&lt;/span&gt; 
		&lt;/div&gt;
		&lt;div style=&quot;margin:0px;&quot;&gt;
			&amp;nbsp;
		&lt;/div&gt;
		&lt;div style=&quot;margin:0px;&quot;&gt;
			&amp;nbsp;
		&lt;/div&gt;
		&lt;div style=&quot;margin:0px;&quot;&gt;
			&lt;div style=&quot;margin:0px;&quot;&gt;
				&lt;strong&gt;session与cookie的联系和区别（运行机制），session共享问题解决方案：&lt;/strong&gt; 
			&lt;/div&gt;
			&lt;div style=&quot;margin:0px;&quot;&gt;
				区别与联系：
			&lt;/div&gt;
			&lt;div style=&quot;margin:0px;&quot;&gt;
				&amp;nbsp; &amp;nbsp; 使用session_start()调用session，服务器端在生成session文件的同时生成session ID哈希值和默认值为PHPSESSID的session name，并向客户端发送变量为PHPSESSID(session name)(默认)值为一个128位的哈希值。服务器端将通过该cookie与客户端进行交互，session变量的值经php内部系列化后保存在服务器 机器上的文本文件中，和客户端的变量名默认情况下为PHPSESSID的coolie进行对应交互，即服务器自动发送了http 头:header(‘Set-Cookie: session_name()=session_id(); path=/’);即setcookie(session_name(),session_id());当从该页跳转到的新页面并调用 session_start()后,PHP将检查与给定ID相关联的服务器端存贮的session数据，如果没找到则新建一个数据集。
			&lt;/div&gt;
			&lt;div style=&quot;margin:0px;&quot;&gt;
				&lt;strong&gt;共享&lt;/strong&gt;&lt;strong&gt;方案：&lt;/strong&gt; 
			&lt;/div&gt;
			&lt;div style=&quot;margin:0px;&quot;&gt;
				1：使用数据库保存session， 使用数据库来保存session，就算服务器宕机了也没事，session照样在。
			&lt;/div&gt;
			&lt;div style=&quot;margin:0px;&quot;&gt;
				&lt;div style=&quot;margin:0px;&quot;&gt;
					&lt;p&gt;
						问题：程序需要定制；每次请求都进行数据库读写开销不小，另外数据库是一个单点，可以做数据库的hash来解 决这个问题。&amp;nbsp; &amp;nbsp; &amp;nbsp; &amp;nbsp;
					&lt;/p&gt;
					&lt;p&gt;
						2：使用 memcached来保存session，&amp;nbsp;这种方式跟数据库类似，内存存取性能比数据库好很多。
					&lt;/p&gt;
					&lt;p&gt;
						问题：程序需要定制，增加 了工作量；存入memcached中的数据都需要序列化，效率较低，断电或者重启电脑容易丢失数据；
					&lt;/p&gt;
				&lt;/div&gt;
				&lt;div style=&quot;margin:0px;&quot;&gt;
					&lt;p&gt;
						3： 通过加密的cookie，在A服务器上登录，在用户的浏览器上添加加密的cookie，当用户访问B服务器时，检查有无Session，如果没有，就检验 Cookie是否有效，Cookie有效的话就在B服务器上重建session。简单，高效， 服务器的压力减小了，因为session数据不存在服务器磁盘上。根本就不会出现session读取不到的问题。
					&lt;/p&gt;
					&lt;p&gt;
						问题：网络请求占用很多。每次请求时，客户端都要通过cookie发送session数据给服务器，session中数据不能太多，浏览器对cookie 的大
					&lt;/p&gt;
				&lt;/div&gt;
			&lt;/div&gt;
			&lt;p&gt;
				小存在限制。不适合高访问量的情况，因为高访问量的情况下。
			&lt;/p&gt;
			&lt;p&gt;
				&amp;nbsp;
			&lt;/p&gt;
			&lt;p&gt;
				&lt;strong&gt;&amp;nbsp;正则表达式&lt;/strong&gt; 
			&lt;/p&gt;
			&lt;p&gt;
				匹配中文字符的正则表达式： [u4e00-u9fa5]&amp;nbsp;&lt;br /&gt;
匹配双字节字符(包括汉字在内)：[^x00-xff]&amp;nbsp;&lt;br /&gt;
匹配空行的正则表达式：n[s| ]*r&lt;span class=&quot;Apple-converted-space&quot;&gt;&amp;nbsp;&lt;br /&gt;
匹配HTML标记的正则表达式：/&amp;lt;(.*)&amp;gt;.*&amp;lt;/1&amp;gt;|&amp;lt;(.*) /&amp;gt;/&lt;span class=&quot;Apple-converted-space&quot;&gt;&amp;nbsp;&lt;br /&gt;
匹配首尾空格的正则表达式：(^s*)|(s*$)&lt;span class=&quot;Apple-converted-space&quot;&gt;&amp;nbsp;&lt;br /&gt;
匹配Email地址的正则表达式：w+([-+.]w+)*@w+([-.]w+)*.w+([-.]w+)*&lt;span class=&quot;Apple-converted-space&quot;&gt;&amp;nbsp;&lt;br /&gt;
匹配网址URL的正则表达式：^[a-zA-z]+://(w+(-w+)*)(.(w+(-w+)*))*(?S*)?$&lt;span class=&quot;Apple-converted-space&quot;&gt;&amp;nbsp;&lt;br /&gt;
匹配帐号是否合法(字母开头，允许5-16字节，允许字母数字下划线)：^[a-zA-Z][a-zA-Z0-9_]{4,15}$&lt;span class=&quot;Apple-converted-space&quot;&gt;&amp;nbsp;&lt;br /&gt;
匹配国内电话号码：(d{3}-|d{4}-)?(d{8}|d{7})?&lt;span class=&quot;Apple-converted-space&quot;&gt;&amp;nbsp;&lt;br /&gt;
匹配腾讯QQ号：^[1-9]*[1-9][0-9]*$&lt;span class=&quot;Apple-converted-space&quot;&gt;&lt;span class=&quot;Apple-converted-space&quot;&gt;&amp;nbsp;&lt;br /&gt;
&lt;/span&gt;&lt;/span&gt;&lt;/span&gt;&lt;/span&gt;&lt;/span&gt;&lt;/span&gt;&lt;/span&gt;&lt;/span&gt;&lt;/span&gt; 
			&lt;/p&gt;
			&lt;p&gt;
				&amp;nbsp;
			&lt;/p&gt;
			&lt;p&gt;
				&lt;strong&gt;--------------------------------------mysql部分-------------------------------------------&lt;/strong&gt; 
			&lt;/p&gt;
			&lt;p&gt;
				&lt;strong&gt;select * from table where (ID = 10)&amp;nbsp; or (ID = 32) or (ID = 22)&amp;nbsp; 让结果按10, 32, 22的顺序检索出来？&lt;/strong&gt; 
			&lt;/p&gt;
			&lt;p&gt;
				Select *&lt;br /&gt;
from user_info&lt;br /&gt;
Where (ID IN (10, 32, 22))
			&lt;/p&gt;
			&lt;p&gt;
				order BY FIND_IN_SET(ID, \'10, 32, 22\')&amp;nbsp;&lt;strong&gt;&lt;br /&gt;
&lt;br /&gt;
&lt;/strong&gt; 
			&lt;/p&gt;
		&lt;/div&gt;
		&lt;p&gt;
			&lt;strong&gt;---------------------------------------linux部分-------------------------------------------&lt;/strong&gt; 
		&lt;/p&gt;
		&lt;p&gt;
			&lt;strong&gt;core文件是什么，有什么用？&lt;/strong&gt; 
		&lt;/p&gt;
&lt;pre&gt; core是unix系统的内核。当你的程序出现内存越界的时候，操作系统会中止你的进程，并将当前内存状态倒出到core文件中，以便进一步分析。程序员可以通过core文件来找出问题所在。它记录了程序挂掉时详细的状态描述。&lt;/pre&gt;
&lt;pre&gt;&lt;strong&gt;什么是core dump&lt;/strong&gt; Core的意思是内存, Dump的意思是扔出来, 堆出来。开发和使用Unix程序时, 有时程序莫名其妙的down了, 却没有任何的提示(有时候会提示core dumped). 这时候可以查看一下有没有形如core.进程号的文件生成， 这个文件便是操作系统把程序down掉时的内存内容扔出来生成的，它可以做为调试程序的参考.
    core dump又叫核心转储, 当程序运行过程中发生异常, 程序异常退出时, 由操作系统把程序当前的内存状况存储在一个core文件中, 叫core dump。如何使用core文件 gdb -c core文件路径 [应用程序的路径]，进去后输入where回车, 就可以显示程序在哪一行当掉的, 在哪个函数中.&lt;/pre&gt;
&lt;pre&gt;&lt;strong&gt;为什么没有core文件生成呢?&lt;/strong&gt; core文件的生成跟你当前系统的环境设置有关系, 可以用下面的语句设置一下, 然后再运行程序便成生成core文件.&lt;/pre&gt;
&lt;pre&gt;&lt;strong&gt;ulimit -c unlimited&lt;/strong&gt; core文件生成的位置一般于运行程序的路径相同, 文件名一般为core.进程号&lt;/pre&gt;
		&lt;p&gt;
			不用core文件，程序出了问题产生信号是否知道？答：内核向进程发信号嘛。
		&lt;/p&gt;
		&lt;p&gt;
			&amp;nbsp;
		&lt;/p&gt;
		&lt;p&gt;
			&lt;strong&gt;共享内存除了文件映射还有什么方式？&lt;/strong&gt; 
		&lt;/p&gt;
		&lt;div style=&quot;margin:0px;&quot;&gt;
			&lt;p&gt;
				共享内存对象映射。
			&lt;/p&gt;
			&lt;p&gt;
				二者有什么区别：
			&lt;/p&gt;
			&lt;p&gt;
				答：内存映射文件是由一个文件到一块内存的映射，使应用程序可以通过内存指针对磁盘上的文件进行访问，其过程就如同对加载了文件的内存的访问，因此内存文件映射非常适合于用来管理大文件。
			&lt;/p&gt;
			&lt;p&gt;
				&amp;nbsp;
			&lt;/p&gt;
		&lt;/div&gt;
&lt;strong&gt;请解释下列10个shell命令的用途&lt;/strong&gt;&lt;br /&gt;
&lt;strong&gt;top、ps、mv、find、df、cat、chmod、chgrp、grep、wc&lt;/strong&gt; 
		&lt;div style=&quot;margin:0px;&quot;&gt;
			&lt;strong&gt;top：命令是Linux下常用的&lt;strong&gt;性能分析工具&lt;/strong&gt;，能够实时显示系统中各个进程的资源占用状况，类似于Windows的任务管理器。&amp;nbsp;&lt;/strong&gt; 
		&lt;/div&gt;
		&lt;div style=&quot;margin:0px;&quot;&gt;
			ps：查看进程&amp;nbsp;
		&lt;/div&gt;
		&lt;div style=&quot;margin:0px;&quot;&gt;
			mv：移动或者更改文件&amp;nbsp;
		&lt;/div&gt;
		&lt;div style=&quot;margin:0px;&quot;&gt;
			find：在子目录中搜索匹配的文件&amp;nbsp;
		&lt;/div&gt;
		&lt;div style=&quot;margin:0px;&quot;&gt;
			df：linux中df命令参数功能：检查文件系统的磁盘空间占用情况。&lt;br /&gt;
			&lt;p&gt;
				cat：把一个或多个文件内容显示到标准输出&amp;nbsp;
			&lt;/p&gt;
			&lt;p&gt;
				chmod：改变文件属性&amp;nbsp;
			&lt;/p&gt;
			&lt;p&gt;
				chgrp：改变用户分组&amp;nbsp;
			&lt;/p&gt;
			&lt;p&gt;
				grep：在文件内进行搜索&amp;nbsp;
			&lt;/p&gt;
			&lt;p&gt;
				wc：命令的功能为统计指定文件中的字节数、字数、行数,&amp;nbsp;并将统计结果显示输出。
			&lt;/p&gt;
			&lt;p&gt;
				&amp;nbsp;
			&lt;/p&gt;
		&lt;/div&gt;
		&lt;p&gt;
			&lt;strong&gt;Linux文件属性有哪些？（共十位）&lt;/strong&gt; 
		&lt;/p&gt;
		&lt;p&gt;
			-rw-r--r--那个是权限符号，总共是- --- --- ---这几个位。
		&lt;/p&gt;
		&lt;p&gt;
			第一个短横处是文件类型识别符：-表示普通文件；c表示字符设备（character）；b表示块设备（block）；d表示目录 （directory）；l表示链接文件（link）；后面第一个三个连续的短横是用户权限位（User），第二个三个连续短横是组权限位 （Group），第三个三个连续短横是其他权限位（Other）。每个权限位有三个权限，r（读权限），w（写权限），x（执行权限）。如果每个权限位都 有权限存在，那么满权限的情况就是：-rwxrwxrwx；权限为空的情况就是- --- --- ---。
		&lt;/p&gt;
		&lt;p&gt;
			权限的设定可以用chmod命令，其格式位：chmod ugoa+/-/=rwx filename/directory。例如：
		&lt;/p&gt;
		&lt;p&gt;
			一个文件aaa具有完全空的权限- --- --- ---。
		&lt;/p&gt;
		&lt;p&gt;
			chmod u+rw aaa（给用户权限位设置读写权限，其权限表示为：- rw- --- ---）
		&lt;/p&gt;
		&lt;p&gt;
			chmod g+r aaa（给组设置权限为可读，其权限表示为：- --- r-- ---）
		&lt;/p&gt;
		&lt;p&gt;
			chmod ugo+rw aaa（给用户，组，其它用户或组设置权限为读写，权限表示为：- rw- rw- rw-）
		&lt;/p&gt;
		&lt;p&gt;
			如果aaa具有满权限- rwx rwx rwx。
		&lt;/p&gt;
		&lt;p&gt;
			chmod u-x aaa（去掉用户可执行权限，权限表示为：- rw- rwx rwx）
		&lt;/p&gt;
		&lt;p&gt;
			如果要给aaa赋予制定权限- rwx r-x r-x，命令为：
		&lt;/p&gt;
		&lt;p&gt;
			chmod u=rwx，go=rx aaa
		&lt;/p&gt;
	&lt;/div&gt;
	&lt;div style=&quot;margin:0px;&quot;&gt;
		&amp;nbsp;
	&lt;/div&gt;
	&lt;div style=&quot;margin:0px;&quot;&gt;
		&lt;strong&gt;linux查询命令&lt;/strong&gt; 
	&lt;/div&gt;
	&lt;div style=&quot;margin:0px;&quot;&gt;
		1：find / -name &quot;文件名&quot; &amp;nbsp; &amp;nbsp;在目录结构中搜索文件，并执行指定的操作。
	&lt;/div&gt;
	&lt;div style=&quot;margin:0px;&quot;&gt;
		&amp;nbsp;
	&lt;/div&gt;
	&lt;div style=&quot;margin:0px;&quot;&gt;
		2：grep
	&lt;/div&gt;
	&lt;div style=&quot;margin:0px;&quot;&gt;
		&amp;nbsp;
	&lt;/div&gt;
	&lt;div style=&quot;margin:0px;&quot;&gt;
		3：local 文件名 &amp;nbsp;---他是 \'find -name\' 的另一种写法，但要比后者快得多，原因在于它不搜索具体目录，而是搜索一个数据库（/var/lib/locatedb），这个数据库中含 有本地所有文件信息。Linux系统自动创建这个数据库，并且每天自动更新一次，所以改命令查不到最新变动过的文件。为了避免这种情况，可以在使用locate之前，先使用updatedb命令，手动更新数据库。
	&lt;/div&gt;
	&lt;div style=&quot;margin:0px;&quot;&gt;
		&amp;nbsp;
	&lt;/div&gt;
	&lt;div style=&quot;margin:0px;&quot;&gt;
		4. whereis ---是定位可执行文件、源代码文件、帮助文件在文件系统中的位置。whereis命令只能用于程序名的搜索，而且只搜索二进制文件（参数-b）、man说明文件（参数-m）和源代码文件（参数-s）。如果省略参数，则返回所有信息。
	&lt;/div&gt;
	&lt;div style=&quot;margin:0px;&quot;&gt;
		&amp;nbsp;
	&lt;/div&gt;
	&lt;div style=&quot;margin:0px;&quot;&gt;
		5：which &amp;nbsp;作用是在PATH变量指定的路径中，搜索某个系统命令的位置，并且返回第一个搜索结果。也就是说，使用which命令，就可以看到某个系统命令是否存在，以及执行的到底是哪一个位置的命令。
		&lt;p&gt;
			&amp;nbsp;&lt;strong&gt;-------------------------------------服务器部分-------------------------------------&lt;/strong&gt; 
		&lt;/p&gt;
	&lt;/div&gt;
	&lt;div style=&quot;margin:0px;&quot;&gt;
		&amp;nbsp;
	&lt;/div&gt;
	&lt;div style=&quot;margin:0px;&quot;&gt;
		&lt;div style=&quot;margin:0px;&quot;&gt;
			&lt;strong&gt;Apache与Nginx的优缺点比较&amp;nbsp;&lt;/strong&gt;&lt;br /&gt;
1、nginx相对于apache的优点：&amp;nbsp;&lt;br /&gt;
轻量级，比apache 占用更少的内存及资源。高度模块化的设计，编写模块相对简单&amp;nbsp;&lt;br /&gt;
抗并发，nginx 处理请求是异步非阻塞，多个连接（万级别）可以对应一个进程，而apache 则是阻塞型的，是同步多进程模型，一个连接对应一个进程，在高并发下nginx 能保持低资源低消耗高性能&amp;nbsp;
		&lt;/div&gt;
		&lt;div style=&quot;margin:0px;&quot;&gt;
			nginx处理静态文件好，Nginx 静态处理性能比 Apache 高 3倍以上&amp;nbsp;
		&lt;/div&gt;
		&lt;div style=&quot;margin:0px;&quot;&gt;
			&lt;br /&gt;
2、apache 相对于nginx 的优点：&amp;nbsp;&lt;br /&gt;
apache&amp;nbsp;的rewrite 比nginx 的rewrite 强大 ，模块非常多，基本想到的都可以找到 ，比较稳定，少bug ，nginx 的bug 相对较多&amp;nbsp;
		&lt;/div&gt;
		&lt;div style=&quot;margin:0px;&quot;&gt;
			&amp;nbsp;
		&lt;/div&gt;
		&lt;div style=&quot;margin:0px;&quot;&gt;
			3：原因：这得益于Nginx使用了最新的epoll（Linux 2.6内核）和kqueue（freebsd）网络I/O模型，而Apache则使用的是传统的select模型。目前Linux下能够承受高并发访问的 Squid、Memcached都采用的是epoll网络I/O模型。 处理大量的连接的读写，Apache所采用的select网络I/O模型非常低效。
		&lt;/div&gt;
		&lt;div style=&quot;margin:0px;&quot;&gt;
			&amp;nbsp;
		&lt;/div&gt;
		&lt;div style=&quot;margin:0px;&quot;&gt;
			&amp;nbsp;
		&lt;/div&gt;
		&lt;div style=&quot;margin:0px;&quot;&gt;
			&lt;strong&gt;cgi 与fastcgi的区别&lt;/strong&gt;&lt;br /&gt;
			&lt;div id=&quot;cnblogs_post_body&quot; style=&quot;margin:0px 0px 20px;&quot;&gt;
				&lt;p&gt;
					cgi在2000年或更早的时候用得比较多， 以前web服务器一般只处理静态的请求，web服务器会根据这次请求的内容，然后会fork一个新进程来运行外部c程序 （或perl脚本...）， 这个进程会把处理完的数据返回给web服务器，最后web服务器把内容发送给用户，刚才fork的进程也随之退出。 如果下次用户还请求改动态脚本，那么web服务器又再次fork一个新进程，周而复始的进行。
				&lt;/p&gt;
				&lt;p&gt;
					后来出现了一种更高级的方式是， web服务器可以内置perl解释器或php解释器。 也就是说这些解释器做成模块的方式，web服务器会在启动的时候就启动这些解释器。 当有新的动态请求进来时，web服务器就是自己解析这些perl或php脚本，省得重新fork一个进程，效率提高了。
				&lt;/p&gt;
				&lt;p&gt;
					fastcgi的方式是，web服务器收到一个请求时，他不会重新fork一个进程（因为这个进程在web服务器启动时就开启了，而且不会退 出），web服务器直接把内容传递给这个进程（进程间通信，但fastcgi使用了别的方式，tcp方式通信），这个进程收到请求后进行处理，把结果返回 给web服务器，最后自己接着等待下一个请求的到来，而不是退出。&amp;nbsp;&lt;br /&gt;
fastcgi跟cgi的区别是：&lt;br /&gt;
&amp;nbsp;&amp;nbsp;&amp;nbsp;&amp;nbsp;&amp;nbsp;&amp;nbsp;&amp;nbsp;&amp;nbsp;&amp;nbsp;&amp;nbsp;&amp;nbsp;&amp;nbsp;&amp;nbsp;&amp;nbsp;&amp;nbsp;&amp;nbsp;&amp;nbsp;&amp;nbsp;&lt;strong&gt;在web服务器方面&lt;/strong&gt;&amp;nbsp;&amp;nbsp;&amp;nbsp;&amp;nbsp;&amp;nbsp;&amp;nbsp;&amp;nbsp;&amp;nbsp;&amp;nbsp;&amp;nbsp;&amp;nbsp;&amp;nbsp;&amp;nbsp;&amp;nbsp;&amp;nbsp;&amp;nbsp;&amp;nbsp;&amp;nbsp;&amp;nbsp;&amp;nbsp;&amp;nbsp;&amp;nbsp;&amp;nbsp;&amp;nbsp;&amp;nbsp;&amp;nbsp;&amp;nbsp;&amp;nbsp;&amp;nbsp;&amp;nbsp;&amp;nbsp;&amp;nbsp;&amp;nbsp;&amp;nbsp;&amp;nbsp;&amp;nbsp;&amp;nbsp;&amp;nbsp;&amp;nbsp;&amp;nbsp;&amp;nbsp;&amp;nbsp;&amp;nbsp;&amp;nbsp;&amp;nbsp;&amp;nbsp;&amp;nbsp;&amp;nbsp;&amp;nbsp;&amp;nbsp;&amp;nbsp;&amp;nbsp; &amp;nbsp;&amp;nbsp;&amp;nbsp;&lt;span class=&quot;Apple-converted-space&quot;&gt;&amp;nbsp;&lt;strong&gt;在对数据进行处理的进程方面&lt;/strong&gt;&lt;br /&gt;
&lt;strong&gt;cgi&lt;/strong&gt;&lt;span class=&quot;Apple-converted-space&quot;&gt;&amp;nbsp;&amp;nbsp;&amp;nbsp;&amp;nbsp;&amp;nbsp;&amp;nbsp;&amp;nbsp;&amp;nbsp; fork一个新的进程进行处理&amp;nbsp;&amp;nbsp;&amp;nbsp;&amp;nbsp;&amp;nbsp;&amp;nbsp;&amp;nbsp;&amp;nbsp;&amp;nbsp; &amp;nbsp;&amp;nbsp;&amp;nbsp;&amp;nbsp;&amp;nbsp;&amp;nbsp;&amp;nbsp;&amp;nbsp;&amp;nbsp;&amp;nbsp;&amp;nbsp;&amp;nbsp;&amp;nbsp;&amp;nbsp;&amp;nbsp;&amp;nbsp;&amp;nbsp;&amp;nbsp;&amp;nbsp;&amp;nbsp;&amp;nbsp;&amp;nbsp;&amp;nbsp;&amp;nbsp;&amp;nbsp;&amp;nbsp;&amp;nbsp;&amp;nbsp;&amp;nbsp;&amp;nbsp;&amp;nbsp;&amp;nbsp; 读取参数，处理数据，然后就结束生命期&lt;br /&gt;
&lt;strong&gt;fastcgi&lt;/strong&gt;&amp;nbsp;&amp;nbsp; 用tcp方式跟远程机子上的进程或本地进程建立连接&amp;nbsp;&amp;nbsp;&amp;nbsp;&amp;nbsp;&amp;nbsp;&amp;nbsp; 要开启tcp端口，进入循环，等待数据的到来，处理数据&lt;/span&gt;&lt;/span&gt; 
				&lt;/p&gt;
				&lt;p&gt;
					&lt;br /&gt;
举个例子: 服务端现在有个10万个字单词， 客户每次会发来一个字符串，问以这个字符串为前缀的单词有多少个。 那么可以写一个程序，这个程序会建一棵trie树，然后每次用户请求过来时可以直接到这个trie去查找。 但是如果以cgi的方式的话，这次请求结束后这课trie也就没了，等下次再启动该进程时，又要新建一棵trie树，这样的效率就太低下了。&amp;nbsp;&amp;nbsp; 而用fastcgi的方式的话，这课trie树在进程启动时建立，以后就可以直接在trie树上查询指定的前缀了。
				&lt;/p&gt;
				&lt;p&gt;
					&amp;nbsp;
				&lt;/p&gt;
				&lt;div style=&quot;margin:0px;&quot;&gt;
					&lt;strong&gt;select, poll和epoll的区别&lt;/strong&gt; 
				&lt;/div&gt;
				&lt;div style=&quot;margin:0px;&quot;&gt;
					&lt;strong&gt;select&lt;/strong&gt; 
					&lt;div style=&quot;margin:0px;&quot;&gt;
						&lt;p&gt;
							select最早于1983年出现在4.2BSD中，它通过一个select()系统调用来监视多个文件描述符的数组，当select()返回后，该数组中就绪的文件描述符便会被内核修改标志位，使得进程可以获得这些文件描述符从而进行后续的读写操作。
						&lt;/p&gt;
						&lt;p&gt;
							select目前几乎在所有的平台上支持，其良好跨平台支持也是它的一个优点，事实上从现在看来，这也是它所剩不多的优点之一。
						&lt;/p&gt;
						&lt;p&gt;
							select的一个缺点在于单个进程能够监视的文件描述符的数量存在最大限制，在Linux上一般为1024，不过可以通过修改宏定义甚至重新编译内核的方式提升这一限制。
						&lt;/p&gt;
						&lt;p&gt;
							另外，select()所维护的存储大量文件描述符的数据结构，随着文件描述符数量的增大，其复制的开销也线性增长。同时，由于网络响应时间的延迟 使得大量TCP连接处于非活跃状态，但调用select()会对所有socket进行一次线性扫描，所以这也浪费了一定的开销。
						&lt;/p&gt;
						&lt;h2 style=&quot;font-size:21px;&quot;&gt;
							poll
						&lt;/h2&gt;
						&lt;p&gt;
							poll在1986年诞生于System V Release 3，它和select在本质上没有多大差别，但是poll没有最大文件描述符数量的限制。&amp;nbsp;
						&lt;/p&gt;
						&lt;p&gt;
							poll和select同样存在一个缺点就是，包含大量文件描述符的数组被整体复制于用户态和内核的地址空间之间，而不论这些文件描述符是否就绪，它的开销随着文件描述符数量的增加而线性增大。&amp;nbsp;
						&lt;/p&gt;
						&lt;p&gt;
							另外，select()和poll()将就绪的文件描述符告诉进程后，如果进程没有对其进行IO操作，那么下次调用select()和poll() 的时候将再次报告这些文件描述符，所以它们一般不会丢失就绪的消息，这种方式称为水平触发（Level Triggered）。
						&lt;/p&gt;
						&lt;h2 style=&quot;font-size:21px;&quot;&gt;
							epoll
						&lt;/h2&gt;
						&lt;p&gt;
							直到Linux2.6才出现了由内核直接支持的实现方法，那就是epoll，它几乎具备了之前所说的一切优点，被公认为Linux2.6下性能最好的多路I/O就绪通知方法。
						&lt;/p&gt;
						&lt;p&gt;
							epoll可以同时支持水平触发和边缘触发（Edge Triggered，只告诉进程哪些文件描述符刚刚变为就绪状态，它只说一遍，如果我们没有采取行动，那么它将不会再次告知，这种方式称为边缘触发），理论上边缘触发的性能要更高一些，但是代码实现相当复杂。
						&lt;/p&gt;
						&lt;p&gt;
							epoll同样只告知那些就绪的文件描述符，而且当我们调用epoll_wait()获得就绪文件描述符时，返回的不是实际的描述符，而是一个代表 就绪描述符数量的值，你只需要去epoll指定的一个数组中依次取得相应数量的文件描述符即可，这里也使用了内存映射（mmap）技术，这样便彻底省掉了 这些文件描述符在系统调用时复制的开销。
						&lt;/p&gt;
						&lt;p&gt;
							另一个本质的改进在于epoll采用基于事件的就绪通知方式。在select/poll中，进程只有在调用一定的方法后，内核才对所有监视的文件描 述符进行扫描，而epoll事先通过epoll_ctl()来注册一个文件描述符，一旦基于某个文件描述符就绪时，内核会采用类似callback的回调 机制，迅速激活这个文件描述符，当进程调用epoll_wait()时便得到通知。
						&lt;/p&gt;
					&lt;/div&gt;
				&lt;/div&gt;
				&lt;p&gt;
					&amp;nbsp;
				&lt;/p&gt;
				&lt;p&gt;
					&lt;strong&gt;Memcache和Redis区别&lt;/strong&gt; 
				&lt;/p&gt;
				&lt;div style=&quot;margin:0px;&quot;&gt;
					&lt;ol&gt;
						&lt;li&gt;
							Redis中，并不是所有的数据都一直存储在内存中的，这是和Memcached相比一个最大的区别。
						&lt;/li&gt;
						&lt;li&gt;
							Redis在很多方面具备数据库的特征，或者说就是一个数据库系统，而Memcached只是简单的K/V缓存。
						&lt;/li&gt;
						&lt;li&gt;
							他们的扩展都需要做集群；实现方式：master-slave、Hash。
						&lt;/li&gt;
						&lt;li&gt;
							在100k以上的数据中，Memcached性能要高于Redis。
						&lt;/li&gt;
						&lt;li&gt;
							如果要说内存使用效率，使用简单的key-value存储的话，Memcached的内存利用率更高，而如果Redis采用hash结构来做key-value存储，由于其组合式的压缩，其内存利用率会高于Memcached。当然，这和你的应用场景和数据特性有关。
						&lt;/li&gt;
						&lt;li&gt;
							如果你对数据持久化和数据同步有所要求，那么推荐你选择Redis，因为这两个特性Memcached都不具备。即使你只是希望在升级或者重启系统后缓存数据不会丢失，选择Redis也是明智的。
						&lt;/li&gt;
						&lt;li&gt;
							Redis和Memcache在写入性能上面差别不大，读取性能上面尤其是批量读取性能上面Memcache更强
						&lt;/li&gt;
					&lt;/ol&gt;
				&lt;/div&gt;
			&lt;/div&gt;
		&lt;/div&gt;
	&lt;/div&gt;
&lt;/div&gt;',`createtime`='1496222812' WHERE `id` = 46 [ RunTime:0.0170s ]
INFO: [ view_parse ] --START--
INFO: [ template_filter ] --START--
INFO: Run Behavior\ContentReplaceBehavior [ RunTime:0.001000s ]
INFO: [ template_filter ] --END-- [ RunTime:0.003000s ]
INFO: Run Behavior\ParseTemplateBehavior [ RunTime:0.058003s ]
INFO: [ view_parse ] --END-- [ RunTime:0.061004s ]
INFO: [ view_filter ] --START--
INFO: Run Behavior\WriteHtmlCacheBehavior [ RunTime:0.002000s ]
INFO: [ view_filter ] --END-- [ RunTime:0.004000s ]
INFO: [ app_end ] --START--
INFO: Run Behavior\ShowPageTraceBehavior [ RunTime:0.002000s ]
INFO: [ app_end ] --END-- [ RunTime:0.004000s ]

[ 2017-05-31T17:26:55+08:00 ] 127.0.0.1 /admin/index/article/id/46.aspx
INFO: [ app_init ] --START--
INFO: Run Behavior\BuildLiteBehavior [ RunTime:0.000000s ]
INFO: [ app_init ] --END-- [ RunTime:0.003000s ]
INFO: [ app_begin ] --START--
INFO: Run Behavior\ReadHtmlCacheBehavior [ RunTime:0.002000s ]
INFO: [ app_begin ] --END-- [ RunTime:0.004000s ]
NOTIC: [2048] Declaration of Home\Model\TypeModel::save() should be compatible with Think\Model::save($data = '', $options = Array) D:\WWW\tools\Application\Home\Model\TypeModel.class.php 第 10 行.
NOTIC: [2048] Declaration of Home\Model\TypeModel::delete() should be compatible with Think\Model::delete($options = Array) D:\WWW\tools\Application\Home\Model\TypeModel.class.php 第 10 行.
SQL: SHOW COLUMNS FROM `type` [ RunTime:0.0100s ]
NOTIC: [2] Missing argument 1 for Home\Model\TypeModel::lists(), called in D:\WWW\tools\ThinkPHP\Library\Think\Controller.class.php on line 51 and defined D:\WWW\tools\Application\Home\Model\TypeModel.class.php 第 83 行.
NOTIC: [8] Undefined variable: arr D:\WWW\tools\Application\Home\Model\TypeModel.class.php 第 84 行.
SQL: SELECT * FROM `type` ORDER BY `order` asc,id asc  [ RunTime:0.0010s ]
NOTIC: [2048] Declaration of Admin\Model\TypeModel::save() should be compatible with Think\Model::save($data = '', $options = Array) D:\WWW\tools\Application\Admin\Model\TypeModel.class.php 第 106 行.
NOTIC: [2048] Declaration of Admin\Model\TypeModel::delete() should be compatible with Think\Model::delete($options = Array) D:\WWW\tools\Application\Admin\Model\TypeModel.class.php 第 106 行.
NOTIC: [2] Missing argument 1 for Admin\Model\TypeModel::lists(), called in D:\WWW\tools\Application\Admin\Controller\IndexController.class.php on line 35 and defined D:\WWW\tools\Application\Admin\Model\TypeModel.class.php 第 101 行.
NOTIC: [8] Undefined variable: arr D:\WWW\tools\Application\Admin\Model\TypeModel.class.php 第 102 行.
SQL: SELECT * FROM `type` ORDER BY `order` asc,id asc  [ RunTime:0.0010s ]
NOTIC: [2048] Declaration of Admin\Model\ArticleModel::save() should be compatible with Think\Model::save($data = '', $options = Array) D:\WWW\tools\Application\Admin\Model\ArticleModel.class.php 第 101 行.
NOTIC: [2048] Declaration of Admin\Model\ArticleModel::delete() should be compatible with Think\Model::delete($options = Array) D:\WWW\tools\Application\Admin\Model\ArticleModel.class.php 第 101 行.
SQL: SHOW COLUMNS FROM `article` [ RunTime:0.0060s ]
SQL: SELECT * FROM `article` WHERE `id` = 46 LIMIT 1   [ RunTime:0.0020s ]
INFO: [ view_parse ] --START--
INFO: [ template_filter ] --START--
INFO: Run Behavior\ContentReplaceBehavior [ RunTime:0.001000s ]
INFO: [ template_filter ] --END-- [ RunTime:0.003000s ]
INFO: Run Behavior\ParseTemplateBehavior [ RunTime:0.093005s ]
INFO: [ view_parse ] --END-- [ RunTime:0.095005s ]
INFO: [ view_filter ] --START--
INFO: Run Behavior\WriteHtmlCacheBehavior [ RunTime:0.002000s ]
INFO: [ view_filter ] --END-- [ RunTime:0.004001s ]
INFO: [ app_end ] --START--
INFO: Run Behavior\ShowPageTraceBehavior [ RunTime:0.004000s ]
INFO: [ app_end ] --END-- [ RunTime:0.008000s ]

[ 2017-05-31T17:26:58+08:00 ] 127.0.0.1 /admin/index/lists.aspx
INFO: [ app_init ] --START--
INFO: Run Behavior\BuildLiteBehavior [ RunTime:0.000000s ]
INFO: [ app_init ] --END-- [ RunTime:0.003000s ]
INFO: [ app_begin ] --START--
INFO: Run Behavior\ReadHtmlCacheBehavior [ RunTime:0.001000s ]
INFO: [ app_begin ] --END-- [ RunTime:0.003000s ]
NOTIC: [2048] Declaration of Home\Model\TypeModel::save() should be compatible with Think\Model::save($data = '', $options = Array) D:\WWW\tools\Application\Home\Model\TypeModel.class.php 第 10 行.
NOTIC: [2048] Declaration of Home\Model\TypeModel::delete() should be compatible with Think\Model::delete($options = Array) D:\WWW\tools\Application\Home\Model\TypeModel.class.php 第 10 行.
SQL: SHOW COLUMNS FROM `type` [ RunTime:0.0120s ]
NOTIC: [2] Missing argument 1 for Home\Model\TypeModel::lists(), called in D:\WWW\tools\ThinkPHP\Library\Think\Controller.class.php on line 51 and defined D:\WWW\tools\Application\Home\Model\TypeModel.class.php 第 83 行.
NOTIC: [8] Undefined variable: arr D:\WWW\tools\Application\Home\Model\TypeModel.class.php 第 84 行.
SQL: SELECT * FROM `type` ORDER BY `order` asc,id asc  [ RunTime:0.0030s ]
NOTIC: [2048] Declaration of Admin\Model\ArticleModel::save() should be compatible with Think\Model::save($data = '', $options = Array) D:\WWW\tools\Application\Admin\Model\ArticleModel.class.php 第 101 行.
NOTIC: [2048] Declaration of Admin\Model\ArticleModel::delete() should be compatible with Think\Model::delete($options = Array) D:\WWW\tools\Application\Admin\Model\ArticleModel.class.php 第 101 行.
SQL: SHOW COLUMNS FROM `article` [ RunTime:0.0060s ]
NOTIC: [8] Undefined variable: arr D:\WWW\tools\Application\Admin\Controller\IndexController.class.php 第 102 行.
SQL: SELECT * FROM `article` ORDER BY id desc LIMIT 0,10   [ RunTime:0.0180s ]
SQL: SELECT COUNT(*) AS tp_count FROM `article` LIMIT 1   [ RunTime:0.0010s ]
NOTIC: [2048] Declaration of Admin\Model\TypeModel::save() should be compatible with Think\Model::save($data = '', $options = Array) D:\WWW\tools\Application\Admin\Model\TypeModel.class.php 第 106 行.
NOTIC: [2048] Declaration of Admin\Model\TypeModel::delete() should be compatible with Think\Model::delete($options = Array) D:\WWW\tools\Application\Admin\Model\TypeModel.class.php 第 106 行.
NOTIC: [2] Missing argument 1 for Admin\Model\TypeModel::lists(), called in D:\WWW\tools\Application\Admin\Controller\IndexController.class.php on line 104 and defined D:\WWW\tools\Application\Admin\Model\TypeModel.class.php 第 101 行.
NOTIC: [8] Undefined variable: arr D:\WWW\tools\Application\Admin\Model\TypeModel.class.php 第 102 行.
SQL: SELECT * FROM `type` ORDER BY `order` asc,id asc  [ RunTime:0.0010s ]
INFO: [ view_parse ] --START--
INFO: [ template_filter ] --START--
INFO: Run Behavior\ContentReplaceBehavior [ RunTime:0.002000s ]
INFO: [ template_filter ] --END-- [ RunTime:0.004000s ]
INFO: Run Behavior\ParseTemplateBehavior [ RunTime:0.155009s ]
INFO: [ view_parse ] --END-- [ RunTime:0.157009s ]
INFO: [ view_filter ] --START--
INFO: Run Behavior\WriteHtmlCacheBehavior [ RunTime:0.002000s ]
INFO: [ view_filter ] --END-- [ RunTime:0.004000s ]
INFO: [ app_end ] --START--
INFO: Run Behavior\ShowPageTraceBehavior [ RunTime:0.002001s ]
INFO: [ app_end ] --END-- [ RunTime:0.004001s ]

[ 2017-05-31T17:27:01+08:00 ] 127.0.0.1 /admin/index/lists.aspx
INFO: [ app_init ] --START--
INFO: Run Behavior\BuildLiteBehavior [ RunTime:0.000000s ]
INFO: [ app_init ] --END-- [ RunTime:0.003000s ]
INFO: [ app_begin ] --START--
INFO: Run Behavior\ReadHtmlCacheBehavior [ RunTime:0.002000s ]
INFO: [ app_begin ] --END-- [ RunTime:0.004000s ]
NOTIC: [2048] Declaration of Home\Model\TypeModel::save() should be compatible with Think\Model::save($data = '', $options = Array) D:\WWW\tools\Application\Home\Model\TypeModel.class.php 第 10 行.
NOTIC: [2048] Declaration of Home\Model\TypeModel::delete() should be compatible with Think\Model::delete($options = Array) D:\WWW\tools\Application\Home\Model\TypeModel.class.php 第 10 行.
SQL: SHOW COLUMNS FROM `type` [ RunTime:0.0120s ]
NOTIC: [2] Missing argument 1 for Home\Model\TypeModel::lists(), called in D:\WWW\tools\ThinkPHP\Library\Think\Controller.class.php on line 51 and defined D:\WWW\tools\Application\Home\Model\TypeModel.class.php 第 83 行.
NOTIC: [8] Undefined variable: arr D:\WWW\tools\Application\Home\Model\TypeModel.class.php 第 84 行.
SQL: SELECT * FROM `type` ORDER BY `order` asc,id asc  [ RunTime:0.0020s ]
NOTIC: [2048] Declaration of Admin\Model\ArticleModel::save() should be compatible with Think\Model::save($data = '', $options = Array) D:\WWW\tools\Application\Admin\Model\ArticleModel.class.php 第 101 行.
NOTIC: [2048] Declaration of Admin\Model\ArticleModel::delete() should be compatible with Think\Model::delete($options = Array) D:\WWW\tools\Application\Admin\Model\ArticleModel.class.php 第 101 行.
SQL: SHOW COLUMNS FROM `article` [ RunTime:0.0050s ]
SQL: SELECT * FROM `article` WHERE `type` = 1 ORDER BY id desc LIMIT 0,10   [ RunTime:0.0030s ]
SQL: SELECT COUNT(*) AS tp_count FROM `article` WHERE `type` = 1 LIMIT 1   [ RunTime:0.0010s ]
NOTIC: [2048] Declaration of Admin\Model\TypeModel::save() should be compatible with Think\Model::save($data = '', $options = Array) D:\WWW\tools\Application\Admin\Model\TypeModel.class.php 第 106 行.
NOTIC: [2048] Declaration of Admin\Model\TypeModel::delete() should be compatible with Think\Model::delete($options = Array) D:\WWW\tools\Application\Admin\Model\TypeModel.class.php 第 106 行.
NOTIC: [2] Missing argument 1 for Admin\Model\TypeModel::lists(), called in D:\WWW\tools\Application\Admin\Controller\IndexController.class.php on line 104 and defined D:\WWW\tools\Application\Admin\Model\TypeModel.class.php 第 101 行.
NOTIC: [8] Undefined variable: arr D:\WWW\tools\Application\Admin\Model\TypeModel.class.php 第 102 行.
SQL: SELECT * FROM `type` ORDER BY `order` asc,id asc  [ RunTime:0.0010s ]
INFO: [ view_parse ] --START--
INFO: [ template_filter ] --START--
INFO: Run Behavior\ContentReplaceBehavior [ RunTime:0.001000s ]
INFO: [ template_filter ] --END-- [ RunTime:0.003000s ]
INFO: Run Behavior\ParseTemplateBehavior [ RunTime:0.122007s ]
INFO: [ view_parse ] --END-- [ RunTime:0.124007s ]
INFO: [ view_filter ] --START--
INFO: Run Behavior\WriteHtmlCacheBehavior [ RunTime:0.002000s ]
INFO: [ view_filter ] --END-- [ RunTime:0.004000s ]
INFO: [ app_end ] --START--
INFO: Run Behavior\ShowPageTraceBehavior [ RunTime:0.002000s ]
INFO: [ app_end ] --END-- [ RunTime:0.004000s ]

