[ 2018-03-21T15:38:40+08:00 ] 127.0.0.1 /admin
INFO: [ app_init ] --START--
INFO: Run Behavior\BuildLiteBehavior [ RunTime:0.000007s ]
INFO: [ app_init ] --END-- [ RunTime:0.000311s ]
INFO: [ app_begin ] --START--
INFO: Run Behavior\ReadHtmlCacheBehavior [ RunTime:0.000798s ]
INFO: [ app_begin ] --END-- [ RunTime:0.000857s ]

[ 2018-03-21T16:16:14+08:00 ] 127.0.0.1 /admin
INFO: [ app_init ] --START--
INFO: Run Behavior\BuildLiteBehavior [ RunTime:0.000028s ]
INFO: [ app_init ] --END-- [ RunTime:0.000684s ]
INFO: [ app_begin ] --START--
INFO: Run Behavior\ReadHtmlCacheBehavior [ RunTime:0.001443s ]
INFO: [ app_begin ] --END-- [ RunTime:0.001539s ]
NOTIC: [2048] Declaration of Home\Model\TypeModel::save() should be compatible with Think\Model::save($data = '', $options = Array) D:\WWW\tools\Application\Home\Model\TypeModel.class.php 第 10 行.
NOTIC: [2048] Declaration of Home\Model\TypeModel::delete() should be compatible with Think\Model::delete($options = Array) D:\WWW\tools\Application\Home\Model\TypeModel.class.php 第 10 行.
SQL: SHOW COLUMNS FROM `type` [ RunTime:0.0303s ]
SQL: SELECT * FROM `type` ORDER BY `order` asc,id asc  [ RunTime:0.0006s ]

[ 2018-03-21T16:16:15+08:00 ] 127.0.0.1 /admin/login.aspx
INFO: [ app_init ] --START--
INFO: Run Behavior\BuildLiteBehavior [ RunTime:0.000020s ]
INFO: [ app_init ] --END-- [ RunTime:0.000527s ]
INFO: [ app_begin ] --START--
INFO: Run Behavior\ReadHtmlCacheBehavior [ RunTime:0.000777s ]
INFO: [ app_begin ] --END-- [ RunTime:0.000852s ]
NOTIC: [2048] Declaration of Home\Model\TypeModel::save() should be compatible with Think\Model::save($data = '', $options = Array) D:\WWW\tools\Application\Home\Model\TypeModel.class.php 第 10 行.
NOTIC: [2048] Declaration of Home\Model\TypeModel::delete() should be compatible with Think\Model::delete($options = Array) D:\WWW\tools\Application\Home\Model\TypeModel.class.php 第 10 行.
SQL: SHOW COLUMNS FROM `type` [ RunTime:0.0098s ]
SQL: SELECT * FROM `type` ORDER BY `order` asc,id asc  [ RunTime:0.0002s ]
INFO: [ view_parse ] --START--
INFO: [ template_filter ] --START--
INFO: Run Behavior\ContentReplaceBehavior [ RunTime:0.000056s ]
INFO: [ template_filter ] --END-- [ RunTime:0.000102s ]
INFO: Run Behavior\ParseTemplateBehavior [ RunTime:0.028096s ]
INFO: [ view_parse ] --END-- [ RunTime:0.028147s ]
INFO: [ view_filter ] --START--
INFO: Run Behavior\WriteHtmlCacheBehavior [ RunTime:0.000269s ]
INFO: [ view_filter ] --END-- [ RunTime:0.000300s ]
INFO: [ app_end ] --START--
INFO: Run Behavior\ShowPageTraceBehavior [ RunTime:0.000471s ]
INFO: [ app_end ] --END-- [ RunTime:0.000501s ]

[ 2018-03-21T16:16:21+08:00 ] 127.0.0.1 /admin/login/dologin.aspx
INFO: [ app_init ] --START--
INFO: Run Behavior\BuildLiteBehavior [ RunTime:0.000011s ]
INFO: [ app_init ] --END-- [ RunTime:0.000315s ]
INFO: [ app_begin ] --START--
INFO: Run Behavior\ReadHtmlCacheBehavior [ RunTime:0.000495s ]
INFO: [ app_begin ] --END-- [ RunTime:0.000532s ]
NOTIC: [2048] Declaration of Home\Model\TypeModel::save() should be compatible with Think\Model::save($data = '', $options = Array) D:\WWW\tools\Application\Home\Model\TypeModel.class.php 第 10 行.
NOTIC: [2048] Declaration of Home\Model\TypeModel::delete() should be compatible with Think\Model::delete($options = Array) D:\WWW\tools\Application\Home\Model\TypeModel.class.php 第 10 行.
SQL: SHOW COLUMNS FROM `type` [ RunTime:0.0156s ]
SQL: SELECT * FROM `type` ORDER BY `order` asc,id asc  [ RunTime:0.0003s ]
NOTIC: [2048] Non-static method Admin\Model\AdminModel::adminLogin() should not be called statically, assuming $this from incompatible context D:\WWW\tools\Application\Admin\Controller\LoginController.class.php 第 36 行.
SQL: SHOW COLUMNS FROM `admin` [ RunTime:0.0585s ]
SQL: SELECT * FROM `admin` WHERE `user` = 'admin' LIMIT 1   [ RunTime:0.0002s ]

[ 2018-03-21T16:16:22+08:00 ] 127.0.0.1 /admin/index.aspx
INFO: [ app_init ] --START--
INFO: Run Behavior\BuildLiteBehavior [ RunTime:0.000012s ]
INFO: [ app_init ] --END-- [ RunTime:0.000304s ]
INFO: [ app_begin ] --START--
INFO: Run Behavior\ReadHtmlCacheBehavior [ RunTime:0.000442s ]
INFO: [ app_begin ] --END-- [ RunTime:0.000483s ]
NOTIC: [2048] Declaration of Home\Model\TypeModel::save() should be compatible with Think\Model::save($data = '', $options = Array) D:\WWW\tools\Application\Home\Model\TypeModel.class.php 第 10 行.
NOTIC: [2048] Declaration of Home\Model\TypeModel::delete() should be compatible with Think\Model::delete($options = Array) D:\WWW\tools\Application\Home\Model\TypeModel.class.php 第 10 行.
SQL: SHOW COLUMNS FROM `type` [ RunTime:0.0308s ]
SQL: SELECT * FROM `type` ORDER BY `order` asc,id asc  [ RunTime:0.0004s ]
INFO: [ view_parse ] --START--
INFO: [ template_filter ] --START--
INFO: Run Behavior\ContentReplaceBehavior [ RunTime:0.000077s ]
INFO: [ template_filter ] --END-- [ RunTime:0.000138s ]
INFO: Run Behavior\ParseTemplateBehavior [ RunTime:0.063807s ]
INFO: [ view_parse ] --END-- [ RunTime:0.063887s ]
INFO: [ view_filter ] --START--
INFO: Run Behavior\WriteHtmlCacheBehavior [ RunTime:0.000391s ]
INFO: [ view_filter ] --END-- [ RunTime:0.000442s ]
INFO: [ app_end ] --START--
INFO: Run Behavior\ShowPageTraceBehavior [ RunTime:0.000701s ]
INFO: [ app_end ] --END-- [ RunTime:0.000747s ]

[ 2018-03-21T16:16:23+08:00 ] 127.0.0.1 /admin/login/dologin.aspx
INFO: [ app_init ] --START--
INFO: Run Behavior\BuildLiteBehavior [ RunTime:0.000012s ]
INFO: [ app_init ] --END-- [ RunTime:0.000290s ]
INFO: [ app_begin ] --START--
INFO: Run Behavior\ReadHtmlCacheBehavior [ RunTime:0.000413s ]
INFO: [ app_begin ] --END-- [ RunTime:0.000450s ]
NOTIC: [2048] Declaration of Home\Model\TypeModel::save() should be compatible with Think\Model::save($data = '', $options = Array) D:\WWW\tools\Application\Home\Model\TypeModel.class.php 第 10 行.
NOTIC: [2048] Declaration of Home\Model\TypeModel::delete() should be compatible with Think\Model::delete($options = Array) D:\WWW\tools\Application\Home\Model\TypeModel.class.php 第 10 行.
SQL: SHOW COLUMNS FROM `type` [ RunTime:0.0243s ]
SQL: SELECT * FROM `type` ORDER BY `order` asc,id asc  [ RunTime:0.0005s ]
NOTIC: [2048] Non-static method Admin\Model\AdminModel::adminLogin() should not be called statically, assuming $this from incompatible context D:\WWW\tools\Application\Admin\Controller\LoginController.class.php 第 36 行.
SQL: SHOW COLUMNS FROM `admin` [ RunTime:0.0194s ]
SQL: SELECT * FROM `admin` WHERE `user` = 'admin' LIMIT 1   [ RunTime:0.0004s ]

[ 2018-03-21T16:16:25+08:00 ] 127.0.0.1 /admin/index/typemanager.aspx
INFO: [ app_init ] --START--
INFO: Run Behavior\BuildLiteBehavior [ RunTime:0.000012s ]
INFO: [ app_init ] --END-- [ RunTime:0.000299s ]
INFO: [ app_begin ] --START--
INFO: Run Behavior\ReadHtmlCacheBehavior [ RunTime:0.000420s ]
INFO: [ app_begin ] --END-- [ RunTime:0.000461s ]
NOTIC: [2048] Declaration of Home\Model\TypeModel::save() should be compatible with Think\Model::save($data = '', $options = Array) D:\WWW\tools\Application\Home\Model\TypeModel.class.php 第 10 行.
NOTIC: [2048] Declaration of Home\Model\TypeModel::delete() should be compatible with Think\Model::delete($options = Array) D:\WWW\tools\Application\Home\Model\TypeModel.class.php 第 10 行.
SQL: SHOW COLUMNS FROM `type` [ RunTime:0.0823s ]
SQL: SELECT * FROM `type` ORDER BY `order` asc,id asc  [ RunTime:0.0007s ]
NOTIC: [2048] Declaration of Admin\Model\TypeModel::save() should be compatible with Think\Model::save($data = '', $options = Array) D:\WWW\tools\Application\Admin\Model\TypeModel.class.php 第 106 行.
NOTIC: [2048] Declaration of Admin\Model\TypeModel::delete() should be compatible with Think\Model::delete($options = Array) D:\WWW\tools\Application\Admin\Model\TypeModel.class.php 第 106 行.
NOTIC: [8] Undefined variable: arr D:\WWW\tools\Application\Admin\Controller\IndexController.class.php 第 222 行.
SQL: SELECT * FROM `type` WHERE `parent_id` IN ('0') ORDER BY `order` asc,id asc  [ RunTime:0.0005s ]
SQL: SELECT * FROM `type` WHERE `parent_id` IN ('1','2','3','4','12','13','14') ORDER BY `order` asc,id asc  [ RunTime:0.0003s ]
INFO: [ view_parse ] --START--
INFO: [ template_filter ] --START--
INFO: Run Behavior\ContentReplaceBehavior [ RunTime:0.000157s ]
INFO: [ template_filter ] --END-- [ RunTime:0.000252s ]
NOTIC: [8] Undefined variable: title D:\WWW\tools\Application\Runtime\Cache\Admin\998d5290710e253fee5e3c66bc442010.php 第 116 行.
INFO: Run Behavior\ParseTemplateBehavior [ RunTime:0.098061s ]
INFO: [ view_parse ] --END-- [ RunTime:0.098135s ]
INFO: [ view_filter ] --START--
INFO: Run Behavior\WriteHtmlCacheBehavior [ RunTime:0.000315s ]
INFO: [ view_filter ] --END-- [ RunTime:0.000358s ]
INFO: [ app_end ] --START--
INFO: Run Behavior\ShowPageTraceBehavior [ RunTime:0.000603s ]
INFO: [ app_end ] --END-- [ RunTime:0.000656s ]

[ 2018-03-21T16:16:29+08:00 ] 127.0.0.1 /admin/index/lists.aspx
INFO: [ app_init ] --START--
INFO: Run Behavior\BuildLiteBehavior [ RunTime:0.000011s ]
INFO: [ app_init ] --END-- [ RunTime:0.000287s ]
INFO: [ app_begin ] --START--
INFO: Run Behavior\ReadHtmlCacheBehavior [ RunTime:0.000419s ]
INFO: [ app_begin ] --END-- [ RunTime:0.000460s ]
NOTIC: [2048] Declaration of Home\Model\TypeModel::save() should be compatible with Think\Model::save($data = '', $options = Array) D:\WWW\tools\Application\Home\Model\TypeModel.class.php 第 10 行.
NOTIC: [2048] Declaration of Home\Model\TypeModel::delete() should be compatible with Think\Model::delete($options = Array) D:\WWW\tools\Application\Home\Model\TypeModel.class.php 第 10 行.
SQL: SHOW COLUMNS FROM `type` [ RunTime:0.0132s ]
SQL: SELECT * FROM `type` ORDER BY `order` asc,id asc  [ RunTime:0.0003s ]
NOTIC: [2048] Declaration of Admin\Model\ArticleModel::save() should be compatible with Think\Model::save($data = '', $options = Array) D:\WWW\tools\Application\Admin\Model\ArticleModel.class.php 第 101 行.
NOTIC: [2048] Declaration of Admin\Model\ArticleModel::delete() should be compatible with Think\Model::delete($options = Array) D:\WWW\tools\Application\Admin\Model\ArticleModel.class.php 第 101 行.
SQL: SHOW COLUMNS FROM `article` [ RunTime:0.0191s ]
NOTIC: [8] Undefined variable: arr D:\WWW\tools\Application\Admin\Controller\IndexController.class.php 第 102 行.
SQL: SELECT * FROM `article` ORDER BY id desc LIMIT 0,10   [ RunTime:0.0016s ]
SQL: SELECT COUNT(*) AS tp_count FROM `article` LIMIT 1   [ RunTime:0.0003s ]
NOTIC: [2048] Declaration of Admin\Model\TypeModel::save() should be compatible with Think\Model::save($data = '', $options = Array) D:\WWW\tools\Application\Admin\Model\TypeModel.class.php 第 106 行.
NOTIC: [2048] Declaration of Admin\Model\TypeModel::delete() should be compatible with Think\Model::delete($options = Array) D:\WWW\tools\Application\Admin\Model\TypeModel.class.php 第 106 行.
NOTIC: [2] Missing argument 1 for Admin\Model\TypeModel::lists(), called in D:\WWW\tools\Application\Admin\Controller\IndexController.class.php on line 104 and defined D:\WWW\tools\Application\Admin\Model\TypeModel.class.php 第 101 行.
NOTIC: [8] Undefined variable: arr D:\WWW\tools\Application\Admin\Model\TypeModel.class.php 第 102 行.
SQL: SELECT * FROM `type` ORDER BY `order` asc,id asc  [ RunTime:0.0007s ]
INFO: [ view_parse ] --START--
INFO: [ template_filter ] --START--
INFO: Run Behavior\ContentReplaceBehavior [ RunTime:0.000124s ]
INFO: [ template_filter ] --END-- [ RunTime:0.000200s ]
INFO: Run Behavior\ParseTemplateBehavior [ RunTime:0.107888s ]
INFO: [ view_parse ] --END-- [ RunTime:0.107994s ]
INFO: [ view_filter ] --START--
INFO: Run Behavior\WriteHtmlCacheBehavior [ RunTime:0.000379s ]
INFO: [ view_filter ] --END-- [ RunTime:0.000436s ]
INFO: [ app_end ] --START--
INFO: Run Behavior\ShowPageTraceBehavior [ RunTime:0.000801s ]
INFO: [ app_end ] --END-- [ RunTime:0.000867s ]

[ 2018-03-21T16:16:32+08:00 ] 127.0.0.1 /admin/index/article/id/65.aspx
INFO: [ app_init ] --START--
INFO: Run Behavior\BuildLiteBehavior [ RunTime:0.000014s ]
INFO: [ app_init ] --END-- [ RunTime:0.000302s ]
INFO: [ app_begin ] --START--
INFO: Run Behavior\ReadHtmlCacheBehavior [ RunTime:0.000499s ]
INFO: [ app_begin ] --END-- [ RunTime:0.000555s ]
NOTIC: [2048] Declaration of Home\Model\TypeModel::save() should be compatible with Think\Model::save($data = '', $options = Array) D:\WWW\tools\Application\Home\Model\TypeModel.class.php 第 10 行.
NOTIC: [2048] Declaration of Home\Model\TypeModel::delete() should be compatible with Think\Model::delete($options = Array) D:\WWW\tools\Application\Home\Model\TypeModel.class.php 第 10 行.
SQL: SHOW COLUMNS FROM `type` [ RunTime:0.0310s ]
SQL: SELECT * FROM `type` ORDER BY `order` asc,id asc  [ RunTime:0.0004s ]
NOTIC: [2048] Declaration of Admin\Model\TypeModel::save() should be compatible with Think\Model::save($data = '', $options = Array) D:\WWW\tools\Application\Admin\Model\TypeModel.class.php 第 106 行.
NOTIC: [2048] Declaration of Admin\Model\TypeModel::delete() should be compatible with Think\Model::delete($options = Array) D:\WWW\tools\Application\Admin\Model\TypeModel.class.php 第 106 行.
NOTIC: [2] Missing argument 1 for Admin\Model\TypeModel::lists(), called in D:\WWW\tools\Application\Admin\Controller\IndexController.class.php on line 35 and defined D:\WWW\tools\Application\Admin\Model\TypeModel.class.php 第 101 行.
NOTIC: [8] Undefined variable: arr D:\WWW\tools\Application\Admin\Model\TypeModel.class.php 第 102 行.
SQL: SELECT * FROM `type` ORDER BY `order` asc,id asc  [ RunTime:0.0004s ]
NOTIC: [2048] Declaration of Admin\Model\ArticleModel::save() should be compatible with Think\Model::save($data = '', $options = Array) D:\WWW\tools\Application\Admin\Model\ArticleModel.class.php 第 101 行.
NOTIC: [2048] Declaration of Admin\Model\ArticleModel::delete() should be compatible with Think\Model::delete($options = Array) D:\WWW\tools\Application\Admin\Model\ArticleModel.class.php 第 101 行.
SQL: SHOW COLUMNS FROM `article` [ RunTime:0.0874s ]
SQL: SELECT * FROM `article` WHERE `id` = 65 LIMIT 1   [ RunTime:0.0007s ]
INFO: [ view_parse ] --START--
INFO: [ template_filter ] --START--
INFO: Run Behavior\ContentReplaceBehavior [ RunTime:0.000150s ]
INFO: [ template_filter ] --END-- [ RunTime:0.000240s ]
INFO: Run Behavior\ParseTemplateBehavior [ RunTime:0.085537s ]
INFO: [ view_parse ] --END-- [ RunTime:0.085644s ]
INFO: [ view_filter ] --START--
INFO: Run Behavior\WriteHtmlCacheBehavior [ RunTime:0.000285s ]
INFO: [ view_filter ] --END-- [ RunTime:0.000329s ]
INFO: [ app_end ] --START--
INFO: Run Behavior\ShowPageTraceBehavior [ RunTime:0.000581s ]
INFO: [ app_end ] --END-- [ RunTime:0.000625s ]

[ 2018-03-21T16:16:57+08:00 ] 127.0.0.1 /admin/index/SaveArticle.aspx
INFO: [ app_init ] --START--
INFO: Run Behavior\BuildLiteBehavior [ RunTime:0.000013s ]
INFO: [ app_init ] --END-- [ RunTime:0.000291s ]
INFO: [ app_begin ] --START--
INFO: Run Behavior\ReadHtmlCacheBehavior [ RunTime:0.000393s ]
INFO: [ app_begin ] --END-- [ RunTime:0.000431s ]
NOTIC: [2048] Declaration of Home\Model\TypeModel::save() should be compatible with Think\Model::save($data = '', $options = Array) D:\WWW\tools\Application\Home\Model\TypeModel.class.php 第 10 行.
NOTIC: [2048] Declaration of Home\Model\TypeModel::delete() should be compatible with Think\Model::delete($options = Array) D:\WWW\tools\Application\Home\Model\TypeModel.class.php 第 10 行.
SQL: SHOW COLUMNS FROM `type` [ RunTime:0.0365s ]
SQL: SELECT * FROM `type` ORDER BY `order` asc,id asc  [ RunTime:0.0007s ]
NOTIC: [2048] Declaration of Admin\Model\ArticleModel::save() should be compatible with Think\Model::save($data = '', $options = Array) D:\WWW\tools\Application\Admin\Model\ArticleModel.class.php 第 101 行.
NOTIC: [2048] Declaration of Admin\Model\ArticleModel::delete() should be compatible with Think\Model::delete($options = Array) D:\WWW\tools\Application\Admin\Model\ArticleModel.class.php 第 101 行.
SQL: SHOW COLUMNS FROM `article` [ RunTime:0.0115s ]
SQL: UPDATE `article` SET `type`='0',`title`='目前需要学习的东西记录',`keyword`='目前需要学习的东西记录',`author`='小兔',`content`='&lt;p&gt;需要学习的东西太多了，一步一步来&lt;/p&gt;&lt;ul class=&quot; list-paddingleft-2&quot; style=&quot;list-style-type: disc;&quot;&gt;&lt;li&gt;&lt;p&gt;laravel框架&lt;/p&gt;&lt;/li&gt;&lt;li&gt;&lt;p&gt;Yii框架&lt;/p&gt;&lt;/li&gt;&lt;li&gt;&lt;p&gt;socket编程&lt;br/&gt;&lt;/p&gt;&lt;/li&gt;&lt;li&gt;&lt;p&gt;outh2.0权限&lt;/p&gt;&lt;/li&gt;&lt;li&gt;&lt;p&gt;restful风格的api&lt;br/&gt;&lt;/p&gt;&lt;/li&gt;&lt;li&gt;&lt;p&gt;linux服务器&lt;/p&gt;&lt;/li&gt;&lt;li&gt;&lt;p&gt;go语言&lt;/p&gt;&lt;/li&gt;&lt;li&gt;&lt;p&gt;c语言&lt;/p&gt;&lt;/li&gt;&lt;li&gt;&lt;p&gt;yii框架&lt;/p&gt;&lt;/li&gt;&lt;li&gt;&lt;p&gt;java语言&lt;/p&gt;&lt;/li&gt;&lt;/ul&gt;&lt;p&gt;用一个比我小很多岁编程者（18岁）的简历图来励志自己&lt;/p&gt;&lt;p&gt;&lt;img src=&quot;/ueditor/php/upload/image/20180309/1520583867.png&quot; title=&quot;1520583867.png&quot; alt=&quot;女装大佬，千里冰封的简历.png&quot;/&gt;&lt;/p&gt;',`createtime`='1521620217' WHERE `id` = 65 [ RunTime:0.0003s ]
INFO: [ view_parse ] --START--
INFO: [ template_filter ] --START--
INFO: Run Behavior\ContentReplaceBehavior [ RunTime:0.000048s ]
INFO: [ template_filter ] --END-- [ RunTime:0.000098s ]
INFO: Run Behavior\ParseTemplateBehavior [ RunTime:0.030616s ]
INFO: [ view_parse ] --END-- [ RunTime:0.030680s ]
INFO: [ view_filter ] --START--
INFO: Run Behavior\WriteHtmlCacheBehavior [ RunTime:0.000714s ]
INFO: [ view_filter ] --END-- [ RunTime:0.000750s ]
INFO: [ app_end ] --START--
INFO: Run Behavior\ShowPageTraceBehavior [ RunTime:0.000731s ]
INFO: [ app_end ] --END-- [ RunTime:0.000765s ]

[ 2018-03-21T16:16:59+08:00 ] 127.0.0.1 /admin/index/article/id/65.aspx
INFO: [ app_init ] --START--
INFO: Run Behavior\BuildLiteBehavior [ RunTime:0.000013s ]
INFO: [ app_init ] --END-- [ RunTime:0.000377s ]
INFO: [ app_begin ] --START--
INFO: Run Behavior\ReadHtmlCacheBehavior [ RunTime:0.000718s ]
INFO: [ app_begin ] --END-- [ RunTime:0.000760s ]
NOTIC: [2048] Declaration of Home\Model\TypeModel::save() should be compatible with Think\Model::save($data = '', $options = Array) D:\WWW\tools\Application\Home\Model\TypeModel.class.php 第 10 行.
NOTIC: [2048] Declaration of Home\Model\TypeModel::delete() should be compatible with Think\Model::delete($options = Array) D:\WWW\tools\Application\Home\Model\TypeModel.class.php 第 10 行.
SQL: SHOW COLUMNS FROM `type` [ RunTime:0.0350s ]
SQL: SELECT * FROM `type` ORDER BY `order` asc,id asc  [ RunTime:0.0006s ]
NOTIC: [2048] Declaration of Admin\Model\TypeModel::save() should be compatible with Think\Model::save($data = '', $options = Array) D:\WWW\tools\Application\Admin\Model\TypeModel.class.php 第 106 行.
NOTIC: [2048] Declaration of Admin\Model\TypeModel::delete() should be compatible with Think\Model::delete($options = Array) D:\WWW\tools\Application\Admin\Model\TypeModel.class.php 第 106 行.
NOTIC: [2] Missing argument 1 for Admin\Model\TypeModel::lists(), called in D:\WWW\tools\Application\Admin\Controller\IndexController.class.php on line 35 and defined D:\WWW\tools\Application\Admin\Model\TypeModel.class.php 第 101 行.
NOTIC: [8] Undefined variable: arr D:\WWW\tools\Application\Admin\Model\TypeModel.class.php 第 102 行.
SQL: SELECT * FROM `type` ORDER BY `order` asc,id asc  [ RunTime:0.0005s ]
NOTIC: [2048] Declaration of Admin\Model\ArticleModel::save() should be compatible with Think\Model::save($data = '', $options = Array) D:\WWW\tools\Application\Admin\Model\ArticleModel.class.php 第 101 行.
NOTIC: [2048] Declaration of Admin\Model\ArticleModel::delete() should be compatible with Think\Model::delete($options = Array) D:\WWW\tools\Application\Admin\Model\ArticleModel.class.php 第 101 行.
SQL: SHOW COLUMNS FROM `article` [ RunTime:0.0308s ]
SQL: SELECT * FROM `article` WHERE `id` = 65 LIMIT 1   [ RunTime:0.0004s ]
INFO: [ view_parse ] --START--
INFO: [ template_filter ] --START--
INFO: Run Behavior\ContentReplaceBehavior [ RunTime:0.000209s ]
INFO: [ template_filter ] --END-- [ RunTime:0.000302s ]
INFO: Run Behavior\ParseTemplateBehavior [ RunTime:0.021699s ]
INFO: [ view_parse ] --END-- [ RunTime:0.021805s ]
INFO: [ view_filter ] --START--
INFO: Run Behavior\WriteHtmlCacheBehavior [ RunTime:0.001259s ]
INFO: [ view_filter ] --END-- [ RunTime:0.001337s ]
INFO: [ app_end ] --START--
INFO: Run Behavior\ShowPageTraceBehavior [ RunTime:0.001751s ]
INFO: [ app_end ] --END-- [ RunTime:0.001832s ]

[ 2018-03-21T16:17:54+08:00 ] 127.0.0.1 /admin/index/article/id/65.aspx
INFO: [ app_init ] --START--
INFO: Run Behavior\BuildLiteBehavior [ RunTime:0.000013s ]
INFO: [ app_init ] --END-- [ RunTime:0.000399s ]
INFO: [ app_begin ] --START--
INFO: Run Behavior\ReadHtmlCacheBehavior [ RunTime:0.000744s ]
INFO: [ app_begin ] --END-- [ RunTime:0.000788s ]
NOTIC: [2048] Declaration of Home\Model\TypeModel::save() should be compatible with Think\Model::save($data = '', $options = Array) D:\WWW\tools\Application\Home\Model\TypeModel.class.php 第 10 行.
NOTIC: [2048] Declaration of Home\Model\TypeModel::delete() should be compatible with Think\Model::delete($options = Array) D:\WWW\tools\Application\Home\Model\TypeModel.class.php 第 10 行.
SQL: SHOW COLUMNS FROM `type` [ RunTime:0.0321s ]
SQL: SELECT * FROM `type` ORDER BY `order` asc,id asc  [ RunTime:0.0006s ]
NOTIC: [2048] Declaration of Admin\Model\TypeModel::save() should be compatible with Think\Model::save($data = '', $options = Array) D:\WWW\tools\Application\Admin\Model\TypeModel.class.php 第 106 行.
NOTIC: [2048] Declaration of Admin\Model\TypeModel::delete() should be compatible with Think\Model::delete($options = Array) D:\WWW\tools\Application\Admin\Model\TypeModel.class.php 第 106 行.
NOTIC: [2] Missing argument 1 for Admin\Model\TypeModel::lists(), called in D:\WWW\tools\Application\Admin\Controller\IndexController.class.php on line 35 and defined D:\WWW\tools\Application\Admin\Model\TypeModel.class.php 第 101 行.
NOTIC: [8] Undefined variable: arr D:\WWW\tools\Application\Admin\Model\TypeModel.class.php 第 102 行.
SQL: SELECT * FROM `type` ORDER BY `order` asc,id asc  [ RunTime:0.0006s ]
NOTIC: [2048] Declaration of Admin\Model\ArticleModel::save() should be compatible with Think\Model::save($data = '', $options = Array) D:\WWW\tools\Application\Admin\Model\ArticleModel.class.php 第 101 行.
NOTIC: [2048] Declaration of Admin\Model\ArticleModel::delete() should be compatible with Think\Model::delete($options = Array) D:\WWW\tools\Application\Admin\Model\ArticleModel.class.php 第 101 行.
SQL: SHOW COLUMNS FROM `article` [ RunTime:0.0615s ]
SQL: SELECT * FROM `article` WHERE `id` = 65 LIMIT 1   [ RunTime:0.0007s ]
INFO: [ view_parse ] --START--
INFO: [ template_filter ] --START--
INFO: Run Behavior\ContentReplaceBehavior [ RunTime:0.000156s ]
INFO: [ template_filter ] --END-- [ RunTime:0.000252s ]
INFO: Run Behavior\ParseTemplateBehavior [ RunTime:0.021865s ]
INFO: [ view_parse ] --END-- [ RunTime:0.021983s ]
INFO: [ view_filter ] --START--
INFO: Run Behavior\WriteHtmlCacheBehavior [ RunTime:0.001185s ]
INFO: [ view_filter ] --END-- [ RunTime:0.001258s ]
INFO: [ app_end ] --START--
INFO: Run Behavior\ShowPageTraceBehavior [ RunTime:0.001719s ]
INFO: [ app_end ] --END-- [ RunTime:0.001802s ]

[ 2018-03-21T16:17:57+08:00 ] 127.0.0.1 /admin/index/lists.aspx
INFO: [ app_init ] --START--
INFO: Run Behavior\BuildLiteBehavior [ RunTime:0.000013s ]
INFO: [ app_init ] --END-- [ RunTime:0.000375s ]
INFO: [ app_begin ] --START--
INFO: Run Behavior\ReadHtmlCacheBehavior [ RunTime:0.000726s ]
INFO: [ app_begin ] --END-- [ RunTime:0.000769s ]
NOTIC: [2048] Declaration of Home\Model\TypeModel::save() should be compatible with Think\Model::save($data = '', $options = Array) D:\WWW\tools\Application\Home\Model\TypeModel.class.php 第 10 行.
NOTIC: [2048] Declaration of Home\Model\TypeModel::delete() should be compatible with Think\Model::delete($options = Array) D:\WWW\tools\Application\Home\Model\TypeModel.class.php 第 10 行.
SQL: SHOW COLUMNS FROM `type` [ RunTime:0.0336s ]
SQL: SELECT * FROM `type` ORDER BY `order` asc,id asc  [ RunTime:0.0003s ]
NOTIC: [2048] Declaration of Admin\Model\ArticleModel::save() should be compatible with Think\Model::save($data = '', $options = Array) D:\WWW\tools\Application\Admin\Model\ArticleModel.class.php 第 101 行.
NOTIC: [2048] Declaration of Admin\Model\ArticleModel::delete() should be compatible with Think\Model::delete($options = Array) D:\WWW\tools\Application\Admin\Model\ArticleModel.class.php 第 101 行.
SQL: SHOW COLUMNS FROM `article` [ RunTime:0.0413s ]
NOTIC: [8] Undefined variable: arr D:\WWW\tools\Application\Admin\Controller\IndexController.class.php 第 102 行.
SQL: SELECT * FROM `article` ORDER BY id desc LIMIT 0,10   [ RunTime:0.0016s ]
SQL: SELECT COUNT(*) AS tp_count FROM `article` LIMIT 1   [ RunTime:0.0003s ]
NOTIC: [2048] Declaration of Admin\Model\TypeModel::save() should be compatible with Think\Model::save($data = '', $options = Array) D:\WWW\tools\Application\Admin\Model\TypeModel.class.php 第 106 行.
NOTIC: [2048] Declaration of Admin\Model\TypeModel::delete() should be compatible with Think\Model::delete($options = Array) D:\WWW\tools\Application\Admin\Model\TypeModel.class.php 第 106 行.
NOTIC: [2] Missing argument 1 for Admin\Model\TypeModel::lists(), called in D:\WWW\tools\Application\Admin\Controller\IndexController.class.php on line 104 and defined D:\WWW\tools\Application\Admin\Model\TypeModel.class.php 第 101 行.
NOTIC: [8] Undefined variable: arr D:\WWW\tools\Application\Admin\Model\TypeModel.class.php 第 102 行.
SQL: SELECT * FROM `type` ORDER BY `order` asc,id asc  [ RunTime:0.0007s ]
INFO: [ view_parse ] --START--
INFO: [ template_filter ] --START--
INFO: Run Behavior\ContentReplaceBehavior [ RunTime:0.000140s ]
INFO: [ template_filter ] --END-- [ RunTime:0.000220s ]
INFO: Run Behavior\ParseTemplateBehavior [ RunTime:0.033188s ]
INFO: [ view_parse ] --END-- [ RunTime:0.033284s ]
INFO: [ view_filter ] --START--
INFO: Run Behavior\WriteHtmlCacheBehavior [ RunTime:0.000765s ]
INFO: [ view_filter ] --END-- [ RunTime:0.000811s ]
INFO: [ app_end ] --START--
INFO: Run Behavior\ShowPageTraceBehavior [ RunTime:0.001131s ]
INFO: [ app_end ] --END-- [ RunTime:0.001189s ]

