[ 2018-02-22T11:26:26+08:00 ] 127.0.0.1 /admin
INFO: [ app_init ] --START--
INFO: Run Behavior\BuildLiteBehavior [ RunTime:0.000017s ]
INFO: [ app_init ] --END-- [ RunTime:0.000450s ]
INFO: [ app_begin ] --START--
INFO: Run Behavior\ReadHtmlCacheBehavior [ RunTime:0.000497s ]
INFO: [ app_begin ] --END-- [ RunTime:0.000567s ]
NOTIC: [2048] Declaration of Home\Model\TypeModel::save() should be compatible with that of Think\Model::save() D:\WWW\tools\Application\Home\Model\TypeModel.class.php 第 10 行.
NOTIC: [2048] Declaration of Home\Model\TypeModel::delete() should be compatible with that of Think\Model::delete() D:\WWW\tools\Application\Home\Model\TypeModel.class.php 第 10 行.
SQL: SHOW COLUMNS FROM `type` [ RunTime:0.0363s ]
NOTIC: [2] Missing argument 1 for Home\Model\TypeModel::lists(), called in D:\WWW\tools\ThinkPHP\Library\Think\Controller.class.php on line 51 and defined D:\WWW\tools\Application\Home\Model\TypeModel.class.php 第 83 行.
NOTIC: [8] Undefined variable: arr D:\WWW\tools\Application\Home\Model\TypeModel.class.php 第 84 行.
SQL: SELECT * FROM `type` ORDER BY `order` asc,id asc  [ RunTime:0.0004s ]

[ 2018-02-22T11:26:27+08:00 ] 127.0.0.1 /admin/login.aspx
INFO: [ app_init ] --START--
INFO: Run Behavior\BuildLiteBehavior [ RunTime:0.000019s ]
INFO: [ app_init ] --END-- [ RunTime:0.000395s ]
INFO: [ app_begin ] --START--
INFO: Run Behavior\ReadHtmlCacheBehavior [ RunTime:0.000521s ]
INFO: [ app_begin ] --END-- [ RunTime:0.000600s ]
NOTIC: [2048] Declaration of Home\Model\TypeModel::save() should be compatible with that of Think\Model::save() D:\WWW\tools\Application\Home\Model\TypeModel.class.php 第 10 行.
NOTIC: [2048] Declaration of Home\Model\TypeModel::delete() should be compatible with that of Think\Model::delete() D:\WWW\tools\Application\Home\Model\TypeModel.class.php 第 10 行.
SQL: SHOW COLUMNS FROM `type` [ RunTime:0.0114s ]
NOTIC: [2] Missing argument 1 for Home\Model\TypeModel::lists(), called in D:\WWW\tools\ThinkPHP\Library\Think\Controller.class.php on line 51 and defined D:\WWW\tools\Application\Home\Model\TypeModel.class.php 第 83 行.
NOTIC: [8] Undefined variable: arr D:\WWW\tools\Application\Home\Model\TypeModel.class.php 第 84 行.
SQL: SELECT * FROM `type` ORDER BY `order` asc,id asc  [ RunTime:0.0002s ]
INFO: [ view_parse ] --START--
INFO: [ template_filter ] --START--
INFO: Run Behavior\ContentReplaceBehavior [ RunTime:0.000237s ]
INFO: [ template_filter ] --END-- [ RunTime:0.000458s ]
INFO: Run Behavior\ParseTemplateBehavior [ RunTime:0.147474s ]
INFO: [ view_parse ] --END-- [ RunTime:0.147604s ]
INFO: [ view_filter ] --START--
INFO: Run Behavior\WriteHtmlCacheBehavior [ RunTime:0.000651s ]
INFO: [ view_filter ] --END-- [ RunTime:0.000757s ]
INFO: [ app_end ] --START--
INFO: Run Behavior\ShowPageTraceBehavior [ RunTime:0.001084s ]
INFO: [ app_end ] --END-- [ RunTime:0.001194s ]

[ 2018-02-22T11:26:34+08:00 ] 127.0.0.1 /admin/login/dologin.aspx
INFO: [ app_init ] --START--
INFO: Run Behavior\BuildLiteBehavior [ RunTime:0.000013s ]
INFO: [ app_init ] --END-- [ RunTime:0.000314s ]
INFO: [ app_begin ] --START--
INFO: Run Behavior\ReadHtmlCacheBehavior [ RunTime:0.000461s ]
INFO: [ app_begin ] --END-- [ RunTime:0.000517s ]
NOTIC: [2048] Declaration of Home\Model\TypeModel::save() should be compatible with that of Think\Model::save() D:\WWW\tools\Application\Home\Model\TypeModel.class.php 第 10 行.
NOTIC: [2048] Declaration of Home\Model\TypeModel::delete() should be compatible with that of Think\Model::delete() D:\WWW\tools\Application\Home\Model\TypeModel.class.php 第 10 行.
SQL: SHOW COLUMNS FROM `type` [ RunTime:0.0324s ]
NOTIC: [2] Missing argument 1 for Home\Model\TypeModel::lists(), called in D:\WWW\tools\ThinkPHP\Library\Think\Controller.class.php on line 51 and defined D:\WWW\tools\Application\Home\Model\TypeModel.class.php 第 83 行.
NOTIC: [8] Undefined variable: arr D:\WWW\tools\Application\Home\Model\TypeModel.class.php 第 84 行.
SQL: SELECT * FROM `type` ORDER BY `order` asc,id asc  [ RunTime:0.0007s ]
NOTIC: [2048] Non-static method Admin\Model\AdminModel::adminLogin() should not be called statically, assuming $this from incompatible context D:\WWW\tools\Application\Admin\Controller\LoginController.class.php 第 36 行.
SQL: SHOW COLUMNS FROM `admin` [ RunTime:0.1695s ]
SQL: SELECT * FROM `admin` WHERE `user` = 'admin' LIMIT 1   [ RunTime:0.0005s ]

[ 2018-02-22T11:26:35+08:00 ] 127.0.0.1 /admin/index.aspx
INFO: [ app_init ] --START--
INFO: Run Behavior\BuildLiteBehavior [ RunTime:0.000014s ]
INFO: [ app_init ] --END-- [ RunTime:0.000279s ]
INFO: [ app_begin ] --START--
INFO: Run Behavior\ReadHtmlCacheBehavior [ RunTime:0.000351s ]
INFO: [ app_begin ] --END-- [ RunTime:0.000405s ]
NOTIC: [2048] Declaration of Home\Model\TypeModel::save() should be compatible with that of Think\Model::save() D:\WWW\tools\Application\Home\Model\TypeModel.class.php 第 10 行.
NOTIC: [2048] Declaration of Home\Model\TypeModel::delete() should be compatible with that of Think\Model::delete() D:\WWW\tools\Application\Home\Model\TypeModel.class.php 第 10 行.
SQL: SHOW COLUMNS FROM `type` [ RunTime:0.0126s ]
NOTIC: [2] Missing argument 1 for Home\Model\TypeModel::lists(), called in D:\WWW\tools\ThinkPHP\Library\Think\Controller.class.php on line 51 and defined D:\WWW\tools\Application\Home\Model\TypeModel.class.php 第 83 行.
NOTIC: [8] Undefined variable: arr D:\WWW\tools\Application\Home\Model\TypeModel.class.php 第 84 行.
SQL: SELECT * FROM `type` ORDER BY `order` asc,id asc  [ RunTime:0.0003s ]
INFO: [ view_parse ] --START--
INFO: [ template_filter ] --START--
INFO: Run Behavior\ContentReplaceBehavior [ RunTime:0.000249s ]
INFO: [ template_filter ] --END-- [ RunTime:0.000467s ]
INFO: Run Behavior\ParseTemplateBehavior [ RunTime:0.208551s ]
INFO: [ view_parse ] --END-- [ RunTime:0.208703s ]
INFO: [ view_filter ] --START--
INFO: Run Behavior\WriteHtmlCacheBehavior [ RunTime:0.000431s ]
INFO: [ view_filter ] --END-- [ RunTime:0.000500s ]
INFO: [ app_end ] --START--
INFO: Run Behavior\ShowPageTraceBehavior [ RunTime:0.000660s ]
INFO: [ app_end ] --END-- [ RunTime:0.000730s ]

[ 2018-02-22T11:26:36+08:00 ] 127.0.0.1 /admin/login/dologin.aspx
INFO: [ app_init ] --START--
INFO: Run Behavior\BuildLiteBehavior [ RunTime:0.000018s ]
INFO: [ app_init ] --END-- [ RunTime:0.000353s ]
INFO: [ app_begin ] --START--
INFO: Run Behavior\ReadHtmlCacheBehavior [ RunTime:0.000432s ]
INFO: [ app_begin ] --END-- [ RunTime:0.000484s ]
NOTIC: [2048] Declaration of Home\Model\TypeModel::save() should be compatible with that of Think\Model::save() D:\WWW\tools\Application\Home\Model\TypeModel.class.php 第 10 行.
NOTIC: [2048] Declaration of Home\Model\TypeModel::delete() should be compatible with that of Think\Model::delete() D:\WWW\tools\Application\Home\Model\TypeModel.class.php 第 10 行.
SQL: SHOW COLUMNS FROM `type` [ RunTime:0.0313s ]
NOTIC: [2] Missing argument 1 for Home\Model\TypeModel::lists(), called in D:\WWW\tools\ThinkPHP\Library\Think\Controller.class.php on line 51 and defined D:\WWW\tools\Application\Home\Model\TypeModel.class.php 第 83 行.
NOTIC: [8] Undefined variable: arr D:\WWW\tools\Application\Home\Model\TypeModel.class.php 第 84 行.
SQL: SELECT * FROM `type` ORDER BY `order` asc,id asc  [ RunTime:0.0007s ]
NOTIC: [2048] Non-static method Admin\Model\AdminModel::adminLogin() should not be called statically, assuming $this from incompatible context D:\WWW\tools\Application\Admin\Controller\LoginController.class.php 第 36 行.
SQL: SHOW COLUMNS FROM `admin` [ RunTime:0.0232s ]
SQL: SELECT * FROM `admin` WHERE `user` = 'admin' LIMIT 1   [ RunTime:0.0006s ]

[ 2018-02-22T11:26:38+08:00 ] 127.0.0.1 /admin/index/typemanager.aspx
INFO: [ app_init ] --START--
INFO: Run Behavior\BuildLiteBehavior [ RunTime:0.000013s ]
INFO: [ app_init ] --END-- [ RunTime:0.000283s ]
INFO: [ app_begin ] --START--
INFO: Run Behavior\ReadHtmlCacheBehavior [ RunTime:0.000442s ]
INFO: [ app_begin ] --END-- [ RunTime:0.000514s ]
NOTIC: [2048] Declaration of Home\Model\TypeModel::save() should be compatible with that of Think\Model::save() D:\WWW\tools\Application\Home\Model\TypeModel.class.php 第 10 行.
NOTIC: [2048] Declaration of Home\Model\TypeModel::delete() should be compatible with that of Think\Model::delete() D:\WWW\tools\Application\Home\Model\TypeModel.class.php 第 10 行.
SQL: SHOW COLUMNS FROM `type` [ RunTime:0.0106s ]
NOTIC: [2] Missing argument 1 for Home\Model\TypeModel::lists(), called in D:\WWW\tools\ThinkPHP\Library\Think\Controller.class.php on line 51 and defined D:\WWW\tools\Application\Home\Model\TypeModel.class.php 第 83 行.
NOTIC: [8] Undefined variable: arr D:\WWW\tools\Application\Home\Model\TypeModel.class.php 第 84 行.
SQL: SELECT * FROM `type` ORDER BY `order` asc,id asc  [ RunTime:0.0002s ]
NOTIC: [2048] Declaration of Admin\Model\TypeModel::save() should be compatible with that of Think\Model::save() D:\WWW\tools\Application\Admin\Model\TypeModel.class.php 第 106 行.
NOTIC: [2048] Declaration of Admin\Model\TypeModel::delete() should be compatible with that of Think\Model::delete() D:\WWW\tools\Application\Admin\Model\TypeModel.class.php 第 106 行.
NOTIC: [8] Undefined variable: arr D:\WWW\tools\Application\Admin\Controller\IndexController.class.php 第 222 行.
SQL: SELECT * FROM `type` WHERE `parent_id` IN ('0') ORDER BY `order` asc,id asc  [ RunTime:0.0309s ]
SQL: SELECT * FROM `type` WHERE `parent_id` IN ('1','2','3','4','12','13','14') ORDER BY `order` asc,id asc  [ RunTime:0.0102s ]
INFO: [ view_parse ] --START--
INFO: [ template_filter ] --START--
INFO: Run Behavior\ContentReplaceBehavior [ RunTime:0.000090s ]
INFO: [ template_filter ] --END-- [ RunTime:0.000191s ]
NOTIC: [8] Undefined variable: title D:\WWW\tools\Application\Runtime\Cache\Admin\998d5290710e253fee5e3c66bc442010.php 第 116 行.
INFO: Run Behavior\ParseTemplateBehavior [ RunTime:0.092113s ]
INFO: [ view_parse ] --END-- [ RunTime:0.092224s ]
INFO: [ view_filter ] --START--
INFO: Run Behavior\WriteHtmlCacheBehavior [ RunTime:0.000211s ]
INFO: [ view_filter ] --END-- [ RunTime:0.000253s ]
INFO: [ app_end ] --START--
INFO: Run Behavior\ShowPageTraceBehavior [ RunTime:0.000387s ]
INFO: [ app_end ] --END-- [ RunTime:0.000438s ]

[ 2018-02-22T11:26:39+08:00 ] 127.0.0.1 /admin/index/lists.aspx
INFO: [ app_init ] --START--
INFO: Run Behavior\BuildLiteBehavior [ RunTime:0.000012s ]
INFO: [ app_init ] --END-- [ RunTime:0.000279s ]
INFO: [ app_begin ] --START--
INFO: Run Behavior\ReadHtmlCacheBehavior [ RunTime:0.000374s ]
INFO: [ app_begin ] --END-- [ RunTime:0.000429s ]
NOTIC: [2048] Declaration of Home\Model\TypeModel::save() should be compatible with that of Think\Model::save() D:\WWW\tools\Application\Home\Model\TypeModel.class.php 第 10 行.
NOTIC: [2048] Declaration of Home\Model\TypeModel::delete() should be compatible with that of Think\Model::delete() D:\WWW\tools\Application\Home\Model\TypeModel.class.php 第 10 行.
SQL: SHOW COLUMNS FROM `type` [ RunTime:0.0326s ]
NOTIC: [2] Missing argument 1 for Home\Model\TypeModel::lists(), called in D:\WWW\tools\ThinkPHP\Library\Think\Controller.class.php on line 51 and defined D:\WWW\tools\Application\Home\Model\TypeModel.class.php 第 83 行.
NOTIC: [8] Undefined variable: arr D:\WWW\tools\Application\Home\Model\TypeModel.class.php 第 84 行.
SQL: SELECT * FROM `type` ORDER BY `order` asc,id asc  [ RunTime:0.0007s ]
NOTIC: [2048] Declaration of Admin\Model\ArticleModel::save() should be compatible with that of Think\Model::save() D:\WWW\tools\Application\Admin\Model\ArticleModel.class.php 第 101 行.
NOTIC: [2048] Declaration of Admin\Model\ArticleModel::delete() should be compatible with that of Think\Model::delete() D:\WWW\tools\Application\Admin\Model\ArticleModel.class.php 第 101 行.
SQL: SHOW COLUMNS FROM `article` [ RunTime:0.0122s ]
NOTIC: [8] Undefined variable: arr D:\WWW\tools\Application\Admin\Controller\IndexController.class.php 第 102 行.
SQL: SELECT * FROM `article` ORDER BY id desc LIMIT 0,10   [ RunTime:0.0010s ]
SQL: SELECT COUNT(*) AS tp_count FROM `article` LIMIT 1   [ RunTime:0.0002s ]
NOTIC: [2048] Declaration of Admin\Model\TypeModel::save() should be compatible with that of Think\Model::save() D:\WWW\tools\Application\Admin\Model\TypeModel.class.php 第 106 行.
NOTIC: [2048] Declaration of Admin\Model\TypeModel::delete() should be compatible with that of Think\Model::delete() D:\WWW\tools\Application\Admin\Model\TypeModel.class.php 第 106 行.
NOTIC: [2] Missing argument 1 for Admin\Model\TypeModel::lists(), called in D:\WWW\tools\Application\Admin\Controller\IndexController.class.php on line 104 and defined D:\WWW\tools\Application\Admin\Model\TypeModel.class.php 第 101 行.
NOTIC: [8] Undefined variable: arr D:\WWW\tools\Application\Admin\Model\TypeModel.class.php 第 102 行.
SQL: SELECT * FROM `type` ORDER BY `order` asc,id asc  [ RunTime:0.0003s ]
INFO: [ view_parse ] --START--
INFO: [ template_filter ] --START--
INFO: Run Behavior\ContentReplaceBehavior [ RunTime:0.000214s ]
INFO: [ template_filter ] --END-- [ RunTime:0.000372s ]
INFO: Run Behavior\ParseTemplateBehavior [ RunTime:0.125849s ]
INFO: [ view_parse ] --END-- [ RunTime:0.125954s ]
INFO: [ view_filter ] --START--
INFO: Run Behavior\WriteHtmlCacheBehavior [ RunTime:0.000396s ]
INFO: [ view_filter ] --END-- [ RunTime:0.000463s ]
INFO: [ app_end ] --START--
INFO: Run Behavior\ShowPageTraceBehavior [ RunTime:0.000975s ]
INFO: [ app_end ] --END-- [ RunTime:0.001117s ]

[ 2018-02-22T11:26:45+08:00 ] 127.0.0.1 /admin/index/article/id/52.aspx
INFO: [ app_init ] --START--
INFO: Run Behavior\BuildLiteBehavior [ RunTime:0.000013s ]
INFO: [ app_init ] --END-- [ RunTime:0.000281s ]
INFO: [ app_begin ] --START--
INFO: Run Behavior\ReadHtmlCacheBehavior [ RunTime:0.000366s ]
INFO: [ app_begin ] --END-- [ RunTime:0.000422s ]
NOTIC: [2048] Declaration of Home\Model\TypeModel::save() should be compatible with that of Think\Model::save() D:\WWW\tools\Application\Home\Model\TypeModel.class.php 第 10 行.
NOTIC: [2048] Declaration of Home\Model\TypeModel::delete() should be compatible with that of Think\Model::delete() D:\WWW\tools\Application\Home\Model\TypeModel.class.php 第 10 行.
SQL: SHOW COLUMNS FROM `type` [ RunTime:0.0391s ]
NOTIC: [2] Missing argument 1 for Home\Model\TypeModel::lists(), called in D:\WWW\tools\ThinkPHP\Library\Think\Controller.class.php on line 51 and defined D:\WWW\tools\Application\Home\Model\TypeModel.class.php 第 83 行.
NOTIC: [8] Undefined variable: arr D:\WWW\tools\Application\Home\Model\TypeModel.class.php 第 84 行.
SQL: SELECT * FROM `type` ORDER BY `order` asc,id asc  [ RunTime:0.0004s ]
NOTIC: [2048] Declaration of Admin\Model\TypeModel::save() should be compatible with that of Think\Model::save() D:\WWW\tools\Application\Admin\Model\TypeModel.class.php 第 106 行.
NOTIC: [2048] Declaration of Admin\Model\TypeModel::delete() should be compatible with that of Think\Model::delete() D:\WWW\tools\Application\Admin\Model\TypeModel.class.php 第 106 行.
NOTIC: [2] Missing argument 1 for Admin\Model\TypeModel::lists(), called in D:\WWW\tools\Application\Admin\Controller\IndexController.class.php on line 35 and defined D:\WWW\tools\Application\Admin\Model\TypeModel.class.php 第 101 行.
NOTIC: [8] Undefined variable: arr D:\WWW\tools\Application\Admin\Model\TypeModel.class.php 第 102 行.
SQL: SELECT * FROM `type` ORDER BY `order` asc,id asc  [ RunTime:0.0003s ]
NOTIC: [2048] Declaration of Admin\Model\ArticleModel::save() should be compatible with that of Think\Model::save() D:\WWW\tools\Application\Admin\Model\ArticleModel.class.php 第 101 行.
NOTIC: [2048] Declaration of Admin\Model\ArticleModel::delete() should be compatible with that of Think\Model::delete() D:\WWW\tools\Application\Admin\Model\ArticleModel.class.php 第 101 行.
SQL: SHOW COLUMNS FROM `article` [ RunTime:0.0327s ]
SQL: SELECT * FROM `article` WHERE `id` = 52 LIMIT 1   [ RunTime:0.0004s ]
INFO: [ view_parse ] --START--
INFO: [ template_filter ] --START--
INFO: Run Behavior\ContentReplaceBehavior [ RunTime:0.000096s ]
INFO: [ template_filter ] --END-- [ RunTime:0.000171s ]
INFO: Run Behavior\ParseTemplateBehavior [ RunTime:0.058527s ]
INFO: [ view_parse ] --END-- [ RunTime:0.058637s ]
INFO: [ view_filter ] --START--
INFO: Run Behavior\WriteHtmlCacheBehavior [ RunTime:0.000213s ]
INFO: [ view_filter ] --END-- [ RunTime:0.000259s ]
INFO: [ app_end ] --START--
INFO: Run Behavior\ShowPageTraceBehavior [ RunTime:0.000389s ]
INFO: [ app_end ] --END-- [ RunTime:0.000442s ]

[ 2018-02-22T11:27:57+08:00 ] 127.0.0.1 /admin/index/SaveArticle.aspx
INFO: [ app_init ] --START--
INFO: Run Behavior\BuildLiteBehavior [ RunTime:0.000013s ]
INFO: [ app_init ] --END-- [ RunTime:0.000295s ]
INFO: [ app_begin ] --START--
INFO: Run Behavior\ReadHtmlCacheBehavior [ RunTime:0.000370s ]
INFO: [ app_begin ] --END-- [ RunTime:0.000426s ]
NOTIC: [2048] Declaration of Home\Model\TypeModel::save() should be compatible with that of Think\Model::save() D:\WWW\tools\Application\Home\Model\TypeModel.class.php 第 10 行.
NOTIC: [2048] Declaration of Home\Model\TypeModel::delete() should be compatible with that of Think\Model::delete() D:\WWW\tools\Application\Home\Model\TypeModel.class.php 第 10 行.
SQL: SHOW COLUMNS FROM `type` [ RunTime:0.0319s ]
NOTIC: [2] Missing argument 1 for Home\Model\TypeModel::lists(), called in D:\WWW\tools\ThinkPHP\Library\Think\Controller.class.php on line 51 and defined D:\WWW\tools\Application\Home\Model\TypeModel.class.php 第 83 行.
NOTIC: [8] Undefined variable: arr D:\WWW\tools\Application\Home\Model\TypeModel.class.php 第 84 行.
SQL: SELECT * FROM `type` ORDER BY `order` asc,id asc  [ RunTime:0.0008s ]
NOTIC: [2048] Declaration of Admin\Model\ArticleModel::save() should be compatible with that of Think\Model::save() D:\WWW\tools\Application\Admin\Model\ArticleModel.class.php 第 101 行.
NOTIC: [2048] Declaration of Admin\Model\ArticleModel::delete() should be compatible with that of Think\Model::delete() D:\WWW\tools\Application\Admin\Model\ArticleModel.class.php 第 101 行.
SQL: SHOW COLUMNS FROM `article` [ RunTime:0.0068s ]
SQL: UPDATE `article` SET `type`='3',`title`='centos7 Nat模式上网配置',`keyword`='',`author`='小兔',`content`='&lt;p&gt;在配置前是得安装好了vmware10和centos7.&lt;/p&gt;&lt;p&gt;第一步：虚拟网络编辑&lt;/p&gt;&lt;p&gt;&lt;img src=&quot;/ueditor/php/upload/image/20180106/1515210423968731.png&quot; title=&quot;1515210423968731.png&quot; alt=&quot;TIM截图20180106114551.png&quot;/&gt;&lt;/p&gt;&lt;p&gt;点击虚拟网络编辑到达以下界面&lt;/p&gt;&lt;p&gt;&lt;img src=&quot;/ueditor/php/upload/image/20180106/1515210509118092.png&quot; title=&quot;1515210509118092.png&quot; alt=&quot;TIM截图20180106114809.png&quot;/&gt;&lt;/p&gt;&lt;p&gt;&lt;br/&gt;&lt;/p&gt;&lt;p&gt;看你是否有名称为VMnet8 如果没有点击添加网络，如图&lt;/p&gt;&lt;p&gt;&lt;img src=&quot;/ueditor/php/upload/image/20180106/1515210589572925.png&quot; title=&quot;1515210589572925.png&quot; alt=&quot;TIM截图20180106114931.png&quot;/&gt;&lt;/p&gt;&lt;p&gt;我因为有了VMnet8所以没有显示出来&lt;/p&gt;&lt;p&gt;&lt;br/&gt;&lt;/p&gt;&lt;p&gt;&lt;img src=&quot;/ueditor/php/upload/image/20180106/1515219323665486.png&quot; title=&quot;1515219323665486.png&quot; alt=&quot;TIM截图20180106141319.png&quot;/&gt;&lt;/p&gt;&lt;p&gt;然后选择VMnet8 点击Nat设置&lt;br/&gt;&lt;/p&gt;&lt;p&gt;&lt;img src=&quot;/ueditor/php/upload/image/20180106/1515219360586308.png&quot; title=&quot;1515219360586308.png&quot; alt=&quot;TIM截图20180106141514.png&quot;/&gt;&lt;/p&gt;&lt;p&gt;点击添加&lt;br/&gt;&lt;/p&gt;&lt;p&gt;&lt;img src=&quot;/ueditor/php/upload/image/20180106/1515219410262407.png&quot; title=&quot;1515219410262407.png&quot; alt=&quot;TIM截图20180106141641.png&quot;/&gt;&lt;/p&gt;&lt;p&gt;在这里添加虚拟机的静态ip 添加端口ssh，后面还可以陆续添加mysql，apache端口&lt;/p&gt;&lt;p&gt;第一步就到这里完成了&lt;/p&gt;&lt;p&gt;第二部：&lt;/p&gt;&lt;p&gt;先进入/etc/sysconfig/network-scripts&lt;/p&gt;&lt;p&gt;然后备份ifcfg-ens33&amp;nbsp;&lt;/p&gt;&lt;p&gt;命令：cp ifcfg-ens33 ifcfg-ens33.bak&lt;/p&gt;&lt;p&gt;&lt;img src=&quot;/ueditor/php/upload/image/20180106/1515219717118926.png&quot; title=&quot;1515219717118926.png&quot; alt=&quot;TIM截图20180106142031.png&quot;/&gt;&lt;/p&gt;&lt;p&gt;然后修改ifcfg-ens33&lt;/p&gt;&lt;p&gt;命令：vi ifcfg-ens33&lt;/p&gt;&lt;p&gt;&lt;img src=&quot;/ueditor/php/upload/image/20180106/1515219845704817.png&quot; title=&quot;1515219845704817.png&quot; alt=&quot;TIM截图20180106142330.png&quot;/&gt;&lt;/p&gt;&lt;p&gt;BOOTPROTO=DHCP&amp;nbsp; 改成static&lt;/p&gt;&lt;p&gt;ONBOOT=no 改成yes&lt;/p&gt;&lt;p&gt;添加ip、网关、dns&lt;/p&gt;&lt;p&gt;保存后重启network&lt;/p&gt;&lt;p&gt;命令：systemctl restarrt network&lt;/p&gt;&lt;p&gt;测试命令：ping &lt;a href=&quot;http://www.baidu.com&quot;&gt;www.baidu.com&lt;/a&gt; &lt;/p&gt;&lt;p&gt;第二部完成，&lt;/p&gt;&lt;p&gt;第三部：&lt;/p&gt;&lt;p&gt;现在虚拟机可以上网了，但宿主机还ping不同虚拟机所以要设置相同网段。&lt;/p&gt;&lt;p&gt;打开网络共享中心-&amp;gt;更改适配器设置&lt;/p&gt;&lt;p&gt;&lt;img src=&quot;/ueditor/php/upload/image/20180106/1515220221908185.png&quot; title=&quot;1515220221908185.png&quot; alt=&quot;TIM截图20180106143001.png&quot;/&gt;&lt;/p&gt;&lt;p&gt;设置好就可以虚拟机和宿主机互相ping通了&lt;/p&gt;&lt;p&gt;&lt;br/&gt;&lt;/p&gt;&lt;p&gt;有时侯会出现默认网关GATEWAY不可用，换个网关ip就可以了&lt;/p&gt;&lt;p&gt;&lt;br/&gt;&lt;/p&gt;&lt;p&gt;&lt;br/&gt;&lt;/p&gt;',`createtime`='1519270077' WHERE `id` = 52 [ RunTime:0.0004s ]
INFO: [ view_parse ] --START--
INFO: [ template_filter ] --START--
INFO: Run Behavior\ContentReplaceBehavior [ RunTime:0.000056s ]
INFO: [ template_filter ] --END-- [ RunTime:0.000144s ]
INFO: Run Behavior\ParseTemplateBehavior [ RunTime:0.085799s ]
INFO: [ view_parse ] --END-- [ RunTime:0.085935s ]
INFO: [ view_filter ] --START--
INFO: Run Behavior\WriteHtmlCacheBehavior [ RunTime:0.001800s ]
INFO: [ view_filter ] --END-- [ RunTime:0.001933s ]
INFO: [ app_end ] --START--
INFO: Run Behavior\ShowPageTraceBehavior [ RunTime:0.002543s ]
INFO: [ app_end ] --END-- [ RunTime:0.002686s ]

[ 2018-02-22T11:28:00+08:00 ] 127.0.0.1 /admin/index/article/id/52.aspx
INFO: [ app_init ] --START--
INFO: Run Behavior\BuildLiteBehavior [ RunTime:0.000013s ]
INFO: [ app_init ] --END-- [ RunTime:0.000390s ]
INFO: [ app_begin ] --START--
INFO: Run Behavior\ReadHtmlCacheBehavior [ RunTime:0.000777s ]
INFO: [ app_begin ] --END-- [ RunTime:0.000834s ]
NOTIC: [2048] Declaration of Home\Model\TypeModel::save() should be compatible with that of Think\Model::save() D:\WWW\tools\Application\Home\Model\TypeModel.class.php 第 10 行.
NOTIC: [2048] Declaration of Home\Model\TypeModel::delete() should be compatible with that of Think\Model::delete() D:\WWW\tools\Application\Home\Model\TypeModel.class.php 第 10 行.
SQL: SHOW COLUMNS FROM `type` [ RunTime:0.0091s ]
NOTIC: [2] Missing argument 1 for Home\Model\TypeModel::lists(), called in D:\WWW\tools\ThinkPHP\Library\Think\Controller.class.php on line 51 and defined D:\WWW\tools\Application\Home\Model\TypeModel.class.php 第 83 行.
NOTIC: [8] Undefined variable: arr D:\WWW\tools\Application\Home\Model\TypeModel.class.php 第 84 行.
SQL: SELECT * FROM `type` ORDER BY `order` asc,id asc  [ RunTime:0.0002s ]
NOTIC: [2048] Declaration of Admin\Model\TypeModel::save() should be compatible with that of Think\Model::save() D:\WWW\tools\Application\Admin\Model\TypeModel.class.php 第 106 行.
NOTIC: [2048] Declaration of Admin\Model\TypeModel::delete() should be compatible with that of Think\Model::delete() D:\WWW\tools\Application\Admin\Model\TypeModel.class.php 第 106 行.
NOTIC: [2] Missing argument 1 for Admin\Model\TypeModel::lists(), called in D:\WWW\tools\Application\Admin\Controller\IndexController.class.php on line 35 and defined D:\WWW\tools\Application\Admin\Model\TypeModel.class.php 第 101 行.
NOTIC: [8] Undefined variable: arr D:\WWW\tools\Application\Admin\Model\TypeModel.class.php 第 102 行.
SQL: SELECT * FROM `type` ORDER BY `order` asc,id asc  [ RunTime:0.0002s ]
NOTIC: [2048] Declaration of Admin\Model\ArticleModel::save() should be compatible with that of Think\Model::save() D:\WWW\tools\Application\Admin\Model\ArticleModel.class.php 第 101 行.
NOTIC: [2048] Declaration of Admin\Model\ArticleModel::delete() should be compatible with that of Think\Model::delete() D:\WWW\tools\Application\Admin\Model\ArticleModel.class.php 第 101 行.
SQL: SHOW COLUMNS FROM `article` [ RunTime:0.0830s ]
SQL: SELECT * FROM `article` WHERE `id` = 52 LIMIT 1   [ RunTime:0.0007s ]
INFO: [ view_parse ] --START--
INFO: [ template_filter ] --START--
INFO: Run Behavior\ContentReplaceBehavior [ RunTime:0.000202s ]
INFO: [ template_filter ] --END-- [ RunTime:0.000359s ]
INFO: Run Behavior\ParseTemplateBehavior [ RunTime:0.024055s ]
INFO: [ view_parse ] --END-- [ RunTime:0.024224s ]
INFO: [ view_filter ] --START--
INFO: Run Behavior\WriteHtmlCacheBehavior [ RunTime:0.001227s ]
INFO: [ view_filter ] --END-- [ RunTime:0.001311s ]
INFO: [ app_end ] --START--
INFO: Run Behavior\ShowPageTraceBehavior [ RunTime:0.001004s ]
INFO: [ app_end ] --END-- [ RunTime:0.001074s ]

[ 2018-02-22T11:28:30+08:00 ] 127.0.0.1 /admin/index/SaveArticle.aspx
INFO: [ app_init ] --START--
INFO: Run Behavior\BuildLiteBehavior [ RunTime:0.000073s ]
INFO: [ app_init ] --END-- [ RunTime:0.000547s ]
INFO: [ app_begin ] --START--
INFO: Run Behavior\ReadHtmlCacheBehavior [ RunTime:0.000613s ]
INFO: [ app_begin ] --END-- [ RunTime:0.000689s ]
NOTIC: [2048] Declaration of Home\Model\TypeModel::save() should be compatible with that of Think\Model::save() D:\WWW\tools\Application\Home\Model\TypeModel.class.php 第 10 行.
NOTIC: [2048] Declaration of Home\Model\TypeModel::delete() should be compatible with that of Think\Model::delete() D:\WWW\tools\Application\Home\Model\TypeModel.class.php 第 10 行.
SQL: SHOW COLUMNS FROM `type` [ RunTime:0.0552s ]
NOTIC: [2] Missing argument 1 for Home\Model\TypeModel::lists(), called in D:\WWW\tools\ThinkPHP\Library\Think\Controller.class.php on line 51 and defined D:\WWW\tools\Application\Home\Model\TypeModel.class.php 第 83 行.
NOTIC: [8] Undefined variable: arr D:\WWW\tools\Application\Home\Model\TypeModel.class.php 第 84 行.
SQL: SELECT * FROM `type` ORDER BY `order` asc,id asc  [ RunTime:0.0008s ]
NOTIC: [2048] Declaration of Admin\Model\ArticleModel::save() should be compatible with that of Think\Model::save() D:\WWW\tools\Application\Admin\Model\ArticleModel.class.php 第 101 行.
NOTIC: [2048] Declaration of Admin\Model\ArticleModel::delete() should be compatible with that of Think\Model::delete() D:\WWW\tools\Application\Admin\Model\ArticleModel.class.php 第 101 行.
SQL: SHOW COLUMNS FROM `article` [ RunTime:0.0181s ]
SQL: UPDATE `article` SET `type`='3',`title`='centos7 Nat模式上网配置',`keyword`='',`author`='小兔',`content`='&lt;p&gt;在配置前是得安装好了vmware10和centos7.&lt;/p&gt;&lt;p&gt;第一步：虚拟网络编辑&lt;/p&gt;&lt;p&gt;&lt;img src=&quot;/ueditor/php/upload/image/20180106/1515210423968731.png&quot; title=&quot;1515210423968731.png&quot; alt=&quot;TIM截图20180106114551.png&quot;/&gt;&lt;/p&gt;&lt;p&gt;点击虚拟网络编辑到达以下界面&lt;/p&gt;&lt;p&gt;&lt;img src=&quot;/ueditor/php/upload/image/20180106/1515210509118092.png&quot; title=&quot;1515210509118092.png&quot; alt=&quot;TIM截图20180106114809.png&quot;/&gt;&lt;/p&gt;&lt;p&gt;&lt;br/&gt;&lt;/p&gt;&lt;p&gt;看你是否有名称为VMnet8 如果没有点击添加网络，如图&lt;/p&gt;&lt;p&gt;&lt;img src=&quot;/ueditor/php/upload/image/20180106/1515210589572925.png&quot; title=&quot;1515210589572925.png&quot; alt=&quot;TIM截图20180106114931.png&quot;/&gt;&lt;/p&gt;&lt;p&gt;我因为有了VMnet8所以没有显示出来&lt;/p&gt;&lt;p&gt;&lt;br/&gt;&lt;/p&gt;&lt;p&gt;&lt;img src=&quot;/ueditor/php/upload/image/20180106/1515219323665486.png&quot; title=&quot;1515219323665486.png&quot; alt=&quot;TIM截图20180106141319.png&quot;/&gt;&lt;/p&gt;&lt;p&gt;然后选择VMnet8 点击Nat设置&lt;br/&gt;&lt;/p&gt;&lt;p&gt;&lt;img src=&quot;/ueditor/php/upload/image/20180106/1515219360586308.png&quot; title=&quot;1515219360586308.png&quot; alt=&quot;TIM截图20180106141514.png&quot;/&gt;&lt;/p&gt;&lt;p&gt;点击添加&lt;br/&gt;&lt;/p&gt;&lt;p&gt;&lt;img src=&quot;/ueditor/php/upload/image/20180106/1515219410262407.png&quot; title=&quot;1515219410262407.png&quot; alt=&quot;TIM截图20180106141641.png&quot;/&gt;&lt;/p&gt;&lt;p&gt;在这里添加虚拟机的静态ip 添加端口ssh，后面还可以陆续添加mysql，apache端口&lt;/p&gt;&lt;p&gt;第一步就到这里完成了&lt;/p&gt;&lt;p&gt;第二部：&lt;/p&gt;&lt;p&gt;先进入/etc/sysconfig/network-scripts&lt;/p&gt;&lt;p&gt;然后备份ifcfg-ens33&amp;nbsp;&lt;/p&gt;&lt;p&gt;命令：cp ifcfg-ens33 ifcfg-ens33.bak&lt;/p&gt;&lt;p&gt;&lt;img src=&quot;/ueditor/php/upload/image/20180106/1515219717118926.png&quot; title=&quot;1515219717118926.png&quot; alt=&quot;TIM截图20180106142031.png&quot;/&gt;&lt;/p&gt;&lt;p&gt;然后修改ifcfg-ens33&lt;/p&gt;&lt;p&gt;命令：vi ifcfg-ens33&lt;/p&gt;&lt;p&gt;&lt;img src=&quot;/ueditor/php/upload/image/20180106/1515219845704817.png&quot; title=&quot;1515219845704817.png&quot; alt=&quot;TIM截图20180106142330.png&quot;/&gt;&lt;/p&gt;&lt;p&gt;BOOTPROTO=DHCP&amp;nbsp; 改成static&lt;/p&gt;&lt;p&gt;ONBOOT=no 改成yes&lt;/p&gt;&lt;p&gt;添加ip、网关、dns&lt;/p&gt;&lt;p&gt;保存后重启network&lt;/p&gt;&lt;p&gt;命令：systemctl restarrt network&lt;/p&gt;&lt;p&gt;测试命令：ping &lt;a href=&quot;http://www.baidu.com&quot;&gt;www.baidu.com&lt;/a&gt; &lt;/p&gt;&lt;p&gt;第二部完成，&lt;/p&gt;&lt;p&gt;第三部：&lt;/p&gt;&lt;p&gt;现在虚拟机可以上网了，但宿主机还ping不同虚拟机所以要设置相同网段。&lt;/p&gt;&lt;p&gt;打开网络共享中心-&amp;gt;更改适配器设置&lt;/p&gt;&lt;p&gt;&lt;img src=&quot;/ueditor/php/upload/image/20180106/1515220221908185.png&quot; title=&quot;1515220221908185.png&quot; alt=&quot;TIM截图20180106143001.png&quot;/&gt;&lt;/p&gt;&lt;p&gt;设置好就可以虚拟机和宿主机互相ping通了&lt;/p&gt;&lt;p&gt;&lt;br/&gt;&lt;/p&gt;&lt;p&gt;&lt;span style=&quot;color: rgb(255, 0, 0);&quot;&gt;有时侯会出现默认网关GATEWAY不可用，换个网关ip就可以了&lt;/span&gt;&lt;/p&gt;&lt;p&gt;&lt;br/&gt;&lt;/p&gt;&lt;p&gt;&lt;br/&gt;&lt;/p&gt;',`createtime`='1519270110' WHERE `id` = 52 [ RunTime:0.0006s ]
INFO: [ view_parse ] --START--
INFO: [ template_filter ] --START--
INFO: Run Behavior\ContentReplaceBehavior [ RunTime:0.000097s ]
INFO: [ template_filter ] --END-- [ RunTime:0.000216s ]
INFO: Run Behavior\ParseTemplateBehavior [ RunTime:0.010710s ]
INFO: [ view_parse ] --END-- [ RunTime:0.010822s ]
INFO: [ view_filter ] --START--
INFO: Run Behavior\WriteHtmlCacheBehavior [ RunTime:0.000811s ]
INFO: [ view_filter ] --END-- [ RunTime:0.000899s ]
INFO: [ app_end ] --START--
INFO: Run Behavior\ShowPageTraceBehavior [ RunTime:0.001135s ]
INFO: [ app_end ] --END-- [ RunTime:0.001225s ]

[ 2018-02-22T11:28:36+08:00 ] 127.0.0.1 /admin/index/article/id/52.aspx
INFO: [ app_init ] --START--
INFO: Run Behavior\BuildLiteBehavior [ RunTime:0.000042s ]
INFO: [ app_init ] --END-- [ RunTime:0.000943s ]
INFO: [ app_begin ] --START--
INFO: Run Behavior\ReadHtmlCacheBehavior [ RunTime:0.001388s ]
INFO: [ app_begin ] --END-- [ RunTime:0.001536s ]
NOTIC: [2048] Declaration of Home\Model\TypeModel::save() should be compatible with that of Think\Model::save() D:\WWW\tools\Application\Home\Model\TypeModel.class.php 第 10 行.
NOTIC: [2048] Declaration of Home\Model\TypeModel::delete() should be compatible with that of Think\Model::delete() D:\WWW\tools\Application\Home\Model\TypeModel.class.php 第 10 行.
SQL: SHOW COLUMNS FROM `type` [ RunTime:0.0247s ]
NOTIC: [2] Missing argument 1 for Home\Model\TypeModel::lists(), called in D:\WWW\tools\ThinkPHP\Library\Think\Controller.class.php on line 51 and defined D:\WWW\tools\Application\Home\Model\TypeModel.class.php 第 83 行.
NOTIC: [8] Undefined variable: arr D:\WWW\tools\Application\Home\Model\TypeModel.class.php 第 84 行.
SQL: SELECT * FROM `type` ORDER BY `order` asc,id asc  [ RunTime:0.0004s ]
NOTIC: [2048] Declaration of Admin\Model\TypeModel::save() should be compatible with that of Think\Model::save() D:\WWW\tools\Application\Admin\Model\TypeModel.class.php 第 106 行.
NOTIC: [2048] Declaration of Admin\Model\TypeModel::delete() should be compatible with that of Think\Model::delete() D:\WWW\tools\Application\Admin\Model\TypeModel.class.php 第 106 行.
NOTIC: [2] Missing argument 1 for Admin\Model\TypeModel::lists(), called in D:\WWW\tools\Application\Admin\Controller\IndexController.class.php on line 35 and defined D:\WWW\tools\Application\Admin\Model\TypeModel.class.php 第 101 行.
NOTIC: [8] Undefined variable: arr D:\WWW\tools\Application\Admin\Model\TypeModel.class.php 第 102 行.
SQL: SELECT * FROM `type` ORDER BY `order` asc,id asc  [ RunTime:0.0003s ]
NOTIC: [2048] Declaration of Admin\Model\ArticleModel::save() should be compatible with that of Think\Model::save() D:\WWW\tools\Application\Admin\Model\ArticleModel.class.php 第 101 行.
NOTIC: [2048] Declaration of Admin\Model\ArticleModel::delete() should be compatible with that of Think\Model::delete() D:\WWW\tools\Application\Admin\Model\ArticleModel.class.php 第 101 行.
SQL: SHOW COLUMNS FROM `article` [ RunTime:0.0537s ]
SQL: SELECT * FROM `article` WHERE `id` = 52 LIMIT 1   [ RunTime:0.0007s ]
INFO: [ view_parse ] --START--
INFO: [ template_filter ] --START--
INFO: Run Behavior\ContentReplaceBehavior [ RunTime:0.000140s ]
INFO: [ template_filter ] --END-- [ RunTime:0.000242s ]
INFO: Run Behavior\ParseTemplateBehavior [ RunTime:0.021247s ]
INFO: [ view_parse ] --END-- [ RunTime:0.021436s ]
INFO: [ view_filter ] --START--
INFO: Run Behavior\WriteHtmlCacheBehavior [ RunTime:0.000858s ]
INFO: [ view_filter ] --END-- [ RunTime:0.000950s ]
INFO: [ app_end ] --START--
INFO: Run Behavior\ShowPageTraceBehavior [ RunTime:0.001199s ]
INFO: [ app_end ] --END-- [ RunTime:0.001305s ]

[ 2018-02-22T11:28:40+08:00 ] 127.0.0.1 /admin/index/lists.aspx
INFO: [ app_init ] --START--
INFO: Run Behavior\BuildLiteBehavior [ RunTime:0.000014s ]
INFO: [ app_init ] --END-- [ RunTime:0.000326s ]
INFO: [ app_begin ] --START--
INFO: Run Behavior\ReadHtmlCacheBehavior [ RunTime:0.000779s ]
INFO: [ app_begin ] --END-- [ RunTime:0.000856s ]
NOTIC: [2048] Declaration of Home\Model\TypeModel::save() should be compatible with that of Think\Model::save() D:\WWW\tools\Application\Home\Model\TypeModel.class.php 第 10 行.
NOTIC: [2048] Declaration of Home\Model\TypeModel::delete() should be compatible with that of Think\Model::delete() D:\WWW\tools\Application\Home\Model\TypeModel.class.php 第 10 行.
SQL: SHOW COLUMNS FROM `type` [ RunTime:0.0713s ]
NOTIC: [2] Missing argument 1 for Home\Model\TypeModel::lists(), called in D:\WWW\tools\ThinkPHP\Library\Think\Controller.class.php on line 51 and defined D:\WWW\tools\Application\Home\Model\TypeModel.class.php 第 83 行.
NOTIC: [8] Undefined variable: arr D:\WWW\tools\Application\Home\Model\TypeModel.class.php 第 84 行.
SQL: SELECT * FROM `type` ORDER BY `order` asc,id asc  [ RunTime:0.0008s ]
NOTIC: [2048] Declaration of Admin\Model\ArticleModel::save() should be compatible with that of Think\Model::save() D:\WWW\tools\Application\Admin\Model\ArticleModel.class.php 第 101 行.
NOTIC: [2048] Declaration of Admin\Model\ArticleModel::delete() should be compatible with that of Think\Model::delete() D:\WWW\tools\Application\Admin\Model\ArticleModel.class.php 第 101 行.
SQL: SHOW COLUMNS FROM `article` [ RunTime:0.0358s ]
NOTIC: [8] Undefined variable: arr D:\WWW\tools\Application\Admin\Controller\IndexController.class.php 第 102 行.
SQL: SELECT * FROM `article` ORDER BY id desc LIMIT 0,10   [ RunTime:0.0019s ]
SQL: SELECT COUNT(*) AS tp_count FROM `article` LIMIT 1   [ RunTime:0.0003s ]
NOTIC: [2048] Declaration of Admin\Model\TypeModel::save() should be compatible with that of Think\Model::save() D:\WWW\tools\Application\Admin\Model\TypeModel.class.php 第 106 行.
NOTIC: [2048] Declaration of Admin\Model\TypeModel::delete() should be compatible with that of Think\Model::delete() D:\WWW\tools\Application\Admin\Model\TypeModel.class.php 第 106 行.
NOTIC: [2] Missing argument 1 for Admin\Model\TypeModel::lists(), called in D:\WWW\tools\Application\Admin\Controller\IndexController.class.php on line 104 and defined D:\WWW\tools\Application\Admin\Model\TypeModel.class.php 第 101 行.
NOTIC: [8] Undefined variable: arr D:\WWW\tools\Application\Admin\Model\TypeModel.class.php 第 102 行.
SQL: SELECT * FROM `type` ORDER BY `order` asc,id asc  [ RunTime:0.0006s ]
INFO: [ view_parse ] --START--
INFO: [ template_filter ] --START--
INFO: Run Behavior\ContentReplaceBehavior [ RunTime:0.000183s ]
INFO: [ template_filter ] --END-- [ RunTime:0.000312s ]
INFO: Run Behavior\ParseTemplateBehavior [ RunTime:0.029535s ]
INFO: [ view_parse ] --END-- [ RunTime:0.029702s ]
INFO: [ view_filter ] --START--
INFO: Run Behavior\WriteHtmlCacheBehavior [ RunTime:0.000992s ]
INFO: [ view_filter ] --END-- [ RunTime:0.001097s ]
INFO: [ app_end ] --START--
INFO: Run Behavior\ShowPageTraceBehavior [ RunTime:0.002330s ]
INFO: [ app_end ] --END-- [ RunTime:0.002510s ]

[ 2018-02-22T14:27:04+08:00 ] 127.0.0.1 /admin
INFO: [ app_init ] --START--
INFO: Run Behavior\BuildLiteBehavior [ RunTime:0.000016s ]
INFO: [ app_init ] --END-- [ RunTime:0.000332s ]
INFO: [ app_begin ] --START--
INFO: Run Behavior\ReadHtmlCacheBehavior [ RunTime:0.000605s ]
INFO: [ app_begin ] --END-- [ RunTime:0.000673s ]
NOTIC: [2048] Declaration of Home\Model\TypeModel::save() should be compatible with that of Think\Model::save() D:\WWW\tools\Application\Home\Model\TypeModel.class.php 第 10 行.
NOTIC: [2048] Declaration of Home\Model\TypeModel::delete() should be compatible with that of Think\Model::delete() D:\WWW\tools\Application\Home\Model\TypeModel.class.php 第 10 行.
SQL: SHOW COLUMNS FROM `type` [ RunTime:0.0216s ]
NOTIC: [2] Missing argument 1 for Home\Model\TypeModel::lists(), called in D:\WWW\tools\ThinkPHP\Library\Think\Controller.class.php on line 51 and defined D:\WWW\tools\Application\Home\Model\TypeModel.class.php 第 83 行.
NOTIC: [8] Undefined variable: arr D:\WWW\tools\Application\Home\Model\TypeModel.class.php 第 84 行.
SQL: SELECT * FROM `type` ORDER BY `order` asc,id asc  [ RunTime:0.0005s ]
INFO: [ view_parse ] --START--
INFO: [ template_filter ] --START--
INFO: Run Behavior\ContentReplaceBehavior [ RunTime:0.000187s ]
INFO: [ template_filter ] --END-- [ RunTime:0.000343s ]
INFO: Run Behavior\ParseTemplateBehavior [ RunTime:0.067098s ]
INFO: [ view_parse ] --END-- [ RunTime:0.067238s ]
INFO: [ view_filter ] --START--
INFO: Run Behavior\WriteHtmlCacheBehavior [ RunTime:0.001012s ]
INFO: [ view_filter ] --END-- [ RunTime:0.001117s ]
INFO: [ app_end ] --START--
INFO: Run Behavior\ShowPageTraceBehavior [ RunTime:0.001401s ]
INFO: [ app_end ] --END-- [ RunTime:0.001518s ]

[ 2018-02-22T14:27:07+08:00 ] 127.0.0.1 /admin/index/lists.aspx
INFO: [ app_init ] --START--
INFO: Run Behavior\BuildLiteBehavior [ RunTime:0.000013s ]
INFO: [ app_init ] --END-- [ RunTime:0.000315s ]
INFO: [ app_begin ] --START--
INFO: Run Behavior\ReadHtmlCacheBehavior [ RunTime:0.000584s ]
INFO: [ app_begin ] --END-- [ RunTime:0.000640s ]
NOTIC: [2048] Declaration of Home\Model\TypeModel::save() should be compatible with that of Think\Model::save() D:\WWW\tools\Application\Home\Model\TypeModel.class.php 第 10 行.
NOTIC: [2048] Declaration of Home\Model\TypeModel::delete() should be compatible with that of Think\Model::delete() D:\WWW\tools\Application\Home\Model\TypeModel.class.php 第 10 行.
SQL: SHOW COLUMNS FROM `type` [ RunTime:0.0579s ]
NOTIC: [2] Missing argument 1 for Home\Model\TypeModel::lists(), called in D:\WWW\tools\ThinkPHP\Library\Think\Controller.class.php on line 51 and defined D:\WWW\tools\Application\Home\Model\TypeModel.class.php 第 83 行.
NOTIC: [8] Undefined variable: arr D:\WWW\tools\Application\Home\Model\TypeModel.class.php 第 84 行.
SQL: SELECT * FROM `type` ORDER BY `order` asc,id asc  [ RunTime:0.0004s ]
NOTIC: [2048] Declaration of Admin\Model\ArticleModel::save() should be compatible with that of Think\Model::save() D:\WWW\tools\Application\Admin\Model\ArticleModel.class.php 第 101 行.
NOTIC: [2048] Declaration of Admin\Model\ArticleModel::delete() should be compatible with that of Think\Model::delete() D:\WWW\tools\Application\Admin\Model\ArticleModel.class.php 第 101 行.
SQL: SHOW COLUMNS FROM `article` [ RunTime:0.0184s ]
NOTIC: [8] Undefined variable: arr D:\WWW\tools\Application\Admin\Controller\IndexController.class.php 第 102 行.
SQL: SELECT * FROM `article` ORDER BY id desc LIMIT 0,10   [ RunTime:0.0011s ]
SQL: SELECT COUNT(*) AS tp_count FROM `article` LIMIT 1   [ RunTime:0.0002s ]
NOTIC: [2048] Declaration of Admin\Model\TypeModel::save() should be compatible with that of Think\Model::save() D:\WWW\tools\Application\Admin\Model\TypeModel.class.php 第 106 行.
NOTIC: [2048] Declaration of Admin\Model\TypeModel::delete() should be compatible with that of Think\Model::delete() D:\WWW\tools\Application\Admin\Model\TypeModel.class.php 第 106 行.
NOTIC: [2] Missing argument 1 for Admin\Model\TypeModel::lists(), called in D:\WWW\tools\Application\Admin\Controller\IndexController.class.php on line 104 and defined D:\WWW\tools\Application\Admin\Model\TypeModel.class.php 第 101 行.
NOTIC: [8] Undefined variable: arr D:\WWW\tools\Application\Admin\Model\TypeModel.class.php 第 102 行.
SQL: SELECT * FROM `type` ORDER BY `order` asc,id asc  [ RunTime:0.0003s ]
INFO: [ view_parse ] --START--
INFO: [ template_filter ] --START--
INFO: Run Behavior\ContentReplaceBehavior [ RunTime:0.000115s ]
INFO: [ template_filter ] --END-- [ RunTime:0.000195s ]
INFO: Run Behavior\ParseTemplateBehavior [ RunTime:0.024228s ]
INFO: [ view_parse ] --END-- [ RunTime:0.024322s ]
INFO: [ view_filter ] --START--
INFO: Run Behavior\WriteHtmlCacheBehavior [ RunTime:0.000614s ]
INFO: [ view_filter ] --END-- [ RunTime:0.000682s ]
INFO: [ app_end ] --START--
INFO: Run Behavior\ShowPageTraceBehavior [ RunTime:0.001023s ]
INFO: [ app_end ] --END-- [ RunTime:0.001108s ]

[ 2018-02-22T14:27:09+08:00 ] 127.0.0.1 /admin/index/article.aspx
INFO: [ app_init ] --START--
INFO: Run Behavior\BuildLiteBehavior [ RunTime:0.000014s ]
INFO: [ app_init ] --END-- [ RunTime:0.000320s ]
INFO: [ app_begin ] --START--
INFO: Run Behavior\ReadHtmlCacheBehavior [ RunTime:0.000704s ]
INFO: [ app_begin ] --END-- [ RunTime:0.000790s ]
NOTIC: [2048] Declaration of Home\Model\TypeModel::save() should be compatible with that of Think\Model::save() D:\WWW\tools\Application\Home\Model\TypeModel.class.php 第 10 行.
NOTIC: [2048] Declaration of Home\Model\TypeModel::delete() should be compatible with that of Think\Model::delete() D:\WWW\tools\Application\Home\Model\TypeModel.class.php 第 10 行.
SQL: SHOW COLUMNS FROM `type` [ RunTime:0.0793s ]
NOTIC: [2] Missing argument 1 for Home\Model\TypeModel::lists(), called in D:\WWW\tools\ThinkPHP\Library\Think\Controller.class.php on line 51 and defined D:\WWW\tools\Application\Home\Model\TypeModel.class.php 第 83 行.
NOTIC: [8] Undefined variable: arr D:\WWW\tools\Application\Home\Model\TypeModel.class.php 第 84 行.
SQL: SELECT * FROM `type` ORDER BY `order` asc,id asc  [ RunTime:0.0006s ]
NOTIC: [2048] Declaration of Admin\Model\TypeModel::save() should be compatible with that of Think\Model::save() D:\WWW\tools\Application\Admin\Model\TypeModel.class.php 第 106 行.
NOTIC: [2048] Declaration of Admin\Model\TypeModel::delete() should be compatible with that of Think\Model::delete() D:\WWW\tools\Application\Admin\Model\TypeModel.class.php 第 106 行.
NOTIC: [2] Missing argument 1 for Admin\Model\TypeModel::lists(), called in D:\WWW\tools\Application\Admin\Controller\IndexController.class.php on line 35 and defined D:\WWW\tools\Application\Admin\Model\TypeModel.class.php 第 101 行.
NOTIC: [8] Undefined variable: arr D:\WWW\tools\Application\Admin\Model\TypeModel.class.php 第 102 行.
SQL: SELECT * FROM `type` ORDER BY `order` asc,id asc  [ RunTime:0.0005s ]
INFO: [ view_parse ] --START--
INFO: [ template_filter ] --START--
INFO: Run Behavior\ContentReplaceBehavior [ RunTime:0.000223s ]
INFO: [ template_filter ] --END-- [ RunTime:0.000384s ]
INFO: Run Behavior\ParseTemplateBehavior [ RunTime:0.042555s ]
INFO: [ view_parse ] --END-- [ RunTime:0.042727s ]
INFO: [ view_filter ] --START--
INFO: Run Behavior\WriteHtmlCacheBehavior [ RunTime:0.001383s ]
INFO: [ view_filter ] --END-- [ RunTime:0.001520s ]
INFO: [ app_end ] --START--
INFO: Run Behavior\ShowPageTraceBehavior [ RunTime:0.001909s ]
INFO: [ app_end ] --END-- [ RunTime:0.002050s ]

[ 2018-02-22T14:28:49+08:00 ] 127.0.0.1 /admin/index/SaveArticle.aspx
INFO: [ app_init ] --START--
INFO: Run Behavior\BuildLiteBehavior [ RunTime:0.000013s ]
INFO: [ app_init ] --END-- [ RunTime:0.000330s ]
INFO: [ app_begin ] --START--
INFO: Run Behavior\ReadHtmlCacheBehavior [ RunTime:0.000583s ]
INFO: [ app_begin ] --END-- [ RunTime:0.000641s ]
NOTIC: [2048] Declaration of Home\Model\TypeModel::save() should be compatible with that of Think\Model::save() D:\WWW\tools\Application\Home\Model\TypeModel.class.php 第 10 行.
NOTIC: [2048] Declaration of Home\Model\TypeModel::delete() should be compatible with that of Think\Model::delete() D:\WWW\tools\Application\Home\Model\TypeModel.class.php 第 10 行.
SQL: SHOW COLUMNS FROM `type` [ RunTime:0.0341s ]
NOTIC: [2] Missing argument 1 for Home\Model\TypeModel::lists(), called in D:\WWW\tools\ThinkPHP\Library\Think\Controller.class.php on line 51 and defined D:\WWW\tools\Application\Home\Model\TypeModel.class.php 第 83 行.
NOTIC: [8] Undefined variable: arr D:\WWW\tools\Application\Home\Model\TypeModel.class.php 第 84 行.
SQL: SELECT * FROM `type` ORDER BY `order` asc,id asc  [ RunTime:0.0005s ]
NOTIC: [2048] Declaration of Admin\Model\ArticleModel::save() should be compatible with that of Think\Model::save() D:\WWW\tools\Application\Admin\Model\ArticleModel.class.php 第 101 行.
NOTIC: [2048] Declaration of Admin\Model\ArticleModel::delete() should be compatible with that of Think\Model::delete() D:\WWW\tools\Application\Admin\Model\ArticleModel.class.php 第 101 行.
SQL: SHOW COLUMNS FROM `article` [ RunTime:0.0143s ]
SQL: INSERT INTO `article` (`type`,`title`,`keyword`,`author`,`content`,`createtime`) VALUES ('14','Beyond Compare 4的试用期过了怎么办','Beyond Compare','小兔','&lt;p&gt;&lt;span style=&quot;color: rgb(51, 51, 51); font-family: &amp;quot;Microsoft Yahei&amp;quot;, 微软雅黑, arial, 宋体, sans-serif; text-align: justify; background-color: rgb(255, 255, 255);&quot;&gt;Beyond Compare 4是一款非常好用的文件及文件夹比较软件，可是这个软件是收费的，那怎么样才能一直使用呢&lt;/span&gt;&lt;br/&gt;&lt;/p&gt;&lt;p&gt;&lt;span style=&quot;color: rgb(51, 51, 51); font-family: &amp;quot;Microsoft Yahei&amp;quot;, 微软雅黑, arial, 宋体, sans-serif; text-align: justify; background-color: rgb(255, 255, 255);&quot;&gt;在过了很久之后，打开Beyond Compare 4，发现提示你的30天评估期已经结束，很是崩溃&lt;/span&gt;&lt;span style=&quot;color: rgb(51, 51, 51); font-family: &amp;quot;Microsoft Yahei&amp;quot;, 微软雅黑, arial, 宋体, sans-serif; text-align: justify; background-color: rgb(255, 255, 255);&quot;&gt;&lt;br/&gt;&lt;/span&gt;&lt;/p&gt;&lt;p&gt;&lt;span style=&quot;color: rgb(51, 51, 51); font-family: &amp;quot;Microsoft Yahei&amp;quot;, 微软雅黑, arial, 宋体, sans-serif; text-align: justify; background-color: rgb(255, 255, 255);&quot;&gt;打开C:Users（自己的用户名）AppDataRoaming，找到BeyondCompare文件夹&lt;/span&gt;&lt;span style=&quot;color: rgb(51, 51, 51); font-family: &amp;quot;Microsoft Yahei&amp;quot;, 微软雅黑, arial, 宋体, sans-serif; text-align: justify; background-color: rgb(255, 255, 255);&quot;&gt;&lt;br/&gt;&lt;/span&gt;&lt;/p&gt;&lt;p&gt;&lt;span style=&quot;color: rgb(51, 51, 51); font-family: &amp;quot;Microsoft Yahei&amp;quot;, 微软雅黑, arial, 宋体, sans-serif; text-align: justify; background-color: rgb(255, 255, 255);&quot;&gt;点开BeyondCompare文件夹，看到里面有一个BeyondCompare419.ini的文件，这个文件就是BeyondCompare的配置文件，这个文件里面记录着你第一次打开BeyondCompare的时间&lt;/span&gt;&lt;span style=&quot;color: rgb(51, 51, 51); font-family: &amp;quot;Microsoft Yahei&amp;quot;, 微软雅黑, arial, 宋体, sans-serif; text-align: justify; background-color: rgb(255, 255, 255);&quot;&gt;&lt;br/&gt;&lt;/span&gt;&lt;/p&gt;&lt;p&gt;&lt;span style=&quot;color: rgb(51, 51, 51); font-family: &amp;quot;Microsoft Yahei&amp;quot;, 微软雅黑, arial, 宋体, sans-serif; text-align: justify; background-color: rgb(255, 255, 255);&quot;&gt;将这个文件删除，之后再次打开BeyondCompare软件&lt;/span&gt;&lt;span style=&quot;color: rgb(51, 51, 51); font-family: &amp;quot;Microsoft Yahei&amp;quot;, 微软雅黑, arial, 宋体, sans-serif; text-align: justify; background-color: rgb(255, 255, 255);&quot;&gt;&lt;br/&gt;&lt;/span&gt;&lt;/p&gt;&lt;p&gt;&lt;span style=&quot;color: rgb(51, 51, 51); font-family: &amp;quot;Microsoft Yahei&amp;quot;, 微软雅黑, arial, 宋体, sans-serif; text-align: justify; background-color: rgb(255, 255, 255);&quot;&gt;发现又可以使用了，点击继续，我们熟悉的界面又回来了&lt;/span&gt;&lt;span style=&quot;color: rgb(51, 51, 51); font-family: &amp;quot;Microsoft Yahei&amp;quot;, 微软雅黑, arial, 宋体, sans-serif; text-align: justify; background-color: rgb(255, 255, 255);&quot;&gt;&lt;br/&gt;&lt;/span&gt;&lt;/p&gt;&lt;p&gt;&lt;span style=&quot;color: rgb(51, 51, 51); font-family: &amp;quot;Microsoft Yahei&amp;quot;, 微软雅黑, arial, 宋体, sans-serif; text-align: justify; background-color: rgb(255, 255, 255);&quot;&gt;完美解决问题，以后每次30天到期，只要重复以上步骤就可以了.&lt;/span&gt;&lt;span style=&quot;color: rgb(51, 51, 51); font-family: &amp;quot;Microsoft Yahei&amp;quot;, 微软雅黑, arial, 宋体, sans-serif; text-align: justify; background-color: rgb(255, 255, 255);&quot;&gt;&lt;br/&gt;&lt;/span&gt;&lt;/p&gt;','1519280929') [ RunTime:0.0352s ]
INFO: [ view_parse ] --START--
INFO: [ template_filter ] --START--
INFO: Run Behavior\ContentReplaceBehavior [ RunTime:0.000185s ]
INFO: [ template_filter ] --END-- [ RunTime:0.000426s ]
INFO: Run Behavior\ParseTemplateBehavior [ RunTime:0.035285s ]
INFO: [ view_parse ] --END-- [ RunTime:0.035496s ]
INFO: [ view_filter ] --START--
INFO: Run Behavior\WriteHtmlCacheBehavior [ RunTime:0.001589s ]
INFO: [ view_filter ] --END-- [ RunTime:0.001767s ]
INFO: [ app_end ] --START--
INFO: Run Behavior\ShowPageTraceBehavior [ RunTime:0.002298s ]
INFO: [ app_end ] --END-- [ RunTime:0.002826s ]

[ 2018-02-22T14:28:52+08:00 ] 127.0.0.1 /admin/index/article.aspx
INFO: [ app_init ] --START--
INFO: Run Behavior\BuildLiteBehavior [ RunTime:0.000015s ]
INFO: [ app_init ] --END-- [ RunTime:0.000340s ]
INFO: [ app_begin ] --START--
INFO: Run Behavior\ReadHtmlCacheBehavior [ RunTime:0.000592s ]
INFO: [ app_begin ] --END-- [ RunTime:0.000652s ]
NOTIC: [2048] Declaration of Home\Model\TypeModel::save() should be compatible with that of Think\Model::save() D:\WWW\tools\Application\Home\Model\TypeModel.class.php 第 10 行.
NOTIC: [2048] Declaration of Home\Model\TypeModel::delete() should be compatible with that of Think\Model::delete() D:\WWW\tools\Application\Home\Model\TypeModel.class.php 第 10 行.
SQL: SHOW COLUMNS FROM `type` [ RunTime:0.0416s ]
NOTIC: [2] Missing argument 1 for Home\Model\TypeModel::lists(), called in D:\WWW\tools\ThinkPHP\Library\Think\Controller.class.php on line 51 and defined D:\WWW\tools\Application\Home\Model\TypeModel.class.php 第 83 行.
NOTIC: [8] Undefined variable: arr D:\WWW\tools\Application\Home\Model\TypeModel.class.php 第 84 行.
SQL: SELECT * FROM `type` ORDER BY `order` asc,id asc  [ RunTime:0.0004s ]
NOTIC: [2048] Declaration of Admin\Model\TypeModel::save() should be compatible with that of Think\Model::save() D:\WWW\tools\Application\Admin\Model\TypeModel.class.php 第 106 行.
NOTIC: [2048] Declaration of Admin\Model\TypeModel::delete() should be compatible with that of Think\Model::delete() D:\WWW\tools\Application\Admin\Model\TypeModel.class.php 第 106 行.
NOTIC: [2] Missing argument 1 for Admin\Model\TypeModel::lists(), called in D:\WWW\tools\Application\Admin\Controller\IndexController.class.php on line 35 and defined D:\WWW\tools\Application\Admin\Model\TypeModel.class.php 第 101 行.
NOTIC: [8] Undefined variable: arr D:\WWW\tools\Application\Admin\Model\TypeModel.class.php 第 102 行.
SQL: SELECT * FROM `type` ORDER BY `order` asc,id asc  [ RunTime:0.0004s ]
INFO: [ view_parse ] --START--
INFO: [ template_filter ] --START--
INFO: Run Behavior\ContentReplaceBehavior [ RunTime:0.000162s ]
INFO: [ template_filter ] --END-- [ RunTime:0.000276s ]
INFO: Run Behavior\ParseTemplateBehavior [ RunTime:0.017747s ]
INFO: [ view_parse ] --END-- [ RunTime:0.017869s ]
INFO: [ view_filter ] --START--
INFO: Run Behavior\WriteHtmlCacheBehavior [ RunTime:0.000993s ]
INFO: [ view_filter ] --END-- [ RunTime:0.001103s ]
INFO: [ app_end ] --START--
INFO: Run Behavior\ShowPageTraceBehavior [ RunTime:0.001303s ]
INFO: [ app_end ] --END-- [ RunTime:0.001404s ]

[ 2018-02-22T14:28:54+08:00 ] 127.0.0.1 /admin/index/lists.aspx
INFO: [ app_init ] --START--
INFO: Run Behavior\BuildLiteBehavior [ RunTime:0.000013s ]
INFO: [ app_init ] --END-- [ RunTime:0.000323s ]
INFO: [ app_begin ] --START--
INFO: Run Behavior\ReadHtmlCacheBehavior [ RunTime:0.000590s ]
INFO: [ app_begin ] --END-- [ RunTime:0.000646s ]
NOTIC: [2048] Declaration of Home\Model\TypeModel::save() should be compatible with that of Think\Model::save() D:\WWW\tools\Application\Home\Model\TypeModel.class.php 第 10 行.
NOTIC: [2048] Declaration of Home\Model\TypeModel::delete() should be compatible with that of Think\Model::delete() D:\WWW\tools\Application\Home\Model\TypeModel.class.php 第 10 行.
SQL: SHOW COLUMNS FROM `type` [ RunTime:0.0301s ]
NOTIC: [2] Missing argument 1 for Home\Model\TypeModel::lists(), called in D:\WWW\tools\ThinkPHP\Library\Think\Controller.class.php on line 51 and defined D:\WWW\tools\Application\Home\Model\TypeModel.class.php 第 83 行.
NOTIC: [8] Undefined variable: arr D:\WWW\tools\Application\Home\Model\TypeModel.class.php 第 84 行.
SQL: SELECT * FROM `type` ORDER BY `order` asc,id asc  [ RunTime:0.0004s ]
NOTIC: [2048] Declaration of Admin\Model\ArticleModel::save() should be compatible with that of Think\Model::save() D:\WWW\tools\Application\Admin\Model\ArticleModel.class.php 第 101 行.
NOTIC: [2048] Declaration of Admin\Model\ArticleModel::delete() should be compatible with that of Think\Model::delete() D:\WWW\tools\Application\Admin\Model\ArticleModel.class.php 第 101 行.
SQL: SHOW COLUMNS FROM `article` [ RunTime:0.0391s ]
NOTIC: [8] Undefined variable: arr D:\WWW\tools\Application\Admin\Controller\IndexController.class.php 第 102 行.
SQL: SELECT * FROM `article` ORDER BY id desc LIMIT 0,10   [ RunTime:0.0010s ]
SQL: SELECT COUNT(*) AS tp_count FROM `article` LIMIT 1   [ RunTime:0.0002s ]
NOTIC: [2048] Declaration of Admin\Model\TypeModel::save() should be compatible with that of Think\Model::save() D:\WWW\tools\Application\Admin\Model\TypeModel.class.php 第 106 行.
NOTIC: [2048] Declaration of Admin\Model\TypeModel::delete() should be compatible with that of Think\Model::delete() D:\WWW\tools\Application\Admin\Model\TypeModel.class.php 第 106 行.
NOTIC: [2] Missing argument 1 for Admin\Model\TypeModel::lists(), called in D:\WWW\tools\Application\Admin\Controller\IndexController.class.php on line 104 and defined D:\WWW\tools\Application\Admin\Model\TypeModel.class.php 第 101 行.
NOTIC: [8] Undefined variable: arr D:\WWW\tools\Application\Admin\Model\TypeModel.class.php 第 102 行.
SQL: SELECT * FROM `type` ORDER BY `order` asc,id asc  [ RunTime:0.0003s ]
INFO: [ view_parse ] --START--
INFO: [ template_filter ] --START--
INFO: Run Behavior\ContentReplaceBehavior [ RunTime:0.000098s ]
INFO: [ template_filter ] --END-- [ RunTime:0.000165s ]
INFO: Run Behavior\ParseTemplateBehavior [ RunTime:0.015314s ]
INFO: [ view_parse ] --END-- [ RunTime:0.015400s ]
INFO: [ view_filter ] --START--
INFO: Run Behavior\WriteHtmlCacheBehavior [ RunTime:0.000512s ]
INFO: [ view_filter ] --END-- [ RunTime:0.000567s ]
INFO: [ app_end ] --START--
INFO: Run Behavior\ShowPageTraceBehavior [ RunTime:0.000753s ]
INFO: [ app_end ] --END-- [ RunTime:0.000822s ]

[ 2018-02-22T14:29:21+08:00 ] 127.0.0.1 /admin/index/article/id/59.aspx
INFO: [ app_init ] --START--
INFO: Run Behavior\BuildLiteBehavior [ RunTime:0.000014s ]
INFO: [ app_init ] --END-- [ RunTime:0.000320s ]
INFO: [ app_begin ] --START--
INFO: Run Behavior\ReadHtmlCacheBehavior [ RunTime:0.000586s ]
INFO: [ app_begin ] --END-- [ RunTime:0.000642s ]
NOTIC: [2048] Declaration of Home\Model\TypeModel::save() should be compatible with that of Think\Model::save() D:\WWW\tools\Application\Home\Model\TypeModel.class.php 第 10 行.
NOTIC: [2048] Declaration of Home\Model\TypeModel::delete() should be compatible with that of Think\Model::delete() D:\WWW\tools\Application\Home\Model\TypeModel.class.php 第 10 行.
SQL: SHOW COLUMNS FROM `type` [ RunTime:0.0523s ]
NOTIC: [2] Missing argument 1 for Home\Model\TypeModel::lists(), called in D:\WWW\tools\ThinkPHP\Library\Think\Controller.class.php on line 51 and defined D:\WWW\tools\Application\Home\Model\TypeModel.class.php 第 83 行.
NOTIC: [8] Undefined variable: arr D:\WWW\tools\Application\Home\Model\TypeModel.class.php 第 84 行.
SQL: SELECT * FROM `type` ORDER BY `order` asc,id asc  [ RunTime:0.0007s ]
NOTIC: [2048] Declaration of Admin\Model\TypeModel::save() should be compatible with that of Think\Model::save() D:\WWW\tools\Application\Admin\Model\TypeModel.class.php 第 106 行.
NOTIC: [2048] Declaration of Admin\Model\TypeModel::delete() should be compatible with that of Think\Model::delete() D:\WWW\tools\Application\Admin\Model\TypeModel.class.php 第 106 行.
NOTIC: [2] Missing argument 1 for Admin\Model\TypeModel::lists(), called in D:\WWW\tools\Application\Admin\Controller\IndexController.class.php on line 35 and defined D:\WWW\tools\Application\Admin\Model\TypeModel.class.php 第 101 行.
NOTIC: [8] Undefined variable: arr D:\WWW\tools\Application\Admin\Model\TypeModel.class.php 第 102 行.
SQL: SELECT * FROM `type` ORDER BY `order` asc,id asc  [ RunTime:0.0007s ]
NOTIC: [2048] Declaration of Admin\Model\ArticleModel::save() should be compatible with that of Think\Model::save() D:\WWW\tools\Application\Admin\Model\ArticleModel.class.php 第 101 行.
NOTIC: [2048] Declaration of Admin\Model\ArticleModel::delete() should be compatible with that of Think\Model::delete() D:\WWW\tools\Application\Admin\Model\ArticleModel.class.php 第 101 行.
SQL: SHOW COLUMNS FROM `article` [ RunTime:0.0246s ]
SQL: SELECT * FROM `article` WHERE `id` = 59 LIMIT 1   [ RunTime:0.0007s ]
INFO: [ view_parse ] --START--
INFO: [ template_filter ] --START--
INFO: Run Behavior\ContentReplaceBehavior [ RunTime:0.000165s ]
INFO: [ template_filter ] --END-- [ RunTime:0.000286s ]
INFO: Run Behavior\ParseTemplateBehavior [ RunTime:0.027622s ]
INFO: [ view_parse ] --END-- [ RunTime:0.027780s ]
INFO: [ view_filter ] --START--
INFO: Run Behavior\WriteHtmlCacheBehavior [ RunTime:0.000923s ]
INFO: [ view_filter ] --END-- [ RunTime:0.001025s ]
INFO: [ app_end ] --START--
INFO: Run Behavior\ShowPageTraceBehavior [ RunTime:0.001379s ]
INFO: [ app_end ] --END-- [ RunTime:0.001501s ]

[ 2018-02-22T14:30:23+08:00 ] 127.0.0.1 /admin/index/SaveArticle.aspx
INFO: [ app_init ] --START--
INFO: Run Behavior\BuildLiteBehavior [ RunTime:0.000013s ]
INFO: [ app_init ] --END-- [ RunTime:0.000306s ]
INFO: [ app_begin ] --START--
INFO: Run Behavior\ReadHtmlCacheBehavior [ RunTime:0.000553s ]
INFO: [ app_begin ] --END-- [ RunTime:0.000609s ]
NOTIC: [2048] Declaration of Home\Model\TypeModel::save() should be compatible with that of Think\Model::save() D:\WWW\tools\Application\Home\Model\TypeModel.class.php 第 10 行.
NOTIC: [2048] Declaration of Home\Model\TypeModel::delete() should be compatible with that of Think\Model::delete() D:\WWW\tools\Application\Home\Model\TypeModel.class.php 第 10 行.
SQL: SHOW COLUMNS FROM `type` [ RunTime:0.0281s ]
NOTIC: [2] Missing argument 1 for Home\Model\TypeModel::lists(), called in D:\WWW\tools\ThinkPHP\Library\Think\Controller.class.php on line 51 and defined D:\WWW\tools\Application\Home\Model\TypeModel.class.php 第 83 行.
NOTIC: [8] Undefined variable: arr D:\WWW\tools\Application\Home\Model\TypeModel.class.php 第 84 行.
SQL: SELECT * FROM `type` ORDER BY `order` asc,id asc  [ RunTime:0.0005s ]
NOTIC: [2048] Declaration of Admin\Model\ArticleModel::save() should be compatible with that of Think\Model::save() D:\WWW\tools\Application\Admin\Model\ArticleModel.class.php 第 101 行.
NOTIC: [2048] Declaration of Admin\Model\ArticleModel::delete() should be compatible with that of Think\Model::delete() D:\WWW\tools\Application\Admin\Model\ArticleModel.class.php 第 101 行.
SQL: SHOW COLUMNS FROM `article` [ RunTime:0.0187s ]
SQL: UPDATE `article` SET `type`='14',`title`='Beyond Compare 4的试用期过了怎么办',`keyword`='Beyond Compare',`author`='小兔',`content`='&lt;p&gt;&lt;span style=&quot;color: rgb(51, 51, 51); font-family: &amp;quot;Microsoft Yahei&amp;quot;, 微软雅黑, arial, 宋体, sans-serif; text-align: justify; background-color: rgb(255, 255, 255);&quot;&gt;Beyond Compare 4是一款非常好用的文件及文件夹比较软件，可是这个软件是收费的，那怎么样才能一直使用呢&lt;/span&gt;&lt;br/&gt;&lt;/p&gt;&lt;p&gt;&lt;span style=&quot;color: rgb(51, 51, 51); font-family: &amp;quot;Microsoft Yahei&amp;quot;, 微软雅黑, arial, 宋体, sans-serif; text-align: justify; background-color: rgb(255, 255, 255);&quot;&gt;在过了很久之后，打开Beyond Compare 4，发现提示你的30天评估期已经结束，很是崩溃&lt;/span&gt;&lt;span style=&quot;color: rgb(51, 51, 51); font-family: &amp;quot;Microsoft Yahei&amp;quot;, 微软雅黑, arial, 宋体, sans-serif; text-align: justify; background-color: rgb(255, 255, 255);&quot;&gt;&lt;br/&gt;&lt;/span&gt;&lt;/p&gt;&lt;p&gt;&lt;span style=&quot;color: rgb(51, 51, 51); font-family: &amp;quot;Microsoft Yahei&amp;quot;, 微软雅黑, arial, 宋体, sans-serif; text-align: justify; background-color: rgb(255, 255, 255);&quot;&gt;打开&lt;/span&gt;&lt;span style=&quot;color: rgb(51, 51, 51); font-family: &amp;quot;Microsoft Yahei&amp;quot;, 微软雅黑, arial, 宋体, sans-serif; text-align: justify; background-color: rgb(255, 192, 0);&quot;&gt;C:Users（自己的用户名）AppDataRoaming&lt;/span&gt;&lt;span style=&quot;background-color: rgb(255, 255, 255); color: rgb(51, 51, 51); font-family: &amp;quot;Microsoft Yahei&amp;quot;, 微软雅黑, arial, 宋体, sans-serif; text-align: justify;&quot;&gt;，找到BeyondCompare文件夹&lt;/span&gt;&lt;/p&gt;&lt;p&gt;&lt;span style=&quot;color: rgb(51, 51, 51); font-family: &amp;quot;Microsoft Yahei&amp;quot;, 微软雅黑, arial, 宋体, sans-serif; text-align: justify; background-color: rgb(255, 255, 255);&quot;&gt;点开BeyondCompare文件夹，看到里面有一个BeyondCompare419.ini的文件，这个文件就是BeyondCompare的配置文件，这个文件里面记录着你第一次打开BeyondCompare的时间&lt;/span&gt;&lt;span style=&quot;color: rgb(51, 51, 51); font-family: &amp;quot;Microsoft Yahei&amp;quot;, 微软雅黑, arial, 宋体, sans-serif; text-align: justify; background-color: rgb(255, 255, 255);&quot;&gt;&lt;br/&gt;&lt;/span&gt;&lt;/p&gt;&lt;p&gt;&lt;span style=&quot;color: rgb(51, 51, 51); font-family: &amp;quot;Microsoft Yahei&amp;quot;, 微软雅黑, arial, 宋体, sans-serif; text-align: justify; background-color: rgb(255, 255, 255);&quot;&gt;将这个文件删除，之后再次打开BeyondCompare软件&lt;/span&gt;&lt;span style=&quot;color: rgb(51, 51, 51); font-family: &amp;quot;Microsoft Yahei&amp;quot;, 微软雅黑, arial, 宋体, sans-serif; text-align: justify; background-color: rgb(255, 255, 255);&quot;&gt;&lt;br/&gt;&lt;/span&gt;&lt;/p&gt;&lt;p&gt;&lt;span style=&quot;color: rgb(51, 51, 51); font-family: &amp;quot;Microsoft Yahei&amp;quot;, 微软雅黑, arial, 宋体, sans-serif; text-align: justify; background-color: rgb(255, 255, 255);&quot;&gt;发现又可以使用了，点击继续，我们熟悉的界面又回来了&lt;/span&gt;&lt;span style=&quot;color: rgb(51, 51, 51); font-family: &amp;quot;Microsoft Yahei&amp;quot;, 微软雅黑, arial, 宋体, sans-serif; text-align: justify; background-color: rgb(255, 255, 255);&quot;&gt;&lt;br/&gt;&lt;/span&gt;&lt;/p&gt;&lt;p&gt;&lt;span style=&quot;color: rgb(51, 51, 51); font-family: &amp;quot;Microsoft Yahei&amp;quot;, 微软雅黑, arial, 宋体, sans-serif; text-align: justify; background-color: rgb(255, 255, 255);&quot;&gt;完美解决问题，以后每次30天到期，只要重复以上步骤就可以了.&lt;/span&gt;&lt;span style=&quot;color: rgb(51, 51, 51); font-family: &amp;quot;Microsoft Yahei&amp;quot;, 微软雅黑, arial, 宋体, sans-serif; text-align: justify; background-color: rgb(255, 255, 255);&quot;&gt;&lt;br/&gt;&lt;/span&gt;&lt;/p&gt;',`createtime`='1519281023' WHERE `id` = 59 [ RunTime:0.0004s ]
INFO: [ view_parse ] --START--
INFO: [ template_filter ] --START--
INFO: Run Behavior\ContentReplaceBehavior [ RunTime:0.000053s ]
INFO: [ template_filter ] --END-- [ RunTime:0.000116s ]
INFO: Run Behavior\ParseTemplateBehavior [ RunTime:0.005700s ]
INFO: [ view_parse ] --END-- [ RunTime:0.005761s ]
INFO: [ view_filter ] --START--
INFO: Run Behavior\WriteHtmlCacheBehavior [ RunTime:0.000429s ]
INFO: [ view_filter ] --END-- [ RunTime:0.000493s ]
INFO: [ app_end ] --START--
INFO: Run Behavior\ShowPageTraceBehavior [ RunTime:0.000619s ]
INFO: [ app_end ] --END-- [ RunTime:0.000669s ]

[ 2018-02-22T14:30:29+08:00 ] 127.0.0.1 /admin/index/article/id/59.aspx
INFO: [ app_init ] --START--
INFO: Run Behavior\BuildLiteBehavior [ RunTime:0.000033s ]
INFO: [ app_init ] --END-- [ RunTime:0.000770s ]
INFO: [ app_begin ] --START--
INFO: Run Behavior\ReadHtmlCacheBehavior [ RunTime:0.001373s ]
INFO: [ app_begin ] --END-- [ RunTime:0.001508s ]
NOTIC: [2048] Declaration of Home\Model\TypeModel::save() should be compatible with that of Think\Model::save() D:\WWW\tools\Application\Home\Model\TypeModel.class.php 第 10 行.
NOTIC: [2048] Declaration of Home\Model\TypeModel::delete() should be compatible with that of Think\Model::delete() D:\WWW\tools\Application\Home\Model\TypeModel.class.php 第 10 行.
SQL: SHOW COLUMNS FROM `type` [ RunTime:0.0388s ]
NOTIC: [2] Missing argument 1 for Home\Model\TypeModel::lists(), called in D:\WWW\tools\ThinkPHP\Library\Think\Controller.class.php on line 51 and defined D:\WWW\tools\Application\Home\Model\TypeModel.class.php 第 83 行.
NOTIC: [8] Undefined variable: arr D:\WWW\tools\Application\Home\Model\TypeModel.class.php 第 84 行.
SQL: SELECT * FROM `type` ORDER BY `order` asc,id asc  [ RunTime:0.0006s ]
NOTIC: [2048] Declaration of Admin\Model\TypeModel::save() should be compatible with that of Think\Model::save() D:\WWW\tools\Application\Admin\Model\TypeModel.class.php 第 106 行.
NOTIC: [2048] Declaration of Admin\Model\TypeModel::delete() should be compatible with that of Think\Model::delete() D:\WWW\tools\Application\Admin\Model\TypeModel.class.php 第 106 行.
NOTIC: [2] Missing argument 1 for Admin\Model\TypeModel::lists(), called in D:\WWW\tools\Application\Admin\Controller\IndexController.class.php on line 35 and defined D:\WWW\tools\Application\Admin\Model\TypeModel.class.php 第 101 行.
NOTIC: [8] Undefined variable: arr D:\WWW\tools\Application\Admin\Model\TypeModel.class.php 第 102 行.
SQL: SELECT * FROM `type` ORDER BY `order` asc,id asc  [ RunTime:0.0005s ]
NOTIC: [2048] Declaration of Admin\Model\ArticleModel::save() should be compatible with that of Think\Model::save() D:\WWW\tools\Application\Admin\Model\ArticleModel.class.php 第 101 行.
NOTIC: [2048] Declaration of Admin\Model\ArticleModel::delete() should be compatible with that of Think\Model::delete() D:\WWW\tools\Application\Admin\Model\ArticleModel.class.php 第 101 行.
SQL: SHOW COLUMNS FROM `article` [ RunTime:0.0177s ]
SQL: SELECT * FROM `article` WHERE `id` = 59 LIMIT 1   [ RunTime:0.0006s ]
INFO: [ view_parse ] --START--
INFO: [ template_filter ] --START--
INFO: Run Behavior\ContentReplaceBehavior [ RunTime:0.000133s ]
INFO: [ template_filter ] --END-- [ RunTime:0.000233s ]
INFO: Run Behavior\ParseTemplateBehavior [ RunTime:0.019377s ]
INFO: [ view_parse ] --END-- [ RunTime:0.019504s ]
INFO: [ view_filter ] --START--
INFO: Run Behavior\WriteHtmlCacheBehavior [ RunTime:0.000741s ]
INFO: [ view_filter ] --END-- [ RunTime:0.000824s ]
INFO: [ app_end ] --START--
INFO: Run Behavior\ShowPageTraceBehavior [ RunTime:0.001078s ]
INFO: [ app_end ] --END-- [ RunTime:0.001173s ]

[ 2018-02-22T14:31:23+08:00 ] 127.0.0.1 /admin/index/SaveArticle.aspx
INFO: [ app_init ] --START--
INFO: Run Behavior\BuildLiteBehavior [ RunTime:0.000013s ]
INFO: [ app_init ] --END-- [ RunTime:0.000322s ]
INFO: [ app_begin ] --START--
INFO: Run Behavior\ReadHtmlCacheBehavior [ RunTime:0.000463s ]
INFO: [ app_begin ] --END-- [ RunTime:0.000520s ]
NOTIC: [2048] Declaration of Home\Model\TypeModel::save() should be compatible with that of Think\Model::save() D:\WWW\tools\Application\Home\Model\TypeModel.class.php 第 10 行.
NOTIC: [2048] Declaration of Home\Model\TypeModel::delete() should be compatible with that of Think\Model::delete() D:\WWW\tools\Application\Home\Model\TypeModel.class.php 第 10 行.
SQL: SHOW COLUMNS FROM `type` [ RunTime:0.0304s ]
NOTIC: [2] Missing argument 1 for Home\Model\TypeModel::lists(), called in D:\WWW\tools\ThinkPHP\Library\Think\Controller.class.php on line 51 and defined D:\WWW\tools\Application\Home\Model\TypeModel.class.php 第 83 行.
NOTIC: [8] Undefined variable: arr D:\WWW\tools\Application\Home\Model\TypeModel.class.php 第 84 行.
SQL: SELECT * FROM `type` ORDER BY `order` asc,id asc  [ RunTime:0.0005s ]
NOTIC: [2048] Declaration of Admin\Model\ArticleModel::save() should be compatible with that of Think\Model::save() D:\WWW\tools\Application\Admin\Model\ArticleModel.class.php 第 101 行.
NOTIC: [2048] Declaration of Admin\Model\ArticleModel::delete() should be compatible with that of Think\Model::delete() D:\WWW\tools\Application\Admin\Model\ArticleModel.class.php 第 101 行.
SQL: SHOW COLUMNS FROM `article` [ RunTime:0.0143s ]
SQL: UPDATE `article` SET `type`='14',`title`='Beyond Compare 4的试用期过了怎么办',`keyword`='Beyond Compare',`author`='小兔',`content`='&lt;p&gt;&lt;span style=&quot;color: rgb(51, 51, 51); font-family: &amp;quot;Microsoft Yahei&amp;quot;, 微软雅黑, arial, 宋体, sans-serif; text-align: justify; background-color: rgb(255, 255, 255);&quot;&gt;Beyond Compare 4是一款非常好用的文件及文件夹比较软件，可是这个软件是收费的，那怎么样才能一直使用呢&lt;/span&gt;&lt;br/&gt;&lt;/p&gt;&lt;p&gt;&lt;span style=&quot;color: rgb(51, 51, 51); font-family: &amp;quot;Microsoft Yahei&amp;quot;, 微软雅黑, arial, 宋体, sans-serif; text-align: justify; background-color: rgb(255, 255, 255);&quot;&gt;在过了很久之后，打开Beyond Compare 4，发现提示你的30天评估期已经结束，很是崩溃&lt;/span&gt;&lt;span style=&quot;color: rgb(51, 51, 51); font-family: &amp;quot;Microsoft Yahei&amp;quot;, 微软雅黑, arial, 宋体, sans-serif; text-align: justify; background-color: rgb(255, 255, 255);&quot;&gt;&lt;br/&gt;&lt;/span&gt;&lt;/p&gt;&lt;p&gt;&lt;span style=&quot;color: rgb(51, 51, 51); font-family: &amp;quot;Microsoft Yahei&amp;quot;, 微软雅黑, arial, 宋体, sans-serif; text-align: justify; background-color: rgb(255, 255, 255);&quot;&gt;打开&lt;/span&gt;&lt;span style=&quot;background-color: rgb(255, 255, 255); color: rgb(51, 51, 51); font-family: &amp;quot;Microsoft Yahei&amp;quot;, 微软雅黑, arial, 宋体, sans-serif; text-align: justify;&quot;&gt;&lt;/span&gt;&lt;/p&gt;&lt;pre class=&quot;brush:css;toolbar:false&quot;&gt;C:Users（自己的用户名）AppDataRoaming&lt;/pre&gt;&lt;p&gt;&lt;span style=&quot;background-color: rgb(255, 255, 255); color: rgb(51, 51, 51); font-family: &amp;quot;Microsoft Yahei&amp;quot;, 微软雅黑, arial, 宋体, sans-serif; text-align: justify;&quot;&gt;&lt;/span&gt;&lt;span style=&quot;background-color: rgb(255, 255, 255); color: rgb(51, 51, 51); font-family: &amp;quot;Microsoft Yahei&amp;quot;, 微软雅黑, arial, 宋体, sans-serif; text-align: justify;&quot;&gt;，找到BeyondCompare文件夹&lt;/span&gt;&lt;br/&gt;&lt;/p&gt;&lt;p&gt;&lt;span style=&quot;color: rgb(51, 51, 51); font-family: &amp;quot;Microsoft Yahei&amp;quot;, 微软雅黑, arial, 宋体, sans-serif; text-align: justify; background-color: rgb(255, 255, 255);&quot;&gt;点开BeyondCompare文件夹，看到里面有一个&lt;/span&gt;&lt;span style=&quot;background-color: rgb(255, 255, 255); color: rgb(51, 51, 51); font-family: &amp;quot;Microsoft Yahei&amp;quot;, 微软雅黑, arial, 宋体, sans-serif; text-align: justify;&quot;&gt;BeyondCompare419.ini的文件，这个文件就是BeyondCompare的配置文件，这个文件里面记录着你第一次打开BeyondCompare的时间&lt;/span&gt;&lt;/p&gt;&lt;p&gt;&lt;span style=&quot;color: rgb(51, 51, 51); font-family: &amp;quot;Microsoft Yahei&amp;quot;, 微软雅黑, arial, 宋体, sans-serif; text-align: justify; background-color: rgb(255, 255, 255);&quot;&gt;将这个文件删除，之后再次打开BeyondCompare软件&lt;/span&gt;&lt;span style=&quot;color: rgb(51, 51, 51); font-family: &amp;quot;Microsoft Yahei&amp;quot;, 微软雅黑, arial, 宋体, sans-serif; text-align: justify; background-color: rgb(255, 255, 255);&quot;&gt;&lt;br/&gt;&lt;/span&gt;&lt;/p&gt;&lt;p&gt;&lt;span style=&quot;color: rgb(51, 51, 51); font-family: &amp;quot;Microsoft Yahei&amp;quot;, 微软雅黑, arial, 宋体, sans-serif; text-align: justify; background-color: rgb(255, 255, 255);&quot;&gt;发现又可以使用了，点击继续，我们熟悉的界面又回来了&lt;/span&gt;&lt;span style=&quot;color: rgb(51, 51, 51); font-family: &amp;quot;Microsoft Yahei&amp;quot;, 微软雅黑, arial, 宋体, sans-serif; text-align: justify; background-color: rgb(255, 255, 255);&quot;&gt;&lt;br/&gt;&lt;/span&gt;&lt;/p&gt;&lt;p&gt;&lt;span style=&quot;color: rgb(51, 51, 51); font-family: &amp;quot;Microsoft Yahei&amp;quot;, 微软雅黑, arial, 宋体, sans-serif; text-align: justify; background-color: rgb(255, 255, 255);&quot;&gt;完美解决问题，以后每次30天到期，只要重复以上步骤就可以了.&lt;/span&gt;&lt;span style=&quot;color: rgb(51, 51, 51); font-family: &amp;quot;Microsoft Yahei&amp;quot;, 微软雅黑, arial, 宋体, sans-serif; text-align: justify; background-color: rgb(255, 255, 255);&quot;&gt;&lt;br/&gt;&lt;/span&gt;&lt;/p&gt;',`createtime`='1519281083' WHERE `id` = 59 [ RunTime:0.0007s ]
INFO: [ view_parse ] --START--
INFO: [ template_filter ] --START--
INFO: Run Behavior\ContentReplaceBehavior [ RunTime:0.000110s ]
INFO: [ template_filter ] --END-- [ RunTime:0.000254s ]
INFO: Run Behavior\ParseTemplateBehavior [ RunTime:0.014509s ]
INFO: [ view_parse ] --END-- [ RunTime:0.014631s ]
INFO: [ view_filter ] --START--
INFO: Run Behavior\WriteHtmlCacheBehavior [ RunTime:0.001296s ]
INFO: [ view_filter ] --END-- [ RunTime:0.001404s ]
INFO: [ app_end ] --START--
INFO: Run Behavior\ShowPageTraceBehavior [ RunTime:0.001686s ]
INFO: [ app_end ] --END-- [ RunTime:0.001794s ]

[ 2018-02-22T14:31:30+08:00 ] 127.0.0.1 /admin/index/article/id/59.aspx
INFO: [ app_init ] --START--
INFO: Run Behavior\BuildLiteBehavior [ RunTime:0.000032s ]
INFO: [ app_init ] --END-- [ RunTime:0.000967s ]
INFO: [ app_begin ] --START--
INFO: Run Behavior\ReadHtmlCacheBehavior [ RunTime:0.000796s ]
INFO: [ app_begin ] --END-- [ RunTime:0.000914s ]
NOTIC: [2048] Declaration of Home\Model\TypeModel::save() should be compatible with that of Think\Model::save() D:\WWW\tools\Application\Home\Model\TypeModel.class.php 第 10 行.
NOTIC: [2048] Declaration of Home\Model\TypeModel::delete() should be compatible with that of Think\Model::delete() D:\WWW\tools\Application\Home\Model\TypeModel.class.php 第 10 行.
SQL: SHOW COLUMNS FROM `type` [ RunTime:0.0109s ]
NOTIC: [2] Missing argument 1 for Home\Model\TypeModel::lists(), called in D:\WWW\tools\ThinkPHP\Library\Think\Controller.class.php on line 51 and defined D:\WWW\tools\Application\Home\Model\TypeModel.class.php 第 83 行.
NOTIC: [8] Undefined variable: arr D:\WWW\tools\Application\Home\Model\TypeModel.class.php 第 84 行.
SQL: SELECT * FROM `type` ORDER BY `order` asc,id asc  [ RunTime:0.0004s ]
NOTIC: [2048] Declaration of Admin\Model\TypeModel::save() should be compatible with that of Think\Model::save() D:\WWW\tools\Application\Admin\Model\TypeModel.class.php 第 106 行.
NOTIC: [2048] Declaration of Admin\Model\TypeModel::delete() should be compatible with that of Think\Model::delete() D:\WWW\tools\Application\Admin\Model\TypeModel.class.php 第 106 行.
NOTIC: [2] Missing argument 1 for Admin\Model\TypeModel::lists(), called in D:\WWW\tools\Application\Admin\Controller\IndexController.class.php on line 35 and defined D:\WWW\tools\Application\Admin\Model\TypeModel.class.php 第 101 行.
NOTIC: [8] Undefined variable: arr D:\WWW\tools\Application\Admin\Model\TypeModel.class.php 第 102 行.
SQL: SELECT * FROM `type` ORDER BY `order` asc,id asc  [ RunTime:0.0004s ]
NOTIC: [2048] Declaration of Admin\Model\ArticleModel::save() should be compatible with that of Think\Model::save() D:\WWW\tools\Application\Admin\Model\ArticleModel.class.php 第 101 行.
NOTIC: [2048] Declaration of Admin\Model\ArticleModel::delete() should be compatible with that of Think\Model::delete() D:\WWW\tools\Application\Admin\Model\ArticleModel.class.php 第 101 行.
SQL: SHOW COLUMNS FROM `article` [ RunTime:0.0647s ]
SQL: SELECT * FROM `article` WHERE `id` = 59 LIMIT 1   [ RunTime:0.0005s ]
INFO: [ view_parse ] --START--
INFO: [ template_filter ] --START--
INFO: Run Behavior\ContentReplaceBehavior [ RunTime:0.000160s ]
INFO: [ template_filter ] --END-- [ RunTime:0.000307s ]
INFO: Run Behavior\ParseTemplateBehavior [ RunTime:0.019216s ]
INFO: [ view_parse ] --END-- [ RunTime:0.019361s ]
INFO: [ view_filter ] --START--
INFO: Run Behavior\WriteHtmlCacheBehavior [ RunTime:0.001035s ]
INFO: [ view_filter ] --END-- [ RunTime:0.001195s ]
INFO: [ app_end ] --START--
INFO: Run Behavior\ShowPageTraceBehavior [ RunTime:0.001402s ]
INFO: [ app_end ] --END-- [ RunTime:0.001531s ]

[ 2018-02-22T14:31:55+08:00 ] 127.0.0.1 /admin/index/SaveArticle.aspx
INFO: [ app_init ] --START--
INFO: Run Behavior\BuildLiteBehavior [ RunTime:0.000021s ]
INFO: [ app_init ] --END-- [ RunTime:0.000332s ]
INFO: [ app_begin ] --START--
INFO: Run Behavior\ReadHtmlCacheBehavior [ RunTime:0.000781s ]
INFO: [ app_begin ] --END-- [ RunTime:0.000840s ]
NOTIC: [2048] Declaration of Home\Model\TypeModel::save() should be compatible with that of Think\Model::save() D:\WWW\tools\Application\Home\Model\TypeModel.class.php 第 10 行.
NOTIC: [2048] Declaration of Home\Model\TypeModel::delete() should be compatible with that of Think\Model::delete() D:\WWW\tools\Application\Home\Model\TypeModel.class.php 第 10 行.
SQL: SHOW COLUMNS FROM `type` [ RunTime:0.1101s ]
NOTIC: [2] Missing argument 1 for Home\Model\TypeModel::lists(), called in D:\WWW\tools\ThinkPHP\Library\Think\Controller.class.php on line 51 and defined D:\WWW\tools\Application\Home\Model\TypeModel.class.php 第 83 行.
NOTIC: [8] Undefined variable: arr D:\WWW\tools\Application\Home\Model\TypeModel.class.php 第 84 行.
SQL: SELECT * FROM `type` ORDER BY `order` asc,id asc  [ RunTime:0.0008s ]
NOTIC: [2048] Declaration of Admin\Model\ArticleModel::save() should be compatible with that of Think\Model::save() D:\WWW\tools\Application\Admin\Model\ArticleModel.class.php 第 101 行.
NOTIC: [2048] Declaration of Admin\Model\ArticleModel::delete() should be compatible with that of Think\Model::delete() D:\WWW\tools\Application\Admin\Model\ArticleModel.class.php 第 101 行.
SQL: SHOW COLUMNS FROM `article` [ RunTime:0.0147s ]
SQL: UPDATE `article` SET `type`='14',`title`='Beyond Compare 4的试用期过了怎么办',`keyword`='Beyond Compare',`author`='小兔',`content`='&lt;p&gt;&lt;span style=&quot;color: rgb(51, 51, 51); font-family: &amp;quot;Microsoft Yahei&amp;quot;, 微软雅黑, arial, 宋体, sans-serif; text-align: justify; background-color: rgb(255, 255, 255);&quot;&gt;Beyond Compare 4是一款非常好用的文件及文件夹比较软件，可是这个软件是收费的，那怎么样才能一直使用呢&lt;/span&gt;&lt;br/&gt;&lt;/p&gt;&lt;p&gt;&lt;span style=&quot;color: rgb(51, 51, 51); font-family: &amp;quot;Microsoft Yahei&amp;quot;, 微软雅黑, arial, 宋体, sans-serif; text-align: justify; background-color: rgb(255, 255, 255);&quot;&gt;在过了很久之后，打开Beyond Compare 4，发现提示你的30天评估期已经结束，很是崩溃&lt;/span&gt;&lt;span style=&quot;color: rgb(51, 51, 51); font-family: &amp;quot;Microsoft Yahei&amp;quot;, 微软雅黑, arial, 宋体, sans-serif; text-align: justify; background-color: rgb(255, 255, 255);&quot;&gt;&lt;br/&gt;&lt;/span&gt;&lt;/p&gt;&lt;p&gt;&lt;span style=&quot;color: rgb(51, 51, 51); font-family: &amp;quot;Microsoft Yahei&amp;quot;, 微软雅黑, arial, 宋体, sans-serif; text-align: justify; background-color: rgb(255, 255, 255);&quot;&gt;打开&lt;/span&gt;&lt;span style=&quot;background-color: rgb(255, 255, 255); color: rgb(51, 51, 51); font-family: &amp;quot;Microsoft Yahei&amp;quot;, 微软雅黑, arial, 宋体, sans-serif; text-align: justify;&quot;&gt;C:\\Users\\（自己的用户名）\\AppData\\Roaming&lt;/span&gt;&lt;span style=&quot;background-color: rgb(255, 255, 255); color: rgb(51, 51, 51); font-family: &amp;quot;Microsoft Yahei&amp;quot;, 微软雅黑, arial, 宋体, sans-serif; text-align: justify;&quot;&gt;，找到BeyondCompare文件夹&lt;/span&gt;&lt;/p&gt;&lt;p&gt;&lt;span style=&quot;color: rgb(51, 51, 51); font-family: &amp;quot;Microsoft Yahei&amp;quot;, 微软雅黑, arial, 宋体, sans-serif; text-align: justify; background-color: rgb(255, 255, 255);&quot;&gt;点开BeyondCompare文件夹，看到里面有一个&lt;/span&gt;&lt;span style=&quot;background-color: rgb(255, 255, 255); color: rgb(51, 51, 51); font-family: &amp;quot;Microsoft Yahei&amp;quot;, 微软雅黑, arial, 宋体, sans-serif; text-align: justify;&quot;&gt;BeyondCompare419.ini的文件，这个文件就是BeyondCompare的配置文件，这个文件里面记录着你第一次打开BeyondCompare的时间&lt;/span&gt;&lt;/p&gt;&lt;p&gt;&lt;span style=&quot;color: rgb(51, 51, 51); font-family: &amp;quot;Microsoft Yahei&amp;quot;, 微软雅黑, arial, 宋体, sans-serif; text-align: justify; background-color: rgb(255, 255, 255);&quot;&gt;将这个文件删除，之后再次打开BeyondCompare软件&lt;/span&gt;&lt;span style=&quot;color: rgb(51, 51, 51); font-family: &amp;quot;Microsoft Yahei&amp;quot;, 微软雅黑, arial, 宋体, sans-serif; text-align: justify; background-color: rgb(255, 255, 255);&quot;&gt;&lt;br/&gt;&lt;/span&gt;&lt;/p&gt;&lt;p&gt;&lt;span style=&quot;color: rgb(51, 51, 51); font-family: &amp;quot;Microsoft Yahei&amp;quot;, 微软雅黑, arial, 宋体, sans-serif; text-align: justify; background-color: rgb(255, 255, 255);&quot;&gt;发现又可以使用了，点击继续，我们熟悉的界面又回来了&lt;/span&gt;&lt;span style=&quot;color: rgb(51, 51, 51); font-family: &amp;quot;Microsoft Yahei&amp;quot;, 微软雅黑, arial, 宋体, sans-serif; text-align: justify; background-color: rgb(255, 255, 255);&quot;&gt;&lt;br/&gt;&lt;/span&gt;&lt;/p&gt;&lt;p&gt;&lt;span style=&quot;color: rgb(51, 51, 51); font-family: &amp;quot;Microsoft Yahei&amp;quot;, 微软雅黑, arial, 宋体, sans-serif; text-align: justify; background-color: rgb(255, 255, 255);&quot;&gt;完美解决问题，以后每次30天到期，只要重复以上步骤就可以了.&lt;/span&gt;&lt;span style=&quot;color: rgb(51, 51, 51); font-family: &amp;quot;Microsoft Yahei&amp;quot;, 微软雅黑, arial, 宋体, sans-serif; text-align: justify; background-color: rgb(255, 255, 255);&quot;&gt;&lt;br/&gt;&lt;/span&gt;&lt;/p&gt;',`createtime`='1519281115' WHERE `id` = 59 [ RunTime:0.0007s ]
INFO: [ view_parse ] --START--
INFO: [ template_filter ] --START--
INFO: Run Behavior\ContentReplaceBehavior [ RunTime:0.000066s ]
INFO: [ template_filter ] --END-- [ RunTime:0.000155s ]
INFO: Run Behavior\ParseTemplateBehavior [ RunTime:0.010882s ]
INFO: [ view_parse ] --END-- [ RunTime:0.010979s ]
INFO: [ view_filter ] --START--
INFO: Run Behavior\WriteHtmlCacheBehavior [ RunTime:0.000518s ]
INFO: [ view_filter ] --END-- [ RunTime:0.000577s ]
INFO: [ app_end ] --START--
INFO: Run Behavior\ShowPageTraceBehavior [ RunTime:0.000770s ]
INFO: [ app_end ] --END-- [ RunTime:0.000830s ]

[ 2018-02-22T14:32:01+08:00 ] 127.0.0.1 /admin/index/article/id/59.aspx
INFO: [ app_init ] --START--
INFO: Run Behavior\BuildLiteBehavior [ RunTime:0.000014s ]
INFO: [ app_init ] --END-- [ RunTime:0.000381s ]
INFO: [ app_begin ] --START--
INFO: Run Behavior\ReadHtmlCacheBehavior [ RunTime:0.000565s ]
INFO: [ app_begin ] --END-- [ RunTime:0.000618s ]
NOTIC: [2048] Declaration of Home\Model\TypeModel::save() should be compatible with that of Think\Model::save() D:\WWW\tools\Application\Home\Model\TypeModel.class.php 第 10 行.
NOTIC: [2048] Declaration of Home\Model\TypeModel::delete() should be compatible with that of Think\Model::delete() D:\WWW\tools\Application\Home\Model\TypeModel.class.php 第 10 行.
SQL: SHOW COLUMNS FROM `type` [ RunTime:0.0100s ]
NOTIC: [2] Missing argument 1 for Home\Model\TypeModel::lists(), called in D:\WWW\tools\ThinkPHP\Library\Think\Controller.class.php on line 51 and defined D:\WWW\tools\Application\Home\Model\TypeModel.class.php 第 83 行.
NOTIC: [8] Undefined variable: arr D:\WWW\tools\Application\Home\Model\TypeModel.class.php 第 84 行.
SQL: SELECT * FROM `type` ORDER BY `order` asc,id asc  [ RunTime:0.0002s ]
NOTIC: [2048] Declaration of Admin\Model\TypeModel::save() should be compatible with that of Think\Model::save() D:\WWW\tools\Application\Admin\Model\TypeModel.class.php 第 106 行.
NOTIC: [2048] Declaration of Admin\Model\TypeModel::delete() should be compatible with that of Think\Model::delete() D:\WWW\tools\Application\Admin\Model\TypeModel.class.php 第 106 行.
NOTIC: [2] Missing argument 1 for Admin\Model\TypeModel::lists(), called in D:\WWW\tools\Application\Admin\Controller\IndexController.class.php on line 35 and defined D:\WWW\tools\Application\Admin\Model\TypeModel.class.php 第 101 行.
NOTIC: [8] Undefined variable: arr D:\WWW\tools\Application\Admin\Model\TypeModel.class.php 第 102 行.
SQL: SELECT * FROM `type` ORDER BY `order` asc,id asc  [ RunTime:0.0002s ]
NOTIC: [2048] Declaration of Admin\Model\ArticleModel::save() should be compatible with that of Think\Model::save() D:\WWW\tools\Application\Admin\Model\ArticleModel.class.php 第 101 行.
NOTIC: [2048] Declaration of Admin\Model\ArticleModel::delete() should be compatible with that of Think\Model::delete() D:\WWW\tools\Application\Admin\Model\ArticleModel.class.php 第 101 行.
SQL: SHOW COLUMNS FROM `article` [ RunTime:0.0565s ]
SQL: SELECT * FROM `article` WHERE `id` = 59 LIMIT 1   [ RunTime:0.0002s ]
INFO: [ view_parse ] --START--
INFO: [ template_filter ] --START--
INFO: Run Behavior\ContentReplaceBehavior [ RunTime:0.000078s ]
INFO: [ template_filter ] --END-- [ RunTime:0.000141s ]
INFO: Run Behavior\ParseTemplateBehavior [ RunTime:0.008724s ]
INFO: [ view_parse ] --END-- [ RunTime:0.008793s ]
INFO: [ view_filter ] --START--
INFO: Run Behavior\WriteHtmlCacheBehavior [ RunTime:0.000498s ]
INFO: [ view_filter ] --END-- [ RunTime:0.000543s ]
INFO: [ app_end ] --START--
INFO: Run Behavior\ShowPageTraceBehavior [ RunTime:0.000658s ]
INFO: [ app_end ] --END-- [ RunTime:0.000724s ]

