[ 2018-01-10T10:57:18+08:00 ] 127.0.0.1 /admin
INFO: [ app_init ] --START--
INFO: Run Behavior\BuildLiteBehavior [ RunTime:0.000013s ]
INFO: [ app_init ] --END-- [ RunTime:0.000317s ]
INFO: [ app_begin ] --START--
INFO: Run Behavior\ReadHtmlCacheBehavior [ RunTime:0.000775s ]
INFO: [ app_begin ] --END-- [ RunTime:0.000899s ]
NOTIC: [2048] Declaration of Home\Model\TypeModel::save() should be compatible with that of Think\Model::save() D:\WWW\tools\Application\Home\Model\TypeModel.class.php 第 10 行.
NOTIC: [2048] Declaration of Home\Model\TypeModel::delete() should be compatible with that of Think\Model::delete() D:\WWW\tools\Application\Home\Model\TypeModel.class.php 第 10 行.
SQL: SHOW COLUMNS FROM `type` [ RunTime:0.0309s ]
NOTIC: [2] Missing argument 1 for Home\Model\TypeModel::lists(), called in D:\WWW\tools\ThinkPHP\Library\Think\Controller.class.php on line 51 and defined D:\WWW\tools\Application\Home\Model\TypeModel.class.php 第 83 行.
NOTIC: [8] Undefined variable: arr D:\WWW\tools\Application\Home\Model\TypeModel.class.php 第 84 行.
SQL: SELECT * FROM `type` ORDER BY `order` asc,id asc  [ RunTime:0.0005s ]

[ 2018-01-10T10:57:19+08:00 ] 127.0.0.1 /admin
INFO: [ app_init ] --START--
INFO: Run Behavior\BuildLiteBehavior [ RunTime:0.000016s ]
INFO: [ app_init ] --END-- [ RunTime:0.000353s ]
INFO: [ app_begin ] --START--
INFO: Run Behavior\ReadHtmlCacheBehavior [ RunTime:0.000476s ]
INFO: [ app_begin ] --END-- [ RunTime:0.000545s ]
NOTIC: [2048] Declaration of Home\Model\TypeModel::save() should be compatible with that of Think\Model::save() D:\WWW\tools\Application\Home\Model\TypeModel.class.php 第 10 行.
NOTIC: [2048] Declaration of Home\Model\TypeModel::delete() should be compatible with that of Think\Model::delete() D:\WWW\tools\Application\Home\Model\TypeModel.class.php 第 10 行.
SQL: SHOW COLUMNS FROM `type` [ RunTime:0.0343s ]
NOTIC: [2] Missing argument 1 for Home\Model\TypeModel::lists(), called in D:\WWW\tools\ThinkPHP\Library\Think\Controller.class.php on line 51 and defined D:\WWW\tools\Application\Home\Model\TypeModel.class.php 第 83 行.
NOTIC: [8] Undefined variable: arr D:\WWW\tools\Application\Home\Model\TypeModel.class.php 第 84 行.
SQL: SELECT * FROM `type` ORDER BY `order` asc,id asc  [ RunTime:0.0009s ]

[ 2018-01-10T10:57:20+08:00 ] 127.0.0.1 /admin/login.aspx
INFO: [ app_init ] --START--
INFO: Run Behavior\BuildLiteBehavior [ RunTime:0.000015s ]
INFO: [ app_init ] --END-- [ RunTime:0.000381s ]
INFO: [ app_begin ] --START--
INFO: Run Behavior\ReadHtmlCacheBehavior [ RunTime:0.000576s ]
INFO: [ app_begin ] --END-- [ RunTime:0.000647s ]
NOTIC: [2048] Declaration of Home\Model\TypeModel::save() should be compatible with that of Think\Model::save() D:\WWW\tools\Application\Home\Model\TypeModel.class.php 第 10 行.
NOTIC: [2048] Declaration of Home\Model\TypeModel::delete() should be compatible with that of Think\Model::delete() D:\WWW\tools\Application\Home\Model\TypeModel.class.php 第 10 行.
SQL: SHOW COLUMNS FROM `type` [ RunTime:0.1576s ]
NOTIC: [2] Missing argument 1 for Home\Model\TypeModel::lists(), called in D:\WWW\tools\ThinkPHP\Library\Think\Controller.class.php on line 51 and defined D:\WWW\tools\Application\Home\Model\TypeModel.class.php 第 83 行.
NOTIC: [8] Undefined variable: arr D:\WWW\tools\Application\Home\Model\TypeModel.class.php 第 84 行.
SQL: SELECT * FROM `type` ORDER BY `order` asc,id asc  [ RunTime:0.0005s ]
INFO: [ view_parse ] --START--
INFO: [ template_filter ] --START--
INFO: Run Behavior\ContentReplaceBehavior [ RunTime:0.000111s ]
INFO: [ template_filter ] --END-- [ RunTime:0.000212s ]
INFO: Run Behavior\ParseTemplateBehavior [ RunTime:0.092404s ]
INFO: [ view_parse ] --END-- [ RunTime:0.092547s ]
INFO: [ view_filter ] --START--
INFO: Run Behavior\WriteHtmlCacheBehavior [ RunTime:0.000507s ]
INFO: [ view_filter ] --END-- [ RunTime:0.000586s ]
INFO: [ app_end ] --START--
INFO: Run Behavior\ShowPageTraceBehavior [ RunTime:0.000838s ]
INFO: [ app_end ] --END-- [ RunTime:0.000920s ]

[ 2018-01-10T10:57:26+08:00 ] 127.0.0.1 /admin/login/dologin.aspx
INFO: [ app_init ] --START--
INFO: Run Behavior\BuildLiteBehavior [ RunTime:0.000012s ]
INFO: [ app_init ] --END-- [ RunTime:0.000274s ]
INFO: [ app_begin ] --START--
INFO: Run Behavior\ReadHtmlCacheBehavior [ RunTime:0.000360s ]
INFO: [ app_begin ] --END-- [ RunTime:0.000412s ]
NOTIC: [2048] Declaration of Home\Model\TypeModel::save() should be compatible with that of Think\Model::save() D:\WWW\tools\Application\Home\Model\TypeModel.class.php 第 10 行.
NOTIC: [2048] Declaration of Home\Model\TypeModel::delete() should be compatible with that of Think\Model::delete() D:\WWW\tools\Application\Home\Model\TypeModel.class.php 第 10 行.
SQL: SHOW COLUMNS FROM `type` [ RunTime:0.0344s ]
NOTIC: [2] Missing argument 1 for Home\Model\TypeModel::lists(), called in D:\WWW\tools\ThinkPHP\Library\Think\Controller.class.php on line 51 and defined D:\WWW\tools\Application\Home\Model\TypeModel.class.php 第 83 行.
NOTIC: [8] Undefined variable: arr D:\WWW\tools\Application\Home\Model\TypeModel.class.php 第 84 行.
SQL: SELECT * FROM `type` ORDER BY `order` asc,id asc  [ RunTime:0.0007s ]
NOTIC: [2048] Non-static method Admin\Model\AdminModel::adminLogin() should not be called statically, assuming $this from incompatible context D:\WWW\tools\Application\Admin\Controller\LoginController.class.php 第 36 行.
SQL: SHOW COLUMNS FROM `admin` [ RunTime:0.0967s ]
SQL: SELECT * FROM `admin` WHERE `user` = 'admin' LIMIT 1   [ RunTime:0.0007s ]

[ 2018-01-10T10:57:27+08:00 ] 127.0.0.1 /admin/index.aspx
INFO: [ app_init ] --START--
INFO: Run Behavior\BuildLiteBehavior [ RunTime:0.000039s ]
INFO: [ app_init ] --END-- [ RunTime:0.000716s ]
INFO: [ app_begin ] --START--
INFO: Run Behavior\ReadHtmlCacheBehavior [ RunTime:0.000473s ]
INFO: [ app_begin ] --END-- [ RunTime:0.000541s ]
NOTIC: [2048] Declaration of Home\Model\TypeModel::save() should be compatible with that of Think\Model::save() D:\WWW\tools\Application\Home\Model\TypeModel.class.php 第 10 行.
NOTIC: [2048] Declaration of Home\Model\TypeModel::delete() should be compatible with that of Think\Model::delete() D:\WWW\tools\Application\Home\Model\TypeModel.class.php 第 10 行.
SQL: SHOW COLUMNS FROM `type` [ RunTime:0.0330s ]
NOTIC: [2] Missing argument 1 for Home\Model\TypeModel::lists(), called in D:\WWW\tools\ThinkPHP\Library\Think\Controller.class.php on line 51 and defined D:\WWW\tools\Application\Home\Model\TypeModel.class.php 第 83 行.
NOTIC: [8] Undefined variable: arr D:\WWW\tools\Application\Home\Model\TypeModel.class.php 第 84 行.
SQL: SELECT * FROM `type` ORDER BY `order` asc,id asc  [ RunTime:0.0007s ]
INFO: [ view_parse ] --START--
INFO: [ template_filter ] --START--
INFO: Run Behavior\ContentReplaceBehavior [ RunTime:0.000111s ]
INFO: [ template_filter ] --END-- [ RunTime:0.000213s ]
INFO: Run Behavior\ParseTemplateBehavior [ RunTime:0.100195s ]
INFO: [ view_parse ] --END-- [ RunTime:0.100346s ]
INFO: [ view_filter ] --START--
INFO: Run Behavior\WriteHtmlCacheBehavior [ RunTime:0.000233s ]
INFO: [ view_filter ] --END-- [ RunTime:0.000279s ]
INFO: [ app_end ] --START--
INFO: Run Behavior\ShowPageTraceBehavior [ RunTime:0.000419s ]
INFO: [ app_end ] --END-- [ RunTime:0.000498s ]

[ 2018-01-10T10:57:28+08:00 ] 127.0.0.1 /admin/login/dologin.aspx
INFO: [ app_init ] --START--
INFO: Run Behavior\BuildLiteBehavior [ RunTime:0.000013s ]
INFO: [ app_init ] --END-- [ RunTime:0.000273s ]
INFO: [ app_begin ] --START--
INFO: Run Behavior\ReadHtmlCacheBehavior [ RunTime:0.000392s ]
INFO: [ app_begin ] --END-- [ RunTime:0.000461s ]
NOTIC: [2048] Declaration of Home\Model\TypeModel::save() should be compatible with that of Think\Model::save() D:\WWW\tools\Application\Home\Model\TypeModel.class.php 第 10 行.
NOTIC: [2048] Declaration of Home\Model\TypeModel::delete() should be compatible with that of Think\Model::delete() D:\WWW\tools\Application\Home\Model\TypeModel.class.php 第 10 行.
SQL: SHOW COLUMNS FROM `type` [ RunTime:0.0143s ]
NOTIC: [2] Missing argument 1 for Home\Model\TypeModel::lists(), called in D:\WWW\tools\ThinkPHP\Library\Think\Controller.class.php on line 51 and defined D:\WWW\tools\Application\Home\Model\TypeModel.class.php 第 83 行.
NOTIC: [8] Undefined variable: arr D:\WWW\tools\Application\Home\Model\TypeModel.class.php 第 84 行.
SQL: SELECT * FROM `type` ORDER BY `order` asc,id asc  [ RunTime:0.0003s ]
NOTIC: [2048] Non-static method Admin\Model\AdminModel::adminLogin() should not be called statically, assuming $this from incompatible context D:\WWW\tools\Application\Admin\Controller\LoginController.class.php 第 36 行.
SQL: SHOW COLUMNS FROM `admin` [ RunTime:0.0088s ]
SQL: SELECT * FROM `admin` WHERE `user` = 'admin' LIMIT 1   [ RunTime:0.0002s ]

[ 2018-01-10T10:57:31+08:00 ] 127.0.0.1 /admin/index/typemanager.aspx
INFO: [ app_init ] --START--
INFO: Run Behavior\BuildLiteBehavior [ RunTime:0.000013s ]
INFO: [ app_init ] --END-- [ RunTime:0.000280s ]
INFO: [ app_begin ] --START--
INFO: Run Behavior\ReadHtmlCacheBehavior [ RunTime:0.000366s ]
INFO: [ app_begin ] --END-- [ RunTime:0.000421s ]
NOTIC: [2048] Declaration of Home\Model\TypeModel::save() should be compatible with that of Think\Model::save() D:\WWW\tools\Application\Home\Model\TypeModel.class.php 第 10 行.
NOTIC: [2048] Declaration of Home\Model\TypeModel::delete() should be compatible with that of Think\Model::delete() D:\WWW\tools\Application\Home\Model\TypeModel.class.php 第 10 行.
SQL: SHOW COLUMNS FROM `type` [ RunTime:0.0218s ]
NOTIC: [2] Missing argument 1 for Home\Model\TypeModel::lists(), called in D:\WWW\tools\ThinkPHP\Library\Think\Controller.class.php on line 51 and defined D:\WWW\tools\Application\Home\Model\TypeModel.class.php 第 83 行.
NOTIC: [8] Undefined variable: arr D:\WWW\tools\Application\Home\Model\TypeModel.class.php 第 84 行.
SQL: SELECT * FROM `type` ORDER BY `order` asc,id asc  [ RunTime:0.0004s ]
NOTIC: [2048] Declaration of Admin\Model\TypeModel::save() should be compatible with that of Think\Model::save() D:\WWW\tools\Application\Admin\Model\TypeModel.class.php 第 106 行.
NOTIC: [2048] Declaration of Admin\Model\TypeModel::delete() should be compatible with that of Think\Model::delete() D:\WWW\tools\Application\Admin\Model\TypeModel.class.php 第 106 行.
NOTIC: [8] Undefined variable: arr D:\WWW\tools\Application\Admin\Controller\IndexController.class.php 第 222 行.
SQL: SELECT * FROM `type` WHERE `parent_id` IN ('0') ORDER BY `order` asc,id asc  [ RunTime:0.0005s ]
SQL: SELECT * FROM `type` WHERE `parent_id` IN ('1','2','3','4','12','13','14') ORDER BY `order` asc,id asc  [ RunTime:0.0075s ]
INFO: [ view_parse ] --START--
INFO: [ template_filter ] --START--
INFO: Run Behavior\ContentReplaceBehavior [ RunTime:0.000178s ]
INFO: [ template_filter ] --END-- [ RunTime:0.000307s ]
NOTIC: [8] Undefined variable: title D:\WWW\tools\Application\Runtime\Cache\Admin\998d5290710e253fee5e3c66bc442010.php 第 116 行.
INFO: Run Behavior\ParseTemplateBehavior [ RunTime:0.108010s ]
INFO: [ view_parse ] --END-- [ RunTime:0.108129s ]
INFO: [ view_filter ] --START--
INFO: Run Behavior\WriteHtmlCacheBehavior [ RunTime:0.000374s ]
INFO: [ view_filter ] --END-- [ RunTime:0.000447s ]
INFO: [ app_end ] --START--
INFO: Run Behavior\ShowPageTraceBehavior [ RunTime:0.000803s ]
INFO: [ app_end ] --END-- [ RunTime:0.000870s ]

[ 2018-01-10T10:57:34+08:00 ] 127.0.0.1 /admin/index/type.aspx
INFO: [ app_init ] --START--
INFO: Run Behavior\BuildLiteBehavior [ RunTime:0.000012s ]
INFO: [ app_init ] --END-- [ RunTime:0.000278s ]
INFO: [ app_begin ] --START--
INFO: Run Behavior\ReadHtmlCacheBehavior [ RunTime:0.000370s ]
INFO: [ app_begin ] --END-- [ RunTime:0.000424s ]
NOTIC: [2048] Declaration of Home\Model\TypeModel::save() should be compatible with that of Think\Model::save() D:\WWW\tools\Application\Home\Model\TypeModel.class.php 第 10 行.
NOTIC: [2048] Declaration of Home\Model\TypeModel::delete() should be compatible with that of Think\Model::delete() D:\WWW\tools\Application\Home\Model\TypeModel.class.php 第 10 行.
SQL: SHOW COLUMNS FROM `type` [ RunTime:0.0113s ]
NOTIC: [2] Missing argument 1 for Home\Model\TypeModel::lists(), called in D:\WWW\tools\ThinkPHP\Library\Think\Controller.class.php on line 51 and defined D:\WWW\tools\Application\Home\Model\TypeModel.class.php 第 83 行.
NOTIC: [8] Undefined variable: arr D:\WWW\tools\Application\Home\Model\TypeModel.class.php 第 84 行.
SQL: SELECT * FROM `type` ORDER BY `order` asc,id asc  [ RunTime:0.0002s ]
NOTIC: [2048] Declaration of Admin\Model\TypeModel::save() should be compatible with that of Think\Model::save() D:\WWW\tools\Application\Admin\Model\TypeModel.class.php 第 106 行.
NOTIC: [2048] Declaration of Admin\Model\TypeModel::delete() should be compatible with that of Think\Model::delete() D:\WWW\tools\Application\Admin\Model\TypeModel.class.php 第 106 行.
NOTIC: [2] Missing argument 1 for Admin\Model\TypeModel::lists(), called in D:\WWW\tools\Application\Admin\Controller\IndexController.class.php on line 236 and defined D:\WWW\tools\Application\Admin\Model\TypeModel.class.php 第 101 行.
NOTIC: [8] Undefined variable: arr D:\WWW\tools\Application\Admin\Model\TypeModel.class.php 第 102 行.
SQL: SELECT * FROM `type` ORDER BY `order` asc,id asc  [ RunTime:0.0003s ]
INFO: [ view_parse ] --START--
INFO: [ template_filter ] --START--
INFO: Run Behavior\ContentReplaceBehavior [ RunTime:0.000091s ]
INFO: [ template_filter ] --END-- [ RunTime:0.000150s ]
INFO: Run Behavior\ParseTemplateBehavior [ RunTime:0.087239s ]
INFO: [ view_parse ] --END-- [ RunTime:0.087310s ]
INFO: [ view_filter ] --START--
INFO: Run Behavior\WriteHtmlCacheBehavior [ RunTime:0.000197s ]
INFO: [ view_filter ] --END-- [ RunTime:0.000238s ]
INFO: [ app_end ] --START--
INFO: Run Behavior\ShowPageTraceBehavior [ RunTime:0.000482s ]
INFO: [ app_end ] --END-- [ RunTime:0.000531s ]

[ 2018-01-10T10:57:38+08:00 ] 127.0.0.1 /admin/index/typemanager.aspx
INFO: [ app_init ] --START--
INFO: Run Behavior\BuildLiteBehavior [ RunTime:0.000017s ]
INFO: [ app_init ] --END-- [ RunTime:0.000315s ]
INFO: [ app_begin ] --START--
INFO: Run Behavior\ReadHtmlCacheBehavior [ RunTime:0.000382s ]
INFO: [ app_begin ] --END-- [ RunTime:0.000440s ]
NOTIC: [2048] Declaration of Home\Model\TypeModel::save() should be compatible with that of Think\Model::save() D:\WWW\tools\Application\Home\Model\TypeModel.class.php 第 10 行.
NOTIC: [2048] Declaration of Home\Model\TypeModel::delete() should be compatible with that of Think\Model::delete() D:\WWW\tools\Application\Home\Model\TypeModel.class.php 第 10 行.
SQL: SHOW COLUMNS FROM `type` [ RunTime:0.0342s ]
NOTIC: [2] Missing argument 1 for Home\Model\TypeModel::lists(), called in D:\WWW\tools\ThinkPHP\Library\Think\Controller.class.php on line 51 and defined D:\WWW\tools\Application\Home\Model\TypeModel.class.php 第 83 行.
NOTIC: [8] Undefined variable: arr D:\WWW\tools\Application\Home\Model\TypeModel.class.php 第 84 行.
SQL: SELECT * FROM `type` ORDER BY `order` asc,id asc  [ RunTime:0.0004s ]
NOTIC: [2048] Declaration of Admin\Model\TypeModel::save() should be compatible with that of Think\Model::save() D:\WWW\tools\Application\Admin\Model\TypeModel.class.php 第 106 行.
NOTIC: [2048] Declaration of Admin\Model\TypeModel::delete() should be compatible with that of Think\Model::delete() D:\WWW\tools\Application\Admin\Model\TypeModel.class.php 第 106 行.
NOTIC: [8] Undefined variable: arr D:\WWW\tools\Application\Admin\Controller\IndexController.class.php 第 222 行.
SQL: SELECT * FROM `type` WHERE `parent_id` IN ('0') ORDER BY `order` asc,id asc  [ RunTime:0.0004s ]
SQL: SELECT * FROM `type` WHERE `parent_id` IN ('1','2','3','4','12','13','14') ORDER BY `order` asc,id asc  [ RunTime:0.0003s ]
INFO: [ view_parse ] --START--
INFO: [ template_filter ] --START--
INFO: Run Behavior\ContentReplaceBehavior [ RunTime:0.000142s ]
INFO: [ template_filter ] --END-- [ RunTime:0.000237s ]
NOTIC: [8] Undefined variable: title D:\WWW\tools\Application\Runtime\Cache\Admin\998d5290710e253fee5e3c66bc442010.php 第 116 行.
INFO: Run Behavior\ParseTemplateBehavior [ RunTime:0.017252s ]
INFO: [ view_parse ] --END-- [ RunTime:0.017355s ]
INFO: [ view_filter ] --START--
INFO: Run Behavior\WriteHtmlCacheBehavior [ RunTime:0.000355s ]
INFO: [ view_filter ] --END-- [ RunTime:0.000440s ]
INFO: [ app_end ] --START--
INFO: Run Behavior\ShowPageTraceBehavior [ RunTime:0.000712s ]
INFO: [ app_end ] --END-- [ RunTime:0.000805s ]

[ 2018-01-10T10:57:45+08:00 ] 127.0.0.1 /admin/index/article.aspx
INFO: [ app_init ] --START--
INFO: Run Behavior\BuildLiteBehavior [ RunTime:0.000014s ]
INFO: [ app_init ] --END-- [ RunTime:0.000291s ]
INFO: [ app_begin ] --START--
INFO: Run Behavior\ReadHtmlCacheBehavior [ RunTime:0.000411s ]
INFO: [ app_begin ] --END-- [ RunTime:0.000466s ]
NOTIC: [2048] Declaration of Home\Model\TypeModel::save() should be compatible with that of Think\Model::save() D:\WWW\tools\Application\Home\Model\TypeModel.class.php 第 10 行.
NOTIC: [2048] Declaration of Home\Model\TypeModel::delete() should be compatible with that of Think\Model::delete() D:\WWW\tools\Application\Home\Model\TypeModel.class.php 第 10 行.
SQL: SHOW COLUMNS FROM `type` [ RunTime:0.0349s ]
NOTIC: [2] Missing argument 1 for Home\Model\TypeModel::lists(), called in D:\WWW\tools\ThinkPHP\Library\Think\Controller.class.php on line 51 and defined D:\WWW\tools\Application\Home\Model\TypeModel.class.php 第 83 行.
NOTIC: [8] Undefined variable: arr D:\WWW\tools\Application\Home\Model\TypeModel.class.php 第 84 行.
SQL: SELECT * FROM `type` ORDER BY `order` asc,id asc  [ RunTime:0.0007s ]
NOTIC: [2048] Declaration of Admin\Model\TypeModel::save() should be compatible with that of Think\Model::save() D:\WWW\tools\Application\Admin\Model\TypeModel.class.php 第 106 行.
NOTIC: [2048] Declaration of Admin\Model\TypeModel::delete() should be compatible with that of Think\Model::delete() D:\WWW\tools\Application\Admin\Model\TypeModel.class.php 第 106 行.
NOTIC: [2] Missing argument 1 for Admin\Model\TypeModel::lists(), called in D:\WWW\tools\Application\Admin\Controller\IndexController.class.php on line 35 and defined D:\WWW\tools\Application\Admin\Model\TypeModel.class.php 第 101 行.
NOTIC: [8] Undefined variable: arr D:\WWW\tools\Application\Admin\Model\TypeModel.class.php 第 102 行.
SQL: SELECT * FROM `type` ORDER BY `order` asc,id asc  [ RunTime:0.0004s ]
INFO: [ view_parse ] --START--
INFO: [ template_filter ] --START--
INFO: Run Behavior\ContentReplaceBehavior [ RunTime:0.000176s ]
INFO: [ template_filter ] --END-- [ RunTime:0.000303s ]
INFO: Run Behavior\ParseTemplateBehavior [ RunTime:0.105738s ]
INFO: [ view_parse ] --END-- [ RunTime:0.105891s ]
INFO: [ view_filter ] --START--
INFO: Run Behavior\WriteHtmlCacheBehavior [ RunTime:0.000490s ]
INFO: [ view_filter ] --END-- [ RunTime:0.000591s ]
INFO: [ app_end ] --START--
INFO: Run Behavior\ShowPageTraceBehavior [ RunTime:0.000900s ]
INFO: [ app_end ] --END-- [ RunTime:0.001006s ]

[ 2018-01-10T10:59:34+08:00 ] 127.0.0.1 /admin/index/SaveArticle.aspx
INFO: [ app_init ] --START--
INFO: Run Behavior\BuildLiteBehavior [ RunTime:0.000023s ]
INFO: [ app_init ] --END-- [ RunTime:0.000479s ]
INFO: [ app_begin ] --START--
INFO: Run Behavior\ReadHtmlCacheBehavior [ RunTime:0.000475s ]
INFO: [ app_begin ] --END-- [ RunTime:0.000541s ]
NOTIC: [2048] Declaration of Home\Model\TypeModel::save() should be compatible with that of Think\Model::save() D:\WWW\tools\Application\Home\Model\TypeModel.class.php 第 10 行.
NOTIC: [2048] Declaration of Home\Model\TypeModel::delete() should be compatible with that of Think\Model::delete() D:\WWW\tools\Application\Home\Model\TypeModel.class.php 第 10 行.
SQL: SHOW COLUMNS FROM `type` [ RunTime:0.0355s ]
NOTIC: [2] Missing argument 1 for Home\Model\TypeModel::lists(), called in D:\WWW\tools\ThinkPHP\Library\Think\Controller.class.php on line 51 and defined D:\WWW\tools\Application\Home\Model\TypeModel.class.php 第 83 行.
NOTIC: [8] Undefined variable: arr D:\WWW\tools\Application\Home\Model\TypeModel.class.php 第 84 行.
SQL: SELECT * FROM `type` ORDER BY `order` asc,id asc  [ RunTime:0.0005s ]
NOTIC: [2048] Declaration of Admin\Model\ArticleModel::save() should be compatible with that of Think\Model::save() D:\WWW\tools\Application\Admin\Model\ArticleModel.class.php 第 101 行.
NOTIC: [2048] Declaration of Admin\Model\ArticleModel::delete() should be compatible with that of Think\Model::delete() D:\WWW\tools\Application\Admin\Model\ArticleModel.class.php 第 101 行.
SQL: SHOW COLUMNS FROM `article` [ RunTime:0.0065s ]
SQL: INSERT INTO `article` (`type`,`title`,`keyword`,`author`,`content`,`createtime`) VALUES ('0','linux centos 目录结构','','小兔','&lt;p&gt;&lt;strong style=&quot;color: rgb(0, 0, 255); font-family: Helvetica, Tahoma, Arial, sans-serif; font-size: small; background-color: rgb(239, 239, 239);&quot;&gt;&amp;nbsp;linux 目录结构&lt;/strong&gt;&lt;br/&gt;&lt;/p&gt;&lt;p&gt;&lt;strong style=&quot;color: rgb(0, 0, 255); font-family: Helvetica, Tahoma, Arial, sans-serif; font-size: small; background-color: rgb(239, 239, 239);&quot;&gt;&lt;img src=&quot;/ueditor/php/upload/image/20180110/1515553108127386.png&quot; title=&quot;1515553108127386.png&quot; alt=&quot;e063287e-07a0-333e-b4f5-9e418ec52ce1.png&quot;/&gt;&lt;/strong&gt;&lt;/p&gt;&lt;p&gt;&lt;strong style=&quot;color: rgb(0, 0, 255); font-family: Helvetica, Tahoma, Arial, sans-serif; font-size: small; background-color: rgb(239, 239, 239);&quot;&gt;&lt;/strong&gt;&lt;strong style=&quot;font-size: small; background-color: rgb(239, 239, 239); font-family: Helvetica, Tahoma, Arial, sans-serif;&quot;&gt;&lt;span style=&quot;color: rgb(255, 0, 0);&quot;&gt;/：&lt;/span&gt;&amp;nbsp;&lt;/strong&gt;&lt;span style=&quot;font-size: small; background-color: rgb(239, 239, 239); font-family: Helvetica, Tahoma, Arial, sans-serif;&quot;&gt;根目录，一般根目录下只存放目录，不要存放文件，/etc、/bin、/dev、/lib、/sbin应该和根目录放置在一个分区中&lt;/span&gt;&lt;strong style=&quot;color: rgb(0, 0, 255); font-family: Helvetica, Tahoma, Arial, sans-serif; font-size: small; background-color: rgb(239, 239, 239);&quot;&gt;&lt;br/&gt;&lt;/strong&gt;&lt;/p&gt;&lt;p style=&quot;margin-top: 0px; margin-bottom: 0px; padding: 0px; font-family: Helvetica, Tahoma, Arial, sans-serif; font-size: 14px; background-color: rgb(239, 239, 239);&quot;&gt;&lt;span style=&quot;font-size: small;&quot;&gt;&lt;strong&gt;&lt;span style=&quot;color: rgb(255, 0, 0);&quot;&gt;/bin:/usr/bin:&lt;/span&gt;&amp;nbsp;&lt;/strong&gt;可执行二进制文件的目录，如常用的命令ls、tar、mv、cat等。&lt;br/&gt;&lt;strong&gt;&lt;span style=&quot;color: rgb(255, 0, 0);&quot;&gt;/boot：&lt;/span&gt;&amp;nbsp;&lt;/strong&gt;放置linux系统启动时用到的一些文件。/boot/vmlinuz为linux的内核文件，以及/boot/gurb。建议单独分区，分区大小100M即可&lt;br/&gt;&lt;strong&gt;&lt;span style=&quot;color: rgb(255, 0, 0);&quot;&gt;/dev：&lt;/span&gt;&amp;nbsp;&lt;/strong&gt;存放linux系统下的设备文件，访问该目录下某个文件，相当于访问某个设备，常用的是挂载光驱mount /dev/cdrom /mnt。&lt;br/&gt;&lt;strong&gt;&lt;span style=&quot;color: rgb(255, 0, 0);&quot;&gt;/etc：&lt;/span&gt;&amp;nbsp;&lt;/strong&gt;系统配置文件存放的目录，不建议在此目录下存放可执行文件，重要的配置文件有/etc/inittab、/etc/fstab、/etc/init.d、/etc/X11、/etc/sysconfig、/etc/xinetd.d修改配置文件之前记得备份。注：/etc/X11存放与x windows有关的设置。&lt;br/&gt;&lt;strong&gt;&lt;span style=&quot;color: rgb(255, 0, 0);&quot;&gt;/home：&lt;/span&gt;&amp;nbsp;&lt;/strong&gt;系统默认的用户家目录，新增用户账号时，用户的家目录都存放在此目录下，~表示当前用户的家目录，~test表示用户test的家目录。建议单独分区，并设置较大的磁盘空间，方便用户存放数据&lt;br/&gt;&lt;strong&gt;&lt;span style=&quot;color: rgb(255, 0, 0);&quot;&gt;/lib:/usr/lib:/usr/local/lib：&lt;/span&gt;&amp;nbsp;&lt;/strong&gt;系统使用的函数库的目录，程序在执行过程中，需要调用一些额外的参数时需要函数库的协助，比较重要的目录为/lib/modules。&lt;br/&gt;&lt;strong&gt;&lt;span style=&quot;color: rgb(255, 0, 0);&quot;&gt;/lost+fount：&lt;/span&gt;&amp;nbsp;&lt;/strong&gt;系统异常产生错误时，会将一些遗失的片段放置于此目录下，通常这个目录会自动出现在装置目录下。如加载硬盘于/disk 中，此目录下就会自动产生目录/disk/lost+found&lt;br/&gt;&lt;strong&gt;&lt;span style=&quot;color: rgb(255, 0, 0);&quot;&gt;/mnt:/media：&lt;/span&gt;&amp;nbsp;&lt;/strong&gt;光盘默认挂载点，通常光盘挂载于/mnt/cdrom下，也不一定，可以选择任意位置进行挂载。&lt;br/&gt;&lt;strong&gt;&lt;span style=&quot;color: rgb(255, 0, 0);&quot;&gt;/opt：&lt;/span&gt;&amp;nbsp;&lt;/strong&gt;给主机额外安装软件所摆放的目录。如：FC4使用的Fedora 社群开发软件，如果想要自行安装新的KDE 桌面软件，可以将该软件安装在该目录下。以前的 Linux 系统中，习惯放置在 /usr/local 目录下&lt;br/&gt;&lt;strong&gt;&lt;span style=&quot;color: rgb(255, 0, 0);&quot;&gt;/proc：&lt;/span&gt;&amp;nbsp;&lt;/strong&gt;此目录的数据都在内存中，如系统核心，外部设备，网络状态，由于数据都存放于内存中，所以不占用磁盘空间，比较重要的目录有/proc/cpuinfo、/proc/interrupts、/proc/dma、/proc/ioports、/proc/net/*等&lt;br/&gt;&lt;strong&gt;&lt;span style=&quot;color: rgb(255, 0, 0);&quot;&gt;/root：&lt;/span&gt;&amp;nbsp;&lt;/strong&gt;系统管理员root的家目录，系统第一个启动的分区为/，所以最好将/root和/放置在一个分区下。&lt;br/&gt;&lt;strong&gt;&lt;span style=&quot;color: rgb(255, 0, 0);&quot;&gt;/sbin:/usr/sbin:/usr/local/sbin：&lt;/span&gt;&amp;nbsp;&lt;/strong&gt;放置系统管理员使用的可执行命令，如fdisk、shutdown、mount等。与/bin不同的是，这几个目录是给系统管理员root使用的命令，一般用户只能&amp;quot;查看&amp;quot;而不能设置和使用。&lt;br/&gt;&lt;strong&gt;&lt;span style=&quot;color: rgb(255, 0, 0);&quot;&gt;/tmp：&lt;/span&gt;&amp;nbsp;&lt;/strong&gt;一般用户或正在执行的程序临时存放文件的目录,任何人都可以访问,重要数据不可放置在此目录下&lt;br/&gt;&lt;/span&gt;&lt;span style=&quot;color: rgb(255, 0, 0); font-size: small;&quot;&gt;&lt;strong&gt;/srv：&lt;/strong&gt;&amp;nbsp;&lt;/span&gt;&lt;span style=&quot;font-size: small;&quot;&gt;服务启动之后需要访问的数据目录，如www服务需要访问的网页数据存放在/srv/www内&lt;br/&gt;&lt;/span&gt;&lt;span style=&quot;color: rgb(255, 0, 0); font-size: small;&quot;&gt;&lt;strong&gt;/usr：&lt;/strong&gt;&amp;nbsp;&lt;/span&gt;&lt;span style=&quot;font-size: small;&quot;&gt;应用程序存放目录，&lt;strong&gt;&lt;span style=&quot;color: rgb(255, 0, 0);&quot;&gt;/usr/bin&lt;/span&gt;&amp;nbsp;&lt;/strong&gt;存放应用程序，&lt;/span&gt;&amp;nbsp;&lt;span style=&quot;color: rgb(255, 0, 0); font-size: small;&quot;&gt;&lt;strong&gt;/usr/share&lt;/strong&gt;&amp;nbsp;&lt;/span&gt;&lt;span style=&quot;font-size: small;&quot;&gt;存放共享数据，&lt;strong&gt;&lt;span style=&quot;color: rgb(255, 0, 0);&quot;&gt;/usr/lib&lt;/span&gt;&amp;nbsp;&lt;/strong&gt;存放不能直接运行的，却是许多程序运行所必需的一些函数库文件。/usr/local:存放软件升级包。&lt;strong&gt;&lt;span style=&quot;color: rgb(255, 0, 0);&quot;&gt;/usr/share/doc:&lt;/span&gt;&amp;nbsp;&lt;/strong&gt;系统说明文件存放目录。&lt;strong&gt;&lt;span style=&quot;color: rgb(255, 0, 0);&quot;&gt;/usr/share/man:&amp;nbsp;&lt;/span&gt;&lt;/strong&gt;程序说明文件存放目录，使用 man ls时会查询/usr/share/man/man1/ls.1.gz的内容建议单独分区，设置较大的磁盘空间&lt;br/&gt;&lt;strong&gt;&lt;span style=&quot;color: rgb(255, 0, 0);&quot;&gt;/var：&lt;/span&gt;&amp;nbsp;&lt;/strong&gt;放置系统执行过程中经常变化的文件，如随时更改的日志文件&lt;/span&gt;&amp;nbsp;&lt;span style=&quot;color: rgb(255, 0, 0); font-size: small;&quot;&gt;&lt;strong&gt;/var/log，/var/log/message：&lt;/strong&gt;&amp;nbsp;&lt;/span&gt;&lt;span style=&quot;font-size: small;&quot;&gt;所有的登录文件存放目录，&lt;strong&gt;&lt;span style=&quot;color: rgb(255, 0, 0);&quot;&gt;/var/spool/mail：&lt;/span&gt;&amp;nbsp;&lt;/strong&gt;邮件存放的目录，&lt;/span&gt;&amp;nbsp;&lt;span style=&quot;color: rgb(255, 0, 0); font-size: small;&quot;&gt;&lt;strong&gt;/var/run:&lt;/strong&gt;&amp;nbsp;&lt;/span&gt;&lt;span style=&quot;font-size: small;&quot;&gt;程序或服务启动&lt;br/&gt;&lt;br/&gt;后，其PID存放在该目录下。建议单独分区，设置较大的磁盘空间&lt;br/&gt;&amp;nbsp;&amp;nbsp;&amp;nbsp;&lt;br/&gt;&lt;strong&gt;&lt;span style=&quot;color: rgb(0, 0, 255);&quot;&gt;－－－－－－－－－－－－－－－－－－－－－－－－－－－－－－－－－－－－－－－－－－&lt;/span&gt;&amp;nbsp;&lt;/strong&gt;&lt;br/&gt;&lt;br/&gt;&lt;/span&gt;&lt;strong&gt;&lt;span style=&quot;color: rgb(0, 0, 255); font-size: small;&quot;&gt;/dev：&amp;nbsp;&lt;/span&gt;&lt;span style=&quot;color: rgb(0, 0, 255);&quot;&gt;&lt;/span&gt;&lt;/strong&gt;&lt;span style=&quot;font-size: small;&quot;&gt;&lt;strong&gt;&lt;span style=&quot;color: rgb(0, 0, 255);&quot;&gt;目录&lt;/span&gt;&lt;/strong&gt;&lt;br/&gt;　　dev是设备(device)的英文缩写。/dev这个目录对所有的用户都十分重要。因为在这个目录中包含了所有Linux系统中使用的外部设备。但是这里并不是放的外部设备的驱动程序，这一点和&lt;br/&gt;&lt;br/&gt;windows,dos操作系统不一样。它实际上是一个访问这些外部设备的端口。我们可以非常方便地去访问这些外部设备，和访问一个文件，一个目录没有任何区别。&lt;br/&gt;&lt;br/&gt;　　Linux沿袭Unix的风格，将所有设备认成是一个文件。&lt;br/&gt;&lt;br/&gt;　　设备文件分为两种：块设备文件(b)和字符设备文件(c)&lt;br/&gt;&lt;br/&gt;　　设备文件一般存放在/dev目录下，对常见设备文件作如下说明：&lt;br/&gt;&lt;br/&gt;　　/dev/hd[a-t]：IDE设备&lt;br/&gt;&lt;br/&gt;　　/dev/sd[a-z]：SCSI设备&lt;br/&gt;&lt;br/&gt;　　/dev/fd[0-7]：标准软驱&lt;br/&gt;&lt;br/&gt;　　/dev/md[0-31]：软raid设备&lt;br/&gt;&lt;br/&gt;　　/dev/loop[0-7]：本地回环设备&lt;br/&gt;&lt;br/&gt;　　/dev/ram[0-15]：内存&lt;br/&gt;&lt;br/&gt;　　/dev/null：无限数据接收设备,相当于黑洞&lt;br/&gt;&lt;br/&gt;　　/dev/zero：无限零资源&lt;br/&gt;&lt;br/&gt;　　/dev/tty[0-63]：虚拟终端&lt;br/&gt;&lt;br/&gt;　　/dev/ttyS[0-3]：串口&lt;br/&gt;&lt;br/&gt;　　/dev/lp[0-3]：并口&lt;br/&gt;&lt;br/&gt;　　/dev/console：控制台&lt;br/&gt;&lt;br/&gt;　　/dev/fb[0-31]：framebuffer&lt;br/&gt;&lt;br/&gt;　　/dev/cdrom =&amp;gt; /dev/hdc&lt;br/&gt;&lt;br/&gt;　　/dev/modem =&amp;gt; /dev/ttyS[0-9]&lt;br/&gt;&lt;br/&gt;　　/dev/pilot =&amp;gt; /dev/ttyS[0-9]&lt;br/&gt;&lt;br/&gt;　　/dev/random：随机数设备&lt;br/&gt;&lt;br/&gt;　　/dev/urandom：随机数设备&lt;br/&gt;&lt;br/&gt;　　(PS：随机数设备，后面我会再写篇博客总结一下)&lt;br/&gt;&lt;br/&gt;　　/dev目录下的节点是怎么创建的?&lt;br/&gt;&lt;br/&gt;　　devf或者udev会自动帮你创建得。&lt;br/&gt;&lt;br/&gt;　　kobject是sysfs文件系统的基础，udev通过监测、检测sysfs来获取新创建的设备的。&lt;br/&gt;&lt;br/&gt;&lt;strong&gt;&lt;span style=&quot;color: rgb(0, 0, 255);&quot;&gt;－－－－－－－－－－－－－－－－－－－－－－－－－－－－－－－－－－－－－－－－－－&lt;/span&gt;&amp;nbsp;&lt;/strong&gt;&lt;br/&gt;&lt;br/&gt;&lt;strong&gt;&lt;span style=&quot;color: rgb(0, 0, 255);&quot;&gt;/etc：&amp;nbsp;目录&lt;/span&gt;&lt;/strong&gt;&lt;br/&gt;　　包含很多文件.许多网络配置文件也在/etc 中.&amp;nbsp;&lt;br/&gt;&lt;strong&gt;&lt;span style=&quot;color: rgb(255, 0, 0);&quot;&gt;/etc/rc&amp;nbsp;&amp;nbsp; or /etc/rc.d&amp;nbsp;&amp;nbsp; or /etc/rc*.d&amp;nbsp;&amp;nbsp;&lt;/span&gt;&lt;/strong&gt;&lt;/span&gt;&lt;span style=&quot;font-size: small;&quot;&gt;　　启动、或改变运行级时运行的scripts或scripts的目录.&lt;br/&gt;&lt;strong&gt;&lt;span style=&quot;color: rgb(255, 0, 0);&quot;&gt;/etc/passwd&amp;nbsp;&amp;nbsp;&lt;/span&gt;&lt;/strong&gt;&lt;br/&gt;　　用户数据库，其中的域给出了用户名、真实姓名、家目录、加密的口令和用户的其他信息.&amp;nbsp;&lt;br/&gt;&lt;strong&gt;&lt;span style=&quot;color: rgb(255, 0, 0);&quot;&gt;/etc/fstab&amp;nbsp;&amp;nbsp;&lt;/span&gt;&lt;/strong&gt;&lt;br/&gt;　　启动时mount -a命令(在/etc/rc 或等效的启动文件中)自动mount的文件系统列表. Linux下，也包括用swapon -a启用的swap区的信息.&lt;br/&gt;&lt;strong&gt;&lt;span style=&quot;color: rgb(255, 0, 0);&quot;&gt;/etc/group&lt;/span&gt;&amp;nbsp;&lt;/strong&gt;&amp;nbsp;&amp;nbsp;&lt;br/&gt;　　类似/etc/passwd ，但说明的不是用户而是组.&amp;nbsp;&lt;br/&gt;&lt;strong&gt;&lt;span style=&quot;color: rgb(255, 0, 0);&quot;&gt;/etc/inittab&amp;nbsp;&amp;nbsp;&lt;/span&gt;&lt;/strong&gt;&lt;br/&gt;　　init 的配置文件.&amp;nbsp;&lt;br/&gt;&lt;strong&gt;&lt;span style=&quot;color: rgb(255, 0, 0);&quot;&gt;/etc/issue&amp;nbsp;&amp;nbsp;&lt;/span&gt;&lt;/strong&gt;&lt;br/&gt;　　getty 在登录提示符前的输出信息.通常包括系统的一段短说明或欢迎信息.内容由系统管理员确定.&amp;nbsp;&lt;br/&gt;&lt;strong&gt;&lt;span style=&quot;color: rgb(255, 0, 0);&quot;&gt;/etc/motd&amp;nbsp;&amp;nbsp;&lt;/span&gt;&lt;/strong&gt;&lt;br/&gt;　　Message Of The Day，成功登录后自动输出.内容由系统管理员确定.经常用于通告信息，如计划关机时间的警告.&amp;nbsp;&lt;br/&gt;&lt;strong&gt;&lt;span style=&quot;color: rgb(255, 0, 0);&quot;&gt;/etc/mtab&amp;nbsp;&amp;nbsp;&lt;/span&gt;&lt;/strong&gt;&lt;br/&gt;　　当前安装的文件系统列表.由scripts初始化，并由mount 命令自动更新.需要一个当前安装的文件系统的列表时使用，例如df 命令.&amp;nbsp;&lt;br/&gt;&lt;strong&gt;&lt;span style=&quot;color: rgb(255, 0, 0);&quot;&gt;/etc/shadow&amp;nbsp;&amp;nbsp;&lt;/span&gt;&lt;/strong&gt;&lt;br/&gt;　　在安装了影子口令软件的系统上的影子口令文件.影子口令文件将/etc/passwd 文件中的加密口令移动到/etc/shadow 中，而后者只对root可读.这使破译口令更困难.&amp;nbsp;&lt;br/&gt;&lt;strong&gt;&lt;span style=&quot;color: rgb(255, 0, 0);&quot;&gt;/etc/login.defs&amp;nbsp;&amp;nbsp;&lt;/span&gt;&lt;/strong&gt;&lt;br/&gt;　　login 命令的配置文件.&amp;nbsp;&lt;br/&gt;&lt;strong&gt;&lt;span style=&quot;color: rgb(255, 0, 0);&quot;&gt;/etc/printcap&amp;nbsp;&amp;nbsp;&lt;/span&gt;&lt;/strong&gt;&lt;br/&gt;　　类似/etc/termcap ，但针对打印机.语法不同.&amp;nbsp;&lt;br/&gt;&lt;strong&gt;&lt;span style=&quot;color: rgb(255, 0, 0);&quot;&gt;/etc/profile , /etc/csh.login , /etc/csh.cshrc&amp;nbsp;&amp;nbsp;&lt;/span&gt;&lt;/strong&gt;&lt;br/&gt;　　登录或启动时Bourne或C shells执行的文件.这允许系统管理员为所有用户建立全局缺省环境.&amp;nbsp;&lt;br/&gt;&lt;strong&gt;&lt;span style=&quot;color: rgb(255, 0, 0);&quot;&gt;/etc/securetty&amp;nbsp;&amp;nbsp;&lt;/span&gt;&lt;/strong&gt;&lt;br/&gt;　　确认安全终端，即哪个终端允许root登录.一般只列出虚拟控制台，这样就不可能(至少很困难)通过modem或网络闯入系统并得到超级用户特权.&amp;nbsp;&lt;br/&gt;&lt;strong&gt;&lt;span style=&quot;color: rgb(255, 0, 0);&quot;&gt;/etc/shells&amp;nbsp;&lt;/span&gt;&amp;nbsp;&lt;/strong&gt;&lt;br/&gt;　　列出可信任的shell.chsh 命令允许用户在本文件指定范围内改变登录shell.提供一台机器FTP服务的服务进程ftpd 检查用户shell是否列在 /etc/shells 文件中，如果不是将不允许该用户登录.&amp;nbsp;&lt;br/&gt;&lt;strong&gt;&lt;span style=&quot;color: rgb(255, 0, 0);&quot;&gt;/etc/sysconfig&lt;/span&gt;&amp;nbsp;&lt;/strong&gt;&lt;br/&gt;　　网络配置相关目录&lt;br/&gt;&lt;br/&gt;&lt;/span&gt;&lt;span style=&quot;color: rgb(0, 0, 255); font-size: small;&quot;&gt;&lt;strong&gt;－－－－－－－－－－－－－－－－－－－－－－－－－－－－－－－－－－－－－－－－－－&lt;/strong&gt;&amp;nbsp;&lt;/span&gt;&lt;span style=&quot;font-size: small;&quot;&gt;&lt;br/&gt;&lt;/span&gt;&lt;/p&gt;&lt;p style=&quot;margin-top: 0px; margin-bottom: 0px; padding: 0px; font-family: Helvetica, Tahoma, Arial, sans-serif; font-size: 14px; background-color: rgb(239, 239, 239);&quot;&gt;&amp;nbsp;&lt;/p&gt;&lt;p style=&quot;margin-top: 0px; margin-bottom: 0px; padding: 0px; font-family: Helvetica, Tahoma, Arial, sans-serif; font-size: 14px; background-color: rgb(239, 239, 239);&quot;&gt;&lt;span style=&quot;font-size: small;&quot;&gt;&lt;strong&gt;&lt;span style=&quot;color: rgb(0, 0, 255);&quot;&gt;/proc：&amp;nbsp;目录&lt;/span&gt;&lt;/strong&gt;&lt;br/&gt;&lt;br/&gt;档名&amp;nbsp;&amp;nbsp;&amp;nbsp; 文件内容&lt;br/&gt;&lt;strong&gt;&lt;span style=&quot;color: rgb(255, 0, 0);&quot;&gt;/proc/cmdline&amp;nbsp;&lt;/span&gt;&amp;nbsp;&lt;/strong&gt;&amp;nbsp;&amp;nbsp; 加载 kernel 时所下达的相关参数！查阅此文件，可了解系统是如何启动的！&lt;br/&gt;&lt;strong&gt;&lt;span style=&quot;color: rgb(255, 0, 0);&quot;&gt;/proc/cpuinfo&amp;nbsp;&lt;/span&gt;&amp;nbsp;&lt;/strong&gt;&amp;nbsp;&amp;nbsp; 本机的 CPU 的相关资讯，包含时脉、类型与运算功能等&lt;br/&gt;&lt;strong&gt;&lt;span style=&quot;color: rgb(255, 0, 0);&quot;&gt;/proc/devices&amp;nbsp;&lt;/span&gt;&amp;nbsp;&lt;/strong&gt;&amp;nbsp;&amp;nbsp; 这个文件记录了系统各个主要装置的主要装置代号，与 mknod 有关呢！&lt;br/&gt;&lt;strong&gt;&lt;span style=&quot;color: rgb(255, 0, 0);&quot;&gt;/proc/filesystems&amp;nbsp;&amp;nbsp;&lt;/span&gt;&amp;nbsp;&lt;/strong&gt;&amp;nbsp; 目前系统已经加载的文件系统罗！&lt;br/&gt;&lt;strong&gt;&lt;span style=&quot;color: rgb(255, 0, 0);&quot;&gt;/proc/interrupts&amp;nbsp;&lt;/span&gt;&amp;nbsp;&lt;/strong&gt;&amp;nbsp;&amp;nbsp; 目前系统上面的 IRQ 分配状态。&lt;br/&gt;&lt;strong&gt;&lt;span style=&quot;color: rgb(255, 0, 0);&quot;&gt;/proc/ioports&amp;nbsp;&amp;nbsp;&lt;/span&gt;&amp;nbsp;&lt;/strong&gt;&amp;nbsp; 目前系统上面各个装置所配置的 I/O 位址。&lt;br/&gt;&lt;strong&gt;&lt;span style=&quot;color: rgb(255, 0, 0);&quot;&gt;/proc/kcore&amp;nbsp;&amp;nbsp;&lt;/span&gt;&amp;nbsp;&lt;/strong&gt;&amp;nbsp; 这个就是内存的大小啦！好大对吧！但是不要读他啦！&lt;br/&gt;&lt;strong&gt;&lt;span style=&quot;color: rgb(255, 0, 0);&quot;&gt;/proc/loadavg&amp;nbsp;&lt;/span&gt;&amp;nbsp;&lt;/strong&gt;&amp;nbsp;&amp;nbsp; 还记得 top 以及 uptime 吧？没错！上头的三个平均数值就是记录在此！&lt;br/&gt;&lt;strong&gt;&lt;span style=&quot;color: rgb(255, 0, 0);&quot;&gt;/proc/meminfo&amp;nbsp;&amp;nbsp;&lt;/span&gt;&amp;nbsp;&lt;/strong&gt;&amp;nbsp; 使用 free 列出的内存资讯，嘿嘿！在这里也能够查阅到！&lt;br/&gt;&lt;strong&gt;&lt;span style=&quot;color: rgb(255, 0, 0);&quot;&gt;/proc/modules&amp;nbsp;&lt;/span&gt;&amp;nbsp;&lt;/strong&gt;&amp;nbsp;&amp;nbsp; 目前我们的 Linux 已经加载的模块列表，也可以想成是驱动程序啦！&lt;br/&gt;&lt;strong&gt;&lt;span style=&quot;color: rgb(255, 0, 0);&quot;&gt;/proc/mounts&lt;/span&gt;&amp;nbsp;&lt;/strong&gt;&amp;nbsp;&amp;nbsp;&amp;nbsp; 系统已经挂载的数据，就是用 mount 这个命令呼叫出来的数据啦！&lt;br/&gt;&lt;strong&gt;&lt;span style=&quot;color: rgb(255, 0, 0);&quot;&gt;/proc/swaps&lt;/span&gt;&amp;nbsp;&lt;/strong&gt;&amp;nbsp;&amp;nbsp;&amp;nbsp; 到底系统挂加载的内存在哪里？呵呵！使用掉的 partition 就记录在此啦！&lt;br/&gt;&lt;strong&gt;&lt;span style=&quot;color: rgb(255, 0, 0);&quot;&gt;/proc/partitions&amp;nbsp;&lt;/span&gt;&amp;nbsp;&lt;/strong&gt;&amp;nbsp;&amp;nbsp; 使用 fdisk -l 会出现目前所有的 partition 吧？在这个文件当中也有纪录喔！&lt;br/&gt;&lt;strong&gt;&lt;span style=&quot;color: rgb(255, 0, 0);&quot;&gt;/proc/pci&amp;nbsp;&amp;nbsp;&lt;/span&gt;&amp;nbsp;&lt;/strong&gt;&amp;nbsp; 在 PCI 汇流排上面，每个装置的详细情况！可用 lspci 来查阅！&lt;br/&gt;&lt;strong&gt;&lt;span style=&quot;color: rgb(255, 0, 0);&quot;&gt;/proc/uptime&lt;/span&gt;&amp;nbsp;&lt;/strong&gt;&amp;nbsp;&amp;nbsp;&amp;nbsp; 就是用 uptime 的时候，会出现的资讯啦！&lt;br/&gt;&lt;strong&gt;&lt;span style=&quot;color: rgb(255, 0, 0);&quot;&gt;/proc/version&amp;nbsp;&lt;/span&gt;&amp;nbsp;&lt;/strong&gt;&amp;nbsp;&amp;nbsp; 核心的版本，就是用 uname -a 显示的内容啦！&lt;br/&gt;&lt;strong&gt;&lt;span style=&quot;color: rgb(255, 0, 0);&quot;&gt;/proc/bus/*&amp;nbsp;&amp;nbsp;&lt;/span&gt;&amp;nbsp;&lt;/strong&gt;&amp;nbsp; 一些汇流排的装置，还有 U盘 的装置也记录在此喔！&lt;br/&gt;&lt;br/&gt;&lt;/span&gt;&lt;span style=&quot;color: rgb(0, 0, 255); font-size: small;&quot;&gt;&lt;strong&gt;－－－－－－－－－－－－－－－－－－－－－－－－－－－－－－－－－－－－－－－－－－&lt;/strong&gt;&amp;nbsp;&lt;/span&gt;&lt;span style=&quot;font-size: small;&quot;&gt;&lt;br/&gt;&lt;br/&gt;&lt;strong&gt;&lt;span style=&quot;color: rgb(0, 0, 255);&quot;&gt;/usr：&amp;nbsp;目录&lt;/span&gt;&lt;/strong&gt;&lt;br/&gt;　　/usr 文件系统经常很大，因为所有程序安装在这里. /usr 里的所有文件一般来自Linux distribution；本地安装的程序和其他东西在/usr/local 下.这样可能在升级新版系统或新distribution时无须重新安装全部程序.&lt;br/&gt;&lt;strong&gt;&lt;span style=&quot;color: rgb(255, 0, 0);&quot;&gt;/usr/etc&amp;nbsp;&lt;/span&gt;&amp;nbsp;&lt;/strong&gt;&amp;nbsp;&amp;nbsp;&amp;nbsp;&amp;nbsp;&amp;nbsp;&amp;nbsp;&amp;nbsp;&amp;nbsp;&amp;nbsp; 存放设置文件&lt;br/&gt;&lt;strong&gt;&lt;span style=&quot;color: rgb(255, 0, 0);&quot;&gt;/usr/games&amp;nbsp;&lt;/span&gt;&amp;nbsp;&lt;/strong&gt;&amp;nbsp;&amp;nbsp;&amp;nbsp; 存放游戏和教学文件&lt;br/&gt;&lt;strong&gt;&lt;span style=&quot;color: rgb(255, 0, 0);&quot;&gt;/usr/include&amp;nbsp;&lt;/span&gt;&amp;nbsp;&lt;/strong&gt;&amp;nbsp;&amp;nbsp;&amp;nbsp; 存放C开发工具的头文件&lt;br/&gt;&lt;strong&gt;&lt;span style=&quot;color: rgb(255, 0, 0);&quot;&gt;/usr/share&lt;/span&gt;&amp;nbsp;&lt;/strong&gt;&amp;nbsp;&amp;nbsp;&amp;nbsp;&amp;nbsp;&amp;nbsp;&amp;nbsp;&amp;nbsp; 存放结构独立的数据&lt;br/&gt;&lt;strong&gt;&lt;span style=&quot;color: rgb(255, 0, 0);&quot;&gt;/usr/bin&amp;nbsp;&amp;nbsp;&lt;/span&gt;&lt;/strong&gt;&lt;br/&gt;　　几乎所有用户命令.有些命令在/bin 或/usr/local/bin 中.&lt;br/&gt;&lt;strong&gt;&lt;span style=&quot;color: rgb(255, 0, 0);&quot;&gt;/usr/sbin&amp;nbsp;&amp;nbsp;&lt;/span&gt;&lt;/strong&gt;&lt;br/&gt;　　根文件系统不必要的系统管理命令，例如多数服务程序.&amp;nbsp;&amp;nbsp;&lt;br/&gt;&lt;strong&gt;&lt;span style=&quot;color: rgb(255, 0, 0);&quot;&gt;/usr/share/man , /usr/share/info , /usr/share/doc&lt;/span&gt;&amp;nbsp;&lt;/strong&gt;&amp;nbsp;&amp;nbsp;&lt;br/&gt;　　手册页、GNU信息文档和各种其他文档文件.&amp;nbsp;&amp;nbsp;&lt;br/&gt;&lt;strong&gt;&lt;span style=&quot;color: rgb(255, 0, 0);&quot;&gt;/usr/include&amp;nbsp;&amp;nbsp;&lt;/span&gt;&lt;/strong&gt;&lt;br/&gt;　　C编程语言的头文件.为了一致性这实际上应该在/usr/lib 下，但传统上支持这个名字.&lt;br/&gt;&lt;strong&gt;&lt;span style=&quot;color: rgb(255, 0, 0);&quot;&gt;/usr/lib&amp;nbsp;&amp;nbsp;&lt;/span&gt;&lt;/strong&gt;&lt;br/&gt;　　程序或子系统的不变的数据文件，包括一些site-wide配置文件.名字lib来源于库(library); 编程的原始库存在/usr/lib 里.&amp;nbsp;&amp;nbsp;&lt;br/&gt;&lt;strong&gt;&lt;span style=&quot;color: rgb(255, 0, 0);&quot;&gt;/usr/local&amp;nbsp;&amp;nbsp;&lt;/span&gt;&lt;/strong&gt;&lt;br/&gt;　　本地安装的软件和其他文件放在这里.&amp;nbsp;&amp;nbsp;&lt;br/&gt;&lt;strong&gt;&lt;span style=&quot;color: rgb(255, 0, 0);&quot;&gt;/usr/src&amp;nbsp;&amp;nbsp;&amp;nbsp;&lt;/span&gt;&amp;nbsp;&lt;/strong&gt;&amp;nbsp;&amp;nbsp;&amp;nbsp;&amp;nbsp;&amp;nbsp;&amp;nbsp;&amp;nbsp;&amp;nbsp; 存放程序的源代码&lt;br/&gt;&lt;/span&gt;&lt;/p&gt;&lt;p style=&quot;margin-top: 0px; margin-bottom: 0px; padding: 0px; font-family: Helvetica, Tahoma, Arial, sans-serif; font-size: 14px; background-color: rgb(239, 239, 239);&quot;&gt;&lt;span style=&quot;font-size: small;&quot;&gt;&lt;strong&gt;&lt;br/&gt;&lt;span style=&quot;color: rgb(0, 0, 255);&quot;&gt;－－－－－－－－－－－－－－－－－－－－－－－－－－－－－－－－－－－－－－－－－－&lt;/span&gt;&amp;nbsp;&lt;/strong&gt;&lt;br/&gt;&lt;/span&gt;&lt;/p&gt;&lt;p style=&quot;margin-top: 0px; margin-bottom: 0px; padding: 0px; font-family: Helvetica, Tahoma, Arial, sans-serif; font-size: 14px; background-color: rgb(239, 239, 239);&quot;&gt;&lt;span style=&quot;font-size: small;&quot;&gt;&lt;strong&gt;&lt;span style=&quot;color: rgb(0, 0, 255);&quot;&gt;/var：&amp;nbsp;目录&lt;/span&gt;&lt;/strong&gt;&lt;br/&gt;　　/var 包括系统一般运行时要改变的数据.每个系统是特定的，即不通过网络与其他计算机共享.&amp;nbsp;&amp;nbsp;&lt;br/&gt;&lt;strong&gt;&lt;span style=&quot;color: rgb(255, 0, 0);&quot;&gt;/var/catman&amp;nbsp;&amp;nbsp;&lt;/span&gt;&lt;/strong&gt;&lt;br/&gt;　　当要求格式化时的man页的cache.man页的源文件一般存在/usr/man/man* 中；有些man页可能有预格式化的版本，存在/usr/man/cat* 中.而其他的man页在第一次看时需要格式化，格式化完的版本存在/var/man 中，这样其他人再看相同的页时就无须等待格式化了. (/var/catman 经常被清除，就象清除临时目录一样.)&amp;nbsp;&amp;nbsp;&lt;br/&gt;&lt;strong&gt;&lt;span style=&quot;color: rgb(255, 0, 0);&quot;&gt;/var/lib&amp;nbsp;&amp;nbsp;&lt;/span&gt;&lt;/strong&gt;&lt;br/&gt;　　系统正常运行时要改变的文件.&amp;nbsp;&amp;nbsp;&lt;br/&gt;&lt;strong&gt;&lt;span style=&quot;color: rgb(255, 0, 0);&quot;&gt;/var/local&amp;nbsp;&amp;nbsp;&lt;/span&gt;&lt;/strong&gt;&lt;br/&gt;　　/usr/local 中安装的程序的可变数据(即系统管理员安装的程序).注意，如果必要，即使本地安装的程序也会使用其他/var 目录，例如/var/lock .&amp;nbsp;&amp;nbsp;&lt;br/&gt;&lt;strong&gt;&lt;span style=&quot;color: rgb(255, 0, 0);&quot;&gt;/var/lock&amp;nbsp;&amp;nbsp;&lt;/span&gt;&lt;/strong&gt;&lt;br/&gt;　　锁定文件.许多程序遵循在/var/lock 中产生一个锁定文件的约定，以支持他们正在使用某个特定的设备或文件.其他程序注意到这个锁定文件，将不试图使用这个设备或文件.&amp;nbsp;&amp;nbsp;&lt;strong&gt;&lt;span style=&quot;color: rgb(255, 0, 0);&quot;&gt;&lt;br/&gt;/var/log&amp;nbsp;&amp;nbsp;&lt;/span&gt;&lt;/strong&gt;&lt;br/&gt;　　各种程序的Log文件，特别是login&amp;nbsp; (/var/log/wtmp log所有到系统的登录和注销) 和syslog (/var/log/messages 里存储所有核心和系统程序信息. /var/log 里的文件经常不确定地增长，应该定期清除.&amp;nbsp;&amp;nbsp;&lt;strong&gt;&lt;span style=&quot;color: rgb(255, 0, 0);&quot;&gt;&lt;br/&gt;/var/run&amp;nbsp;&amp;nbsp;&lt;/span&gt;&lt;/strong&gt;&lt;br/&gt;　　保存到下次引导前有效的关于系统的信息文件.例如， /var/run/utmp 包含当前登录的用户的信息.&lt;br/&gt;&lt;strong&gt;&lt;span style=&quot;color: rgb(255, 0, 0);&quot;&gt;/var/spool&amp;nbsp;&amp;nbsp;&lt;/span&gt;&lt;/strong&gt;&lt;br/&gt;　　mail, news, 打印队列和其他队列工作的目录.每个不同的spool在/var/spool 下有自己的子目录，例如，用户的邮箱在/var/spool/mail 中.&amp;nbsp;&amp;nbsp;&lt;strong&gt;&lt;span style=&quot;color: rgb(255, 0, 0);&quot;&gt;&lt;br/&gt;/var/tmp&amp;nbsp;&amp;nbsp;&lt;/span&gt;&lt;/strong&gt;&lt;br/&gt;　　比/tmp 允许的大或需要存在较长时间的临时文件. (虽然系统管理员可能不允许/var/tmp 有很旧的文件.)&amp;nbsp;&lt;/span&gt;&lt;/p&gt;&lt;p style=&quot;margin-top: 0px; margin-bottom: 0px; padding: 0px; font-family: Helvetica, Tahoma, Arial, sans-serif; font-size: 14px; background-color: rgb(239, 239, 239);&quot;&gt;&lt;span style=&quot;font-size: small;&quot;&gt;&lt;strong&gt;&lt;br/&gt;&lt;span style=&quot;color: rgb(0, 0, 255);&quot;&gt;－－－－－－－－－－－－－－－－－－－－－－－－－－－－－－－－－－－－－－－－－－&lt;/span&gt;&amp;nbsp;&lt;/strong&gt;&lt;br/&gt;&lt;br/&gt;&lt;span style=&quot;color: rgb(0, 0, 255);&quot;&gt;&lt;strong&gt;&amp;nbsp;比较重要的目录&lt;/strong&gt;&amp;nbsp;&lt;/span&gt;&lt;br/&gt;&lt;br/&gt;&amp;nbsp;&amp;nbsp;&amp;nbsp; 在 Linux 系统中，有几个目录是特别需要注意的，以下提供几个需要注意的目录，以及预设相关的用途：　&lt;br/&gt;&amp;nbsp;&amp;nbsp;&amp;nbsp;&amp;nbsp;&amp;nbsp;&amp;nbsp;&lt;strong&gt;&amp;nbsp;&lt;span style=&quot;color: rgb(255, 0, 0);&quot;&gt;&amp;nbsp;/etc：&lt;/span&gt;&amp;nbsp;&lt;/strong&gt;这个目录相当重要，如前所述，你的开机与系统数据文件均在这个目录之下，因此当这个目录被破坏，那你的系统大概也就差不多该死掉了！而在往后的文件中，你会发现我们常常使用这个目录下的 /etc/rc.d/init.d 这个子目录，因为这个 init.d 子目录是开启一些 Linux 系统服务的 scripts （可以想成是批次檔 ）的地方。而在 /etc/rc.d/rc.local 这个文件是开机的执行档。　&lt;br/&gt;&amp;nbsp;&amp;nbsp;&amp;nbsp;&amp;nbsp;&amp;nbsp;&amp;nbsp;&lt;strong&gt;&lt;span style=&quot;color: rgb(255, 0, 0);&quot;&gt;&amp;nbsp; /bin, /sbin, /usr/bin, /usr/sbin：&lt;/span&gt;&amp;nbsp;&lt;/strong&gt;这是系统预设的执行文件的放置目录，例如 root 常常使用的 userconf, netconf, perl, gcc, c++ 等等的数据都放在这几个目录中，所以如果你在提示字符下找不到某个执行档时，可以在这四个目录中查一查！其中， /bin, /usr/bin 是给系统使用者使用的指令，而 /sbin, /usr/sbin 则是给系统管理员使用的指令！&amp;nbsp; 　&lt;br/&gt;&amp;nbsp;&amp;nbsp;&amp;nbsp;&amp;nbsp;&amp;nbsp;&amp;nbsp;&amp;nbsp;&lt;strong&gt;&lt;span style=&quot;color: rgb(255, 0, 0);&quot;&gt;&amp;nbsp;/usr/local：&lt;/span&gt;&amp;nbsp;&lt;/strong&gt;这是系统预设的让你安装你后来升级的套件的目录。例如，当你发现有更新的 Web 套件（如 Apache ）可以安装，而你又不想以 rpm 的方式升级你的套件，则你可以将 apache 这个套件安装在 /usr/local 底下。安装在这里有个好处，因为目前大家的系统都是差不多的，所以如果你的系统要让别人接管的话，也比较容易上手呀！也比较容易找的到数据喔！因此，如果你有需要的话，通常我都会将 /usr/local/bin 这个路径加到我的 path 中。　&lt;br/&gt;&amp;nbsp;&amp;nbsp;&amp;nbsp;&amp;nbsp;&amp;nbsp;&amp;nbsp;&amp;nbsp;&lt;strong&gt;&lt;span style=&quot;color: rgb(255, 0, 0);&quot;&gt;&amp;nbsp;/home：&lt;/span&gt;&amp;nbsp;&lt;/strong&gt;这个是系统将有账号的人口的家目录设置的地方。&amp;nbsp;&amp;nbsp;&amp;nbsp; 　&lt;br/&gt;&amp;nbsp;&amp;nbsp;&amp;nbsp;&amp;nbsp;&amp;nbsp;&amp;nbsp;&amp;nbsp;&lt;strong&gt;&lt;span style=&quot;color: rgb(255, 0, 0);&quot;&gt;&amp;nbsp;/var：&lt;/span&gt;&amp;nbsp;&lt;/strong&gt;这个路径就重要了！不论是登入、各类服务的问题发生时的记录、以及常态性的服务记录等等的记录目录，所以当你的系统有问题时，就需要来这个目录记录的文件数据中察看问题的所在啰！而 mail 的预设放置也是在这里，所以他是很重要的&amp;nbsp;&amp;nbsp;&amp;nbsp; 　&lt;br/&gt;&amp;nbsp;&amp;nbsp;&amp;nbsp;&amp;nbsp;&amp;nbsp;&amp;nbsp;&lt;strong&gt;&lt;span style=&quot;color: rgb(255, 0, 0);&quot;&gt;&amp;nbsp; /usr/share/man, /usr/local/man：&lt;/span&gt;&amp;nbsp;&lt;/strong&gt;这两个目录为放置各类套件说明档的地方，例如你如果执行 man man，则系统会自动去找这两个目录下的所有说明文件&lt;br/&gt;&lt;br/&gt;&lt;strong&gt;&lt;span style=&quot;color: rgb(255, 0, 0);&quot;&gt;&lt;br/&gt;&lt;span style=&quot;color: rgb(0, 0, 255);&quot;&gt;文件种类：&lt;/span&gt;&amp;nbsp;&lt;/span&gt;&lt;/strong&gt;&lt;br/&gt;&lt;br/&gt;谈完了文件格式之后，再来谈谈所谓的文件种类吧！我们在刚刚的属性介绍中提到了最前面的标志 ( d 或 - ) 可以代表目录或文件，那就是不同的文件种类啦！Linux 的文件种类主要有底下&lt;br/&gt;&lt;br/&gt;这几种：&lt;br/&gt;&amp;nbsp;&amp;nbsp;&amp;nbsp; 正规文件( regular file )：就是一般类型的文件，在由 ls –al 所显示出来的属性方面，第一个属性为 [ - ]。另外，依照文件的内容，又大略可以分为两种文件种类：&lt;br/&gt;&amp;nbsp;&amp;nbsp;&amp;nbsp;&amp;nbsp;&amp;nbsp;&amp;nbsp;&amp;nbsp; 纯文字文件(ascii) ：这是 Unix 系统中最多的一种啰，几乎只要我们可以用来做为设定的文件都属于这一种；&lt;br/&gt;&amp;nbsp;&amp;nbsp;&amp;nbsp;&amp;nbsp;&amp;nbsp;&amp;nbsp;&amp;nbsp; 二进制文件(binary) ：通常执行档除了 scripts （文字型批次文件）之外，就是这一种文件格式；&amp;nbsp;&amp;nbsp;&amp;nbsp;&lt;br/&gt;&amp;nbsp;&amp;nbsp;&amp;nbsp; 目录 (directory)：就是目录！第一个属性为 [ d ]；&lt;br/&gt;&amp;nbsp;&amp;nbsp;&amp;nbsp; 连结档 (link)：就是类似 Windows 底下的快捷方式啦！第一个属性为 [ l ]；&lt;br/&gt;&amp;nbsp;&amp;nbsp;&amp;nbsp; 设备档 (device)：与系统周边相关的一些文件，通常都集中在 /dev 这个目录之下！通常又分为两种：&lt;br/&gt;&amp;nbsp;&amp;nbsp;&amp;nbsp; 区块 (block) 设备档 ：就是一些储存数据，以提供系统存取的接口设备，简单的说就是硬盘啦！例如你的一号硬盘的代码是 /dev/hda1 等等的文件啦！第一个属性为 [ b ]；&lt;br/&gt;&amp;nbsp;&amp;nbsp;&amp;nbsp; 字符 (character) 设备档 ：亦即是一些串行端口的接口设备，例如键盘、鼠标等等！第一个属性为 [ c ]。&lt;br/&gt;&lt;br/&gt;&lt;br/&gt;&lt;span style=&quot;color: rgb(0, 0, 255);&quot;&gt;&lt;strong&gt;Linux 的文件系统( inode )：&lt;/strong&gt;&amp;nbsp;&lt;/span&gt;&lt;br/&gt;　&lt;br/&gt;&lt;br/&gt;在 Linux 系统当中，每个文件不止有文件的内容数据，还包括文件的种种属性，例如：所属群组、所属使用者、能否执行、文&lt;br/&gt;&lt;br/&gt;件建立时间、文件特殊属性等等。我们将每个文件的内容分为两个部分来储存，一个是文件的属性，另一个则是文件的内容。&lt;br/&gt;　&lt;br/&gt;为了应付这两个不同的咚咚，所以 ext2 规划出 inode 与 Block 来分别储存文件的属性( 放在 inode 当中 )与文件的内容( 放置在 Block area 当中 )。当我们要将一个 partition 格式化&lt;br/&gt;&lt;br/&gt;( format )为 ext2 时，就必须要指定 inode 与 Block 的大小才行，也就是说，当 partition 被格式化为 ext2 的文件系统时，他一定会有 inode table 与 block area 这两个区域。&lt;br/&gt;　&lt;br/&gt;Block 已经在前面说过了，他是数据储存的最小单位。那么 inode 是什么？！简单的说， Block 是记录『文件内容数据』的区域，至于 inode 则是记录『该文件的相关属性，以及文件内容&lt;br/&gt;&lt;br/&gt;放置在哪一个 Block 之内』的信息。简单的说， inode 除了记录文件的属性外，同时还必须要具有指向( pointer )的功能，亦即指向文件内容放置的区块之中，好让操作系统可以正确的去&lt;br/&gt;&lt;br/&gt;取得文件的内容啊&lt;br/&gt;&lt;br/&gt;&amp;nbsp;&amp;nbsp;&amp;nbsp; 该文件的拥有者与群组(owner/group)；&lt;br/&gt;&amp;nbsp;&amp;nbsp;&amp;nbsp; 该文件的存取模式；&lt;br/&gt;&amp;nbsp;&amp;nbsp;&amp;nbsp; 该文件的类型；&lt;br/&gt;&amp;nbsp;&amp;nbsp;&amp;nbsp; 该文件的建立日期(ctime)、最近一次的读取时间(atime)、最近修改的时间 (mtime)；&lt;br/&gt;&amp;nbsp;&amp;nbsp;&amp;nbsp; 该文件的容量；&lt;br/&gt;&amp;nbsp;&amp;nbsp;&amp;nbsp; 定义文件特性的旗标(flag)，如 SetUID...；&lt;br/&gt;&amp;nbsp;&amp;nbsp;&amp;nbsp; 该文件真正内容的指向 (pointer)；&lt;/span&gt;&lt;/p&gt;&lt;p&gt;&lt;strong style=&quot;color: rgb(0, 0, 255); font-family: Helvetica, Tahoma, Arial, sans-serif; font-size: small; background-color: rgb(239, 239, 239);&quot;&gt;转自：&lt;/strong&gt;&lt;font color=&quot;#0000ff&quot; face=&quot;Helvetica, Tahoma, Arial, sans-serif&quot; size=&quot;2&quot;&gt;&lt;b&gt;http://www.iteye.com/topic/1125162&lt;/b&gt;&lt;/font&gt;&lt;/p&gt;&lt;p&gt;&lt;strong style=&quot;color: rgb(0, 0, 255); font-family: Helvetica, Tahoma, Arial, sans-serif; font-size: small; background-color: rgb(239, 239, 239);&quot;&gt;&lt;br/&gt;&lt;/strong&gt;&lt;/p&gt;','1515553174') [ RunTime:0.0012s ]
INFO: [ view_parse ] --START--
INFO: [ template_filter ] --START--
INFO: Run Behavior\ContentReplaceBehavior [ RunTime:0.000049s ]
INFO: [ template_filter ] --END-- [ RunTime:0.000106s ]
INFO: Run Behavior\ParseTemplateBehavior [ RunTime:0.044705s ]
INFO: [ view_parse ] --END-- [ RunTime:0.044773s ]
INFO: [ view_filter ] --START--
INFO: Run Behavior\WriteHtmlCacheBehavior [ RunTime:0.000360s ]
INFO: [ view_filter ] --END-- [ RunTime:0.000403s ]
INFO: [ app_end ] --START--
INFO: Run Behavior\ShowPageTraceBehavior [ RunTime:0.000484s ]
INFO: [ app_end ] --END-- [ RunTime:0.000533s ]

[ 2018-01-10T10:59:36+08:00 ] 127.0.0.1 /admin/index/article.aspx
INFO: [ app_init ] --START--
INFO: Run Behavior\BuildLiteBehavior [ RunTime:0.000014s ]
INFO: [ app_init ] --END-- [ RunTime:0.000318s ]
INFO: [ app_begin ] --START--
INFO: Run Behavior\ReadHtmlCacheBehavior [ RunTime:0.000737s ]
INFO: [ app_begin ] --END-- [ RunTime:0.000862s ]
NOTIC: [2048] Declaration of Home\Model\TypeModel::save() should be compatible with that of Think\Model::save() D:\WWW\tools\Application\Home\Model\TypeModel.class.php 第 10 行.
NOTIC: [2048] Declaration of Home\Model\TypeModel::delete() should be compatible with that of Think\Model::delete() D:\WWW\tools\Application\Home\Model\TypeModel.class.php 第 10 行.
SQL: SHOW COLUMNS FROM `type` [ RunTime:0.0257s ]
NOTIC: [2] Missing argument 1 for Home\Model\TypeModel::lists(), called in D:\WWW\tools\ThinkPHP\Library\Think\Controller.class.php on line 51 and defined D:\WWW\tools\Application\Home\Model\TypeModel.class.php 第 83 行.
NOTIC: [8] Undefined variable: arr D:\WWW\tools\Application\Home\Model\TypeModel.class.php 第 84 行.
SQL: SELECT * FROM `type` ORDER BY `order` asc,id asc  [ RunTime:0.0003s ]
NOTIC: [2048] Declaration of Admin\Model\TypeModel::save() should be compatible with that of Think\Model::save() D:\WWW\tools\Application\Admin\Model\TypeModel.class.php 第 106 行.
NOTIC: [2048] Declaration of Admin\Model\TypeModel::delete() should be compatible with that of Think\Model::delete() D:\WWW\tools\Application\Admin\Model\TypeModel.class.php 第 106 行.
NOTIC: [2] Missing argument 1 for Admin\Model\TypeModel::lists(), called in D:\WWW\tools\Application\Admin\Controller\IndexController.class.php on line 35 and defined D:\WWW\tools\Application\Admin\Model\TypeModel.class.php 第 101 行.
NOTIC: [8] Undefined variable: arr D:\WWW\tools\Application\Admin\Model\TypeModel.class.php 第 102 行.
SQL: SELECT * FROM `type` ORDER BY `order` asc,id asc  [ RunTime:0.0003s ]
INFO: [ view_parse ] --START--
INFO: [ template_filter ] --START--
INFO: Run Behavior\ContentReplaceBehavior [ RunTime:0.000122s ]
INFO: [ template_filter ] --END-- [ RunTime:0.000213s ]
INFO: Run Behavior\ParseTemplateBehavior [ RunTime:0.012610s ]
INFO: [ view_parse ] --END-- [ RunTime:0.012701s ]
INFO: [ view_filter ] --START--
INFO: Run Behavior\WriteHtmlCacheBehavior [ RunTime:0.000313s ]
INFO: [ view_filter ] --END-- [ RunTime:0.000380s ]
INFO: [ app_end ] --START--
INFO: Run Behavior\ShowPageTraceBehavior [ RunTime:0.000619s ]
INFO: [ app_end ] --END-- [ RunTime:0.000690s ]

[ 2018-01-10T10:59:40+08:00 ] 127.0.0.1 /admin/index/lists.aspx
INFO: [ app_init ] --START--
INFO: Run Behavior\BuildLiteBehavior [ RunTime:0.000014s ]
INFO: [ app_init ] --END-- [ RunTime:0.000325s ]
INFO: [ app_begin ] --START--
INFO: Run Behavior\ReadHtmlCacheBehavior [ RunTime:0.000532s ]
INFO: [ app_begin ] --END-- [ RunTime:0.000593s ]
NOTIC: [2048] Declaration of Home\Model\TypeModel::save() should be compatible with that of Think\Model::save() D:\WWW\tools\Application\Home\Model\TypeModel.class.php 第 10 行.
NOTIC: [2048] Declaration of Home\Model\TypeModel::delete() should be compatible with that of Think\Model::delete() D:\WWW\tools\Application\Home\Model\TypeModel.class.php 第 10 行.
SQL: SHOW COLUMNS FROM `type` [ RunTime:0.0252s ]
NOTIC: [2] Missing argument 1 for Home\Model\TypeModel::lists(), called in D:\WWW\tools\ThinkPHP\Library\Think\Controller.class.php on line 51 and defined D:\WWW\tools\Application\Home\Model\TypeModel.class.php 第 83 行.
NOTIC: [8] Undefined variable: arr D:\WWW\tools\Application\Home\Model\TypeModel.class.php 第 84 行.
SQL: SELECT * FROM `type` ORDER BY `order` asc,id asc  [ RunTime:0.0005s ]
NOTIC: [2048] Declaration of Admin\Model\ArticleModel::save() should be compatible with that of Think\Model::save() D:\WWW\tools\Application\Admin\Model\ArticleModel.class.php 第 101 行.
NOTIC: [2048] Declaration of Admin\Model\ArticleModel::delete() should be compatible with that of Think\Model::delete() D:\WWW\tools\Application\Admin\Model\ArticleModel.class.php 第 101 行.
SQL: SHOW COLUMNS FROM `article` [ RunTime:0.0167s ]
NOTIC: [8] Undefined variable: arr D:\WWW\tools\Application\Admin\Controller\IndexController.class.php 第 102 行.
SQL: SELECT * FROM `article` ORDER BY id desc LIMIT 0,10   [ RunTime:0.0022s ]
SQL: SELECT COUNT(*) AS tp_count FROM `article` LIMIT 1   [ RunTime:0.0003s ]
NOTIC: [2048] Declaration of Admin\Model\TypeModel::save() should be compatible with that of Think\Model::save() D:\WWW\tools\Application\Admin\Model\TypeModel.class.php 第 106 行.
NOTIC: [2048] Declaration of Admin\Model\TypeModel::delete() should be compatible with that of Think\Model::delete() D:\WWW\tools\Application\Admin\Model\TypeModel.class.php 第 106 行.
NOTIC: [2] Missing argument 1 for Admin\Model\TypeModel::lists(), called in D:\WWW\tools\Application\Admin\Controller\IndexController.class.php on line 104 and defined D:\WWW\tools\Application\Admin\Model\TypeModel.class.php 第 101 行.
NOTIC: [8] Undefined variable: arr D:\WWW\tools\Application\Admin\Model\TypeModel.class.php 第 102 行.
SQL: SELECT * FROM `type` ORDER BY `order` asc,id asc  [ RunTime:0.0003s ]
INFO: [ view_parse ] --START--
INFO: [ template_filter ] --START--
INFO: Run Behavior\ContentReplaceBehavior [ RunTime:0.000078s ]
INFO: [ template_filter ] --END-- [ RunTime:0.000176s ]
INFO: Run Behavior\ParseTemplateBehavior [ RunTime:0.066384s ]
INFO: [ view_parse ] --END-- [ RunTime:0.066457s ]
INFO: [ view_filter ] --START--
INFO: Run Behavior\WriteHtmlCacheBehavior [ RunTime:0.000209s ]
INFO: [ view_filter ] --END-- [ RunTime:0.000250s ]
INFO: [ app_end ] --START--
INFO: Run Behavior\ShowPageTraceBehavior [ RunTime:0.000382s ]
INFO: [ app_end ] --END-- [ RunTime:0.000432s ]

